[2025-04-21T10:48:37.354+0000] {local_task_job_runner.py:123} INFO - ::group::Pre task execution logs
[2025-04-21T10:48:37.367+0000] {taskinstance.py:2614} INFO - Dependencies all met for dep_context=non-requeueable deps ti=<TaskInstance: scraping_farfetch_mensal.executar_scraping_farfetch scheduled__2025-03-01T10:00:00+00:00 [queued]>
[2025-04-21T10:48:37.372+0000] {taskinstance.py:2614} INFO - Dependencies all met for dep_context=requeueable deps ti=<TaskInstance: scraping_farfetch_mensal.executar_scraping_farfetch scheduled__2025-03-01T10:00:00+00:00 [queued]>
[2025-04-21T10:48:37.373+0000] {taskinstance.py:2867} INFO - Starting attempt 1 of 2
[2025-04-21T10:48:37.384+0000] {taskinstance.py:2890} INFO - Executing <Task(PythonOperator): executar_scraping_farfetch> on 2025-03-01 10:00:00+00:00
[2025-04-21T10:48:37.392+0000] {warnings.py:112} WARNING - /home/***/.local/lib/python3.12/site-packages/***/task/task_runner/standard_task_runner.py:70: DeprecationWarning: This process (pid=56) is multi-threaded, use of fork() may lead to deadlocks in the child.
  pid = os.fork()

[2025-04-21T10:48:37.393+0000] {standard_task_runner.py:72} INFO - Started process 58 to run task
[2025-04-21T10:48:37.393+0000] {standard_task_runner.py:104} INFO - Running: ['***', 'tasks', 'run', 'scraping_farfetch_mensal', 'executar_scraping_farfetch', 'scheduled__2025-03-01T10:00:00+00:00', '--job-id', '2', '--raw', '--subdir', 'DAGS_FOLDER/dag_scraping.py', '--cfg-path', '/tmp/tmphtqeemev']
[2025-04-21T10:48:37.395+0000] {standard_task_runner.py:105} INFO - Job 2: Subtask executar_scraping_farfetch
[2025-04-21T10:48:37.439+0000] {task_command.py:467} INFO - Running <TaskInstance: scraping_farfetch_mensal.executar_scraping_farfetch scheduled__2025-03-01T10:00:00+00:00 [running]> on host f560b6e612ae
[2025-04-21T10:48:37.505+0000] {taskinstance.py:3134} INFO - Exporting env vars: AIRFLOW_CTX_DAG_OWNER='nicolas' AIRFLOW_CTX_DAG_ID='scraping_farfetch_mensal' AIRFLOW_CTX_TASK_ID='executar_scraping_farfetch' AIRFLOW_CTX_EXECUTION_DATE='2025-03-01T10:00:00+00:00' AIRFLOW_CTX_TRY_NUMBER='1' AIRFLOW_CTX_DAG_RUN_ID='scheduled__2025-03-01T10:00:00+00:00'
[2025-04-21T10:48:37.505+0000] {taskinstance.py:732} INFO - ::endgroup::
[2025-04-21T10:48:47.251+0000] {scrapping.py:35} INFO - Acessando o link: https://www.farfetch.com/br/shopping/men/items.aspx
[2025-04-21T10:48:56.080+0000] {scrapping.py:54} INFO - Clicou no menu de Jaquetas via JavaScript
[2025-04-21T10:49:04.100+0000] {scrapping.py:76} INFO - Total de produtos: 12
[2025-04-21T10:49:05.124+0000] {scrapping.py:90} INFO - Produto 0 processado
[2025-04-21T10:49:06.166+0000] {scrapping.py:90} INFO - Produto 1 processado
[2025-04-21T10:49:07.196+0000] {scrapping.py:90} INFO - Produto 2 processado
[2025-04-21T10:49:08.222+0000] {scrapping.py:90} INFO - Produto 3 processado
[2025-04-21T10:49:09.244+0000] {scrapping.py:90} INFO - Produto 4 processado
[2025-04-21T10:49:10.270+0000] {scrapping.py:90} INFO - Produto 5 processado
[2025-04-21T10:49:11.292+0000] {scrapping.py:90} INFO - Produto 6 processado
[2025-04-21T10:49:12.316+0000] {scrapping.py:90} INFO - Produto 7 processado
[2025-04-21T10:49:13.342+0000] {scrapping.py:90} INFO - Produto 8 processado
[2025-04-21T10:49:14.371+0000] {scrapping.py:90} INFO - Produto 9 processado
[2025-04-21T10:49:15.416+0000] {scrapping.py:90} INFO - Produto 10 processado
[2025-04-21T10:49:16.444+0000] {scrapping.py:90} INFO - Produto 11 processado
[2025-04-21T10:49:20.442+0000] {scrapping.py:119} INFO - Dados salvos em: /opt/***/dados/bruto/promocoes_jaquetas_21042025.csv
[2025-04-21T10:49:20.443+0000] {scrapping.py:121} INFO - Iniciando tratamento...
[2025-04-21T10:49:20.458+0000] {tratamento.py:34} INFO - Arquivo mais recente encontrado: /opt/***/dados/bruto/promocoes_jaquetas_21042025.csv
[2025-04-21T10:49:20.625+0000] {taskinstance.py:3313} ERROR - Task failed with exception
Traceback (most recent call last):
  File "/home/airflow/.local/lib/python3.12/site-packages/airflow/models/taskinstance.py", line 768, in _execute_task
    result = _execute_callable(context=context, **execute_callable_kwargs)
             ^^^^^^^^^^^^^^^^^^^^^^^^^^^^^^^^^^^^^^^^^^^^^^^^^^^^^^^^^^^^^
  File "/home/airflow/.local/lib/python3.12/site-packages/airflow/models/taskinstance.py", line 734, in _execute_callable
    return ExecutionCallableRunner(
           ^^^^^^^^^^^^^^^^^^^^^^^^
  File "/home/airflow/.local/lib/python3.12/site-packages/airflow/utils/operator_helpers.py", line 252, in run
    return self.func(*args, **kwargs)
           ^^^^^^^^^^^^^^^^^^^^^^^^^^
  File "/home/airflow/.local/lib/python3.12/site-packages/airflow/models/baseoperator.py", line 424, in wrapper
    return func(self, *args, **kwargs)
           ^^^^^^^^^^^^^^^^^^^^^^^^^^^
  File "/home/airflow/.local/lib/python3.12/site-packages/airflow/operators/python.py", line 238, in execute
    return_value = self.execute_callable()
                   ^^^^^^^^^^^^^^^^^^^^^^^
  File "/home/airflow/.local/lib/python3.12/site-packages/airflow/operators/python.py", line 256, in execute_callable
    return runner.run(*self.op_args, **self.op_kwargs)
           ^^^^^^^^^^^^^^^^^^^^^^^^^^^^^^^^^^^^^^^^^^^
  File "/home/airflow/.local/lib/python3.12/site-packages/airflow/utils/operator_helpers.py", line 252, in run
    return self.func(*args, **kwargs)
           ^^^^^^^^^^^^^^^^^^^^^^^^^^
  File "/opt/airflow/scrapping.py", line 125, in run_scraping
    salvar_dados(produtos_lista)
  File "/opt/airflow/scrapping.py", line 122, in salvar_dados
    tratamento()
  File "/opt/airflow/tratamento.py", line 39, in tratamento
    spark = SparkSession.builder.appName("Calcula desconto").getOrCreate()
            ^^^^^^^^^^^^^^^^^^^^^^^^^^^^^^^^^^^^^^^^^^^^^^^^^^^^^^^^^^^^^^
  File "/home/airflow/.local/lib/python3.12/site-packages/pyspark/sql/session.py", line 228, in getOrCreate
    sc = SparkContext.getOrCreate(sparkConf)
         ^^^^^^^^^^^^^^^^^^^^^^^^^^^^^^^^^^^
  File "/home/airflow/.local/lib/python3.12/site-packages/pyspark/context.py", line 392, in getOrCreate
    SparkContext(conf=conf or SparkConf())
  File "/home/airflow/.local/lib/python3.12/site-packages/pyspark/context.py", line 144, in __init__
    SparkContext._ensure_initialized(self, gateway=gateway, conf=conf)
  File "/home/airflow/.local/lib/python3.12/site-packages/pyspark/context.py", line 339, in _ensure_initialized
    SparkContext._gateway = gateway or launch_gateway(conf)
                                       ^^^^^^^^^^^^^^^^^^^^
  File "/home/airflow/.local/lib/python3.12/site-packages/pyspark/java_gateway.py", line 108, in launch_gateway
    raise RuntimeError("Java gateway process exited before sending its port number")
RuntimeError: Java gateway process exited before sending its port number
[2025-04-21T10:49:20.646+0000] {taskinstance.py:1226} INFO - Marking task as UP_FOR_RETRY. dag_id=scraping_farfetch_mensal, task_id=executar_scraping_farfetch, run_id=scheduled__2025-03-01T10:00:00+00:00, execution_date=20250301T100000, start_date=20250421T104837, end_date=20250421T104920
[2025-04-21T10:49:20.691+0000] {taskinstance.py:341} INFO - ::group::Post task execution logs
[2025-04-21T10:49:20.692+0000] {standard_task_runner.py:124} ERROR - Failed to execute job 2 for task executar_scraping_farfetch (Java gateway process exited before sending its port number; 58)
Traceback (most recent call last):
  File "/home/airflow/.local/lib/python3.12/site-packages/airflow/task/task_runner/standard_task_runner.py", line 117, in _start_by_fork
    ret = args.func(args, dag=self.dag)
          ^^^^^^^^^^^^^^^^^^^^^^^^^^^^^
  File "/home/airflow/.local/lib/python3.12/site-packages/airflow/cli/cli_config.py", line 49, in command
    return func(*args, **kwargs)
           ^^^^^^^^^^^^^^^^^^^^^
  File "/home/airflow/.local/lib/python3.12/site-packages/airflow/utils/cli.py", line 116, in wrapper
    return f(*args, **kwargs)
           ^^^^^^^^^^^^^^^^^^
  File "/home/airflow/.local/lib/python3.12/site-packages/airflow/cli/commands/task_command.py", line 483, in task_run
    task_return_code = _run_task_by_selected_method(args, _dag, ti)
                       ^^^^^^^^^^^^^^^^^^^^^^^^^^^^^^^^^^^^^^^^^^^^
  File "/home/airflow/.local/lib/python3.12/site-packages/airflow/cli/commands/task_command.py", line 256, in _run_task_by_selected_method
    return _run_raw_task(args, ti)
           ^^^^^^^^^^^^^^^^^^^^^^^
  File "/home/airflow/.local/lib/python3.12/site-packages/airflow/cli/commands/task_command.py", line 341, in _run_raw_task
    return ti._run_raw_task(
           ^^^^^^^^^^^^^^^^^
  File "/home/airflow/.local/lib/python3.12/site-packages/airflow/utils/session.py", line 97, in wrapper
    return func(*args, session=session, **kwargs)
           ^^^^^^^^^^^^^^^^^^^^^^^^^^^^^^^^^^^^^^
  File "/home/airflow/.local/lib/python3.12/site-packages/airflow/models/taskinstance.py", line 3006, in _run_raw_task
    return _run_raw_task(
           ^^^^^^^^^^^^^^
  File "/home/airflow/.local/lib/python3.12/site-packages/airflow/models/taskinstance.py", line 274, in _run_raw_task
    TaskInstance._execute_task_with_callbacks(
  File "/home/airflow/.local/lib/python3.12/site-packages/airflow/models/taskinstance.py", line 3161, in _execute_task_with_callbacks
    result = self._execute_task(context, task_orig)
             ^^^^^^^^^^^^^^^^^^^^^^^^^^^^^^^^^^^^^^
  File "/home/airflow/.local/lib/python3.12/site-packages/airflow/models/taskinstance.py", line 3185, in _execute_task
    return _execute_task(self, context, task_orig)
           ^^^^^^^^^^^^^^^^^^^^^^^^^^^^^^^^^^^^^^^
  File "/home/airflow/.local/lib/python3.12/site-packages/airflow/models/taskinstance.py", line 768, in _execute_task
    result = _execute_callable(context=context, **execute_callable_kwargs)
             ^^^^^^^^^^^^^^^^^^^^^^^^^^^^^^^^^^^^^^^^^^^^^^^^^^^^^^^^^^^^^
  File "/home/airflow/.local/lib/python3.12/site-packages/airflow/models/taskinstance.py", line 734, in _execute_callable
    return ExecutionCallableRunner(
           ^^^^^^^^^^^^^^^^^^^^^^^^
  File "/home/airflow/.local/lib/python3.12/site-packages/airflow/utils/operator_helpers.py", line 252, in run
    return self.func(*args, **kwargs)
           ^^^^^^^^^^^^^^^^^^^^^^^^^^
  File "/home/airflow/.local/lib/python3.12/site-packages/airflow/models/baseoperator.py", line 424, in wrapper
    return func(self, *args, **kwargs)
           ^^^^^^^^^^^^^^^^^^^^^^^^^^^
  File "/home/airflow/.local/lib/python3.12/site-packages/airflow/operators/python.py", line 238, in execute
    return_value = self.execute_callable()
                   ^^^^^^^^^^^^^^^^^^^^^^^
  File "/home/airflow/.local/lib/python3.12/site-packages/airflow/operators/python.py", line 256, in execute_callable
    return runner.run(*self.op_args, **self.op_kwargs)
           ^^^^^^^^^^^^^^^^^^^^^^^^^^^^^^^^^^^^^^^^^^^
  File "/home/airflow/.local/lib/python3.12/site-packages/airflow/utils/operator_helpers.py", line 252, in run
    return self.func(*args, **kwargs)
           ^^^^^^^^^^^^^^^^^^^^^^^^^^
  File "/opt/airflow/scrapping.py", line 125, in run_scraping
    salvar_dados(produtos_lista)
  File "/opt/airflow/scrapping.py", line 122, in salvar_dados
    tratamento()
  File "/opt/airflow/tratamento.py", line 39, in tratamento
    spark = SparkSession.builder.appName("Calcula desconto").getOrCreate()
            ^^^^^^^^^^^^^^^^^^^^^^^^^^^^^^^^^^^^^^^^^^^^^^^^^^^^^^^^^^^^^^
  File "/home/airflow/.local/lib/python3.12/site-packages/pyspark/sql/session.py", line 228, in getOrCreate
    sc = SparkContext.getOrCreate(sparkConf)
         ^^^^^^^^^^^^^^^^^^^^^^^^^^^^^^^^^^^
  File "/home/airflow/.local/lib/python3.12/site-packages/pyspark/context.py", line 392, in getOrCreate
    SparkContext(conf=conf or SparkConf())
  File "/home/airflow/.local/lib/python3.12/site-packages/pyspark/context.py", line 144, in __init__
    SparkContext._ensure_initialized(self, gateway=gateway, conf=conf)
  File "/home/airflow/.local/lib/python3.12/site-packages/pyspark/context.py", line 339, in _ensure_initialized
    SparkContext._gateway = gateway or launch_gateway(conf)
                                       ^^^^^^^^^^^^^^^^^^^^
  File "/home/airflow/.local/lib/python3.12/site-packages/pyspark/java_gateway.py", line 108, in launch_gateway
    raise RuntimeError("Java gateway process exited before sending its port number")
RuntimeError: Java gateway process exited before sending its port number
[2025-04-21T10:49:20.712+0000] {local_task_job_runner.py:266} INFO - Task exited with return code 1
[2025-04-21T10:49:20.730+0000] {taskinstance.py:3901} INFO - 0 downstream tasks scheduled from follow-on schedule check
[2025-04-21T10:49:20.733+0000] {local_task_job_runner.py:245} INFO - ::endgroup::
[2025-04-21T13:18:09.237+0000] {local_task_job_runner.py:123} INFO - ::group::Pre task execution logs
[2025-04-21T13:18:09.250+0000] {taskinstance.py:2614} INFO - Dependencies all met for dep_context=non-requeueable deps ti=<TaskInstance: scraping_farfetch_mensal.executar_scraping_farfetch scheduled__2025-03-01T10:00:00+00:00 [queued]>
[2025-04-21T13:18:09.256+0000] {taskinstance.py:2614} INFO - Dependencies all met for dep_context=requeueable deps ti=<TaskInstance: scraping_farfetch_mensal.executar_scraping_farfetch scheduled__2025-03-01T10:00:00+00:00 [queued]>
[2025-04-21T13:18:09.256+0000] {taskinstance.py:2867} INFO - Starting attempt 1 of 2
[2025-04-21T13:18:09.267+0000] {taskinstance.py:2890} INFO - Executing <Task(PythonOperator): executar_scraping_farfetch> on 2025-03-01 10:00:00+00:00
[2025-04-21T13:18:09.275+0000] {warnings.py:112} WARNING - /home/***/.local/lib/python3.12/site-packages/***/task/task_runner/standard_task_runner.py:70: DeprecationWarning: This process (pid=56) is multi-threaded, use of fork() may lead to deadlocks in the child.
  pid = os.fork()

[2025-04-21T13:18:09.276+0000] {standard_task_runner.py:72} INFO - Started process 58 to run task
[2025-04-21T13:18:09.276+0000] {standard_task_runner.py:104} INFO - Running: ['***', 'tasks', 'run', 'scraping_farfetch_mensal', 'executar_scraping_farfetch', 'scheduled__2025-03-01T10:00:00+00:00', '--job-id', '2', '--raw', '--subdir', 'DAGS_FOLDER/dag_scraping.py', '--cfg-path', '/tmp/tmp_ta58nj4']
[2025-04-21T13:18:09.278+0000] {standard_task_runner.py:105} INFO - Job 2: Subtask executar_scraping_farfetch
[2025-04-21T13:18:09.316+0000] {task_command.py:467} INFO - Running <TaskInstance: scraping_farfetch_mensal.executar_scraping_farfetch scheduled__2025-03-01T10:00:00+00:00 [running]> on host 20be14974b22
[2025-04-21T13:18:09.384+0000] {taskinstance.py:3134} INFO - Exporting env vars: AIRFLOW_CTX_DAG_OWNER='nicolas' AIRFLOW_CTX_DAG_ID='scraping_farfetch_mensal' AIRFLOW_CTX_TASK_ID='executar_scraping_farfetch' AIRFLOW_CTX_EXECUTION_DATE='2025-03-01T10:00:00+00:00' AIRFLOW_CTX_TRY_NUMBER='1' AIRFLOW_CTX_DAG_RUN_ID='scheduled__2025-03-01T10:00:00+00:00'
[2025-04-21T13:18:09.386+0000] {taskinstance.py:732} INFO - ::endgroup::
[2025-04-21T13:18:23.908+0000] {scrapping.py:35} INFO - Acessando o link: https://www.farfetch.com/br/shopping/men/items.aspx
[2025-04-21T13:18:33.103+0000] {scrapping.py:54} INFO - Clicou no menu de Jaquetas via JavaScript
[2025-04-21T13:18:41.421+0000] {scrapping.py:76} INFO - Total de produtos: 96
[2025-04-21T13:18:45.505+0000] {scrapping.py:90} INFO - Produto 0 processado
[2025-04-21T13:18:46.536+0000] {scrapping.py:90} INFO - Produto 1 processado
[2025-04-21T13:18:47.613+0000] {scrapping.py:90} INFO - Produto 2 processado
[2025-04-21T13:18:48.646+0000] {scrapping.py:90} INFO - Produto 3 processado
[2025-04-21T13:18:49.677+0000] {scrapping.py:90} INFO - Produto 4 processado
[2025-04-21T13:18:50.724+0000] {scrapping.py:90} INFO - Produto 5 processado
[2025-04-21T13:18:51.756+0000] {scrapping.py:90} INFO - Produto 6 processado
[2025-04-21T13:18:52.794+0000] {scrapping.py:90} INFO - Produto 7 processado
[2025-04-21T13:18:53.838+0000] {scrapping.py:90} INFO - Produto 8 processado
[2025-04-21T13:18:54.868+0000] {scrapping.py:90} INFO - Produto 9 processado
[2025-04-21T13:18:55.899+0000] {scrapping.py:90} INFO - Produto 10 processado
[2025-04-21T13:18:56.927+0000] {scrapping.py:90} INFO - Produto 11 processado
[2025-04-21T13:18:57.961+0000] {scrapping.py:90} INFO - Produto 12 processado
[2025-04-21T13:18:58.991+0000] {scrapping.py:90} INFO - Produto 13 processado
[2025-04-21T13:19:00.024+0000] {scrapping.py:90} INFO - Produto 14 processado
[2025-04-21T13:19:01.053+0000] {scrapping.py:90} INFO - Produto 15 processado
[2025-04-21T13:19:02.085+0000] {scrapping.py:90} INFO - Produto 16 processado
[2025-04-21T13:19:03.125+0000] {scrapping.py:90} INFO - Produto 17 processado
[2025-04-21T13:19:04.176+0000] {scrapping.py:90} INFO - Produto 18 processado
[2025-04-21T13:19:05.207+0000] {scrapping.py:90} INFO - Produto 19 processado
[2025-04-21T13:19:06.236+0000] {scrapping.py:90} INFO - Produto 20 processado
[2025-04-21T13:19:07.264+0000] {scrapping.py:90} INFO - Produto 21 processado
[2025-04-21T13:19:08.288+0000] {scrapping.py:90} INFO - Produto 22 processado
[2025-04-21T13:19:09.312+0000] {scrapping.py:90} INFO - Produto 23 processado
[2025-04-21T13:19:10.336+0000] {scrapping.py:90} INFO - Produto 24 processado
[2025-04-21T13:19:11.365+0000] {scrapping.py:90} INFO - Produto 25 processado
[2025-04-21T13:19:12.392+0000] {scrapping.py:90} INFO - Produto 26 processado
[2025-04-21T13:19:13.417+0000] {scrapping.py:90} INFO - Produto 27 processado
[2025-04-21T13:19:14.441+0000] {scrapping.py:90} INFO - Produto 28 processado
[2025-04-21T13:19:14.497+0000] {scrapping.py:90} INFO - Produto 29 processado
[2025-04-21T13:19:15.529+0000] {scrapping.py:90} INFO - Produto 30 processado
[2025-04-21T13:19:16.554+0000] {scrapping.py:90} INFO - Produto 31 processado
[2025-04-21T13:19:17.579+0000] {scrapping.py:90} INFO - Produto 32 processado
[2025-04-21T13:19:18.630+0000] {scrapping.py:90} INFO - Produto 33 processado
[2025-04-21T13:19:19.686+0000] {scrapping.py:90} INFO - Produto 34 processado
[2025-04-21T13:19:20.719+0000] {scrapping.py:90} INFO - Produto 35 processado
[2025-04-21T13:19:21.747+0000] {scrapping.py:90} INFO - Produto 36 processado
[2025-04-21T13:19:22.779+0000] {scrapping.py:90} INFO - Produto 37 processado
[2025-04-21T13:19:23.804+0000] {scrapping.py:90} INFO - Produto 38 processado
[2025-04-21T13:19:24.838+0000] {scrapping.py:90} INFO - Produto 39 processado
[2025-04-21T13:19:25.865+0000] {scrapping.py:90} INFO - Produto 40 processado
[2025-04-21T13:19:26.893+0000] {scrapping.py:90} INFO - Produto 41 processado
[2025-04-21T13:19:27.921+0000] {scrapping.py:90} INFO - Produto 42 processado
[2025-04-21T13:19:28.945+0000] {scrapping.py:90} INFO - Produto 43 processado
[2025-04-21T13:19:29.976+0000] {scrapping.py:90} INFO - Produto 44 processado
[2025-04-21T13:19:31.001+0000] {scrapping.py:90} INFO - Produto 45 processado
[2025-04-21T13:19:32.027+0000] {scrapping.py:90} INFO - Produto 46 processado
[2025-04-21T13:19:33.051+0000] {scrapping.py:90} INFO - Produto 47 processado
[2025-04-21T13:19:34.078+0000] {scrapping.py:90} INFO - Produto 48 processado
[2025-04-21T13:19:35.108+0000] {scrapping.py:90} INFO - Produto 49 processado
[2025-04-21T13:19:36.134+0000] {scrapping.py:90} INFO - Produto 50 processado
[2025-04-21T13:19:37.160+0000] {scrapping.py:90} INFO - Produto 51 processado
[2025-04-21T13:19:38.190+0000] {scrapping.py:90} INFO - Produto 52 processado
[2025-04-21T13:19:39.220+0000] {scrapping.py:90} INFO - Produto 53 processado
[2025-04-21T13:19:40.244+0000] {scrapping.py:90} INFO - Produto 54 processado
[2025-04-21T13:19:41.268+0000] {scrapping.py:90} INFO - Produto 55 processado
[2025-04-21T13:19:42.290+0000] {scrapping.py:90} INFO - Produto 56 processado
[2025-04-21T13:19:43.313+0000] {scrapping.py:90} INFO - Produto 57 processado
[2025-04-21T13:19:44.860+0000] {scrapping.py:90} INFO - Produto 58 processado
[2025-04-21T13:19:45.884+0000] {scrapping.py:90} INFO - Produto 59 processado
[2025-04-21T13:19:46.907+0000] {scrapping.py:90} INFO - Produto 60 processado
[2025-04-21T13:19:47.934+0000] {scrapping.py:90} INFO - Produto 61 processado
[2025-04-21T13:19:48.962+0000] {scrapping.py:90} INFO - Produto 62 processado
[2025-04-21T13:19:49.994+0000] {scrapping.py:90} INFO - Produto 63 processado
[2025-04-21T13:19:51.017+0000] {scrapping.py:90} INFO - Produto 64 processado
[2025-04-21T13:19:52.045+0000] {scrapping.py:90} INFO - Produto 65 processado
[2025-04-21T13:19:53.070+0000] {scrapping.py:90} INFO - Produto 66 processado
[2025-04-21T13:19:54.098+0000] {scrapping.py:90} INFO - Produto 67 processado
[2025-04-21T13:19:55.122+0000] {scrapping.py:90} INFO - Produto 68 processado
[2025-04-21T13:19:56.148+0000] {scrapping.py:90} INFO - Produto 69 processado
[2025-04-21T13:19:57.175+0000] {scrapping.py:90} INFO - Produto 70 processado
[2025-04-21T13:19:58.198+0000] {scrapping.py:90} INFO - Produto 71 processado
[2025-04-21T13:19:59.225+0000] {scrapping.py:90} INFO - Produto 72 processado
[2025-04-21T13:20:00.254+0000] {scrapping.py:90} INFO - Produto 73 processado
[2025-04-21T13:20:01.281+0000] {scrapping.py:90} INFO - Produto 74 processado
[2025-04-21T13:20:02.307+0000] {scrapping.py:90} INFO - Produto 75 processado
[2025-04-21T13:20:03.332+0000] {scrapping.py:90} INFO - Produto 76 processado
[2025-04-21T13:20:04.356+0000] {scrapping.py:90} INFO - Produto 77 processado
[2025-04-21T13:20:05.379+0000] {scrapping.py:90} INFO - Produto 78 processado
[2025-04-21T13:20:06.400+0000] {scrapping.py:90} INFO - Produto 79 processado
[2025-04-21T13:20:07.422+0000] {scrapping.py:90} INFO - Produto 80 processado
[2025-04-21T13:20:08.447+0000] {scrapping.py:90} INFO - Produto 81 processado
[2025-04-21T13:20:09.469+0000] {scrapping.py:90} INFO - Produto 82 processado
[2025-04-21T13:20:10.492+0000] {scrapping.py:90} INFO - Produto 83 processado
[2025-04-21T13:20:11.514+0000] {scrapping.py:90} INFO - Produto 84 processado
[2025-04-21T13:20:12.543+0000] {scrapping.py:90} INFO - Produto 85 processado
[2025-04-21T13:20:13.566+0000] {scrapping.py:90} INFO - Produto 86 processado
[2025-04-21T13:20:15.655+0000] {scrapping.py:90} INFO - Produto 87 processado
[2025-04-21T13:20:16.678+0000] {scrapping.py:90} INFO - Produto 88 processado
[2025-04-21T13:20:17.703+0000] {scrapping.py:90} INFO - Produto 89 processado
[2025-04-21T13:20:18.735+0000] {scrapping.py:90} INFO - Produto 90 processado
[2025-04-21T13:20:19.759+0000] {scrapping.py:90} INFO - Produto 91 processado
[2025-04-21T13:20:20.785+0000] {scrapping.py:90} INFO - Produto 92 processado
[2025-04-21T13:20:21.819+0000] {scrapping.py:90} INFO - Produto 93 processado
[2025-04-21T13:20:22.846+0000] {scrapping.py:90} INFO - Produto 94 processado
[2025-04-21T13:20:23.874+0000] {scrapping.py:90} INFO - Produto 95 processado
[2025-04-21T13:20:31.120+0000] {scrapping.py:119} INFO - Dados salvos em: /opt/***/dados/bruto/promocoes_jaquetas_21042025_1.csv
[2025-04-21T13:20:31.121+0000] {scrapping.py:121} INFO - Iniciando tratamento...
[2025-04-21T13:20:31.133+0000] {tratamento.py:34} INFO - Arquivo mais recente encontrado: /opt/***/dados/bruto/promocoes_jaquetas_21042025_1.csv
[2025-04-21T13:20:40.527+0000] {logging_mixin.py:190} INFO - +-------+-----+-----+--------------+-------------------+--------+--------------+-----+-------------------+-------------+
|Produto|Marca|Preço|Preço Original|               Data|Desconto|Categoria Luxo|Media|Desconto Percentual|Classificação|
+-------+-----+-----+--------------+-------------------+--------+--------------+-----+-------------------+-------------+
|   NULL| NULL| NULL|          NULL|21-04-2025 13:20:39|    NULL| Muito Luxuoso|Baixa|               NULL|   Diferentes|
|   NULL| NULL| NULL|          NULL|21-04-2025 13:20:39|    NULL| Muito Luxuoso|Baixa|               NULL|   Diferentes|
|   NULL| NULL| NULL|          NULL|21-04-2025 13:20:39|    NULL| Muito Luxuoso|Baixa|               NULL|   Diferentes|
|   NULL| NULL| NULL|          NULL|21-04-2025 13:20:39|    NULL| Muito Luxuoso|Baixa|               NULL|   Diferentes|
|   NULL| NULL| NULL|          NULL|21-04-2025 13:20:39|    NULL| Muito Luxuoso|Baixa|               NULL|   Diferentes|
|   NULL| NULL| NULL|          NULL|21-04-2025 13:20:39|    NULL| Muito Luxuoso|Baixa|               NULL|   Diferentes|
|   NULL| NULL| NULL|          NULL|21-04-2025 13:20:39|    NULL| Muito Luxuoso|Baixa|               NULL|   Diferentes|
|   NULL| NULL| NULL|          NULL|21-04-2025 13:20:39|    NULL| Muito Luxuoso|Baixa|               NULL|   Diferentes|
|   NULL| NULL| NULL|          NULL|21-04-2025 13:20:39|    NULL| Muito Luxuoso|Baixa|               NULL|   Diferentes|
|   NULL| NULL| NULL|          NULL|21-04-2025 13:20:39|    NULL| Muito Luxuoso|Baixa|               NULL|   Diferentes|
|   NULL| NULL| NULL|          NULL|21-04-2025 13:20:39|    NULL| Muito Luxuoso|Baixa|               NULL|   Diferentes|
|   NULL| NULL| NULL|          NULL|21-04-2025 13:20:39|    NULL| Muito Luxuoso|Baixa|               NULL|   Diferentes|
|   NULL| NULL| NULL|          NULL|21-04-2025 13:20:39|    NULL| Muito Luxuoso|Baixa|               NULL|   Diferentes|
|   NULL| NULL| NULL|          NULL|21-04-2025 13:20:39|    NULL| Muito Luxuoso|Baixa|               NULL|   Diferentes|
|   NULL| NULL| NULL|          NULL|21-04-2025 13:20:39|    NULL| Muito Luxuoso|Baixa|               NULL|   Diferentes|
|   NULL| NULL| NULL|          NULL|21-04-2025 13:20:39|    NULL| Muito Luxuoso|Baixa|               NULL|   Diferentes|
|   NULL| NULL| NULL|          NULL|21-04-2025 13:20:39|    NULL| Muito Luxuoso|Baixa|               NULL|   Diferentes|
|   NULL| NULL| NULL|          NULL|21-04-2025 13:20:39|    NULL| Muito Luxuoso|Baixa|               NULL|   Diferentes|
|   NULL| NULL| NULL|          NULL|21-04-2025 13:20:39|    NULL| Muito Luxuoso|Baixa|               NULL|   Diferentes|
|   NULL| NULL| NULL|          NULL|21-04-2025 13:20:39|    NULL| Muito Luxuoso|Baixa|               NULL|   Diferentes|
+-------+-----+-----+--------------+-------------------+--------+--------------+-----+-------------------+-------------+
only showing top 20 rows
[2025-04-21T13:20:41.118+0000] {tratamento.py:96} INFO - CSV tratado salvo como jaquetas_tratado.csv
[2025-04-21T13:20:48.446+0000] {tratamento.py:115} INFO - Parquet tratado salvo como dados_tratado.parquet
[2025-04-21T13:20:53.654+0000] {tratamento.py:123} INFO - CSV consolidado (jaquetas_todos.csv) salvo com sucesso.
[2025-04-21T13:20:54.147+0000] {tratamento.py:126} INFO - Spark encerrado com sucesso.
[2025-04-21T13:20:54.148+0000] {scrapping.py:123} INFO - Tratamento finalizado.
[2025-04-21T13:20:54.149+0000] {python.py:240} INFO - Done. Returned value was: None
[2025-04-21T13:20:54.164+0000] {taskinstance.py:341} INFO - ::group::Post task execution logs
[2025-04-21T13:20:54.165+0000] {taskinstance.py:353} INFO - Marking task as SUCCESS. dag_id=scraping_farfetch_mensal, task_id=executar_scraping_farfetch, run_id=scheduled__2025-03-01T10:00:00+00:00, execution_date=20250301T100000, start_date=20250421T131809, end_date=20250421T132054
[2025-04-21T13:22:37.422+0000] {job.py:229} INFO - Heartbeat recovered after 207.92 seconds
[2025-04-21T13:22:37.429+0000] {local_task_job_runner.py:266} INFO - Task exited with return code 0
[2025-04-21T13:22:37.441+0000] {taskinstance.py:3901} INFO - 0 downstream tasks scheduled from follow-on schedule check
[2025-04-21T13:22:37.444+0000] {local_task_job_runner.py:245} INFO - ::endgroup::
[2025-04-21T13:49:55.438+0000] {local_task_job_runner.py:123} INFO - ::group::Pre task execution logs
[2025-04-21T13:49:55.452+0000] {taskinstance.py:2614} INFO - Dependencies all met for dep_context=non-requeueable deps ti=<TaskInstance: scraping_farfetch_mensal.executar_scraping_farfetch scheduled__2025-03-01T10:00:00+00:00 [queued]>
[2025-04-21T13:49:55.458+0000] {taskinstance.py:2614} INFO - Dependencies all met for dep_context=requeueable deps ti=<TaskInstance: scraping_farfetch_mensal.executar_scraping_farfetch scheduled__2025-03-01T10:00:00+00:00 [queued]>
[2025-04-21T13:49:55.458+0000] {taskinstance.py:2867} INFO - Starting attempt 1 of 2
[2025-04-21T13:49:55.468+0000] {taskinstance.py:2890} INFO - Executing <Task(PythonOperator): executar_scraping_farfetch> on 2025-03-01 10:00:00+00:00
[2025-04-21T13:49:55.477+0000] {warnings.py:112} WARNING - /home/***/.local/lib/python3.12/site-packages/***/task/task_runner/standard_task_runner.py:70: DeprecationWarning: This process (pid=56) is multi-threaded, use of fork() may lead to deadlocks in the child.
  pid = os.fork()

[2025-04-21T13:49:55.479+0000] {standard_task_runner.py:72} INFO - Started process 58 to run task
[2025-04-21T13:49:55.479+0000] {standard_task_runner.py:104} INFO - Running: ['***', 'tasks', 'run', 'scraping_farfetch_mensal', 'executar_scraping_farfetch', 'scheduled__2025-03-01T10:00:00+00:00', '--job-id', '2', '--raw', '--subdir', 'DAGS_FOLDER/dag_scraping.py', '--cfg-path', '/tmp/tmp0h7enf4d']
[2025-04-21T13:49:55.481+0000] {standard_task_runner.py:105} INFO - Job 2: Subtask executar_scraping_farfetch
[2025-04-21T13:49:55.559+0000] {task_command.py:467} INFO - Running <TaskInstance: scraping_farfetch_mensal.executar_scraping_farfetch scheduled__2025-03-01T10:00:00+00:00 [running]> on host 32047fb085ea
[2025-04-21T13:49:55.644+0000] {taskinstance.py:3134} INFO - Exporting env vars: AIRFLOW_CTX_DAG_OWNER='nicolas' AIRFLOW_CTX_DAG_ID='scraping_farfetch_mensal' AIRFLOW_CTX_TASK_ID='executar_scraping_farfetch' AIRFLOW_CTX_EXECUTION_DATE='2025-03-01T10:00:00+00:00' AIRFLOW_CTX_TRY_NUMBER='1' AIRFLOW_CTX_DAG_RUN_ID='scheduled__2025-03-01T10:00:00+00:00'
[2025-04-21T13:49:55.645+0000] {taskinstance.py:732} INFO - ::endgroup::
[2025-04-21T13:50:07.086+0000] {scrapping.py:35} INFO - Acessando o link: https://www.farfetch.com/br/shopping/men/items.aspx
[2025-04-21T13:50:15.452+0000] {scrapping.py:54} INFO - Clicou no menu de Jaquetas via JavaScript
[2025-04-21T13:50:23.505+0000] {scrapping.py:76} INFO - Total de produtos: 96
[2025-04-21T13:50:23.731+0000] {logging_mixin.py:190} INFO - Jaqueta x 100 Thieves com capuz
[2025-04-21T13:50:23.738+0000] {logging_mixin.py:190} INFO - adidas
[2025-04-21T13:50:24.738+0000] {scrapping.py:92} INFO - Produto 0 processado
[2025-04-21T13:50:24.801+0000] {logging_mixin.py:190} INFO - Jaqueta Glass Cover-TC
[2025-04-21T13:50:24.808+0000] {logging_mixin.py:190} INFO - Stone Island
[2025-04-21T13:50:25.809+0000] {scrapping.py:92} INFO - Produto 1 processado
[2025-04-21T13:50:25.842+0000] {logging_mixin.py:190} INFO - Jaqueta Ami De Coeur de lã virgem
[2025-04-21T13:50:25.848+0000] {logging_mixin.py:190} INFO - AMI Paris
[2025-04-21T13:50:26.849+0000] {scrapping.py:92} INFO - Produto 2 processado
[2025-04-21T13:50:26.881+0000] {logging_mixin.py:190} INFO - Jaqueta esportiva com listras triplas
[2025-04-21T13:50:26.888+0000] {logging_mixin.py:190} INFO - adidas
[2025-04-21T13:50:27.889+0000] {scrapping.py:92} INFO - Produto 3 processado
[2025-04-21T13:50:27.929+0000] {logging_mixin.py:190} INFO - Jaqueta jeans efeito destroyed
[2025-04-21T13:50:27.937+0000] {logging_mixin.py:190} INFO - Givenchy
[2025-04-21T13:50:28.937+0000] {scrapping.py:92} INFO - Produto 4 processado
[2025-04-21T13:50:28.976+0000] {logging_mixin.py:190} INFO - Jaqueta bomber Reps R-NY
[2025-04-21T13:50:28.983+0000] {logging_mixin.py:190} INFO - Stone Island
[2025-04-21T13:50:29.984+0000] {scrapping.py:92} INFO - Produto 5 processado
[2025-04-21T13:50:30.018+0000] {logging_mixin.py:190} INFO - Jaqueta esportiva Varsity
[2025-04-21T13:50:30.024+0000] {logging_mixin.py:190} INFO - Casablanca
[2025-04-21T13:50:31.025+0000] {scrapping.py:92} INFO - Produto 6 processado
[2025-04-21T13:50:31.057+0000] {logging_mixin.py:190} INFO - Jaqueta de pelos com patch de logo
[2025-04-21T13:50:31.064+0000] {logging_mixin.py:190} INFO - Marni
[2025-04-21T13:50:32.064+0000] {scrapping.py:92} INFO - Produto 7 processado
[2025-04-21T13:50:32.095+0000] {logging_mixin.py:190} INFO - Jaqueta matelassê com patch de bússola
[2025-04-21T13:50:32.104+0000] {logging_mixin.py:190} INFO - Stone Island
[2025-04-21T13:50:33.105+0000] {scrapping.py:92} INFO - Produto 8 processado
[2025-04-21T13:50:33.151+0000] {logging_mixin.py:190} INFO - Jaqueta matelassê camuflada
[2025-04-21T13:50:33.164+0000] {logging_mixin.py:190} INFO - Andersson Bell
[2025-04-21T13:50:34.165+0000] {scrapping.py:92} INFO - Produto 9 processado
[2025-04-21T13:50:34.195+0000] {logging_mixin.py:190} INFO - Jaqueta Retro Denali
[2025-04-21T13:50:34.201+0000] {logging_mixin.py:190} INFO - The North Face
[2025-04-21T13:50:35.201+0000] {scrapping.py:92} INFO - Produto 10 processado
[2025-04-21T13:50:35.237+0000] {logging_mixin.py:190} INFO - Jaqueta matelassê Himalayan com capuz
[2025-04-21T13:50:35.244+0000] {logging_mixin.py:190} INFO - The North Face
[2025-04-21T13:47:22.410+0000] {scrapping.py:92} INFO - Produto 11 processado
[2025-04-21T13:47:22.440+0000] {logging_mixin.py:190} INFO - Blazer Punto com botões
[2025-04-21T13:47:22.446+0000] {logging_mixin.py:190} INFO - Karl Lagerfeld
[2025-04-21T13:50:37.754+0000] {scrapping.py:92} INFO - Produto 12 processado
[2025-04-21T13:50:37.786+0000] {logging_mixin.py:190} INFO - Blazer Beo
[2025-04-21T13:50:37.792+0000] {logging_mixin.py:190} INFO - The Frankie Shop
[2025-04-21T13:50:38.793+0000] {scrapping.py:92} INFO - Produto 13 processado
[2025-04-21T13:50:38.832+0000] {logging_mixin.py:190} INFO - Jaqueta college Mascot
[2025-04-21T13:50:38.838+0000] {logging_mixin.py:190} INFO - Represent
[2025-04-21T13:50:39.839+0000] {scrapping.py:92} INFO - Produto 14 processado
[2025-04-21T13:50:39.869+0000] {logging_mixin.py:190} INFO - Jaqueta matelassê com capuz
[2025-04-21T13:50:39.875+0000] {logging_mixin.py:190} INFO - Karl Lagerfeld Jeans
[2025-04-21T13:50:40.876+0000] {scrapping.py:92} INFO - Produto 15 processado
[2025-04-21T13:50:40.907+0000] {logging_mixin.py:190} INFO - Jaqueta college com bordado
[2025-04-21T13:50:40.913+0000] {logging_mixin.py:190} INFO - BARROW
[2025-04-21T13:50:41.914+0000] {scrapping.py:92} INFO - Produto 16 processado
[2025-04-21T13:50:41.946+0000] {logging_mixin.py:190} INFO - Jaqueta GORE-TEX®
[2025-04-21T13:50:41.952+0000] {logging_mixin.py:190} INFO - The North Face
[2025-04-21T13:50:42.953+0000] {scrapping.py:92} INFO - Produto 17 processado
[2025-04-21T13:50:42.982+0000] {logging_mixin.py:190} INFO - Jaqueta bomber com patch
[2025-04-21T13:50:42.987+0000] {logging_mixin.py:190} INFO - BARROW
[2025-04-21T13:50:43.988+0000] {scrapping.py:92} INFO - Produto 18 processado
[2025-04-21T13:50:44.015+0000] {logging_mixin.py:190} INFO - Jaqueta bomber V-Emblem de couro
[2025-04-21T13:50:44.020+0000] {logging_mixin.py:190} INFO - Versace Jeans Couture
[2025-04-21T13:50:45.021+0000] {scrapping.py:92} INFO - Produto 19 processado
[2025-04-21T13:50:45.055+0000] {logging_mixin.py:190} INFO - Jaqueta impermeável com estampa
[2025-04-21T13:50:45.062+0000] {logging_mixin.py:190} INFO - Kenzo
[2025-04-21T13:50:46.062+0000] {scrapping.py:92} INFO - Produto 20 processado
[2025-04-21T13:50:46.093+0000] {logging_mixin.py:190} INFO - Blazer com abotoamento duplo
[2025-04-21T13:50:46.099+0000] {logging_mixin.py:190} INFO - Karl Lagerfeld
[2025-04-21T13:50:47.099+0000] {scrapping.py:92} INFO - Produto 21 processado
[2025-04-21T13:50:47.127+0000] {logging_mixin.py:190} INFO - Jaqueta com patch de logo
[2025-04-21T13:50:47.134+0000] {logging_mixin.py:190} INFO - Napapijri
[2025-04-21T13:50:48.134+0000] {scrapping.py:92} INFO - Produto 22 processado
[2025-04-21T13:50:48.165+0000] {logging_mixin.py:190} INFO - Jaqueta Essential de bouclê
[2025-04-21T13:50:48.171+0000] {logging_mixin.py:190} INFO - Karl Lagerfeld
[2025-04-21T13:50:49.171+0000] {scrapping.py:92} INFO - Produto 23 processado
[2025-04-21T13:50:49.200+0000] {logging_mixin.py:190} INFO - Jaqueta La Veste Slogan
[2025-04-21T13:50:49.206+0000] {logging_mixin.py:190} INFO - Drôle De Monsieur
[2025-04-21T13:50:50.206+0000] {scrapping.py:92} INFO - Produto 24 processado
[2025-04-21T13:50:50.242+0000] {logging_mixin.py:190} INFO - Colete matelassê com abotoamento duplo
[2025-04-21T13:50:50.249+0000] {logging_mixin.py:190} INFO - Karl Lagerfeld
[2025-04-21T13:50:51.249+0000] {scrapping.py:92} INFO - Produto 25 processado
[2025-04-21T13:50:51.281+0000] {logging_mixin.py:190} INFO - Jaqueta Angler encerada
[2025-04-21T13:50:51.286+0000] {logging_mixin.py:190} INFO - Barbour
[2025-04-21T13:50:52.287+0000] {scrapping.py:92} INFO - Produto 26 processado
[2025-04-21T13:50:52.315+0000] {logging_mixin.py:190} INFO - Jaqueta bomber com detalhe de aplicação
[2025-04-21T13:50:52.320+0000] {logging_mixin.py:190} INFO - Karl Lagerfeld
[2025-04-21T13:50:53.321+0000] {scrapping.py:92} INFO - Produto 27 processado
[2025-04-21T13:50:53.352+0000] {logging_mixin.py:190} INFO - Jaqueta de couro mangas longas
[2025-04-21T13:50:53.359+0000] {logging_mixin.py:190} INFO - Belstaff
[2025-04-21T13:50:54.360+0000] {scrapping.py:92} INFO - Produto 28 processado
[2025-04-21T13:50:54.390+0000] {logging_mixin.py:190} INFO - Jaqueta bomber com zíper
[2025-04-21T13:50:54.396+0000] {logging_mixin.py:190} INFO - Burberry
[2025-04-21T13:50:55.396+0000] {scrapping.py:92} INFO - Produto 29 processado
[2025-04-21T13:50:55.426+0000] {logging_mixin.py:190} INFO - Blazer com abotoamento simples
[2025-04-21T13:50:55.431+0000] {logging_mixin.py:190} INFO - Herno
[2025-04-21T13:50:56.432+0000] {scrapping.py:92} INFO - Produto 30 processado
[2025-04-21T13:50:56.460+0000] {logging_mixin.py:190} INFO - Jaqueta bomber x Wales Bonner dupla face
[2025-04-21T13:50:56.465+0000] {logging_mixin.py:190} INFO - adidas
[2025-04-21T13:50:57.466+0000] {scrapping.py:92} INFO - Produto 31 processado
[2025-04-21T13:50:57.494+0000] {logging_mixin.py:190} INFO - Jaqueta de couro dupla face
[2025-04-21T13:50:57.499+0000] {logging_mixin.py:190} INFO - ROUGH.
[2025-04-21T13:50:58.499+0000] {scrapping.py:92} INFO - Produto 32 processado
[2025-04-21T13:50:58.529+0000] {logging_mixin.py:190} INFO - Jaqueta Glass Cover-TC
[2025-04-21T13:50:58.535+0000] {logging_mixin.py:190} INFO - Stone Island
[2025-04-21T13:50:59.536+0000] {scrapping.py:92} INFO - Produto 33 processado
[2025-04-21T13:50:59.563+0000] {logging_mixin.py:190} INFO - Jaqueta Retro Nuptse 96
[2025-04-21T13:50:59.569+0000] {logging_mixin.py:190} INFO - The North Face
[2025-04-21T13:51:00.569+0000] {scrapping.py:92} INFO - Produto 34 processado
[2025-04-21T13:51:00.595+0000] {logging_mixin.py:190} INFO - Jaqueta com pelos na gola
[2025-04-21T13:51:00.600+0000] {logging_mixin.py:190} INFO - ERALDO
[2025-04-21T13:51:01.601+0000] {scrapping.py:92} INFO - Produto 35 processado
[2025-04-21T13:51:01.647+0000] {logging_mixin.py:190} INFO - Jaqueta bomber com bordado de texto
[2025-04-21T13:51:01.653+0000] {logging_mixin.py:190} INFO - Balmain
[2025-04-21T13:51:02.654+0000] {scrapping.py:92} INFO - Produto 36 processado
[2025-04-21T13:51:02.684+0000] {logging_mixin.py:190} INFO - Jaqueta com estampa Chromo Couture
[2025-04-21T13:51:02.689+0000] {logging_mixin.py:190} INFO - Versace Jeans Couture
[2025-04-21T13:51:03.690+0000] {scrapping.py:92} INFO - Produto 37 processado
[2025-04-21T13:51:03.719+0000] {logging_mixin.py:190} INFO - Colete Pony com logo
[2025-04-21T13:51:03.725+0000] {logging_mixin.py:190} INFO - Polo Ralph Lauren
[2025-04-21T13:51:04.725+0000] {scrapping.py:92} INFO - Produto 38 processado
[2025-04-21T13:51:04.753+0000] {logging_mixin.py:190} INFO - Jaqueta com padronagem monogramada PB
[2025-04-21T13:51:04.759+0000] {logging_mixin.py:190} INFO - Balmain
[2025-04-21T13:51:05.759+0000] {scrapping.py:92} INFO - Produto 39 processado
[2025-04-21T13:51:05.790+0000] {logging_mixin.py:190} INFO - Jaqueta com capuz
[2025-04-21T13:51:05.796+0000] {logging_mixin.py:190} INFO - Stone Island
[2025-04-21T13:47:55.217+0000] {scrapping.py:92} INFO - Produto 40 processado
[2025-04-21T13:47:55.246+0000] {logging_mixin.py:190} INFO - Jaqueta de lã e cashmere mistos
[2025-04-21T13:47:55.252+0000] {logging_mixin.py:190} INFO - AMI Paris
[2025-04-21T13:51:10.560+0000] {scrapping.py:92} INFO - Produto 41 processado
[2025-04-21T13:51:10.590+0000] {logging_mixin.py:190} INFO - Jaqueta flanelada com bolsos
[2025-04-21T13:51:10.595+0000] {logging_mixin.py:190} INFO - Stone Island
[2025-04-21T13:51:11.595+0000] {scrapping.py:92} INFO - Produto 42 processado
[2025-04-21T13:51:11.623+0000] {logging_mixin.py:190} INFO - Jaqueta TNF x Yinka Ilori
[2025-04-21T13:51:11.628+0000] {logging_mixin.py:190} INFO - The North Face
[2025-04-21T13:51:12.629+0000] {scrapping.py:92} INFO - Produto 43 processado
[2025-04-21T13:51:12.657+0000] {logging_mixin.py:190} INFO - Blazer com abotoamento duplo
[2025-04-21T13:51:12.662+0000] {logging_mixin.py:190} INFO - OUR LEGACY
[2025-04-21T13:51:13.663+0000] {scrapping.py:92} INFO - Produto 44 processado
[2025-04-21T13:51:13.694+0000] {logging_mixin.py:190} INFO - Jaqueta de algodão
[2025-04-21T13:51:13.700+0000] {logging_mixin.py:190} INFO - Polo Ralph Lauren
[2025-04-21T13:51:14.700+0000] {scrapping.py:92} INFO - Produto 45 processado
[2025-04-21T13:51:14.734+0000] {logging_mixin.py:190} INFO - Jaqueta corta-vento com logo bordado
[2025-04-21T13:51:14.739+0000] {logging_mixin.py:190} INFO - Fred Perry
[2025-04-21T13:51:15.740+0000] {scrapping.py:92} INFO - Produto 46 processado
[2025-04-21T13:51:15.765+0000] {logging_mixin.py:190} INFO - Jaqueta bomber de couro
[2025-04-21T13:51:15.770+0000] {logging_mixin.py:190} INFO - DSQUARED2
[2025-04-21T13:51:16.771+0000] {scrapping.py:92} INFO - Produto 47 processado
[2025-04-21T13:51:16.798+0000] {logging_mixin.py:190} INFO - Jaqueta bomber com logo
[2025-04-21T13:51:16.803+0000] {logging_mixin.py:190} INFO - Dolce & Gabbana
[2025-04-21T13:51:17.803+0000] {scrapping.py:92} INFO - Produto 48 processado
[2025-04-21T13:51:17.833+0000] {logging_mixin.py:190} INFO - Jaqueta jeans com estampa Tokyo
[2025-04-21T13:51:17.839+0000] {logging_mixin.py:190} INFO - Karl Lagerfeld Jeans
[2025-04-21T13:51:18.840+0000] {scrapping.py:92} INFO - Produto 49 processado
[2025-04-21T13:51:18.868+0000] {logging_mixin.py:190} INFO - Jaqueta bomber Ami De Coeur
[2025-04-21T13:51:18.874+0000] {logging_mixin.py:190} INFO - AMI Paris
[2025-04-21T13:51:19.875+0000] {scrapping.py:92} INFO - Produto 50 processado
[2025-04-21T13:51:19.904+0000] {logging_mixin.py:190} INFO - Jaqueta com capuz e logo de bússola
[2025-04-21T13:51:19.910+0000] {logging_mixin.py:190} INFO - Stone Island
[2025-04-21T13:51:20.911+0000] {scrapping.py:92} INFO - Produto 51 processado
[2025-04-21T13:51:20.939+0000] {logging_mixin.py:190} INFO - Jaqueta Nuptse matelassê 1992
[2025-04-21T13:51:20.945+0000] {logging_mixin.py:190} INFO - The North Face
[2025-04-21T13:51:21.946+0000] {scrapping.py:92} INFO - Produto 52 processado
[2025-04-21T13:51:21.976+0000] {logging_mixin.py:190} INFO - Jaqueta Retro Denali
[2025-04-21T13:51:21.982+0000] {logging_mixin.py:190} INFO - The North Face
[2025-04-21T13:51:22.982+0000] {scrapping.py:92} INFO - Produto 53 processado
[2025-04-21T13:51:23.009+0000] {logging_mixin.py:190} INFO - Colete Retro Denali
[2025-04-21T13:51:23.014+0000] {logging_mixin.py:190} INFO - The North Face
[2025-04-21T13:51:24.014+0000] {scrapping.py:92} INFO - Produto 54 processado
[2025-04-21T13:51:24.042+0000] {logging_mixin.py:190} INFO - Jaqueta com zíper e estampa barroca
[2025-04-21T13:51:24.048+0000] {logging_mixin.py:190} INFO - Versace
[2025-04-21T13:51:25.048+0000] {scrapping.py:92} INFO - Produto 55 processado
[2025-04-21T13:51:25.077+0000] {logging_mixin.py:190} INFO - Jaqueta Pro-Tek matelassê
[2025-04-21T13:51:25.083+0000] {logging_mixin.py:190} INFO - C.P. Company
[2025-04-21T13:51:26.083+0000] {scrapping.py:92} INFO - Produto 56 processado
[2025-04-21T13:51:26.112+0000] {logging_mixin.py:190} INFO - Jaqueta com patch de logo
[2025-04-21T13:51:26.118+0000] {logging_mixin.py:190} INFO - Lacoste
[2025-04-21T13:51:27.118+0000] {scrapping.py:92} INFO - Produto 57 processado
[2025-04-21T13:51:27.147+0000] {logging_mixin.py:190} INFO - Jaqueta com capuz e patch de bússola
[2025-04-21T13:51:27.152+0000] {logging_mixin.py:190} INFO - Stone Island
[2025-04-21T13:51:28.153+0000] {scrapping.py:92} INFO - Produto 58 processado
[2025-04-21T13:51:28.183+0000] {logging_mixin.py:190} INFO - Jaqueta matelassê com aplicação de logo
[2025-04-21T13:51:28.188+0000] {logging_mixin.py:190} INFO - Courrèges
[2025-04-21T13:51:29.188+0000] {scrapping.py:92} INFO - Produto 59 processado
[2025-04-21T13:51:29.220+0000] {logging_mixin.py:190} INFO - Jaqueta com logo bordado
[2025-04-21T13:51:29.227+0000] {logging_mixin.py:190} INFO - Martine Rose
[2025-04-21T13:51:30.228+0000] {scrapping.py:92} INFO - Produto 60 processado
[2025-04-21T13:51:30.255+0000] {logging_mixin.py:190} INFO - Jaqueta college Ivy
[2025-04-21T13:51:30.261+0000] {logging_mixin.py:190} INFO - Axel Arigato
[2025-04-21T13:51:31.261+0000] {scrapping.py:92} INFO - Produto 61 processado
[2025-04-21T13:51:31.292+0000] {logging_mixin.py:190} INFO - Jaqueta Retro Nuptse 1996
[2025-04-21T13:51:31.297+0000] {logging_mixin.py:190} INFO - The North Face
[2025-04-21T13:51:32.298+0000] {scrapping.py:92} INFO - Produto 62 processado
[2025-04-21T13:51:32.329+0000] {logging_mixin.py:190} INFO - Jaqueta jeans efeito destroyed
[2025-04-21T13:51:32.335+0000] {logging_mixin.py:190} INFO - DSQUARED2
[2025-04-21T13:51:33.335+0000] {scrapping.py:92} INFO - Produto 63 processado
[2025-04-21T13:51:33.366+0000] {logging_mixin.py:190} INFO - Jaqueta esportiva com bordado monogramado
[2025-04-21T13:51:33.371+0000] {logging_mixin.py:190} INFO - Palm Angels
[2025-04-21T13:51:34.371+0000] {scrapping.py:92} INFO - Produto 64 processado
[2025-04-21T13:51:34.400+0000] {logging_mixin.py:190} INFO - Jaqueta jeans
[2025-04-21T13:51:34.405+0000] {logging_mixin.py:190} INFO - Saint Laurent
[2025-04-21T13:51:35.406+0000] {scrapping.py:92} INFO - Produto 65 processado
[2025-04-21T13:51:35.437+0000] {logging_mixin.py:190} INFO - Jaqueta matelassê com capuz
[2025-04-21T13:51:35.443+0000] {logging_mixin.py:190} INFO - Mackage
[2025-04-21T13:51:36.443+0000] {scrapping.py:92} INFO - Produto 66 processado
[2025-04-21T13:51:36.474+0000] {logging_mixin.py:190} INFO - Jaqueta bomber com patch de logo
[2025-04-21T13:51:36.479+0000] {logging_mixin.py:190} INFO - Études Studio
[2025-04-21T13:51:37.480+0000] {scrapping.py:92} INFO - Produto 67 processado
[2025-04-21T13:51:37.513+0000] {logging_mixin.py:190} INFO - Jaqueta bomber de couro
[2025-04-21T13:51:37.520+0000] {logging_mixin.py:190} INFO - Dell'oglio
[2025-04-21T13:51:38.520+0000] {scrapping.py:92} INFO - Produto 68 processado
[2025-04-21T13:51:38.553+0000] {logging_mixin.py:190} INFO - Jaqueta com efeito desbotado
[2025-04-21T13:51:38.560+0000] {logging_mixin.py:190} INFO - Balenciaga
[2025-04-21T13:48:27.980+0000] {scrapping.py:92} INFO - Produto 69 processado
[2025-04-21T13:51:42.322+0000] {logging_mixin.py:190} INFO - Jaqueta corta-vento com patch de bússola
[2025-04-21T13:51:42.328+0000] {logging_mixin.py:190} INFO - Stone Island
[2025-04-21T13:51:43.328+0000] {scrapping.py:92} INFO - Produto 70 processado
[2025-04-21T13:51:43.356+0000] {logging_mixin.py:190} INFO - Blazer de linho com abotoamento simples
[2025-04-21T13:51:43.361+0000] {logging_mixin.py:190} INFO - Polo Ralph Lauren
[2025-04-21T13:51:44.362+0000] {scrapping.py:92} INFO - Produto 71 processado
[2025-04-21T13:51:44.397+0000] {logging_mixin.py:190} INFO - Jaqueta com placa de logo
[2025-04-21T13:51:44.403+0000] {logging_mixin.py:190} INFO - Herno
[2025-04-21T13:51:45.404+0000] {scrapping.py:92} INFO - Produto 72 processado
[2025-04-21T13:51:45.431+0000] {logging_mixin.py:190} INFO - Jaqueta Ispa Butterfly
[2025-04-21T13:51:45.437+0000] {logging_mixin.py:190} INFO - Nike
[2025-04-21T13:51:46.438+0000] {scrapping.py:92} INFO - Produto 73 processado
[2025-04-21T13:51:46.465+0000] {logging_mixin.py:190} INFO - Jaqueta bomber matelassê
[2025-04-21T13:51:46.470+0000] {logging_mixin.py:190} INFO - DSQUARED2
[2025-04-21T13:51:47.470+0000] {scrapping.py:92} INFO - Produto 74 processado
[2025-04-21T13:51:47.498+0000] {logging_mixin.py:190} INFO - Jaqueta com patch de bússola
[2025-04-21T13:51:47.503+0000] {logging_mixin.py:190} INFO - Stone Island
[2025-04-21T13:51:48.503+0000] {scrapping.py:92} INFO - Produto 75 processado
[2025-04-21T13:51:48.538+0000] {logging_mixin.py:190} INFO - Colete matelassê
[2025-04-21T13:51:48.544+0000] {logging_mixin.py:190} INFO - Valstar
[2025-04-21T13:51:49.544+0000] {scrapping.py:92} INFO - Produto 76 processado
[2025-04-21T13:51:49.570+0000] {logging_mixin.py:190} INFO - Jaqueta jeans com zíper
[2025-04-21T13:51:49.575+0000] {logging_mixin.py:190} INFO - Off-White
[2025-04-21T13:51:50.576+0000] {scrapping.py:92} INFO - Produto 77 processado
[2025-04-21T13:51:50.605+0000] {logging_mixin.py:190} INFO - Jaqueta jeans de algodão
[2025-04-21T13:51:50.610+0000] {logging_mixin.py:190} INFO - Balenciaga
[2025-04-21T13:51:51.611+0000] {scrapping.py:92} INFO - Produto 78 processado
[2025-04-21T13:51:51.636+0000] {logging_mixin.py:190} INFO - Jaqueta Billy
[2025-04-21T13:51:51.642+0000] {logging_mixin.py:190} INFO - GALLERY DEPT.
[2025-04-21T13:51:52.642+0000] {scrapping.py:92} INFO - Produto 79 processado
[2025-04-21T13:51:52.668+0000] {logging_mixin.py:190} INFO - Colete com detalhe Goggles
[2025-04-21T13:51:52.674+0000] {logging_mixin.py:190} INFO - C.P. Company
[2025-04-21T13:51:53.674+0000] {scrapping.py:92} INFO - Produto 80 processado
[2025-04-21T13:51:53.813+0000] {logging_mixin.py:190} INFO - Jaqueta esportiva com logo bordado
[2025-04-21T13:51:53.820+0000] {logging_mixin.py:190} INFO - Palm Angels
[2025-04-21T13:51:54.821+0000] {scrapping.py:92} INFO - Produto 81 processado
[2025-04-21T13:51:54.855+0000] {logging_mixin.py:190} INFO - Jaqueta Shell-R com capuz
[2025-04-21T13:51:54.860+0000] {logging_mixin.py:190} INFO - C.P. Company
[2025-04-21T13:51:55.861+0000] {scrapping.py:92} INFO - Produto 82 processado
[2025-04-21T13:51:55.888+0000] {logging_mixin.py:190} INFO - Jaqueta matelassê Polo Pony
[2025-04-21T13:51:55.894+0000] {logging_mixin.py:190} INFO - Polo Ralph Lauren
[2025-04-21T13:51:56.894+0000] {scrapping.py:92} INFO - Produto 83 processado
[2025-04-21T13:51:56.924+0000] {logging_mixin.py:190} INFO - Colete Ami de Coeur matelassê
[2025-04-21T13:51:56.932+0000] {logging_mixin.py:190} INFO - AMI Paris
[2025-04-21T13:51:57.932+0000] {scrapping.py:92} INFO - Produto 84 processado
[2025-04-21T13:51:57.962+0000] {logging_mixin.py:190} INFO - Jaqueta bomber de cetim com tag de logo
[2025-04-21T13:51:57.969+0000] {logging_mixin.py:190} INFO - Dolce & Gabbana
[2025-04-21T13:51:58.969+0000] {scrapping.py:92} INFO - Produto 85 processado
[2025-04-21T13:51:58.996+0000] {logging_mixin.py:190} INFO - Jaqueta com patch de bússola
[2025-04-21T13:51:59.002+0000] {logging_mixin.py:190} INFO - Stone Island
[2025-04-21T13:52:00.002+0000] {scrapping.py:92} INFO - Produto 86 processado
[2025-04-21T13:52:00.030+0000] {logging_mixin.py:190} INFO - Colete Garson matelassê
[2025-04-21T13:52:00.035+0000] {logging_mixin.py:190} INFO - Canada Goose
[2025-04-21T13:52:01.036+0000] {scrapping.py:92} INFO - Produto 87 processado
[2025-04-21T13:52:01.070+0000] {logging_mixin.py:190} INFO - Jaqueta esportiva color block
[2025-04-21T13:52:01.077+0000] {logging_mixin.py:190} INFO - Moschino
[2025-04-21T13:52:02.077+0000] {scrapping.py:92} INFO - Produto 88 processado
[2025-04-21T13:52:02.105+0000] {logging_mixin.py:190} INFO - Jaqueta com capuz e zíper
[2025-04-21T13:52:02.111+0000] {logging_mixin.py:190} INFO - Balenciaga
[2025-04-21T13:52:03.111+0000] {scrapping.py:92} INFO - Produto 89 processado
[2025-04-21T13:52:03.138+0000] {logging_mixin.py:190} INFO - Colete Gorham
[2025-04-21T13:52:03.144+0000] {logging_mixin.py:190} INFO - Polo Ralph Lauren
[2025-04-21T13:52:04.144+0000] {scrapping.py:92} INFO - Produto 90 processado
[2025-04-21T13:52:04.172+0000] {logging_mixin.py:190} INFO - Colete com detalhe Goggles
[2025-04-21T13:52:04.177+0000] {logging_mixin.py:190} INFO - C.P. Company
[2025-04-21T13:52:05.178+0000] {scrapping.py:92} INFO - Produto 91 processado
[2025-04-21T13:52:05.210+0000] {logging_mixin.py:190} INFO - Jaqueta college de veludo cotelê com recortes
[2025-04-21T13:52:05.216+0000] {logging_mixin.py:190} INFO - AMIRI
[2025-04-21T13:52:06.216+0000] {scrapping.py:92} INFO - Produto 92 processado
[2025-04-21T13:52:06.246+0000] {logging_mixin.py:190} INFO - Jaqueta de couro
[2025-04-21T13:52:06.252+0000] {logging_mixin.py:190} INFO - Salvatore Santoro
[2025-04-21T13:52:07.252+0000] {scrapping.py:92} INFO - Produto 93 processado
[2025-04-21T13:52:07.283+0000] {logging_mixin.py:190} INFO - Jaqueta jeans com logo bordado
[2025-04-21T13:52:07.289+0000] {logging_mixin.py:190} INFO - Who Decides War
[2025-04-21T13:52:08.290+0000] {scrapping.py:92} INFO - Produto 94 processado
[2025-04-21T13:52:08.319+0000] {logging_mixin.py:190} INFO - Jaqueta com logo gravado
[2025-04-21T13:52:08.324+0000] {logging_mixin.py:190} INFO - Emporio Armani
[2025-04-21T13:52:09.325+0000] {scrapping.py:92} INFO - Produto 95 processado
[2025-04-21T13:52:15.679+0000] {scrapping.py:121} INFO - Dados salvos em: /opt/***/dados/bruto/promocoes_jaquetas_21042025.csv
[2025-04-21T13:52:15.679+0000] {scrapping.py:123} INFO - Iniciando tratamento...
[2025-04-21T13:52:15.691+0000] {tratamento.py:34} INFO - Arquivo mais recente encontrado: /opt/***/dados/bruto/promocoes_jaquetas_21042025.csv
[2025-04-21T13:52:25.541+0000] {logging_mixin.py:190} INFO - +--------------------+--------------------+-----+--------------+-------------------+--------+--------------+-----+-------------------+-------------+
|             Produto|               Marca|Preço|Preço Original|               Data|Desconto|Categoria Luxo|Media|Desconto Percentual|Classificação|
+--------------------+--------------------+-----+--------------+-------------------+--------+--------------+-----+-------------------+-------------+
|Jaqueta x 100 Thi...|              adidas| 3734|          3895|21-04-2025 13:52:24|  0.0413|        Luxoso|Baixa|               4.13|      Jaqueta|
|Jaqueta Glass Cov...|        Stone Island|19542|         26205|21-04-2025 13:52:24|  0.2543| Muito Luxuoso| Alta|              25.43|      Jaqueta|
|Jaqueta Ami De Co...|           AMI Paris| 6446|          7478|21-04-2025 13:52:24|   0.138|        Luxoso|Baixa|               13.8|      Jaqueta|
|Jaqueta esportiva...|              adidas| 1524|          3036|21-04-2025 13:52:24|   0.498|  Pouco Luxoso|Baixa|               49.8|      Jaqueta|
|Jaqueta jeans efe...|            Givenchy|21805|         30121|21-04-2025 13:52:24|  0.2761| Muito Luxuoso| Alta|              27.61|      Jaqueta|
|Jaqueta bomber Re...|        Stone Island| 8046|          9499|21-04-2025 13:52:24|   0.153|        Luxoso| Alta|               15.3|      Jaqueta|
|Jaqueta esportiva...|          Casablanca|12171|         15323|21-04-2025 13:52:24|  0.2057| Muito Luxuoso| Alta|              20.57|      Jaqueta|
|Jaqueta de pelos ...|               Marni|13044|         17594|21-04-2025 13:52:24|  0.2586| Muito Luxuoso| Alta|              25.86|      Jaqueta|
|Jaqueta matelassê...|        Stone Island| 7777|          8639|21-04-2025 13:52:24|  0.0998|        Luxoso|Baixa|               9.98|      Jaqueta|
|Jaqueta matelassê...|      Andersson Bell| 3789|          8405|21-04-2025 13:52:24|  0.5492|        Luxoso|Baixa|              54.92|      Jaqueta|
|Jaqueta Retro Denali|      The North Face| 1629|          2322|21-04-2025 13:52:24|  0.2984|  Pouco Luxoso|Baixa|              29.84|      Jaqueta|
|Jaqueta matelassê...|      The North Face| 3870|          5364|21-04-2025 13:52:24|  0.2785|        Luxoso|Baixa|              27.85|      Jaqueta|
|Blazer Punto com ...|      Karl Lagerfeld| 2567|          5122|21-04-2025 13:52:24|  0.4988|        Luxoso|Baixa|              49.88|       Blazer|
|          Blazer Beo|    The Frankie Shop| 2180|          3625|21-04-2025 13:52:24|  0.3986|        Luxoso|Baixa|              39.86|       Blazer|
|Jaqueta college M...|           Represent| 4223|          6028|21-04-2025 13:52:24|  0.2994|        Luxoso|Baixa|              29.94|      Jaqueta|
|Jaqueta matelassê...|Karl Lagerfeld Jeans| 2055|          4097|21-04-2025 13:52:24|  0.4984|        Luxoso|Baixa|              49.84|      Jaqueta|
|Jaqueta college c...|              BARROW| 3334|          6655|21-04-2025 13:52:24|   0.499|        Luxoso|Baixa|               49.9|      Jaqueta|
|   Jaqueta GORE-TEX®|      The North Face| 7689|          9911|21-04-2025 13:52:24|  0.2242|        Luxoso|Baixa|              22.42|      Jaqueta|
|Jaqueta bomber co...|              BARROW| 3334|          6655|21-04-2025 13:52:24|   0.499|        Luxoso|Baixa|               49.9|      Jaqueta|
|Jaqueta bomber V-...|Versace Jeans Cou...| 6873|          9813|21-04-2025 13:52:24|  0.2996|        Luxoso|Baixa|              29.96|      Jaqueta|
+--------------------+--------------------+-----+--------------+-------------------+--------+--------------+-----+-------------------+-------------+
only showing top 20 rows
[2025-04-21T13:52:26.142+0000] {tratamento.py:94} INFO - CSV tratado salvo como jaquetas_tratado.csv
[2025-04-21T13:52:32.328+0000] {tratamento.py:113} INFO - Parquet tratado salvo como dados_tratado.parquet
[2025-04-21T13:52:37.539+0000] {tratamento.py:121} INFO - CSV consolidado (jaquetas_todos.csv) salvo com sucesso.
[2025-04-21T13:52:37.841+0000] {tratamento.py:124} INFO - Spark encerrado com sucesso.
[2025-04-21T13:52:37.841+0000] {scrapping.py:125} INFO - Tratamento finalizado.
[2025-04-21T13:52:37.842+0000] {python.py:240} INFO - Done. Returned value was: None
[2025-04-21T13:52:37.854+0000] {taskinstance.py:341} INFO - ::group::Post task execution logs
[2025-04-21T13:52:37.854+0000] {taskinstance.py:353} INFO - Marking task as SUCCESS. dag_id=scraping_farfetch_mensal, task_id=executar_scraping_farfetch, run_id=scheduled__2025-03-01T10:00:00+00:00, execution_date=20250301T100000, start_date=20250421T134955, end_date=20250421T135237
[2025-04-21T13:52:37.906+0000] {local_task_job_runner.py:266} INFO - Task exited with return code 0
[2025-04-21T13:52:37.919+0000] {taskinstance.py:3901} INFO - 0 downstream tasks scheduled from follow-on schedule check
[2025-04-21T13:52:37.922+0000] {local_task_job_runner.py:245} INFO - ::endgroup::
