[2025-04-21T14:25:16.548+0000] {processor.py:186} INFO - Started process (PID=183) to work on /opt/airflow/dags/dag_scraping.py
[2025-04-21T14:25:16.549+0000] {processor.py:914} INFO - Processing file /opt/airflow/dags/dag_scraping.py for tasks to queue
[2025-04-21T14:25:16.551+0000] {logging_mixin.py:190} INFO - [2025-04-21T14:25:16.550+0000] {dagbag.py:588} INFO - Filling up the DagBag from /opt/airflow/dags/dag_scraping.py
[2025-04-21T14:25:17.489+0000] {processor.py:925} INFO - DAG(s) 'scraping_farfetch_mensal' retrieved from /opt/airflow/dags/dag_scraping.py
[2025-04-21T14:25:17.512+0000] {logging_mixin.py:190} INFO - [2025-04-21T14:25:17.512+0000] {dag.py:3239} INFO - Sync 1 DAGs
[2025-04-21T14:25:17.529+0000] {logging_mixin.py:190} INFO - [2025-04-21T14:25:17.529+0000] {dag.py:4180} INFO - Setting next_dagrun for scraping_farfetch_mensal to 2025-04-01 10:00:00+00:00, run_after=2025-05-01 10:00:00+00:00
[2025-04-21T14:25:17.546+0000] {processor.py:208} INFO - Processing /opt/airflow/dags/dag_scraping.py took 1.002 seconds
[2025-04-21T14:25:47.844+0000] {processor.py:186} INFO - Started process (PID=185) to work on /opt/airflow/dags/dag_scraping.py
[2025-04-21T14:25:47.845+0000] {processor.py:914} INFO - Processing file /opt/airflow/dags/dag_scraping.py for tasks to queue
[2025-04-21T14:25:47.847+0000] {logging_mixin.py:190} INFO - [2025-04-21T14:25:47.847+0000] {dagbag.py:588} INFO - Filling up the DagBag from /opt/airflow/dags/dag_scraping.py
[2025-04-21T14:25:48.264+0000] {processor.py:925} INFO - DAG(s) 'scraping_farfetch_mensal' retrieved from /opt/airflow/dags/dag_scraping.py
[2025-04-21T14:25:48.281+0000] {logging_mixin.py:190} INFO - [2025-04-21T14:25:48.281+0000] {dag.py:3239} INFO - Sync 1 DAGs
[2025-04-21T14:25:48.297+0000] {logging_mixin.py:190} INFO - [2025-04-21T14:25:48.297+0000] {dag.py:4180} INFO - Setting next_dagrun for scraping_farfetch_mensal to 2025-04-01 10:00:00+00:00, run_after=2025-05-01 10:00:00+00:00
[2025-04-21T14:25:48.313+0000] {processor.py:208} INFO - Processing /opt/airflow/dags/dag_scraping.py took 0.472 seconds
[2025-04-21T14:26:18.457+0000] {processor.py:186} INFO - Started process (PID=187) to work on /opt/airflow/dags/dag_scraping.py
[2025-04-21T14:26:18.458+0000] {processor.py:914} INFO - Processing file /opt/airflow/dags/dag_scraping.py for tasks to queue
[2025-04-21T14:26:18.460+0000] {logging_mixin.py:190} INFO - [2025-04-21T14:26:18.459+0000] {dagbag.py:588} INFO - Filling up the DagBag from /opt/airflow/dags/dag_scraping.py
[2025-04-21T14:26:18.907+0000] {processor.py:925} INFO - DAG(s) 'scraping_farfetch_mensal' retrieved from /opt/airflow/dags/dag_scraping.py
[2025-04-21T14:26:18.925+0000] {logging_mixin.py:190} INFO - [2025-04-21T14:26:18.925+0000] {dag.py:3239} INFO - Sync 1 DAGs
[2025-04-21T14:26:18.941+0000] {logging_mixin.py:190} INFO - [2025-04-21T14:26:18.941+0000] {dag.py:4180} INFO - Setting next_dagrun for scraping_farfetch_mensal to 2025-04-01 10:00:00+00:00, run_after=2025-05-01 10:00:00+00:00
[2025-04-21T14:26:18.956+0000] {processor.py:208} INFO - Processing /opt/airflow/dags/dag_scraping.py took 0.503 seconds
[2025-04-21T14:26:49.390+0000] {processor.py:186} INFO - Started process (PID=189) to work on /opt/airflow/dags/dag_scraping.py
[2025-04-21T14:26:49.390+0000] {processor.py:914} INFO - Processing file /opt/airflow/dags/dag_scraping.py for tasks to queue
[2025-04-21T14:26:49.392+0000] {logging_mixin.py:190} INFO - [2025-04-21T14:26:49.392+0000] {dagbag.py:588} INFO - Filling up the DagBag from /opt/airflow/dags/dag_scraping.py
[2025-04-21T14:26:49.809+0000] {processor.py:925} INFO - DAG(s) 'scraping_farfetch_mensal' retrieved from /opt/airflow/dags/dag_scraping.py
[2025-04-21T14:26:49.827+0000] {logging_mixin.py:190} INFO - [2025-04-21T14:26:49.827+0000] {dag.py:3239} INFO - Sync 1 DAGs
[2025-04-21T14:26:49.842+0000] {logging_mixin.py:190} INFO - [2025-04-21T14:26:49.842+0000] {dag.py:4180} INFO - Setting next_dagrun for scraping_farfetch_mensal to 2025-04-01 10:00:00+00:00, run_after=2025-05-01 10:00:00+00:00
[2025-04-21T14:26:49.855+0000] {processor.py:208} INFO - Processing /opt/airflow/dags/dag_scraping.py took 0.470 seconds
[2025-04-21T14:27:20.146+0000] {processor.py:186} INFO - Started process (PID=191) to work on /opt/airflow/dags/dag_scraping.py
[2025-04-21T14:27:20.147+0000] {processor.py:914} INFO - Processing file /opt/airflow/dags/dag_scraping.py for tasks to queue
[2025-04-21T14:27:20.149+0000] {logging_mixin.py:190} INFO - [2025-04-21T14:27:20.148+0000] {dagbag.py:588} INFO - Filling up the DagBag from /opt/airflow/dags/dag_scraping.py
[2025-04-21T14:27:20.555+0000] {processor.py:925} INFO - DAG(s) 'scraping_farfetch_mensal' retrieved from /opt/airflow/dags/dag_scraping.py
[2025-04-21T14:27:20.571+0000] {logging_mixin.py:190} INFO - [2025-04-21T14:27:20.571+0000] {dag.py:3239} INFO - Sync 1 DAGs
[2025-04-21T14:27:20.586+0000] {logging_mixin.py:190} INFO - [2025-04-21T14:27:20.586+0000] {dag.py:4180} INFO - Setting next_dagrun for scraping_farfetch_mensal to 2025-04-01 10:00:00+00:00, run_after=2025-05-01 10:00:00+00:00
[2025-04-21T14:27:20.600+0000] {processor.py:208} INFO - Processing /opt/airflow/dags/dag_scraping.py took 0.459 seconds
[2025-04-21T14:27:52.005+0000] {processor.py:186} INFO - Started process (PID=193) to work on /opt/airflow/dags/dag_scraping.py
[2025-04-21T14:27:52.006+0000] {processor.py:914} INFO - Processing file /opt/airflow/dags/dag_scraping.py for tasks to queue
[2025-04-21T14:27:52.008+0000] {logging_mixin.py:190} INFO - [2025-04-21T14:27:52.007+0000] {dagbag.py:588} INFO - Filling up the DagBag from /opt/airflow/dags/dag_scraping.py
[2025-04-21T14:27:52.441+0000] {processor.py:925} INFO - DAG(s) 'scraping_farfetch_mensal' retrieved from /opt/airflow/dags/dag_scraping.py
[2025-04-21T14:27:52.458+0000] {logging_mixin.py:190} INFO - [2025-04-21T14:27:52.458+0000] {dag.py:3239} INFO - Sync 1 DAGs
[2025-04-21T14:27:52.483+0000] {logging_mixin.py:190} INFO - [2025-04-21T14:27:52.483+0000] {dag.py:4180} INFO - Setting next_dagrun for scraping_farfetch_mensal to 2025-04-01 10:00:00+00:00, run_after=2025-05-01 10:00:00+00:00
[2025-04-21T14:27:52.553+0000] {processor.py:208} INFO - Processing /opt/airflow/dags/dag_scraping.py took 0.552 seconds
[2025-04-21T14:28:24.364+0000] {processor.py:186} INFO - Started process (PID=195) to work on /opt/airflow/dags/dag_scraping.py
[2025-04-21T14:28:24.364+0000] {processor.py:914} INFO - Processing file /opt/airflow/dags/dag_scraping.py for tasks to queue
[2025-04-21T14:28:24.366+0000] {logging_mixin.py:190} INFO - [2025-04-21T14:28:24.366+0000] {dagbag.py:588} INFO - Filling up the DagBag from /opt/airflow/dags/dag_scraping.py
[2025-04-21T14:28:24.761+0000] {processor.py:925} INFO - DAG(s) 'scraping_farfetch_mensal' retrieved from /opt/airflow/dags/dag_scraping.py
[2025-04-21T14:28:24.779+0000] {logging_mixin.py:190} INFO - [2025-04-21T14:28:24.778+0000] {dag.py:3239} INFO - Sync 1 DAGs
[2025-04-21T14:28:24.795+0000] {logging_mixin.py:190} INFO - [2025-04-21T14:28:24.794+0000] {dag.py:4180} INFO - Setting next_dagrun for scraping_farfetch_mensal to 2025-04-01 10:00:00+00:00, run_after=2025-05-01 10:00:00+00:00
[2025-04-21T14:28:24.808+0000] {processor.py:208} INFO - Processing /opt/airflow/dags/dag_scraping.py took 0.448 seconds
[2025-04-21T14:28:57.265+0000] {processor.py:186} INFO - Started process (PID=197) to work on /opt/airflow/dags/dag_scraping.py
[2025-04-21T14:28:57.266+0000] {processor.py:914} INFO - Processing file /opt/airflow/dags/dag_scraping.py for tasks to queue
[2025-04-21T14:28:57.268+0000] {logging_mixin.py:190} INFO - [2025-04-21T14:28:57.268+0000] {dagbag.py:588} INFO - Filling up the DagBag from /opt/airflow/dags/dag_scraping.py
[2025-04-21T14:28:57.715+0000] {processor.py:925} INFO - DAG(s) 'scraping_farfetch_mensal' retrieved from /opt/airflow/dags/dag_scraping.py
[2025-04-21T14:28:57.736+0000] {logging_mixin.py:190} INFO - [2025-04-21T14:28:57.735+0000] {dag.py:3239} INFO - Sync 1 DAGs
[2025-04-21T14:28:57.755+0000] {logging_mixin.py:190} INFO - [2025-04-21T14:28:57.755+0000] {dag.py:4180} INFO - Setting next_dagrun for scraping_farfetch_mensal to 2025-04-01 10:00:00+00:00, run_after=2025-05-01 10:00:00+00:00
[2025-04-21T14:28:57.771+0000] {processor.py:208} INFO - Processing /opt/airflow/dags/dag_scraping.py took 0.510 seconds
[2025-04-21T14:29:28.441+0000] {processor.py:186} INFO - Started process (PID=199) to work on /opt/airflow/dags/dag_scraping.py
[2025-04-21T14:29:28.442+0000] {processor.py:914} INFO - Processing file /opt/airflow/dags/dag_scraping.py for tasks to queue
[2025-04-21T14:29:28.444+0000] {logging_mixin.py:190} INFO - [2025-04-21T14:29:28.443+0000] {dagbag.py:588} INFO - Filling up the DagBag from /opt/airflow/dags/dag_scraping.py
[2025-04-21T14:29:28.862+0000] {processor.py:925} INFO - DAG(s) 'scraping_farfetch_mensal' retrieved from /opt/airflow/dags/dag_scraping.py
[2025-04-21T14:29:28.879+0000] {logging_mixin.py:190} INFO - [2025-04-21T14:29:28.879+0000] {dag.py:3239} INFO - Sync 1 DAGs
[2025-04-21T14:29:28.894+0000] {logging_mixin.py:190} INFO - [2025-04-21T14:29:28.894+0000] {dag.py:4180} INFO - Setting next_dagrun for scraping_farfetch_mensal to 2025-04-01 10:00:00+00:00, run_after=2025-05-01 10:00:00+00:00
[2025-04-21T14:29:28.909+0000] {processor.py:208} INFO - Processing /opt/airflow/dags/dag_scraping.py took 0.472 seconds
[2025-04-21T14:29:59.307+0000] {processor.py:186} INFO - Started process (PID=201) to work on /opt/airflow/dags/dag_scraping.py
[2025-04-21T14:29:59.308+0000] {processor.py:914} INFO - Processing file /opt/airflow/dags/dag_scraping.py for tasks to queue
[2025-04-21T14:29:59.310+0000] {logging_mixin.py:190} INFO - [2025-04-21T14:29:59.309+0000] {dagbag.py:588} INFO - Filling up the DagBag from /opt/airflow/dags/dag_scraping.py
[2025-04-21T14:29:59.886+0000] {processor.py:925} INFO - DAG(s) 'scraping_farfetch_mensal' retrieved from /opt/airflow/dags/dag_scraping.py
[2025-04-21T14:29:59.904+0000] {logging_mixin.py:190} INFO - [2025-04-21T14:29:59.903+0000] {dag.py:3239} INFO - Sync 1 DAGs
[2025-04-21T14:29:59.921+0000] {logging_mixin.py:190} INFO - [2025-04-21T14:29:59.921+0000] {dag.py:4180} INFO - Setting next_dagrun for scraping_farfetch_mensal to 2025-04-01 10:00:00+00:00, run_after=2025-05-01 10:00:00+00:00
[2025-04-21T14:30:00.080+0000] {processor.py:208} INFO - Processing /opt/airflow/dags/dag_scraping.py took 0.778 seconds
[2025-04-21T14:30:30.188+0000] {processor.py:186} INFO - Started process (PID=203) to work on /opt/airflow/dags/dag_scraping.py
[2025-04-21T14:30:30.188+0000] {processor.py:914} INFO - Processing file /opt/airflow/dags/dag_scraping.py for tasks to queue
[2025-04-21T14:30:30.190+0000] {logging_mixin.py:190} INFO - [2025-04-21T14:30:30.190+0000] {dagbag.py:588} INFO - Filling up the DagBag from /opt/airflow/dags/dag_scraping.py
[2025-04-21T14:30:30.586+0000] {processor.py:925} INFO - DAG(s) 'scraping_farfetch_mensal' retrieved from /opt/airflow/dags/dag_scraping.py
[2025-04-21T14:30:30.603+0000] {logging_mixin.py:190} INFO - [2025-04-21T14:30:30.603+0000] {dag.py:3239} INFO - Sync 1 DAGs
[2025-04-21T14:30:30.618+0000] {logging_mixin.py:190} INFO - [2025-04-21T14:30:30.618+0000] {dag.py:4180} INFO - Setting next_dagrun for scraping_farfetch_mensal to 2025-04-01 10:00:00+00:00, run_after=2025-05-01 10:00:00+00:00
[2025-04-21T14:30:30.632+0000] {processor.py:208} INFO - Processing /opt/airflow/dags/dag_scraping.py took 0.448 seconds
