[2025-04-10T09:35:59.845+0000] {local_task_job_runner.py:123} INFO - ::group::Pre task execution logs
[2025-04-10T09:35:59.856+0000] {taskinstance.py:2614} INFO - Dependencies all met for dep_context=non-requeueable deps ti=<TaskInstance: scraping_farfetch_mensal.executar_scraping_farfetch scheduled__2025-03-01T03:00:00+00:00 [queued]>
[2025-04-10T09:35:59.861+0000] {taskinstance.py:2614} INFO - Dependencies all met for dep_context=requeueable deps ti=<TaskInstance: scraping_farfetch_mensal.executar_scraping_farfetch scheduled__2025-03-01T03:00:00+00:00 [queued]>
[2025-04-10T09:35:59.865+0000] {taskinstance.py:2867} INFO - Starting attempt 2 of 2
[2025-04-10T09:35:59.876+0000] {taskinstance.py:2890} INFO - Executing <Task(PythonOperator): executar_scraping_farfetch> on 2025-03-01 03:00:00+00:00
[2025-04-10T09:35:59.885+0000] {warnings.py:112} WARNING - /home/***/.local/lib/python3.12/site-packages/***/task/task_runner/standard_task_runner.py:70: DeprecationWarning: This process (pid=165) is multi-threaded, use of fork() may lead to deadlocks in the child.
  pid = os.fork()

[2025-04-10T09:35:59.926+0000] {standard_task_runner.py:72} INFO - Started process 271 to run task
[2025-04-10T09:35:59.899+0000] {standard_task_runner.py:104} INFO - Running: ['***', 'tasks', 'run', 'scraping_farfetch_mensal', 'executar_scraping_farfetch', 'scheduled__2025-03-01T03:00:00+00:00', '--job-id', '6', '--raw', '--subdir', 'DAGS_FOLDER/dag_scraping.py', '--cfg-path', '/tmp/tmpzus9_uf5']
[2025-04-10T09:35:59.927+0000] {standard_task_runner.py:105} INFO - Job 6: Subtask executar_scraping_farfetch
[2025-04-10T09:36:00.049+0000] {task_command.py:467} INFO - Running <TaskInstance: scraping_farfetch_mensal.executar_scraping_farfetch scheduled__2025-03-01T03:00:00+00:00 [running]> on host 75a9a64eb6d8
[2025-04-10T09:33:14.226+0000] {taskinstance.py:3134} INFO - Exporting env vars: AIRFLOW_CTX_DAG_OWNER='nicolas' AIRFLOW_CTX_DAG_ID='scraping_farfetch_mensal' AIRFLOW_CTX_TASK_ID='executar_scraping_farfetch' AIRFLOW_CTX_EXECUTION_DATE='2025-03-01T03:00:00+00:00' AIRFLOW_CTX_TRY_NUMBER='2' AIRFLOW_CTX_DAG_RUN_ID='scheduled__2025-03-01T03:00:00+00:00'
[2025-04-10T09:33:14.232+0000] {taskinstance.py:732} INFO - ::endgroup::
[2025-04-10T09:36:11.315+0000] {scrapping.py:27} INFO - Acessando o link: https://www.farfetch.com/br/shopping/men/items.aspx
[2025-04-10T09:36:18.211+0000] {scrapping.py:38} INFO - Entrou no menu de Jaquetas!
[2025-04-10T09:36:26.902+0000] {scrapping.py:64} INFO - Total de produtos: 96
[2025-04-10T09:36:27.937+0000] {scrapping.py:78} INFO - Produto 0 processado.
[2025-04-10T09:36:28.962+0000] {scrapping.py:78} INFO - Produto 1 processado.
[2025-04-10T09:36:29.986+0000] {scrapping.py:78} INFO - Produto 2 processado.
[2025-04-10T09:36:31.010+0000] {scrapping.py:78} INFO - Produto 3 processado.
[2025-04-10T09:36:34.761+0000] {scrapping.py:78} INFO - Produto 4 processado.
[2025-04-10T09:36:35.787+0000] {scrapping.py:78} INFO - Produto 5 processado.
[2025-04-10T09:36:36.819+0000] {scrapping.py:78} INFO - Produto 6 processado.
[2025-04-10T09:36:37.843+0000] {scrapping.py:78} INFO - Produto 7 processado.
[2025-04-10T09:36:38.865+0000] {scrapping.py:78} INFO - Produto 8 processado.
[2025-04-10T09:36:39.887+0000] {scrapping.py:78} INFO - Produto 9 processado.
[2025-04-10T09:36:40.911+0000] {scrapping.py:78} INFO - Produto 10 processado.
[2025-04-10T09:36:41.932+0000] {scrapping.py:78} INFO - Produto 11 processado.
[2025-04-10T09:36:42.954+0000] {scrapping.py:78} INFO - Produto 12 processado.
[2025-04-10T09:36:43.976+0000] {scrapping.py:78} INFO - Produto 13 processado.
[2025-04-10T09:36:45.000+0000] {scrapping.py:78} INFO - Produto 14 processado.
[2025-04-10T09:36:46.023+0000] {scrapping.py:78} INFO - Produto 15 processado.
[2025-04-10T09:36:47.046+0000] {scrapping.py:78} INFO - Produto 16 processado.
[2025-04-10T09:36:48.068+0000] {scrapping.py:78} INFO - Produto 17 processado.
[2025-04-10T09:36:49.093+0000] {scrapping.py:78} INFO - Produto 18 processado.
[2025-04-10T09:36:50.117+0000] {scrapping.py:78} INFO - Produto 19 processado.
[2025-04-10T09:36:51.142+0000] {scrapping.py:78} INFO - Produto 20 processado.
[2025-04-10T09:36:52.166+0000] {scrapping.py:78} INFO - Produto 21 processado.
[2025-04-10T09:36:53.190+0000] {scrapping.py:78} INFO - Produto 22 processado.
[2025-04-10T09:36:54.214+0000] {scrapping.py:78} INFO - Produto 23 processado.
[2025-04-10T09:36:55.238+0000] {scrapping.py:78} INFO - Produto 24 processado.
[2025-04-10T09:36:56.260+0000] {scrapping.py:78} INFO - Produto 25 processado.
[2025-04-10T09:36:57.284+0000] {scrapping.py:78} INFO - Produto 26 processado.
[2025-04-10T09:36:58.307+0000] {scrapping.py:78} INFO - Produto 27 processado.
[2025-04-10T09:36:59.330+0000] {scrapping.py:78} INFO - Produto 28 processado.
[2025-04-10T09:37:00.352+0000] {scrapping.py:78} INFO - Produto 29 processado.
[2025-04-10T09:37:01.377+0000] {scrapping.py:78} INFO - Produto 30 processado.
[2025-04-10T09:37:02.400+0000] {scrapping.py:78} INFO - Produto 31 processado.
[2025-04-10T09:37:03.423+0000] {scrapping.py:78} INFO - Produto 32 processado.
[2025-04-10T09:37:07.169+0000] {scrapping.py:78} INFO - Produto 33 processado.
[2025-04-10T09:37:08.194+0000] {scrapping.py:78} INFO - Produto 34 processado.
[2025-04-10T09:37:09.226+0000] {scrapping.py:78} INFO - Produto 35 processado.
[2025-04-10T09:37:10.251+0000] {scrapping.py:78} INFO - Produto 36 processado.
[2025-04-10T09:37:11.278+0000] {scrapping.py:78} INFO - Produto 37 processado.
[2025-04-10T09:37:12.302+0000] {scrapping.py:78} INFO - Produto 38 processado.
[2025-04-10T09:37:13.329+0000] {scrapping.py:78} INFO - Produto 39 processado.
[2025-04-10T09:37:14.357+0000] {scrapping.py:78} INFO - Produto 40 processado.
[2025-04-10T09:37:15.383+0000] {scrapping.py:78} INFO - Produto 41 processado.
[2025-04-10T09:37:16.407+0000] {scrapping.py:78} INFO - Produto 42 processado.
[2025-04-10T09:37:17.434+0000] {scrapping.py:78} INFO - Produto 43 processado.
[2025-04-10T09:37:18.461+0000] {scrapping.py:78} INFO - Produto 44 processado.
[2025-04-10T09:37:19.489+0000] {scrapping.py:78} INFO - Produto 45 processado.
[2025-04-10T09:37:20.513+0000] {scrapping.py:78} INFO - Produto 46 processado.
[2025-04-10T09:37:21.541+0000] {scrapping.py:78} INFO - Produto 47 processado.
[2025-04-10T09:37:22.566+0000] {scrapping.py:78} INFO - Produto 48 processado.
[2025-04-10T09:37:23.592+0000] {scrapping.py:78} INFO - Produto 49 processado.
[2025-04-10T09:37:24.619+0000] {scrapping.py:78} INFO - Produto 50 processado.
[2025-04-10T09:37:25.645+0000] {scrapping.py:78} INFO - Produto 51 processado.
[2025-04-10T09:37:26.668+0000] {scrapping.py:78} INFO - Produto 52 processado.
[2025-04-10T09:37:27.692+0000] {scrapping.py:78} INFO - Produto 53 processado.
[2025-04-10T09:37:28.715+0000] {scrapping.py:78} INFO - Produto 54 processado.
[2025-04-10T09:37:29.739+0000] {scrapping.py:78} INFO - Produto 55 processado.
[2025-04-10T09:37:30.765+0000] {scrapping.py:78} INFO - Produto 56 processado.
[2025-04-10T09:37:31.788+0000] {scrapping.py:78} INFO - Produto 57 processado.
[2025-04-10T09:37:32.810+0000] {scrapping.py:78} INFO - Produto 58 processado.
[2025-04-10T09:37:33.834+0000] {scrapping.py:78} INFO - Produto 59 processado.
[2025-04-10T09:37:34.858+0000] {scrapping.py:78} INFO - Produto 60 processado.
[2025-04-10T09:37:35.879+0000] {scrapping.py:78} INFO - Produto 61 processado.
[2025-04-10T09:37:38.037+0000] {scrapping.py:78} INFO - Produto 62 processado.
[2025-04-10T09:37:39.063+0000] {scrapping.py:78} INFO - Produto 63 processado.
[2025-04-10T09:37:40.086+0000] {scrapping.py:78} INFO - Produto 64 processado.
[2025-04-10T09:37:41.109+0000] {scrapping.py:78} INFO - Produto 65 processado.
[2025-04-10T09:37:42.133+0000] {scrapping.py:78} INFO - Produto 66 processado.
[2025-04-10T09:37:43.157+0000] {scrapping.py:78} INFO - Produto 67 processado.
[2025-04-10T09:37:44.180+0000] {scrapping.py:78} INFO - Produto 68 processado.
[2025-04-10T09:37:45.204+0000] {scrapping.py:78} INFO - Produto 69 processado.
[2025-04-10T09:37:46.228+0000] {scrapping.py:78} INFO - Produto 70 processado.
[2025-04-10T09:37:47.253+0000] {scrapping.py:78} INFO - Produto 71 processado.
[2025-04-10T09:37:48.277+0000] {scrapping.py:78} INFO - Produto 72 processado.
[2025-04-10T09:37:49.301+0000] {scrapping.py:78} INFO - Produto 73 processado.
[2025-04-10T09:37:50.328+0000] {scrapping.py:78} INFO - Produto 74 processado.
[2025-04-10T09:37:51.355+0000] {scrapping.py:78} INFO - Produto 75 processado.
[2025-04-10T09:37:52.378+0000] {scrapping.py:78} INFO - Produto 76 processado.
[2025-04-10T09:37:53.404+0000] {scrapping.py:78} INFO - Produto 77 processado.
[2025-04-10T09:37:54.432+0000] {scrapping.py:78} INFO - Produto 78 processado.
[2025-04-10T09:37:55.457+0000] {scrapping.py:78} INFO - Produto 79 processado.
[2025-04-10T09:37:56.483+0000] {scrapping.py:78} INFO - Produto 80 processado.
[2025-04-10T09:37:57.508+0000] {scrapping.py:78} INFO - Produto 81 processado.
[2025-04-10T09:37:58.531+0000] {scrapping.py:78} INFO - Produto 82 processado.
[2025-04-10T09:37:59.555+0000] {scrapping.py:78} INFO - Produto 83 processado.
[2025-04-10T09:38:00.580+0000] {scrapping.py:78} INFO - Produto 84 processado.
[2025-04-10T09:38:01.603+0000] {scrapping.py:78} INFO - Produto 85 processado.
[2025-04-10T09:38:02.626+0000] {scrapping.py:78} INFO - Produto 86 processado.
[2025-04-10T09:38:03.651+0000] {scrapping.py:78} INFO - Produto 87 processado.
[2025-04-10T09:38:04.673+0000] {scrapping.py:78} INFO - Produto 88 processado.
[2025-04-10T09:38:05.696+0000] {scrapping.py:78} INFO - Produto 89 processado.
[2025-04-10T09:38:06.718+0000] {scrapping.py:78} INFO - Produto 90 processado.
[2025-04-10T09:38:07.743+0000] {scrapping.py:78} INFO - Produto 91 processado.
[2025-04-10T09:38:09.721+0000] {scrapping.py:78} INFO - Produto 92 processado.
[2025-04-10T09:38:10.746+0000] {scrapping.py:78} INFO - Produto 93 processado.
[2025-04-10T09:38:11.777+0000] {scrapping.py:78} INFO - Produto 94 processado.
[2025-04-10T09:38:12.810+0000] {scrapping.py:78} INFO - Produto 95 processado.
[2025-04-10T09:38:16.389+0000] {scrapping.py:104} INFO - Dados salvos em: /opt/***/dados/bruto/promocoes_jaquetas_10042025_1.csv
[2025-04-10T09:38:16.390+0000] {scrapping.py:106} INFO - Iniciando tratamento...
[2025-04-10T09:38:16.402+0000] {tratamento.py:34} INFO - Arquivo mais recente encontrado: /opt/***/dados/bruto/promocoes_jaquetas_10042025_1.csv
[2025-04-10T09:38:17.688+0000] {taskinstance.py:3313} ERROR - Task failed with exception
Traceback (most recent call last):
  File "/home/airflow/.local/lib/python3.12/site-packages/airflow/models/taskinstance.py", line 768, in _execute_task
    result = _execute_callable(context=context, **execute_callable_kwargs)
             ^^^^^^^^^^^^^^^^^^^^^^^^^^^^^^^^^^^^^^^^^^^^^^^^^^^^^^^^^^^^^
  File "/home/airflow/.local/lib/python3.12/site-packages/airflow/models/taskinstance.py", line 734, in _execute_callable
    return ExecutionCallableRunner(
           ^^^^^^^^^^^^^^^^^^^^^^^^
  File "/home/airflow/.local/lib/python3.12/site-packages/airflow/utils/operator_helpers.py", line 252, in run
    return self.func(*args, **kwargs)
           ^^^^^^^^^^^^^^^^^^^^^^^^^^
  File "/home/airflow/.local/lib/python3.12/site-packages/airflow/models/baseoperator.py", line 424, in wrapper
    return func(self, *args, **kwargs)
           ^^^^^^^^^^^^^^^^^^^^^^^^^^^
  File "/home/airflow/.local/lib/python3.12/site-packages/airflow/operators/python.py", line 238, in execute
    return_value = self.execute_callable()
                   ^^^^^^^^^^^^^^^^^^^^^^^
  File "/home/airflow/.local/lib/python3.12/site-packages/airflow/operators/python.py", line 256, in execute_callable
    return runner.run(*self.op_args, **self.op_kwargs)
           ^^^^^^^^^^^^^^^^^^^^^^^^^^^^^^^^^^^^^^^^^^^
  File "/home/airflow/.local/lib/python3.12/site-packages/airflow/utils/operator_helpers.py", line 252, in run
    return self.func(*args, **kwargs)
           ^^^^^^^^^^^^^^^^^^^^^^^^^^
  File "/opt/airflow/scrapping.py", line 109, in run_scraping
    salvar_dados(produtos_lista)
  File "/opt/airflow/scrapping.py", line 107, in salvar_dados
    tratamento()
  File "/opt/airflow/tratamento.py", line 39, in tratamento
    spark = SparkSession.builder.appName("Calcula desconto").getOrCreate()
            ^^^^^^^^^^^^^^^^^^^^^^^^^^^^^^^^^^^^^^^^^^^^^^^^^^^^^^^^^^^^^^
  File "/home/airflow/.local/lib/python3.12/site-packages/pyspark/sql/session.py", line 228, in getOrCreate
    sc = SparkContext.getOrCreate(sparkConf)
         ^^^^^^^^^^^^^^^^^^^^^^^^^^^^^^^^^^^
  File "/home/airflow/.local/lib/python3.12/site-packages/pyspark/context.py", line 392, in getOrCreate
    SparkContext(conf=conf or SparkConf())
  File "/home/airflow/.local/lib/python3.12/site-packages/pyspark/context.py", line 146, in __init__
    self._do_init(master, appName, sparkHome, pyFiles, environment, batchSize, serializer,
  File "/home/airflow/.local/lib/python3.12/site-packages/pyspark/context.py", line 209, in _do_init
    self._jsc = jsc or self._initialize_context(self._conf._jconf)
                       ^^^^^^^^^^^^^^^^^^^^^^^^^^^^^^^^^^^^^^^^^^^
  File "/home/airflow/.local/lib/python3.12/site-packages/pyspark/context.py", line 329, in _initialize_context
    return self._jvm.JavaSparkContext(jconf)
           ^^^^^^^^^^^^^^^^^^^^^^^^^^^^^^^^^
  File "/home/airflow/.local/lib/python3.12/site-packages/py4j/java_gateway.py", line 1585, in __call__
    return_value = get_return_value(
                   ^^^^^^^^^^^^^^^^^
  File "/home/airflow/.local/lib/python3.12/site-packages/py4j/protocol.py", line 326, in get_return_value
    raise Py4JJavaError(
py4j.protocol.Py4JJavaError: An error occurred while calling None.org.apache.spark.api.java.JavaSparkContext.
: java.lang.IllegalAccessError: class org.apache.spark.storage.StorageUtils$ (in unnamed module @0x2e39ef76) cannot access class sun.nio.ch.DirectBuffer (in module java.base) because module java.base does not export sun.nio.ch to unnamed module @0x2e39ef76
	at org.apache.spark.storage.StorageUtils$.<init>(StorageUtils.scala:213)
	at org.apache.spark.storage.StorageUtils$.<clinit>(StorageUtils.scala)
	at org.apache.spark.storage.BlockManagerMasterEndpoint.<init>(BlockManagerMasterEndpoint.scala:110)
	at org.apache.spark.SparkEnv$.$anonfun$create$9(SparkEnv.scala:348)
	at org.apache.spark.SparkEnv$.registerOrLookupEndpoint$1(SparkEnv.scala:287)
	at org.apache.spark.SparkEnv$.create(SparkEnv.scala:336)
	at org.apache.spark.SparkEnv$.createDriverEnv(SparkEnv.scala:191)
	at org.apache.spark.SparkContext.createSparkEnv(SparkContext.scala:277)
	at org.apache.spark.SparkContext.<init>(SparkContext.scala:460)
	at org.apache.spark.api.java.JavaSparkContext.<init>(JavaSparkContext.scala:58)
	at java.base/jdk.internal.reflect.NativeConstructorAccessorImpl.newInstance0(Native Method)
	at java.base/jdk.internal.reflect.NativeConstructorAccessorImpl.newInstance(NativeConstructorAccessorImpl.java:77)
	at java.base/jdk.internal.reflect.DelegatingConstructorAccessorImpl.newInstance(DelegatingConstructorAccessorImpl.java:45)
	at java.base/java.lang.reflect.Constructor.newInstanceWithCaller(Constructor.java:500)
	at java.base/java.lang.reflect.Constructor.newInstance(Constructor.java:481)
	at py4j.reflection.MethodInvoker.invoke(MethodInvoker.java:247)
	at py4j.reflection.ReflectionEngine.invoke(ReflectionEngine.java:357)
	at py4j.Gateway.invoke(Gateway.java:238)
	at py4j.commands.ConstructorCommand.invokeConstructor(ConstructorCommand.java:80)
	at py4j.commands.ConstructorCommand.execute(ConstructorCommand.java:69)
	at py4j.ClientServerConnection.waitForCommands(ClientServerConnection.java:182)
	at py4j.ClientServerConnection.run(ClientServerConnection.java:106)
	at java.base/java.lang.Thread.run(Thread.java:840)

[2025-04-10T09:38:17.700+0000] {taskinstance.py:1226} INFO - Marking task as FAILED. dag_id=scraping_farfetch_mensal, task_id=executar_scraping_farfetch, run_id=scheduled__2025-03-01T03:00:00+00:00, execution_date=20250301T030000, start_date=20250410T093559, end_date=20250410T093817
[2025-04-10T09:38:17.731+0000] {taskinstance.py:341} INFO - ::group::Post task execution logs
[2025-04-10T09:38:17.731+0000] {standard_task_runner.py:124} ERROR - Failed to execute job 6 for task executar_scraping_farfetch (An error occurred while calling None.org.apache.spark.api.java.JavaSparkContext.
: java.lang.IllegalAccessError: class org.apache.spark.storage.StorageUtils$ (in unnamed module @0x2e39ef76) cannot access class sun.nio.ch.DirectBuffer (in module java.base) because module java.base does not export sun.nio.ch to unnamed module @0x2e39ef76
	at org.apache.spark.storage.StorageUtils$.<init>(StorageUtils.scala:213)
	at org.apache.spark.storage.StorageUtils$.<clinit>(StorageUtils.scala)
	at org.apache.spark.storage.BlockManagerMasterEndpoint.<init>(BlockManagerMasterEndpoint.scala:110)
	at org.apache.spark.SparkEnv$.$anonfun$create$9(SparkEnv.scala:348)
	at org.apache.spark.SparkEnv$.registerOrLookupEndpoint$1(SparkEnv.scala:287)
	at org.apache.spark.SparkEnv$.create(SparkEnv.scala:336)
	at org.apache.spark.SparkEnv$.createDriverEnv(SparkEnv.scala:191)
	at org.apache.spark.SparkContext.createSparkEnv(SparkContext.scala:277)
	at org.apache.spark.SparkContext.<init>(SparkContext.scala:460)
	at org.apache.spark.api.java.JavaSparkContext.<init>(JavaSparkContext.scala:58)
	at java.base/jdk.internal.reflect.NativeConstructorAccessorImpl.newInstance0(Native Method)
	at java.base/jdk.internal.reflect.NativeConstructorAccessorImpl.newInstance(NativeConstructorAccessorImpl.java:77)
	at java.base/jdk.internal.reflect.DelegatingConstructorAccessorImpl.newInstance(DelegatingConstructorAccessorImpl.java:45)
	at java.base/java.lang.reflect.Constructor.newInstanceWithCaller(Constructor.java:500)
	at java.base/java.lang.reflect.Constructor.newInstance(Constructor.java:481)
	at py4j.reflection.MethodInvoker.invoke(MethodInvoker.java:247)
	at py4j.reflection.ReflectionEngine.invoke(ReflectionEngine.java:357)
	at py4j.Gateway.invoke(Gateway.java:238)
	at py4j.commands.ConstructorCommand.invokeConstructor(ConstructorCommand.java:80)
	at py4j.commands.ConstructorCommand.execute(ConstructorCommand.java:69)
	at py4j.ClientServerConnection.waitForCommands(ClientServerConnection.java:182)
	at py4j.ClientServerConnection.run(ClientServerConnection.java:106)
	at java.base/java.lang.Thread.run(Thread.java:840)
; 271)
Traceback (most recent call last):
  File "/home/airflow/.local/lib/python3.12/site-packages/airflow/task/task_runner/standard_task_runner.py", line 117, in _start_by_fork
    ret = args.func(args, dag=self.dag)
          ^^^^^^^^^^^^^^^^^^^^^^^^^^^^^
  File "/home/airflow/.local/lib/python3.12/site-packages/airflow/cli/cli_config.py", line 49, in command
    return func(*args, **kwargs)
           ^^^^^^^^^^^^^^^^^^^^^
  File "/home/airflow/.local/lib/python3.12/site-packages/airflow/utils/cli.py", line 116, in wrapper
    return f(*args, **kwargs)
           ^^^^^^^^^^^^^^^^^^
  File "/home/airflow/.local/lib/python3.12/site-packages/airflow/cli/commands/task_command.py", line 483, in task_run
    task_return_code = _run_task_by_selected_method(args, _dag, ti)
                       ^^^^^^^^^^^^^^^^^^^^^^^^^^^^^^^^^^^^^^^^^^^^
  File "/home/airflow/.local/lib/python3.12/site-packages/airflow/cli/commands/task_command.py", line 256, in _run_task_by_selected_method
    return _run_raw_task(args, ti)
           ^^^^^^^^^^^^^^^^^^^^^^^
  File "/home/airflow/.local/lib/python3.12/site-packages/airflow/cli/commands/task_command.py", line 341, in _run_raw_task
    return ti._run_raw_task(
           ^^^^^^^^^^^^^^^^^
  File "/home/airflow/.local/lib/python3.12/site-packages/airflow/utils/session.py", line 97, in wrapper
    return func(*args, session=session, **kwargs)
           ^^^^^^^^^^^^^^^^^^^^^^^^^^^^^^^^^^^^^^
  File "/home/airflow/.local/lib/python3.12/site-packages/airflow/models/taskinstance.py", line 3006, in _run_raw_task
    return _run_raw_task(
           ^^^^^^^^^^^^^^
  File "/home/airflow/.local/lib/python3.12/site-packages/airflow/models/taskinstance.py", line 274, in _run_raw_task
    TaskInstance._execute_task_with_callbacks(
  File "/home/airflow/.local/lib/python3.12/site-packages/airflow/models/taskinstance.py", line 3161, in _execute_task_with_callbacks
    result = self._execute_task(context, task_orig)
             ^^^^^^^^^^^^^^^^^^^^^^^^^^^^^^^^^^^^^^
  File "/home/airflow/.local/lib/python3.12/site-packages/airflow/models/taskinstance.py", line 3185, in _execute_task
    return _execute_task(self, context, task_orig)
           ^^^^^^^^^^^^^^^^^^^^^^^^^^^^^^^^^^^^^^^
  File "/home/airflow/.local/lib/python3.12/site-packages/airflow/models/taskinstance.py", line 768, in _execute_task
    result = _execute_callable(context=context, **execute_callable_kwargs)
             ^^^^^^^^^^^^^^^^^^^^^^^^^^^^^^^^^^^^^^^^^^^^^^^^^^^^^^^^^^^^^
  File "/home/airflow/.local/lib/python3.12/site-packages/airflow/models/taskinstance.py", line 734, in _execute_callable
    return ExecutionCallableRunner(
           ^^^^^^^^^^^^^^^^^^^^^^^^
  File "/home/airflow/.local/lib/python3.12/site-packages/airflow/utils/operator_helpers.py", line 252, in run
    return self.func(*args, **kwargs)
           ^^^^^^^^^^^^^^^^^^^^^^^^^^
  File "/home/airflow/.local/lib/python3.12/site-packages/airflow/models/baseoperator.py", line 424, in wrapper
    return func(self, *args, **kwargs)
           ^^^^^^^^^^^^^^^^^^^^^^^^^^^
  File "/home/airflow/.local/lib/python3.12/site-packages/airflow/operators/python.py", line 238, in execute
    return_value = self.execute_callable()
                   ^^^^^^^^^^^^^^^^^^^^^^^
  File "/home/airflow/.local/lib/python3.12/site-packages/airflow/operators/python.py", line 256, in execute_callable
    return runner.run(*self.op_args, **self.op_kwargs)
           ^^^^^^^^^^^^^^^^^^^^^^^^^^^^^^^^^^^^^^^^^^^
  File "/home/airflow/.local/lib/python3.12/site-packages/airflow/utils/operator_helpers.py", line 252, in run
    return self.func(*args, **kwargs)
           ^^^^^^^^^^^^^^^^^^^^^^^^^^
  File "/opt/airflow/scrapping.py", line 109, in run_scraping
    salvar_dados(produtos_lista)
  File "/opt/airflow/scrapping.py", line 107, in salvar_dados
    tratamento()
  File "/opt/airflow/tratamento.py", line 39, in tratamento
    spark = SparkSession.builder.appName("Calcula desconto").getOrCreate()
            ^^^^^^^^^^^^^^^^^^^^^^^^^^^^^^^^^^^^^^^^^^^^^^^^^^^^^^^^^^^^^^
  File "/home/airflow/.local/lib/python3.12/site-packages/pyspark/sql/session.py", line 228, in getOrCreate
    sc = SparkContext.getOrCreate(sparkConf)
         ^^^^^^^^^^^^^^^^^^^^^^^^^^^^^^^^^^^
  File "/home/airflow/.local/lib/python3.12/site-packages/pyspark/context.py", line 392, in getOrCreate
    SparkContext(conf=conf or SparkConf())
  File "/home/airflow/.local/lib/python3.12/site-packages/pyspark/context.py", line 146, in __init__
    self._do_init(master, appName, sparkHome, pyFiles, environment, batchSize, serializer,
  File "/home/airflow/.local/lib/python3.12/site-packages/pyspark/context.py", line 209, in _do_init
    self._jsc = jsc or self._initialize_context(self._conf._jconf)
                       ^^^^^^^^^^^^^^^^^^^^^^^^^^^^^^^^^^^^^^^^^^^
  File "/home/airflow/.local/lib/python3.12/site-packages/pyspark/context.py", line 329, in _initialize_context
    return self._jvm.JavaSparkContext(jconf)
           ^^^^^^^^^^^^^^^^^^^^^^^^^^^^^^^^^
  File "/home/airflow/.local/lib/python3.12/site-packages/py4j/java_gateway.py", line 1585, in __call__
    return_value = get_return_value(
                   ^^^^^^^^^^^^^^^^^
  File "/home/airflow/.local/lib/python3.12/site-packages/py4j/protocol.py", line 326, in get_return_value
    raise Py4JJavaError(
py4j.protocol.Py4JJavaError: An error occurred while calling None.org.apache.spark.api.java.JavaSparkContext.
: java.lang.IllegalAccessError: class org.apache.spark.storage.StorageUtils$ (in unnamed module @0x2e39ef76) cannot access class sun.nio.ch.DirectBuffer (in module java.base) because module java.base does not export sun.nio.ch to unnamed module @0x2e39ef76
	at org.apache.spark.storage.StorageUtils$.<init>(StorageUtils.scala:213)
	at org.apache.spark.storage.StorageUtils$.<clinit>(StorageUtils.scala)
	at org.apache.spark.storage.BlockManagerMasterEndpoint.<init>(BlockManagerMasterEndpoint.scala:110)
	at org.apache.spark.SparkEnv$.$anonfun$create$9(SparkEnv.scala:348)
	at org.apache.spark.SparkEnv$.registerOrLookupEndpoint$1(SparkEnv.scala:287)
	at org.apache.spark.SparkEnv$.create(SparkEnv.scala:336)
	at org.apache.spark.SparkEnv$.createDriverEnv(SparkEnv.scala:191)
	at org.apache.spark.SparkContext.createSparkEnv(SparkContext.scala:277)
	at org.apache.spark.SparkContext.<init>(SparkContext.scala:460)
	at org.apache.spark.api.java.JavaSparkContext.<init>(JavaSparkContext.scala:58)
	at java.base/jdk.internal.reflect.NativeConstructorAccessorImpl.newInstance0(Native Method)
	at java.base/jdk.internal.reflect.NativeConstructorAccessorImpl.newInstance(NativeConstructorAccessorImpl.java:77)
	at java.base/jdk.internal.reflect.DelegatingConstructorAccessorImpl.newInstance(DelegatingConstructorAccessorImpl.java:45)
	at java.base/java.lang.reflect.Constructor.newInstanceWithCaller(Constructor.java:500)
	at java.base/java.lang.reflect.Constructor.newInstance(Constructor.java:481)
	at py4j.reflection.MethodInvoker.invoke(MethodInvoker.java:247)
	at py4j.reflection.ReflectionEngine.invoke(ReflectionEngine.java:357)
	at py4j.Gateway.invoke(Gateway.java:238)
	at py4j.commands.ConstructorCommand.invokeConstructor(ConstructorCommand.java:80)
	at py4j.commands.ConstructorCommand.execute(ConstructorCommand.java:69)
	at py4j.ClientServerConnection.waitForCommands(ClientServerConnection.java:182)
	at py4j.ClientServerConnection.run(ClientServerConnection.java:106)
	at java.base/java.lang.Thread.run(Thread.java:840)

[2025-04-10T09:38:17.757+0000] {local_task_job_runner.py:266} INFO - Task exited with return code 1
[2025-04-10T09:38:17.770+0000] {taskinstance.py:3901} INFO - 0 downstream tasks scheduled from follow-on schedule check
[2025-04-10T09:38:17.774+0000] {local_task_job_runner.py:245} INFO - ::endgroup::
[2025-04-13T01:44:48.361+0000] {local_task_job_runner.py:123} INFO - ::group::Pre task execution logs
[2025-04-13T01:44:48.378+0000] {taskinstance.py:2614} INFO - Dependencies all met for dep_context=non-requeueable deps ti=<TaskInstance: scraping_farfetch_mensal.executar_scraping_farfetch scheduled__2025-03-01T03:00:00+00:00 [queued]>
[2025-04-13T01:44:48.384+0000] {taskinstance.py:2614} INFO - Dependencies all met for dep_context=requeueable deps ti=<TaskInstance: scraping_farfetch_mensal.executar_scraping_farfetch scheduled__2025-03-01T03:00:00+00:00 [queued]>
[2025-04-13T01:44:48.384+0000] {taskinstance.py:2867} INFO - Starting attempt 2 of 2
[2025-04-13T01:44:48.425+0000] {taskinstance.py:2890} INFO - Executing <Task(PythonOperator): executar_scraping_farfetch> on 2025-03-01 03:00:00+00:00
[2025-04-13T01:44:48.437+0000] {warnings.py:112} WARNING - /home/***/.local/lib/python3.12/site-packages/***/task/task_runner/standard_task_runner.py:70: DeprecationWarning: This process (pid=2408) is multi-threaded, use of fork() may lead to deadlocks in the child.
  pid = os.fork()

[2025-04-13T01:44:48.443+0000] {standard_task_runner.py:72} INFO - Started process 2419 to run task
[2025-04-13T01:44:48.442+0000] {standard_task_runner.py:104} INFO - Running: ['***', 'tasks', 'run', 'scraping_farfetch_mensal', 'executar_scraping_farfetch', 'scheduled__2025-03-01T03:00:00+00:00', '--job-id', '5', '--raw', '--subdir', 'DAGS_FOLDER/dag_scraping.py', '--cfg-path', '/tmp/tmpagi4ac7h']
[2025-04-13T01:44:48.448+0000] {standard_task_runner.py:105} INFO - Job 5: Subtask executar_scraping_farfetch
[2025-04-13T01:44:48.558+0000] {task_command.py:467} INFO - Running <TaskInstance: scraping_farfetch_mensal.executar_scraping_farfetch scheduled__2025-03-01T03:00:00+00:00 [running]> on host 83b21d5a5ce3
[2025-04-13T01:44:48.645+0000] {taskinstance.py:3134} INFO - Exporting env vars: AIRFLOW_CTX_DAG_OWNER='nicolas' AIRFLOW_CTX_DAG_ID='scraping_farfetch_mensal' AIRFLOW_CTX_TASK_ID='executar_scraping_farfetch' AIRFLOW_CTX_EXECUTION_DATE='2025-03-01T03:00:00+00:00' AIRFLOW_CTX_TRY_NUMBER='2' AIRFLOW_CTX_DAG_RUN_ID='scheduled__2025-03-01T03:00:00+00:00'
[2025-04-13T01:44:48.646+0000] {taskinstance.py:732} INFO - ::endgroup::
[2025-04-13T01:44:56.076+0000] {scrapping.py:35} INFO - Acessando o link: https://www.farfetch.com/br/shopping/men/items.aspx
[2025-04-13T01:45:04.507+0000] {scrapping.py:54} INFO - Clicou no menu de Jaquetas via JavaScript
[2025-04-13T01:45:13.608+0000] {scrapping.py:76} INFO - Total de produtos: 96
[2025-04-13T01:45:15.696+0000] {scrapping.py:90} INFO - Produto 0 processado
[2025-04-13T01:45:16.951+0000] {scrapping.py:90} INFO - Produto 1 processado
[2025-04-13T01:45:17.979+0000] {scrapping.py:90} INFO - Produto 2 processado
[2025-04-13T01:45:19.005+0000] {scrapping.py:90} INFO - Produto 3 processado
[2025-04-13T01:45:20.035+0000] {scrapping.py:90} INFO - Produto 4 processado
[2025-04-13T01:45:21.063+0000] {scrapping.py:90} INFO - Produto 5 processado
[2025-04-13T01:45:22.096+0000] {scrapping.py:90} INFO - Produto 6 processado
[2025-04-13T01:45:23.132+0000] {scrapping.py:90} INFO - Produto 7 processado
[2025-04-13T01:45:24.168+0000] {scrapping.py:90} INFO - Produto 8 processado
[2025-04-13T01:45:25.205+0000] {scrapping.py:90} INFO - Produto 9 processado
[2025-04-13T01:45:26.239+0000] {scrapping.py:90} INFO - Produto 10 processado
[2025-04-13T01:45:27.266+0000] {scrapping.py:90} INFO - Produto 11 processado
[2025-04-13T01:45:28.299+0000] {scrapping.py:90} INFO - Produto 12 processado
[2025-04-13T01:45:29.343+0000] {scrapping.py:90} INFO - Produto 13 processado
[2025-04-13T01:45:30.375+0000] {scrapping.py:90} INFO - Produto 14 processado
[2025-04-13T01:45:31.410+0000] {scrapping.py:90} INFO - Produto 15 processado
[2025-04-13T01:45:32.436+0000] {scrapping.py:90} INFO - Produto 16 processado
[2025-04-13T01:45:33.465+0000] {scrapping.py:90} INFO - Produto 17 processado
[2025-04-13T01:45:34.494+0000] {scrapping.py:90} INFO - Produto 18 processado
[2025-04-13T01:45:35.520+0000] {scrapping.py:90} INFO - Produto 19 processado
[2025-04-13T01:45:36.546+0000] {scrapping.py:90} INFO - Produto 20 processado
[2025-04-13T01:45:37.576+0000] {scrapping.py:90} INFO - Produto 21 processado
[2025-04-13T01:45:38.600+0000] {scrapping.py:90} INFO - Produto 22 processado
[2025-04-13T01:45:39.625+0000] {scrapping.py:90} INFO - Produto 23 processado
[2025-04-13T01:45:40.648+0000] {scrapping.py:90} INFO - Produto 24 processado
[2025-04-13T01:45:41.675+0000] {scrapping.py:90} INFO - Produto 25 processado
[2025-04-13T01:45:42.698+0000] {scrapping.py:90} INFO - Produto 26 processado
[2025-04-13T01:45:43.722+0000] {scrapping.py:90} INFO - Produto 27 processado
[2025-04-13T01:45:44.744+0000] {scrapping.py:90} INFO - Produto 28 processado
[2025-04-13T01:45:46.527+0000] {scrapping.py:90} INFO - Produto 29 processado
[2025-04-13T01:45:47.552+0000] {scrapping.py:90} INFO - Produto 30 processado
[2025-04-13T01:45:48.576+0000] {scrapping.py:90} INFO - Produto 31 processado
[2025-04-13T01:45:49.599+0000] {scrapping.py:90} INFO - Produto 32 processado
[2025-04-13T01:45:50.625+0000] {scrapping.py:90} INFO - Produto 33 processado
[2025-04-13T01:45:51.649+0000] {scrapping.py:90} INFO - Produto 34 processado
[2025-04-13T01:45:52.676+0000] {scrapping.py:90} INFO - Produto 35 processado
[2025-04-13T01:45:53.699+0000] {scrapping.py:90} INFO - Produto 36 processado
[2025-04-13T01:45:54.726+0000] {scrapping.py:90} INFO - Produto 37 processado
[2025-04-13T01:45:55.750+0000] {scrapping.py:90} INFO - Produto 38 processado
[2025-04-13T01:45:56.774+0000] {scrapping.py:90} INFO - Produto 39 processado
[2025-04-13T01:45:57.797+0000] {scrapping.py:90} INFO - Produto 40 processado
[2025-04-13T01:45:58.824+0000] {scrapping.py:90} INFO - Produto 41 processado
[2025-04-13T01:45:59.850+0000] {scrapping.py:90} INFO - Produto 42 processado
[2025-04-13T01:46:00.874+0000] {scrapping.py:90} INFO - Produto 43 processado
[2025-04-13T01:46:01.898+0000] {scrapping.py:90} INFO - Produto 44 processado
[2025-04-13T01:46:02.923+0000] {scrapping.py:90} INFO - Produto 45 processado
[2025-04-13T01:46:03.947+0000] {scrapping.py:90} INFO - Produto 46 processado
[2025-04-13T01:46:04.971+0000] {scrapping.py:90} INFO - Produto 47 processado
[2025-04-13T01:46:05.997+0000] {scrapping.py:90} INFO - Produto 48 processado
[2025-04-13T01:46:07.025+0000] {scrapping.py:90} INFO - Produto 49 processado
[2025-04-13T01:46:08.053+0000] {scrapping.py:90} INFO - Produto 50 processado
[2025-04-13T01:46:09.078+0000] {scrapping.py:90} INFO - Produto 51 processado
[2025-04-13T01:46:10.103+0000] {scrapping.py:90} INFO - Produto 52 processado
[2025-04-13T01:46:11.128+0000] {scrapping.py:90} INFO - Produto 53 processado
[2025-04-13T01:46:12.151+0000] {scrapping.py:90} INFO - Produto 54 processado
[2025-04-13T01:46:13.173+0000] {scrapping.py:90} INFO - Produto 55 processado
[2025-04-13T01:46:14.195+0000] {scrapping.py:90} INFO - Produto 56 processado
[2025-04-13T01:46:15.220+0000] {scrapping.py:90} INFO - Produto 57 processado
[2025-04-13T01:46:16.810+0000] {scrapping.py:90} INFO - Produto 58 processado
[2025-04-13T01:46:17.835+0000] {scrapping.py:90} INFO - Produto 59 processado
[2025-04-13T01:46:18.859+0000] {scrapping.py:90} INFO - Produto 60 processado
[2025-04-13T01:46:19.885+0000] {scrapping.py:90} INFO - Produto 61 processado
[2025-04-13T01:46:20.909+0000] {scrapping.py:90} INFO - Produto 62 processado
[2025-04-13T01:46:21.935+0000] {scrapping.py:90} INFO - Produto 63 processado
[2025-04-13T01:46:22.960+0000] {scrapping.py:90} INFO - Produto 64 processado
[2025-04-13T01:46:23.986+0000] {scrapping.py:90} INFO - Produto 65 processado
[2025-04-13T01:46:25.010+0000] {scrapping.py:90} INFO - Produto 66 processado
[2025-04-13T01:46:26.033+0000] {scrapping.py:90} INFO - Produto 67 processado
[2025-04-13T01:46:27.057+0000] {scrapping.py:90} INFO - Produto 68 processado
[2025-04-13T01:46:28.086+0000] {scrapping.py:90} INFO - Produto 69 processado
[2025-04-13T01:46:29.110+0000] {scrapping.py:90} INFO - Produto 70 processado
[2025-04-13T01:46:30.137+0000] {scrapping.py:90} INFO - Produto 71 processado
[2025-04-13T01:46:31.160+0000] {scrapping.py:90} INFO - Produto 72 processado
[2025-04-13T01:46:32.187+0000] {scrapping.py:90} INFO - Produto 73 processado
[2025-04-13T01:46:33.212+0000] {scrapping.py:90} INFO - Produto 74 processado
[2025-04-13T01:46:34.237+0000] {scrapping.py:90} INFO - Produto 75 processado
[2025-04-13T01:46:35.258+0000] {scrapping.py:90} INFO - Produto 76 processado
[2025-04-13T01:46:36.281+0000] {scrapping.py:90} INFO - Produto 77 processado
[2025-04-13T01:46:37.305+0000] {scrapping.py:90} INFO - Produto 78 processado
[2025-04-13T01:46:38.329+0000] {scrapping.py:90} INFO - Produto 79 processado
[2025-04-13T01:46:39.353+0000] {scrapping.py:90} INFO - Produto 80 processado
[2025-04-13T01:46:40.382+0000] {scrapping.py:90} INFO - Produto 81 processado
[2025-04-13T01:46:41.405+0000] {scrapping.py:90} INFO - Produto 82 processado
[2025-04-13T01:46:42.430+0000] {scrapping.py:90} INFO - Produto 83 processado
[2025-04-13T01:46:43.452+0000] {scrapping.py:90} INFO - Produto 84 processado
[2025-04-13T01:46:44.476+0000] {scrapping.py:90} INFO - Produto 85 processado
[2025-04-13T01:46:45.499+0000] {scrapping.py:90} INFO - Produto 86 processado
[2025-04-13T01:46:47.639+0000] {scrapping.py:90} INFO - Produto 87 processado
[2025-04-13T01:46:48.660+0000] {scrapping.py:90} INFO - Produto 88 processado
[2025-04-13T01:46:49.685+0000] {scrapping.py:90} INFO - Produto 89 processado
[2025-04-13T01:46:50.707+0000] {scrapping.py:90} INFO - Produto 90 processado
[2025-04-13T01:46:51.730+0000] {scrapping.py:90} INFO - Produto 91 processado
[2025-04-13T01:46:52.752+0000] {scrapping.py:90} INFO - Produto 92 processado
[2025-04-13T01:46:53.777+0000] {scrapping.py:90} INFO - Produto 93 processado
[2025-04-13T01:46:54.800+0000] {scrapping.py:90} INFO - Produto 94 processado
[2025-04-13T01:46:55.822+0000] {scrapping.py:90} INFO - Produto 95 processado
[2025-04-13T01:46:59.393+0000] {scrapping.py:119} INFO - Dados salvos em: /opt/***/dados/bruto/promocoes_jaquetas_13042025_3.csv
[2025-04-13T01:46:59.393+0000] {scrapping.py:121} INFO - Iniciando tratamento...
[2025-04-13T01:46:59.406+0000] {tratamento.py:34} INFO - Arquivo mais recente encontrado: /opt/***/dados/bruto/promocoes_jaquetas_13042025_3.csv
[2025-04-13T01:47:00.691+0000] {taskinstance.py:3313} ERROR - Task failed with exception
Traceback (most recent call last):
  File "/home/airflow/.local/lib/python3.12/site-packages/airflow/models/taskinstance.py", line 768, in _execute_task
    result = _execute_callable(context=context, **execute_callable_kwargs)
             ^^^^^^^^^^^^^^^^^^^^^^^^^^^^^^^^^^^^^^^^^^^^^^^^^^^^^^^^^^^^^
  File "/home/airflow/.local/lib/python3.12/site-packages/airflow/models/taskinstance.py", line 734, in _execute_callable
    return ExecutionCallableRunner(
           ^^^^^^^^^^^^^^^^^^^^^^^^
  File "/home/airflow/.local/lib/python3.12/site-packages/airflow/utils/operator_helpers.py", line 252, in run
    return self.func(*args, **kwargs)
           ^^^^^^^^^^^^^^^^^^^^^^^^^^
  File "/home/airflow/.local/lib/python3.12/site-packages/airflow/models/baseoperator.py", line 424, in wrapper
    return func(self, *args, **kwargs)
           ^^^^^^^^^^^^^^^^^^^^^^^^^^^
  File "/home/airflow/.local/lib/python3.12/site-packages/airflow/operators/python.py", line 238, in execute
    return_value = self.execute_callable()
                   ^^^^^^^^^^^^^^^^^^^^^^^
  File "/home/airflow/.local/lib/python3.12/site-packages/airflow/operators/python.py", line 256, in execute_callable
    return runner.run(*self.op_args, **self.op_kwargs)
           ^^^^^^^^^^^^^^^^^^^^^^^^^^^^^^^^^^^^^^^^^^^
  File "/home/airflow/.local/lib/python3.12/site-packages/airflow/utils/operator_helpers.py", line 252, in run
    return self.func(*args, **kwargs)
           ^^^^^^^^^^^^^^^^^^^^^^^^^^
  File "/opt/airflow/scrapping.py", line 125, in run_scraping
    salvar_dados(produtos_lista)
  File "/opt/airflow/scrapping.py", line 122, in salvar_dados
    tratamento()
  File "/opt/airflow/tratamento.py", line 39, in tratamento
    spark = SparkSession.builder.appName("Calcula desconto").getOrCreate()
            ^^^^^^^^^^^^^^^^^^^^^^^^^^^^^^^^^^^^^^^^^^^^^^^^^^^^^^^^^^^^^^
  File "/home/airflow/.local/lib/python3.12/site-packages/pyspark/sql/session.py", line 228, in getOrCreate
    sc = SparkContext.getOrCreate(sparkConf)
         ^^^^^^^^^^^^^^^^^^^^^^^^^^^^^^^^^^^
  File "/home/airflow/.local/lib/python3.12/site-packages/pyspark/context.py", line 392, in getOrCreate
    SparkContext(conf=conf or SparkConf())
  File "/home/airflow/.local/lib/python3.12/site-packages/pyspark/context.py", line 146, in __init__
    self._do_init(master, appName, sparkHome, pyFiles, environment, batchSize, serializer,
  File "/home/airflow/.local/lib/python3.12/site-packages/pyspark/context.py", line 209, in _do_init
    self._jsc = jsc or self._initialize_context(self._conf._jconf)
                       ^^^^^^^^^^^^^^^^^^^^^^^^^^^^^^^^^^^^^^^^^^^
  File "/home/airflow/.local/lib/python3.12/site-packages/pyspark/context.py", line 329, in _initialize_context
    return self._jvm.JavaSparkContext(jconf)
           ^^^^^^^^^^^^^^^^^^^^^^^^^^^^^^^^^
  File "/home/airflow/.local/lib/python3.12/site-packages/py4j/java_gateway.py", line 1585, in __call__
    return_value = get_return_value(
                   ^^^^^^^^^^^^^^^^^
  File "/home/airflow/.local/lib/python3.12/site-packages/py4j/protocol.py", line 326, in get_return_value
    raise Py4JJavaError(
py4j.protocol.Py4JJavaError: An error occurred while calling None.org.apache.spark.api.java.JavaSparkContext.
: java.lang.IllegalAccessError: class org.apache.spark.storage.StorageUtils$ (in unnamed module @0x2e39ef76) cannot access class sun.nio.ch.DirectBuffer (in module java.base) because module java.base does not export sun.nio.ch to unnamed module @0x2e39ef76
	at org.apache.spark.storage.StorageUtils$.<init>(StorageUtils.scala:213)
	at org.apache.spark.storage.StorageUtils$.<clinit>(StorageUtils.scala)
	at org.apache.spark.storage.BlockManagerMasterEndpoint.<init>(BlockManagerMasterEndpoint.scala:110)
	at org.apache.spark.SparkEnv$.$anonfun$create$9(SparkEnv.scala:348)
	at org.apache.spark.SparkEnv$.registerOrLookupEndpoint$1(SparkEnv.scala:287)
	at org.apache.spark.SparkEnv$.create(SparkEnv.scala:336)
	at org.apache.spark.SparkEnv$.createDriverEnv(SparkEnv.scala:191)
	at org.apache.spark.SparkContext.createSparkEnv(SparkContext.scala:277)
	at org.apache.spark.SparkContext.<init>(SparkContext.scala:460)
	at org.apache.spark.api.java.JavaSparkContext.<init>(JavaSparkContext.scala:58)
	at java.base/jdk.internal.reflect.NativeConstructorAccessorImpl.newInstance0(Native Method)
	at java.base/jdk.internal.reflect.NativeConstructorAccessorImpl.newInstance(NativeConstructorAccessorImpl.java:77)
	at java.base/jdk.internal.reflect.DelegatingConstructorAccessorImpl.newInstance(DelegatingConstructorAccessorImpl.java:45)
	at java.base/java.lang.reflect.Constructor.newInstanceWithCaller(Constructor.java:500)
	at java.base/java.lang.reflect.Constructor.newInstance(Constructor.java:481)
	at py4j.reflection.MethodInvoker.invoke(MethodInvoker.java:247)
	at py4j.reflection.ReflectionEngine.invoke(ReflectionEngine.java:357)
	at py4j.Gateway.invoke(Gateway.java:238)
	at py4j.commands.ConstructorCommand.invokeConstructor(ConstructorCommand.java:80)
	at py4j.commands.ConstructorCommand.execute(ConstructorCommand.java:69)
	at py4j.ClientServerConnection.waitForCommands(ClientServerConnection.java:182)
	at py4j.ClientServerConnection.run(ClientServerConnection.java:106)
	at java.base/java.lang.Thread.run(Thread.java:840)

[2025-04-13T01:47:00.702+0000] {taskinstance.py:1226} INFO - Marking task as FAILED. dag_id=scraping_farfetch_mensal, task_id=executar_scraping_farfetch, run_id=scheduled__2025-03-01T03:00:00+00:00, execution_date=20250301T030000, start_date=20250413T014448, end_date=20250413T014700
[2025-04-13T01:47:00.728+0000] {taskinstance.py:341} INFO - ::group::Post task execution logs
[2025-04-13T01:47:00.729+0000] {standard_task_runner.py:124} ERROR - Failed to execute job 5 for task executar_scraping_farfetch (An error occurred while calling None.org.apache.spark.api.java.JavaSparkContext.
: java.lang.IllegalAccessError: class org.apache.spark.storage.StorageUtils$ (in unnamed module @0x2e39ef76) cannot access class sun.nio.ch.DirectBuffer (in module java.base) because module java.base does not export sun.nio.ch to unnamed module @0x2e39ef76
	at org.apache.spark.storage.StorageUtils$.<init>(StorageUtils.scala:213)
	at org.apache.spark.storage.StorageUtils$.<clinit>(StorageUtils.scala)
	at org.apache.spark.storage.BlockManagerMasterEndpoint.<init>(BlockManagerMasterEndpoint.scala:110)
	at org.apache.spark.SparkEnv$.$anonfun$create$9(SparkEnv.scala:348)
	at org.apache.spark.SparkEnv$.registerOrLookupEndpoint$1(SparkEnv.scala:287)
	at org.apache.spark.SparkEnv$.create(SparkEnv.scala:336)
	at org.apache.spark.SparkEnv$.createDriverEnv(SparkEnv.scala:191)
	at org.apache.spark.SparkContext.createSparkEnv(SparkContext.scala:277)
	at org.apache.spark.SparkContext.<init>(SparkContext.scala:460)
	at org.apache.spark.api.java.JavaSparkContext.<init>(JavaSparkContext.scala:58)
	at java.base/jdk.internal.reflect.NativeConstructorAccessorImpl.newInstance0(Native Method)
	at java.base/jdk.internal.reflect.NativeConstructorAccessorImpl.newInstance(NativeConstructorAccessorImpl.java:77)
	at java.base/jdk.internal.reflect.DelegatingConstructorAccessorImpl.newInstance(DelegatingConstructorAccessorImpl.java:45)
	at java.base/java.lang.reflect.Constructor.newInstanceWithCaller(Constructor.java:500)
	at java.base/java.lang.reflect.Constructor.newInstance(Constructor.java:481)
	at py4j.reflection.MethodInvoker.invoke(MethodInvoker.java:247)
	at py4j.reflection.ReflectionEngine.invoke(ReflectionEngine.java:357)
	at py4j.Gateway.invoke(Gateway.java:238)
	at py4j.commands.ConstructorCommand.invokeConstructor(ConstructorCommand.java:80)
	at py4j.commands.ConstructorCommand.execute(ConstructorCommand.java:69)
	at py4j.ClientServerConnection.waitForCommands(ClientServerConnection.java:182)
	at py4j.ClientServerConnection.run(ClientServerConnection.java:106)
	at java.base/java.lang.Thread.run(Thread.java:840)
; 2419)
Traceback (most recent call last):
  File "/home/airflow/.local/lib/python3.12/site-packages/airflow/task/task_runner/standard_task_runner.py", line 117, in _start_by_fork
    ret = args.func(args, dag=self.dag)
          ^^^^^^^^^^^^^^^^^^^^^^^^^^^^^
  File "/home/airflow/.local/lib/python3.12/site-packages/airflow/cli/cli_config.py", line 49, in command
    return func(*args, **kwargs)
           ^^^^^^^^^^^^^^^^^^^^^
  File "/home/airflow/.local/lib/python3.12/site-packages/airflow/utils/cli.py", line 116, in wrapper
    return f(*args, **kwargs)
           ^^^^^^^^^^^^^^^^^^
  File "/home/airflow/.local/lib/python3.12/site-packages/airflow/cli/commands/task_command.py", line 483, in task_run
    task_return_code = _run_task_by_selected_method(args, _dag, ti)
                       ^^^^^^^^^^^^^^^^^^^^^^^^^^^^^^^^^^^^^^^^^^^^
  File "/home/airflow/.local/lib/python3.12/site-packages/airflow/cli/commands/task_command.py", line 256, in _run_task_by_selected_method
    return _run_raw_task(args, ti)
           ^^^^^^^^^^^^^^^^^^^^^^^
  File "/home/airflow/.local/lib/python3.12/site-packages/airflow/cli/commands/task_command.py", line 341, in _run_raw_task
    return ti._run_raw_task(
           ^^^^^^^^^^^^^^^^^
  File "/home/airflow/.local/lib/python3.12/site-packages/airflow/utils/session.py", line 97, in wrapper
    return func(*args, session=session, **kwargs)
           ^^^^^^^^^^^^^^^^^^^^^^^^^^^^^^^^^^^^^^
  File "/home/airflow/.local/lib/python3.12/site-packages/airflow/models/taskinstance.py", line 3006, in _run_raw_task
    return _run_raw_task(
           ^^^^^^^^^^^^^^
  File "/home/airflow/.local/lib/python3.12/site-packages/airflow/models/taskinstance.py", line 274, in _run_raw_task
    TaskInstance._execute_task_with_callbacks(
  File "/home/airflow/.local/lib/python3.12/site-packages/airflow/models/taskinstance.py", line 3161, in _execute_task_with_callbacks
    result = self._execute_task(context, task_orig)
             ^^^^^^^^^^^^^^^^^^^^^^^^^^^^^^^^^^^^^^
  File "/home/airflow/.local/lib/python3.12/site-packages/airflow/models/taskinstance.py", line 3185, in _execute_task
    return _execute_task(self, context, task_orig)
           ^^^^^^^^^^^^^^^^^^^^^^^^^^^^^^^^^^^^^^^
  File "/home/airflow/.local/lib/python3.12/site-packages/airflow/models/taskinstance.py", line 768, in _execute_task
    result = _execute_callable(context=context, **execute_callable_kwargs)
             ^^^^^^^^^^^^^^^^^^^^^^^^^^^^^^^^^^^^^^^^^^^^^^^^^^^^^^^^^^^^^
  File "/home/airflow/.local/lib/python3.12/site-packages/airflow/models/taskinstance.py", line 734, in _execute_callable
    return ExecutionCallableRunner(
           ^^^^^^^^^^^^^^^^^^^^^^^^
  File "/home/airflow/.local/lib/python3.12/site-packages/airflow/utils/operator_helpers.py", line 252, in run
    return self.func(*args, **kwargs)
           ^^^^^^^^^^^^^^^^^^^^^^^^^^
  File "/home/airflow/.local/lib/python3.12/site-packages/airflow/models/baseoperator.py", line 424, in wrapper
    return func(self, *args, **kwargs)
           ^^^^^^^^^^^^^^^^^^^^^^^^^^^
  File "/home/airflow/.local/lib/python3.12/site-packages/airflow/operators/python.py", line 238, in execute
    return_value = self.execute_callable()
                   ^^^^^^^^^^^^^^^^^^^^^^^
  File "/home/airflow/.local/lib/python3.12/site-packages/airflow/operators/python.py", line 256, in execute_callable
    return runner.run(*self.op_args, **self.op_kwargs)
           ^^^^^^^^^^^^^^^^^^^^^^^^^^^^^^^^^^^^^^^^^^^
  File "/home/airflow/.local/lib/python3.12/site-packages/airflow/utils/operator_helpers.py", line 252, in run
    return self.func(*args, **kwargs)
           ^^^^^^^^^^^^^^^^^^^^^^^^^^
  File "/opt/airflow/scrapping.py", line 125, in run_scraping
    salvar_dados(produtos_lista)
  File "/opt/airflow/scrapping.py", line 122, in salvar_dados
    tratamento()
  File "/opt/airflow/tratamento.py", line 39, in tratamento
    spark = SparkSession.builder.appName("Calcula desconto").getOrCreate()
            ^^^^^^^^^^^^^^^^^^^^^^^^^^^^^^^^^^^^^^^^^^^^^^^^^^^^^^^^^^^^^^
  File "/home/airflow/.local/lib/python3.12/site-packages/pyspark/sql/session.py", line 228, in getOrCreate
    sc = SparkContext.getOrCreate(sparkConf)
         ^^^^^^^^^^^^^^^^^^^^^^^^^^^^^^^^^^^
  File "/home/airflow/.local/lib/python3.12/site-packages/pyspark/context.py", line 392, in getOrCreate
    SparkContext(conf=conf or SparkConf())
  File "/home/airflow/.local/lib/python3.12/site-packages/pyspark/context.py", line 146, in __init__
    self._do_init(master, appName, sparkHome, pyFiles, environment, batchSize, serializer,
  File "/home/airflow/.local/lib/python3.12/site-packages/pyspark/context.py", line 209, in _do_init
    self._jsc = jsc or self._initialize_context(self._conf._jconf)
                       ^^^^^^^^^^^^^^^^^^^^^^^^^^^^^^^^^^^^^^^^^^^
  File "/home/airflow/.local/lib/python3.12/site-packages/pyspark/context.py", line 329, in _initialize_context
    return self._jvm.JavaSparkContext(jconf)
           ^^^^^^^^^^^^^^^^^^^^^^^^^^^^^^^^^
  File "/home/airflow/.local/lib/python3.12/site-packages/py4j/java_gateway.py", line 1585, in __call__
    return_value = get_return_value(
                   ^^^^^^^^^^^^^^^^^
  File "/home/airflow/.local/lib/python3.12/site-packages/py4j/protocol.py", line 326, in get_return_value
    raise Py4JJavaError(
py4j.protocol.Py4JJavaError: An error occurred while calling None.org.apache.spark.api.java.JavaSparkContext.
: java.lang.IllegalAccessError: class org.apache.spark.storage.StorageUtils$ (in unnamed module @0x2e39ef76) cannot access class sun.nio.ch.DirectBuffer (in module java.base) because module java.base does not export sun.nio.ch to unnamed module @0x2e39ef76
	at org.apache.spark.storage.StorageUtils$.<init>(StorageUtils.scala:213)
	at org.apache.spark.storage.StorageUtils$.<clinit>(StorageUtils.scala)
	at org.apache.spark.storage.BlockManagerMasterEndpoint.<init>(BlockManagerMasterEndpoint.scala:110)
	at org.apache.spark.SparkEnv$.$anonfun$create$9(SparkEnv.scala:348)
	at org.apache.spark.SparkEnv$.registerOrLookupEndpoint$1(SparkEnv.scala:287)
	at org.apache.spark.SparkEnv$.create(SparkEnv.scala:336)
	at org.apache.spark.SparkEnv$.createDriverEnv(SparkEnv.scala:191)
	at org.apache.spark.SparkContext.createSparkEnv(SparkContext.scala:277)
	at org.apache.spark.SparkContext.<init>(SparkContext.scala:460)
	at org.apache.spark.api.java.JavaSparkContext.<init>(JavaSparkContext.scala:58)
	at java.base/jdk.internal.reflect.NativeConstructorAccessorImpl.newInstance0(Native Method)
	at java.base/jdk.internal.reflect.NativeConstructorAccessorImpl.newInstance(NativeConstructorAccessorImpl.java:77)
	at java.base/jdk.internal.reflect.DelegatingConstructorAccessorImpl.newInstance(DelegatingConstructorAccessorImpl.java:45)
	at java.base/java.lang.reflect.Constructor.newInstanceWithCaller(Constructor.java:500)
	at java.base/java.lang.reflect.Constructor.newInstance(Constructor.java:481)
	at py4j.reflection.MethodInvoker.invoke(MethodInvoker.java:247)
	at py4j.reflection.ReflectionEngine.invoke(ReflectionEngine.java:357)
	at py4j.Gateway.invoke(Gateway.java:238)
	at py4j.commands.ConstructorCommand.invokeConstructor(ConstructorCommand.java:80)
	at py4j.commands.ConstructorCommand.execute(ConstructorCommand.java:69)
	at py4j.ClientServerConnection.waitForCommands(ClientServerConnection.java:182)
	at py4j.ClientServerConnection.run(ClientServerConnection.java:106)
	at java.base/java.lang.Thread.run(Thread.java:840)

[2025-04-13T01:49:17.539+0000] {job.py:229} INFO - Heartbeat recovered after 186.82 seconds
[2025-04-13T01:49:17.548+0000] {local_task_job_runner.py:266} INFO - Task exited with return code 1
[2025-04-13T01:49:17.559+0000] {taskinstance.py:3901} INFO - 0 downstream tasks scheduled from follow-on schedule check
[2025-04-13T01:49:17.563+0000] {local_task_job_runner.py:245} INFO - ::endgroup::
[2025-04-17T13:16:23.338+0000] {local_task_job_runner.py:123} INFO - ::group::Pre task execution logs
[2025-04-17T13:16:23.353+0000] {taskinstance.py:2614} INFO - Dependencies all met for dep_context=non-requeueable deps ti=<TaskInstance: scraping_farfetch_mensal.executar_scraping_farfetch scheduled__2025-03-01T03:00:00+00:00 [queued]>
[2025-04-17T13:16:23.359+0000] {taskinstance.py:2614} INFO - Dependencies all met for dep_context=requeueable deps ti=<TaskInstance: scraping_farfetch_mensal.executar_scraping_farfetch scheduled__2025-03-01T03:00:00+00:00 [queued]>
[2025-04-17T13:16:23.360+0000] {taskinstance.py:2867} INFO - Starting attempt 2 of 2
[2025-04-17T13:16:23.372+0000] {taskinstance.py:2890} INFO - Executing <Task(PythonOperator): executar_scraping_farfetch> on 2025-03-01 03:00:00+00:00
[2025-04-17T13:16:23.379+0000] {warnings.py:112} WARNING - /home/***/.local/lib/python3.12/site-packages/***/task/task_runner/standard_task_runner.py:70: DeprecationWarning: This process (pid=2252) is multi-threaded, use of fork() may lead to deadlocks in the child.
  pid = os.fork()

[2025-04-17T13:16:23.380+0000] {standard_task_runner.py:72} INFO - Started process 2254 to run task
[2025-04-17T13:16:23.380+0000] {standard_task_runner.py:104} INFO - Running: ['***', 'tasks', 'run', 'scraping_farfetch_mensal', 'executar_scraping_farfetch', 'scheduled__2025-03-01T03:00:00+00:00', '--job-id', '4', '--raw', '--subdir', 'DAGS_FOLDER/dag_scraping.py', '--cfg-path', '/tmp/tmpfp_9tah8']
[2025-04-17T13:16:23.381+0000] {standard_task_runner.py:105} INFO - Job 4: Subtask executar_scraping_farfetch
[2025-04-17T13:16:23.420+0000] {task_command.py:467} INFO - Running <TaskInstance: scraping_farfetch_mensal.executar_scraping_farfetch scheduled__2025-03-01T03:00:00+00:00 [running]> on host 4412fcfa1ed9
[2025-04-17T13:16:23.484+0000] {taskinstance.py:3134} INFO - Exporting env vars: AIRFLOW_CTX_DAG_OWNER='nicolas' AIRFLOW_CTX_DAG_ID='scraping_farfetch_mensal' AIRFLOW_CTX_TASK_ID='executar_scraping_farfetch' AIRFLOW_CTX_EXECUTION_DATE='2025-03-01T03:00:00+00:00' AIRFLOW_CTX_TRY_NUMBER='2' AIRFLOW_CTX_DAG_RUN_ID='scheduled__2025-03-01T03:00:00+00:00'
[2025-04-17T13:16:23.484+0000] {taskinstance.py:732} INFO - ::endgroup::
[2025-04-17T13:16:28.897+0000] {scrapping.py:35} INFO - Acessando o link: https://www.farfetch.com/br/shopping/men/items.aspx
[2025-04-17T13:16:39.028+0000] {scrapping.py:54} INFO - Clicou no menu de Jaquetas via JavaScript
[2025-04-17T13:16:48.915+0000] {scrapping.py:76} INFO - Total de produtos: 96
[2025-04-17T13:16:50.026+0000] {scrapping.py:90} INFO - Produto 0 processado
[2025-04-17T13:16:51.052+0000] {scrapping.py:90} INFO - Produto 1 processado
[2025-04-17T13:16:52.078+0000] {scrapping.py:90} INFO - Produto 2 processado
[2025-04-17T13:16:53.772+0000] {scrapping.py:90} INFO - Produto 3 processado
[2025-04-17T13:16:54.799+0000] {scrapping.py:90} INFO - Produto 4 processado
[2025-04-17T13:16:55.825+0000] {scrapping.py:90} INFO - Produto 5 processado
[2025-04-17T13:16:56.849+0000] {scrapping.py:90} INFO - Produto 6 processado
[2025-04-17T13:16:57.873+0000] {scrapping.py:90} INFO - Produto 7 processado
[2025-04-17T13:16:58.905+0000] {scrapping.py:90} INFO - Produto 8 processado
[2025-04-17T13:16:59.932+0000] {scrapping.py:90} INFO - Produto 9 processado
[2025-04-17T13:17:00.956+0000] {scrapping.py:90} INFO - Produto 10 processado
[2025-04-17T13:17:01.982+0000] {scrapping.py:90} INFO - Produto 11 processado
[2025-04-17T13:17:03.012+0000] {scrapping.py:90} INFO - Produto 12 processado
[2025-04-17T13:17:04.040+0000] {scrapping.py:90} INFO - Produto 13 processado
[2025-04-17T13:17:05.063+0000] {scrapping.py:90} INFO - Produto 14 processado
[2025-04-17T13:17:06.092+0000] {scrapping.py:90} INFO - Produto 15 processado
[2025-04-17T13:17:07.114+0000] {scrapping.py:90} INFO - Produto 16 processado
[2025-04-17T13:17:08.136+0000] {scrapping.py:90} INFO - Produto 17 processado
[2025-04-17T13:17:09.160+0000] {scrapping.py:90} INFO - Produto 18 processado
[2025-04-17T13:17:09.403+0000] {local_task_job_runner.py:127} ERROR - Received SIGTERM. Terminating subprocesses
[2025-04-17T13:17:09.408+0000] {process_utils.py:132} INFO - Sending 15 to group 2254. PIDs of all processes in the group: [2258, 2267, 2363, 2379, 2575, 2581, 2889, 3015, 3643, 3665, 3907, 3910, 3919, 3924, 3928, 2254]
[2025-04-17T13:17:09.412+0000] {process_utils.py:87} INFO - Sending the signal 15 to group 2254
[2025-04-17T13:17:09.415+0000] {taskinstance.py:3094} ERROR - Received SIGTERM. Terminating subprocesses.
[2025-04-17T13:17:09.462+0000] {taskinstance.py:3095} ERROR - Stacktrace: 
  File "/home/***/.local/bin/***", line 8, in <module>
    sys.exit(main())
  File "/home/***/.local/lib/python3.12/site-packages/***/__main__.py", line 62, in main
    args.func(args)
  File "/home/***/.local/lib/python3.12/site-packages/***/cli/cli_config.py", line 49, in command
    return func(*args, **kwargs)
  File "/home/***/.local/lib/python3.12/site-packages/***/utils/cli.py", line 116, in wrapper
    return f(*args, **kwargs)
  File "/home/***/.local/lib/python3.12/site-packages/***/providers/celery/cli/celery_command.py", line 64, in wrapper
    providers_configuration_loaded(func)(*args, **kwargs)
  File "/home/***/.local/lib/python3.12/site-packages/***/utils/providers_configuration_loader.py", line 55, in wrapped_function
    return func(*args, **kwargs)
  File "/home/***/.local/lib/python3.12/site-packages/***/providers/celery/cli/celery_command.py", line 237, in worker
    _run_command_with_daemon_option(
  File "/home/***/.local/lib/python3.12/site-packages/***/providers/celery/cli/celery_command.py", line 50, in _run_command_with_daemon_option
    run_command_with_daemon_option(*args, **kwargs)
  File "/home/***/.local/lib/python3.12/site-packages/***/cli/commands/daemon_utils.py", line 86, in run_command_with_daemon_option
    callback()
  File "/home/***/.local/lib/python3.12/site-packages/***/providers/celery/cli/celery_command.py", line 230, in run_celery_worker
    celery_app.worker_main(options)
  File "/home/***/.local/lib/python3.12/site-packages/celery/app/base.py", line 391, in worker_main
    self.start(argv=argv)
  File "/home/***/.local/lib/python3.12/site-packages/celery/app/base.py", line 371, in start
    celery.main(args=argv, standalone_mode=False)
  File "/home/***/.local/lib/python3.12/site-packages/click/core.py", line 1082, in main
    rv = self.invoke(ctx)
  File "/home/***/.local/lib/python3.12/site-packages/click/core.py", line 1697, in invoke
    return _process_result(sub_ctx.command.invoke(sub_ctx))
  File "/home/***/.local/lib/python3.12/site-packages/click/core.py", line 1443, in invoke
    return ctx.invoke(self.callback, **ctx.params)
  File "/home/***/.local/lib/python3.12/site-packages/click/core.py", line 788, in invoke
    return __callback(*args, **kwargs)
  File "/home/***/.local/lib/python3.12/site-packages/click/decorators.py", line 33, in new_func
    return f(get_current_context(), *args, **kwargs)
  File "/home/***/.local/lib/python3.12/site-packages/celery/bin/base.py", line 135, in caller
    return f(ctx, *args, **kwargs)
  File "/home/***/.local/lib/python3.12/site-packages/celery/bin/worker.py", line 356, in worker
    worker.start()
  File "/home/***/.local/lib/python3.12/site-packages/celery/worker/worker.py", line 202, in start
    self.blueprint.start(self)
  File "/home/***/.local/lib/python3.12/site-packages/celery/bootsteps.py", line 116, in start
    step.start(parent)
  File "/home/***/.local/lib/python3.12/site-packages/celery/bootsteps.py", line 365, in start
    return self.obj.start()
  File "/home/***/.local/lib/python3.12/site-packages/celery/concurrency/base.py", line 130, in start
    self.on_start()
  File "/home/***/.local/lib/python3.12/site-packages/celery/concurrency/prefork.py", line 109, in on_start
    P = self._pool = Pool(processes=self.limit,
  File "/home/***/.local/lib/python3.12/site-packages/celery/concurrency/asynpool.py", line 464, in __init__
    super().__init__(processes, *args, **kwargs)
  File "/home/***/.local/lib/python3.12/site-packages/billiard/pool.py", line 1046, in __init__
    self._create_worker_process(i)
  File "/home/***/.local/lib/python3.12/site-packages/celery/concurrency/asynpool.py", line 482, in _create_worker_process
    return super()._create_worker_process(i)
  File "/home/***/.local/lib/python3.12/site-packages/billiard/pool.py", line 1158, in _create_worker_process
    w.start()
  File "/home/***/.local/lib/python3.12/site-packages/billiard/process.py", line 120, in start
    self._popen = self._Popen(self)
  File "/home/***/.local/lib/python3.12/site-packages/billiard/context.py", line 331, in _Popen
    return Popen(process_obj)
  File "/home/***/.local/lib/python3.12/site-packages/billiard/popen_fork.py", line 22, in __init__
    self._launch(process_obj)
  File "/home/***/.local/lib/python3.12/site-packages/billiard/popen_fork.py", line 77, in _launch
    code = process_obj._bootstrap()
  File "/home/***/.local/lib/python3.12/site-packages/billiard/process.py", line 323, in _bootstrap
    self.run()
  File "/home/***/.local/lib/python3.12/site-packages/billiard/process.py", line 110, in run
    self._target(*self._args, **self._kwargs)
  File "/home/***/.local/lib/python3.12/site-packages/billiard/pool.py", line 292, in __call__
    sys.exit(self.workloop(pid=pid))
  File "/home/***/.local/lib/python3.12/site-packages/billiard/pool.py", line 362, in workloop
    result = (True, prepare_result(fun(*args, **kwargs)))
  File "/home/***/.local/lib/python3.12/site-packages/celery/app/trace.py", line 651, in fast_trace_task
    R, I, T, Rstr = tasks[task].__trace__(
  File "/home/***/.local/lib/python3.12/site-packages/celery/app/trace.py", line 453, in trace_task
    R = retval = fun(*args, **kwargs)
  File "/home/***/.local/lib/python3.12/site-packages/celery/app/trace.py", line 736, in __protected_call__
    return self.run(*args, **kwargs)
  File "/home/***/.local/lib/python3.12/site-packages/***/providers/celery/executors/celery_executor_utils.py", line 139, in execute_command
    _execute_in_fork(command_to_exec, celery_task_id)
  File "/home/***/.local/lib/python3.12/site-packages/***/providers/celery/executors/celery_executor_utils.py", line 171, in _execute_in_fork
    args.func(args)
  File "/home/***/.local/lib/python3.12/site-packages/***/cli/cli_config.py", line 49, in command
    return func(*args, **kwargs)
  File "/home/***/.local/lib/python3.12/site-packages/***/utils/cli.py", line 116, in wrapper
    return f(*args, **kwargs)
  File "/home/***/.local/lib/python3.12/site-packages/***/cli/commands/task_command.py", line 483, in task_run
    task_return_code = _run_task_by_selected_method(args, _dag, ti)
  File "/home/***/.local/lib/python3.12/site-packages/***/cli/commands/task_command.py", line 254, in _run_task_by_selected_method
    return _run_task_by_local_task_job(args, ti)
  File "/home/***/.local/lib/python3.12/site-packages/***/cli/commands/task_command.py", line 322, in _run_task_by_local_task_job
    ret = run_job(job=job_runner.job, execute_callable=job_runner._execute)
  File "/home/***/.local/lib/python3.12/site-packages/***/utils/session.py", line 97, in wrapper
    return func(*args, session=session, **kwargs)
  File "/home/***/.local/lib/python3.12/site-packages/***/jobs/job.py", line 421, in run_job
    return execute_job(job, execute_callable=execute_callable)
  File "/home/***/.local/lib/python3.12/site-packages/***/jobs/job.py", line 450, in execute_job
    ret = execute_callable()
  File "/home/***/.local/lib/python3.12/site-packages/***/jobs/local_task_job_runner.py", line 171, in _execute
    self.task_runner.start()
  File "/home/***/.local/lib/python3.12/site-packages/***/task/task_runner/standard_task_runner.py", line 55, in start
    self.process = self._start_by_fork()
  File "/home/***/.local/lib/python3.12/site-packages/***/task/task_runner/standard_task_runner.py", line 117, in _start_by_fork
    ret = args.func(args, dag=self.dag)
  File "/home/***/.local/lib/python3.12/site-packages/***/cli/cli_config.py", line 49, in command
    return func(*args, **kwargs)
  File "/home/***/.local/lib/python3.12/site-packages/***/utils/cli.py", line 116, in wrapper
    return f(*args, **kwargs)
  File "/home/***/.local/lib/python3.12/site-packages/***/cli/commands/task_command.py", line 483, in task_run
    task_return_code = _run_task_by_selected_method(args, _dag, ti)
  File "/home/***/.local/lib/python3.12/site-packages/***/cli/commands/task_command.py", line 256, in _run_task_by_selected_method
    return _run_raw_task(args, ti)
  File "/home/***/.local/lib/python3.12/site-packages/***/cli/commands/task_command.py", line 341, in _run_raw_task
    return ti._run_raw_task(
  File "/home/***/.local/lib/python3.12/site-packages/***/utils/session.py", line 97, in wrapper
    return func(*args, session=session, **kwargs)
  File "/home/***/.local/lib/python3.12/site-packages/***/models/taskinstance.py", line 3006, in _run_raw_task
    return _run_raw_task(
  File "/home/***/.local/lib/python3.12/site-packages/***/models/taskinstance.py", line 274, in _run_raw_task
    TaskInstance._execute_task_with_callbacks(
  File "/home/***/.local/lib/python3.12/site-packages/***/models/taskinstance.py", line 3161, in _execute_task_with_callbacks
    result = self._execute_task(context, task_orig)
  File "/home/***/.local/lib/python3.12/site-packages/***/models/taskinstance.py", line 3185, in _execute_task
    return _execute_task(self, context, task_orig)
  File "/home/***/.local/lib/python3.12/site-packages/***/models/taskinstance.py", line 768, in _execute_task
    result = _execute_callable(context=context, **execute_callable_kwargs)
  File "/home/***/.local/lib/python3.12/site-packages/***/models/taskinstance.py", line 734, in _execute_callable
    return ExecutionCallableRunner(
  File "/home/***/.local/lib/python3.12/site-packages/***/utils/operator_helpers.py", line 252, in run
    return self.func(*args, **kwargs)
  File "/home/***/.local/lib/python3.12/site-packages/***/models/baseoperator.py", line 424, in wrapper
    return func(self, *args, **kwargs)
  File "/home/***/.local/lib/python3.12/site-packages/***/operators/python.py", line 238, in execute
    return_value = self.execute_callable()
  File "/home/***/.local/lib/python3.12/site-packages/***/operators/python.py", line 256, in execute_callable
    return runner.run(*self.op_args, **self.op_kwargs)
  File "/home/***/.local/lib/python3.12/site-packages/***/utils/operator_helpers.py", line 252, in run
    return self.func(*args, **kwargs)
  File "/opt/***/scrapping.py", line 86, in run_scraping
    time.sleep(1)
  File "/home/***/.local/lib/python3.12/site-packages/***/models/taskinstance.py", line 3095, in signal_handler
    self.log.error("Stacktrace: \n%s", "".join(traceback.format_stack()))

[2025-04-17T13:17:09.464+0000] {scrapping.py:90} INFO - Produto 19 processado
[2025-04-17T13:17:09.465+0000] {connectionpool.py:868} WARNING - Retrying (Retry(total=2, connect=None, read=None, redirect=None, status=None)) after connection broken by 'NewConnectionError('<urllib3.connection.HTTPConnection object at 0x7f0631ed6300>: Failed to establish a new connection: [Errno 111] Connection refused')': /session/52bc00da-d621-44cc-b9ff-57fa56bc7123
[2025-04-17T13:17:09.467+0000] {connectionpool.py:868} WARNING - Retrying (Retry(total=1, connect=None, read=None, redirect=None, status=None)) after connection broken by 'NewConnectionError('<urllib3.connection.HTTPConnection object at 0x7f0631cb0740>: Failed to establish a new connection: [Errno 111] Connection refused')': /session/52bc00da-d621-44cc-b9ff-57fa56bc7123
[2025-04-17T13:17:09.468+0000] {connectionpool.py:868} WARNING - Retrying (Retry(total=0, connect=None, read=None, redirect=None, status=None)) after connection broken by 'NewConnectionError('<urllib3.connection.HTTPConnection object at 0x7f0631cb07a0>: Failed to establish a new connection: [Errno 111] Connection refused')': /session/52bc00da-d621-44cc-b9ff-57fa56bc7123
[2025-04-17T13:17:09.473+0000] {process_utils.py:80} INFO - Process psutil.Process(pid=2363, status='terminated', started='13:16:24') (2363) terminated with exit code None
[2025-04-17T13:17:09.474+0000] {process_utils.py:80} INFO - Process psutil.Process(pid=3910, status='terminated', started='13:16:47') (3910) terminated with exit code None
[2025-04-17T13:17:09.474+0000] {process_utils.py:80} INFO - Process psutil.Process(pid=2889, status='terminated', started='13:16:27') (2889) terminated with exit code None
[2025-04-17T13:17:09.475+0000] {process_utils.py:80} INFO - Process psutil.Process(pid=2379, status='terminated', started='13:16:24') (2379) terminated with exit code None
[2025-04-17T13:17:09.475+0000] {process_utils.py:80} INFO - Process psutil.Process(pid=3924, status='terminated', started='13:16:48') (3924) terminated with exit code None
[2025-04-17T13:17:09.476+0000] {process_utils.py:80} INFO - Process psutil.Process(pid=2267, status='terminated', started='13:16:23') (2267) terminated with exit code None
[2025-04-17T13:17:09.476+0000] {process_utils.py:80} INFO - Process psutil.Process(pid=3907, status='terminated', started='13:16:47') (3907) terminated with exit code None
[2025-04-17T13:17:09.477+0000] {process_utils.py:80} INFO - Process psutil.Process(pid=3643, status='terminated', started='13:16:45') (3643) terminated with exit code None
[2025-04-17T13:17:09.477+0000] {process_utils.py:80} INFO - Process psutil.Process(pid=3665, status='terminated', started='13:16:45') (3665) terminated with exit code None
[2025-04-17T13:17:09.477+0000] {process_utils.py:80} INFO - Process psutil.Process(pid=3919, status='terminated', started='13:16:47') (3919) terminated with exit code None
[2025-04-17T13:17:09.478+0000] {process_utils.py:80} INFO - Process psutil.Process(pid=2581, status='terminated', started='13:16:25') (2581) terminated with exit code None
[2025-04-17T13:17:09.478+0000] {process_utils.py:80} INFO - Process psutil.Process(pid=3928, status='terminated', started='13:16:48') (3928) terminated with exit code None
[2025-04-17T13:17:09.520+0000] {taskinstance.py:3313} ERROR - Task failed with exception
Traceback (most recent call last):
  File "/home/airflow/.local/lib/python3.12/site-packages/airflow/models/taskinstance.py", line 768, in _execute_task
    result = _execute_callable(context=context, **execute_callable_kwargs)
             ^^^^^^^^^^^^^^^^^^^^^^^^^^^^^^^^^^^^^^^^^^^^^^^^^^^^^^^^^^^^^
  File "/home/airflow/.local/lib/python3.12/site-packages/airflow/models/taskinstance.py", line 734, in _execute_callable
    return ExecutionCallableRunner(
           ^^^^^^^^^^^^^^^^^^^^^^^^
  File "/home/airflow/.local/lib/python3.12/site-packages/airflow/utils/operator_helpers.py", line 252, in run
    return self.func(*args, **kwargs)
           ^^^^^^^^^^^^^^^^^^^^^^^^^^
  File "/home/airflow/.local/lib/python3.12/site-packages/airflow/models/baseoperator.py", line 424, in wrapper
    return func(self, *args, **kwargs)
           ^^^^^^^^^^^^^^^^^^^^^^^^^^^
  File "/home/airflow/.local/lib/python3.12/site-packages/airflow/operators/python.py", line 238, in execute
    return_value = self.execute_callable()
                   ^^^^^^^^^^^^^^^^^^^^^^^
  File "/home/airflow/.local/lib/python3.12/site-packages/airflow/operators/python.py", line 256, in execute_callable
    return runner.run(*self.op_args, **self.op_kwargs)
           ^^^^^^^^^^^^^^^^^^^^^^^^^^^^^^^^^^^^^^^^^^^
  File "/home/airflow/.local/lib/python3.12/site-packages/airflow/utils/operator_helpers.py", line 252, in run
    return self.func(*args, **kwargs)
           ^^^^^^^^^^^^^^^^^^^^^^^^^^
  File "/opt/airflow/scrapping.py", line 86, in run_scraping
    time.sleep(1)
  File "/home/airflow/.local/lib/python3.12/site-packages/airflow/models/taskinstance.py", line 3097, in signal_handler
    raise AirflowTaskTerminated("Task received SIGTERM signal")
airflow.exceptions.AirflowTaskTerminated: Task received SIGTERM signal
[2025-04-17T13:17:09.523+0000] {taskinstance.py:1226} INFO - Marking task as FAILED. dag_id=scraping_farfetch_mensal, task_id=executar_scraping_farfetch, run_id=scheduled__2025-03-01T03:00:00+00:00, execution_date=20250301T030000, start_date=20250417T131623, end_date=20250417T131709
[2025-04-17T13:17:09.571+0000] {process_utils.py:80} INFO - Process psutil.Process(pid=3015, status='terminated', started='13:16:28') (3015) terminated with exit code None
[2025-04-17T13:17:09.571+0000] {process_utils.py:80} INFO - Process psutil.Process(pid=2575, status='terminated', started='13:16:25') (2575) terminated with exit code None
[2025-04-17T13:17:09.572+0000] {process_utils.py:80} INFO - Process psutil.Process(pid=2258, status='terminated', started='13:16:22') (2258) terminated with exit code None
[2025-04-17T13:17:09.672+0000] {taskinstance.py:341} INFO - ::group::Post task execution logs
[2025-04-17T13:17:09.704+0000] {process_utils.py:80} INFO - Process psutil.Process(pid=2254, status='terminated', exitcode=2, started='13:16:22') (2254) terminated with exit code 2
[2025-04-17T13:17:09.704+0000] {local_task_job_runner.py:266} INFO - Task exited with return code 143
[2025-04-17T13:17:09.715+0000] {taskinstance.py:3901} INFO - 0 downstream tasks scheduled from follow-on schedule check
[2025-04-17T13:17:10.734+0000] {local_task_job_runner.py:245} INFO - ::endgroup::
