[2025-04-17T13:01:51.708+0000] {processor.py:186} INFO - Started process (PID=37) to work on /opt/airflow/dags/dag_scraping.py
[2025-04-17T13:01:51.709+0000] {processor.py:914} INFO - Processing file /opt/airflow/dags/dag_scraping.py for tasks to queue
[2025-04-17T13:01:51.710+0000] {logging_mixin.py:190} INFO - [2025-04-17T13:01:51.710+0000] {dagbag.py:588} INFO - Filling up the DagBag from /opt/airflow/dags/dag_scraping.py
[2025-04-17T13:01:53.619+0000] {processor.py:925} INFO - DAG(s) 'scraping_farfetch_mensal' retrieved from /opt/airflow/dags/dag_scraping.py
[2025-04-17T13:01:53.830+0000] {logging_mixin.py:190} INFO - [2025-04-17T13:01:53.830+0000] {override.py:1912} INFO - Created Permission View: can edit on DAG:scraping_farfetch_mensal
[2025-04-17T13:01:53.838+0000] {logging_mixin.py:190} INFO - [2025-04-17T13:01:53.838+0000] {override.py:1912} INFO - Created Permission View: can read on DAG:scraping_farfetch_mensal
[2025-04-17T13:01:53.845+0000] {logging_mixin.py:190} INFO - [2025-04-17T13:01:53.845+0000] {override.py:1912} INFO - Created Permission View: can delete on DAG:scraping_farfetch_mensal
[2025-04-17T13:01:53.857+0000] {logging_mixin.py:190} INFO - [2025-04-17T13:01:53.857+0000] {override.py:1912} INFO - Created Permission View: can read on DAG Run:scraping_farfetch_mensal
[2025-04-17T13:01:53.864+0000] {logging_mixin.py:190} INFO - [2025-04-17T13:01:53.864+0000] {override.py:1912} INFO - Created Permission View: can delete on DAG Run:scraping_farfetch_mensal
[2025-04-17T13:01:53.870+0000] {logging_mixin.py:190} INFO - [2025-04-17T13:01:53.870+0000] {override.py:1912} INFO - Created Permission View: menu access on DAG Run:scraping_farfetch_mensal
[2025-04-17T13:01:53.875+0000] {logging_mixin.py:190} INFO - [2025-04-17T13:01:53.875+0000] {override.py:1912} INFO - Created Permission View: can create on DAG Run:scraping_farfetch_mensal
[2025-04-17T13:01:53.876+0000] {logging_mixin.py:190} INFO - [2025-04-17T13:01:53.876+0000] {dag.py:3239} INFO - Sync 1 DAGs
[2025-04-17T13:01:53.884+0000] {logging_mixin.py:190} INFO - [2025-04-17T13:01:53.884+0000] {dag.py:3262} INFO - Creating ORM DAG for scraping_farfetch_mensal
[2025-04-17T13:01:53.891+0000] {logging_mixin.py:190} INFO - [2025-04-17T13:01:53.891+0000] {dag.py:4180} INFO - Setting next_dagrun for scraping_farfetch_mensal to 2025-03-01 03:00:00+00:00, run_after=2025-04-01 03:00:00+00:00
[2025-04-17T13:01:53.910+0000] {processor.py:208} INFO - Processing /opt/airflow/dags/dag_scraping.py took 2.206 seconds
[2025-04-17T13:02:24.502+0000] {processor.py:186} INFO - Started process (PID=39) to work on /opt/airflow/dags/dag_scraping.py
[2025-04-17T13:02:24.503+0000] {processor.py:914} INFO - Processing file /opt/airflow/dags/dag_scraping.py for tasks to queue
[2025-04-17T13:02:24.504+0000] {logging_mixin.py:190} INFO - [2025-04-17T13:02:24.504+0000] {dagbag.py:588} INFO - Filling up the DagBag from /opt/airflow/dags/dag_scraping.py
[2025-04-17T13:02:24.972+0000] {processor.py:925} INFO - DAG(s) 'scraping_farfetch_mensal' retrieved from /opt/airflow/dags/dag_scraping.py
[2025-04-17T13:02:24.989+0000] {logging_mixin.py:190} INFO - [2025-04-17T13:02:24.989+0000] {dag.py:3239} INFO - Sync 1 DAGs
[2025-04-17T13:02:25.003+0000] {logging_mixin.py:190} INFO - [2025-04-17T13:02:25.003+0000] {dag.py:4180} INFO - Setting next_dagrun for scraping_farfetch_mensal to 2025-03-01 03:00:00+00:00, run_after=2025-04-01 03:00:00+00:00
[2025-04-17T13:02:25.016+0000] {processor.py:208} INFO - Processing /opt/airflow/dags/dag_scraping.py took 0.518 seconds
[2025-04-17T13:02:55.345+0000] {processor.py:186} INFO - Started process (PID=41) to work on /opt/airflow/dags/dag_scraping.py
[2025-04-17T13:02:55.346+0000] {processor.py:914} INFO - Processing file /opt/airflow/dags/dag_scraping.py for tasks to queue
[2025-04-17T13:02:55.349+0000] {logging_mixin.py:190} INFO - [2025-04-17T13:02:55.349+0000] {dagbag.py:588} INFO - Filling up the DagBag from /opt/airflow/dags/dag_scraping.py
[2025-04-17T13:02:55.712+0000] {processor.py:925} INFO - DAG(s) 'scraping_farfetch_mensal' retrieved from /opt/airflow/dags/dag_scraping.py
[2025-04-17T13:02:55.727+0000] {logging_mixin.py:190} INFO - [2025-04-17T13:02:55.727+0000] {dag.py:3239} INFO - Sync 1 DAGs
[2025-04-17T13:02:55.741+0000] {logging_mixin.py:190} INFO - [2025-04-17T13:02:55.741+0000] {dag.py:4180} INFO - Setting next_dagrun for scraping_farfetch_mensal to 2025-03-01 03:00:00+00:00, run_after=2025-04-01 03:00:00+00:00
[2025-04-17T13:02:55.753+0000] {processor.py:208} INFO - Processing /opt/airflow/dags/dag_scraping.py took 0.412 seconds
[2025-04-17T13:03:25.909+0000] {processor.py:186} INFO - Started process (PID=43) to work on /opt/airflow/dags/dag_scraping.py
[2025-04-17T13:03:25.910+0000] {processor.py:914} INFO - Processing file /opt/airflow/dags/dag_scraping.py for tasks to queue
[2025-04-17T13:03:25.912+0000] {logging_mixin.py:190} INFO - [2025-04-17T13:03:25.911+0000] {dagbag.py:588} INFO - Filling up the DagBag from /opt/airflow/dags/dag_scraping.py
[2025-04-17T13:03:26.531+0000] {processor.py:925} INFO - DAG(s) 'scraping_farfetch_mensal' retrieved from /opt/airflow/dags/dag_scraping.py
[2025-04-17T13:03:26.548+0000] {logging_mixin.py:190} INFO - [2025-04-17T13:03:26.547+0000] {dag.py:3239} INFO - Sync 1 DAGs
[2025-04-17T13:03:26.563+0000] {logging_mixin.py:190} INFO - [2025-04-17T13:03:26.562+0000] {dag.py:4180} INFO - Setting next_dagrun for scraping_farfetch_mensal to 2025-03-01 03:00:00+00:00, run_after=2025-04-01 03:00:00+00:00
[2025-04-17T13:03:26.578+0000] {processor.py:208} INFO - Processing /opt/airflow/dags/dag_scraping.py took 0.673 seconds
[2025-04-17T13:04:01.192+0000] {processor.py:186} INFO - Started process (PID=49) to work on /opt/airflow/dags/dag_scraping.py
[2025-04-17T13:04:01.193+0000] {processor.py:914} INFO - Processing file /opt/airflow/dags/dag_scraping.py for tasks to queue
[2025-04-17T13:04:01.228+0000] {logging_mixin.py:190} INFO - [2025-04-17T13:04:01.216+0000] {dagbag.py:588} INFO - Filling up the DagBag from /opt/airflow/dags/dag_scraping.py
[2025-04-17T13:04:22.126+0000] {processor.py:925} INFO - DAG(s) 'scraping_farfetch_mensal' retrieved from /opt/airflow/dags/dag_scraping.py
[2025-04-17T13:04:22.149+0000] {logging_mixin.py:190} INFO - [2025-04-17T13:04:22.149+0000] {dag.py:3239} INFO - Sync 1 DAGs
[2025-04-17T13:04:22.166+0000] {logging_mixin.py:190} INFO - [2025-04-17T13:04:22.165+0000] {dag.py:4180} INFO - Setting next_dagrun for scraping_farfetch_mensal to 2025-04-01 03:00:00+00:00, run_after=2025-05-01 03:00:00+00:00
[2025-04-17T13:04:22.181+0000] {processor.py:208} INFO - Processing /opt/airflow/dags/dag_scraping.py took 18.260 seconds
[2025-04-17T13:04:52.560+0000] {processor.py:186} INFO - Started process (PID=51) to work on /opt/airflow/dags/dag_scraping.py
[2025-04-17T13:04:52.561+0000] {processor.py:914} INFO - Processing file /opt/airflow/dags/dag_scraping.py for tasks to queue
[2025-04-17T13:04:52.565+0000] {logging_mixin.py:190} INFO - [2025-04-17T13:04:52.563+0000] {dagbag.py:588} INFO - Filling up the DagBag from /opt/airflow/dags/dag_scraping.py
[2025-04-17T13:04:53.490+0000] {processor.py:925} INFO - DAG(s) 'scraping_farfetch_mensal' retrieved from /opt/airflow/dags/dag_scraping.py
[2025-04-17T13:04:53.509+0000] {logging_mixin.py:190} INFO - [2025-04-17T13:04:53.509+0000] {dag.py:3239} INFO - Sync 1 DAGs
[2025-04-17T13:04:53.525+0000] {logging_mixin.py:190} INFO - [2025-04-17T13:04:53.525+0000] {dag.py:4180} INFO - Setting next_dagrun for scraping_farfetch_mensal to 2025-04-01 03:00:00+00:00, run_after=2025-05-01 03:00:00+00:00
[2025-04-17T13:04:53.539+0000] {processor.py:208} INFO - Processing /opt/airflow/dags/dag_scraping.py took 0.984 seconds
[2025-04-17T13:05:23.687+0000] {processor.py:186} INFO - Started process (PID=53) to work on /opt/airflow/dags/dag_scraping.py
[2025-04-17T13:05:23.688+0000] {processor.py:914} INFO - Processing file /opt/airflow/dags/dag_scraping.py for tasks to queue
[2025-04-17T13:05:23.690+0000] {logging_mixin.py:190} INFO - [2025-04-17T13:05:23.689+0000] {dagbag.py:588} INFO - Filling up the DagBag from /opt/airflow/dags/dag_scraping.py
[2025-04-17T13:05:24.147+0000] {processor.py:925} INFO - DAG(s) 'scraping_farfetch_mensal' retrieved from /opt/airflow/dags/dag_scraping.py
[2025-04-17T13:05:24.163+0000] {logging_mixin.py:190} INFO - [2025-04-17T13:05:24.162+0000] {dag.py:3239} INFO - Sync 1 DAGs
[2025-04-17T13:05:24.178+0000] {logging_mixin.py:190} INFO - [2025-04-17T13:05:24.178+0000] {dag.py:4180} INFO - Setting next_dagrun for scraping_farfetch_mensal to 2025-04-01 03:00:00+00:00, run_after=2025-05-01 03:00:00+00:00
[2025-04-17T13:05:24.192+0000] {processor.py:208} INFO - Processing /opt/airflow/dags/dag_scraping.py took 0.508 seconds
[2025-04-17T13:05:54.543+0000] {processor.py:186} INFO - Started process (PID=55) to work on /opt/airflow/dags/dag_scraping.py
[2025-04-17T13:05:54.544+0000] {processor.py:914} INFO - Processing file /opt/airflow/dags/dag_scraping.py for tasks to queue
[2025-04-17T13:05:54.546+0000] {logging_mixin.py:190} INFO - [2025-04-17T13:05:54.545+0000] {dagbag.py:588} INFO - Filling up the DagBag from /opt/airflow/dags/dag_scraping.py
[2025-04-17T13:05:54.962+0000] {processor.py:925} INFO - DAG(s) 'scraping_farfetch_mensal' retrieved from /opt/airflow/dags/dag_scraping.py
[2025-04-17T13:05:54.979+0000] {logging_mixin.py:190} INFO - [2025-04-17T13:05:54.979+0000] {dag.py:3239} INFO - Sync 1 DAGs
[2025-04-17T13:05:54.996+0000] {logging_mixin.py:190} INFO - [2025-04-17T13:05:54.995+0000] {dag.py:4180} INFO - Setting next_dagrun for scraping_farfetch_mensal to 2025-04-01 03:00:00+00:00, run_after=2025-05-01 03:00:00+00:00
[2025-04-17T13:05:55.008+0000] {processor.py:208} INFO - Processing /opt/airflow/dags/dag_scraping.py took 0.471 seconds
[2025-04-17T13:06:25.437+0000] {processor.py:186} INFO - Started process (PID=57) to work on /opt/airflow/dags/dag_scraping.py
[2025-04-17T13:06:25.438+0000] {processor.py:914} INFO - Processing file /opt/airflow/dags/dag_scraping.py for tasks to queue
[2025-04-17T13:06:25.440+0000] {logging_mixin.py:190} INFO - [2025-04-17T13:06:25.439+0000] {dagbag.py:588} INFO - Filling up the DagBag from /opt/airflow/dags/dag_scraping.py
[2025-04-17T13:06:25.860+0000] {processor.py:925} INFO - DAG(s) 'scraping_farfetch_mensal' retrieved from /opt/airflow/dags/dag_scraping.py
[2025-04-17T13:06:25.877+0000] {logging_mixin.py:190} INFO - [2025-04-17T13:06:25.876+0000] {dag.py:3239} INFO - Sync 1 DAGs
[2025-04-17T13:06:25.892+0000] {logging_mixin.py:190} INFO - [2025-04-17T13:06:25.892+0000] {dag.py:4180} INFO - Setting next_dagrun for scraping_farfetch_mensal to 2025-04-01 03:00:00+00:00, run_after=2025-05-01 03:00:00+00:00
[2025-04-17T13:06:25.905+0000] {processor.py:208} INFO - Processing /opt/airflow/dags/dag_scraping.py took 0.471 seconds
[2025-04-17T13:06:56.758+0000] {processor.py:186} INFO - Started process (PID=59) to work on /opt/airflow/dags/dag_scraping.py
[2025-04-17T13:06:56.758+0000] {processor.py:914} INFO - Processing file /opt/airflow/dags/dag_scraping.py for tasks to queue
[2025-04-17T13:06:56.760+0000] {logging_mixin.py:190} INFO - [2025-04-17T13:06:56.759+0000] {dagbag.py:588} INFO - Filling up the DagBag from /opt/airflow/dags/dag_scraping.py
[2025-04-17T13:06:57.203+0000] {processor.py:925} INFO - DAG(s) 'scraping_farfetch_mensal' retrieved from /opt/airflow/dags/dag_scraping.py
[2025-04-17T13:06:57.221+0000] {logging_mixin.py:190} INFO - [2025-04-17T13:06:57.221+0000] {dag.py:3239} INFO - Sync 1 DAGs
[2025-04-17T13:06:57.238+0000] {logging_mixin.py:190} INFO - [2025-04-17T13:06:57.237+0000] {dag.py:4180} INFO - Setting next_dagrun for scraping_farfetch_mensal to 2025-04-01 03:00:00+00:00, run_after=2025-05-01 03:00:00+00:00
[2025-04-17T13:06:57.252+0000] {processor.py:208} INFO - Processing /opt/airflow/dags/dag_scraping.py took 0.498 seconds
[2025-04-17T13:07:27.390+0000] {processor.py:186} INFO - Started process (PID=61) to work on /opt/airflow/dags/dag_scraping.py
[2025-04-17T13:07:27.391+0000] {processor.py:914} INFO - Processing file /opt/airflow/dags/dag_scraping.py for tasks to queue
[2025-04-17T13:07:27.393+0000] {logging_mixin.py:190} INFO - [2025-04-17T13:07:27.392+0000] {dagbag.py:588} INFO - Filling up the DagBag from /opt/airflow/dags/dag_scraping.py
[2025-04-17T13:07:27.850+0000] {processor.py:925} INFO - DAG(s) 'scraping_farfetch_mensal' retrieved from /opt/airflow/dags/dag_scraping.py
[2025-04-17T13:07:27.867+0000] {logging_mixin.py:190} INFO - [2025-04-17T13:07:27.867+0000] {dag.py:3239} INFO - Sync 1 DAGs
[2025-04-17T13:07:27.883+0000] {logging_mixin.py:190} INFO - [2025-04-17T13:07:27.883+0000] {dag.py:4180} INFO - Setting next_dagrun for scraping_farfetch_mensal to 2025-04-01 03:00:00+00:00, run_after=2025-05-01 03:00:00+00:00
[2025-04-17T13:07:27.901+0000] {processor.py:208} INFO - Processing /opt/airflow/dags/dag_scraping.py took 0.515 seconds
[2025-04-17T13:07:58.831+0000] {processor.py:186} INFO - Started process (PID=63) to work on /opt/airflow/dags/dag_scraping.py
[2025-04-17T13:07:58.831+0000] {processor.py:914} INFO - Processing file /opt/airflow/dags/dag_scraping.py for tasks to queue
[2025-04-17T13:07:58.833+0000] {logging_mixin.py:190} INFO - [2025-04-17T13:07:58.833+0000] {dagbag.py:588} INFO - Filling up the DagBag from /opt/airflow/dags/dag_scraping.py
[2025-04-17T13:07:59.282+0000] {processor.py:925} INFO - DAG(s) 'scraping_farfetch_mensal' retrieved from /opt/airflow/dags/dag_scraping.py
[2025-04-17T13:07:59.299+0000] {logging_mixin.py:190} INFO - [2025-04-17T13:07:59.299+0000] {dag.py:3239} INFO - Sync 1 DAGs
[2025-04-17T13:07:59.316+0000] {logging_mixin.py:190} INFO - [2025-04-17T13:07:59.316+0000] {dag.py:4180} INFO - Setting next_dagrun for scraping_farfetch_mensal to 2025-04-01 03:00:00+00:00, run_after=2025-05-01 03:00:00+00:00
[2025-04-17T13:07:59.335+0000] {processor.py:208} INFO - Processing /opt/airflow/dags/dag_scraping.py took 0.508 seconds
[2025-04-17T13:08:29.588+0000] {processor.py:186} INFO - Started process (PID=65) to work on /opt/airflow/dags/dag_scraping.py
[2025-04-17T13:08:29.589+0000] {processor.py:914} INFO - Processing file /opt/airflow/dags/dag_scraping.py for tasks to queue
[2025-04-17T13:08:29.592+0000] {logging_mixin.py:190} INFO - [2025-04-17T13:08:29.591+0000] {dagbag.py:588} INFO - Filling up the DagBag from /opt/airflow/dags/dag_scraping.py
[2025-04-17T13:08:30.011+0000] {processor.py:925} INFO - DAG(s) 'scraping_farfetch_mensal' retrieved from /opt/airflow/dags/dag_scraping.py
[2025-04-17T13:08:30.028+0000] {logging_mixin.py:190} INFO - [2025-04-17T13:08:30.028+0000] {dag.py:3239} INFO - Sync 1 DAGs
[2025-04-17T13:08:30.044+0000] {logging_mixin.py:190} INFO - [2025-04-17T13:08:30.044+0000] {dag.py:4180} INFO - Setting next_dagrun for scraping_farfetch_mensal to 2025-04-01 03:00:00+00:00, run_after=2025-05-01 03:00:00+00:00
[2025-04-17T13:08:30.059+0000] {processor.py:208} INFO - Processing /opt/airflow/dags/dag_scraping.py took 0.475 seconds
[2025-04-17T13:09:00.380+0000] {processor.py:186} INFO - Started process (PID=67) to work on /opt/airflow/dags/dag_scraping.py
[2025-04-17T13:09:00.381+0000] {processor.py:914} INFO - Processing file /opt/airflow/dags/dag_scraping.py for tasks to queue
[2025-04-17T13:09:00.382+0000] {logging_mixin.py:190} INFO - [2025-04-17T13:09:00.382+0000] {dagbag.py:588} INFO - Filling up the DagBag from /opt/airflow/dags/dag_scraping.py
[2025-04-17T13:09:00.782+0000] {processor.py:925} INFO - DAG(s) 'scraping_farfetch_mensal' retrieved from /opt/airflow/dags/dag_scraping.py
[2025-04-17T13:09:00.798+0000] {logging_mixin.py:190} INFO - [2025-04-17T13:09:00.798+0000] {dag.py:3239} INFO - Sync 1 DAGs
[2025-04-17T13:09:00.814+0000] {logging_mixin.py:190} INFO - [2025-04-17T13:09:00.814+0000] {dag.py:4180} INFO - Setting next_dagrun for scraping_farfetch_mensal to 2025-04-01 03:00:00+00:00, run_after=2025-05-01 03:00:00+00:00
[2025-04-17T13:09:00.828+0000] {processor.py:208} INFO - Processing /opt/airflow/dags/dag_scraping.py took 0.452 seconds
[2025-04-17T13:09:30.960+0000] {processor.py:186} INFO - Started process (PID=69) to work on /opt/airflow/dags/dag_scraping.py
[2025-04-17T13:09:30.961+0000] {processor.py:914} INFO - Processing file /opt/airflow/dags/dag_scraping.py for tasks to queue
[2025-04-17T13:09:30.962+0000] {logging_mixin.py:190} INFO - [2025-04-17T13:09:30.962+0000] {dagbag.py:588} INFO - Filling up the DagBag from /opt/airflow/dags/dag_scraping.py
[2025-04-17T13:09:31.384+0000] {processor.py:925} INFO - DAG(s) 'scraping_farfetch_mensal' retrieved from /opt/airflow/dags/dag_scraping.py
[2025-04-17T13:09:31.401+0000] {logging_mixin.py:190} INFO - [2025-04-17T13:09:31.400+0000] {dag.py:3239} INFO - Sync 1 DAGs
[2025-04-17T13:09:31.416+0000] {logging_mixin.py:190} INFO - [2025-04-17T13:09:31.415+0000] {dag.py:4180} INFO - Setting next_dagrun for scraping_farfetch_mensal to 2025-04-01 03:00:00+00:00, run_after=2025-05-01 03:00:00+00:00
[2025-04-17T13:09:31.430+0000] {processor.py:208} INFO - Processing /opt/airflow/dags/dag_scraping.py took 0.474 seconds
[2025-04-17T13:10:01.879+0000] {processor.py:186} INFO - Started process (PID=71) to work on /opt/airflow/dags/dag_scraping.py
[2025-04-17T13:10:01.880+0000] {processor.py:914} INFO - Processing file /opt/airflow/dags/dag_scraping.py for tasks to queue
[2025-04-17T13:10:01.881+0000] {logging_mixin.py:190} INFO - [2025-04-17T13:10:01.881+0000] {dagbag.py:588} INFO - Filling up the DagBag from /opt/airflow/dags/dag_scraping.py
[2025-04-17T13:10:02.252+0000] {processor.py:925} INFO - DAG(s) 'scraping_farfetch_mensal' retrieved from /opt/airflow/dags/dag_scraping.py
[2025-04-17T13:10:02.267+0000] {logging_mixin.py:190} INFO - [2025-04-17T13:10:02.266+0000] {dag.py:3239} INFO - Sync 1 DAGs
[2025-04-17T13:10:02.281+0000] {logging_mixin.py:190} INFO - [2025-04-17T13:10:02.280+0000] {dag.py:4180} INFO - Setting next_dagrun for scraping_farfetch_mensal to 2025-04-01 03:00:00+00:00, run_after=2025-05-01 03:00:00+00:00
[2025-04-17T13:10:02.293+0000] {processor.py:208} INFO - Processing /opt/airflow/dags/dag_scraping.py took 0.417 seconds
[2025-04-17T13:10:32.721+0000] {processor.py:186} INFO - Started process (PID=73) to work on /opt/airflow/dags/dag_scraping.py
[2025-04-17T13:10:32.721+0000] {processor.py:914} INFO - Processing file /opt/airflow/dags/dag_scraping.py for tasks to queue
[2025-04-17T13:10:32.723+0000] {logging_mixin.py:190} INFO - [2025-04-17T13:10:32.723+0000] {dagbag.py:588} INFO - Filling up the DagBag from /opt/airflow/dags/dag_scraping.py
[2025-04-17T13:10:33.140+0000] {processor.py:925} INFO - DAG(s) 'scraping_farfetch_mensal' retrieved from /opt/airflow/dags/dag_scraping.py
[2025-04-17T13:10:33.158+0000] {logging_mixin.py:190} INFO - [2025-04-17T13:10:33.157+0000] {dag.py:3239} INFO - Sync 1 DAGs
[2025-04-17T13:10:33.174+0000] {logging_mixin.py:190} INFO - [2025-04-17T13:10:33.173+0000] {dag.py:4180} INFO - Setting next_dagrun for scraping_farfetch_mensal to 2025-04-01 03:00:00+00:00, run_after=2025-05-01 03:00:00+00:00
[2025-04-17T13:10:33.187+0000] {processor.py:208} INFO - Processing /opt/airflow/dags/dag_scraping.py took 0.470 seconds
[2025-04-17T13:11:04.029+0000] {processor.py:186} INFO - Started process (PID=75) to work on /opt/airflow/dags/dag_scraping.py
[2025-04-17T13:11:04.029+0000] {processor.py:914} INFO - Processing file /opt/airflow/dags/dag_scraping.py for tasks to queue
[2025-04-17T13:11:04.031+0000] {logging_mixin.py:190} INFO - [2025-04-17T13:11:04.031+0000] {dagbag.py:588} INFO - Filling up the DagBag from /opt/airflow/dags/dag_scraping.py
[2025-04-17T13:11:04.440+0000] {processor.py:925} INFO - DAG(s) 'scraping_farfetch_mensal' retrieved from /opt/airflow/dags/dag_scraping.py
[2025-04-17T13:11:04.455+0000] {logging_mixin.py:190} INFO - [2025-04-17T13:11:04.455+0000] {dag.py:3239} INFO - Sync 1 DAGs
[2025-04-17T13:11:04.471+0000] {logging_mixin.py:190} INFO - [2025-04-17T13:11:04.471+0000] {dag.py:4180} INFO - Setting next_dagrun for scraping_farfetch_mensal to 2025-04-01 03:00:00+00:00, run_after=2025-05-01 03:00:00+00:00
[2025-04-17T13:11:04.485+0000] {processor.py:208} INFO - Processing /opt/airflow/dags/dag_scraping.py took 0.460 seconds
[2025-04-17T13:11:34.881+0000] {processor.py:186} INFO - Started process (PID=77) to work on /opt/airflow/dags/dag_scraping.py
[2025-04-17T13:11:34.882+0000] {processor.py:914} INFO - Processing file /opt/airflow/dags/dag_scraping.py for tasks to queue
[2025-04-17T13:11:34.884+0000] {logging_mixin.py:190} INFO - [2025-04-17T13:11:34.883+0000] {dagbag.py:588} INFO - Filling up the DagBag from /opt/airflow/dags/dag_scraping.py
[2025-04-17T13:11:35.279+0000] {processor.py:925} INFO - DAG(s) 'scraping_farfetch_mensal' retrieved from /opt/airflow/dags/dag_scraping.py
[2025-04-17T13:11:35.296+0000] {logging_mixin.py:190} INFO - [2025-04-17T13:11:35.295+0000] {dag.py:3239} INFO - Sync 1 DAGs
[2025-04-17T13:11:35.312+0000] {logging_mixin.py:190} INFO - [2025-04-17T13:11:35.311+0000] {dag.py:4180} INFO - Setting next_dagrun for scraping_farfetch_mensal to 2025-04-01 03:00:00+00:00, run_after=2025-05-01 03:00:00+00:00
[2025-04-17T13:11:35.594+0000] {processor.py:208} INFO - Processing /opt/airflow/dags/dag_scraping.py took 0.717 seconds
[2025-04-17T13:12:06.300+0000] {processor.py:186} INFO - Started process (PID=79) to work on /opt/airflow/dags/dag_scraping.py
[2025-04-17T13:12:06.301+0000] {processor.py:914} INFO - Processing file /opt/airflow/dags/dag_scraping.py for tasks to queue
[2025-04-17T13:12:06.303+0000] {logging_mixin.py:190} INFO - [2025-04-17T13:12:06.303+0000] {dagbag.py:588} INFO - Filling up the DagBag from /opt/airflow/dags/dag_scraping.py
[2025-04-17T13:12:06.776+0000] {processor.py:925} INFO - DAG(s) 'scraping_farfetch_mensal' retrieved from /opt/airflow/dags/dag_scraping.py
[2025-04-17T13:12:06.794+0000] {logging_mixin.py:190} INFO - [2025-04-17T13:12:06.794+0000] {dag.py:3239} INFO - Sync 1 DAGs
[2025-04-17T13:12:06.809+0000] {logging_mixin.py:190} INFO - [2025-04-17T13:12:06.809+0000] {dag.py:4180} INFO - Setting next_dagrun for scraping_farfetch_mensal to 2025-04-01 03:00:00+00:00, run_after=2025-05-01 03:00:00+00:00
[2025-04-17T13:12:06.825+0000] {processor.py:208} INFO - Processing /opt/airflow/dags/dag_scraping.py took 0.530 seconds
[2025-04-17T13:12:37.253+0000] {processor.py:186} INFO - Started process (PID=81) to work on /opt/airflow/dags/dag_scraping.py
[2025-04-17T13:12:37.254+0000] {processor.py:914} INFO - Processing file /opt/airflow/dags/dag_scraping.py for tasks to queue
[2025-04-17T13:12:37.256+0000] {logging_mixin.py:190} INFO - [2025-04-17T13:12:37.256+0000] {dagbag.py:588} INFO - Filling up the DagBag from /opt/airflow/dags/dag_scraping.py
[2025-04-17T13:12:37.686+0000] {processor.py:925} INFO - DAG(s) 'scraping_farfetch_mensal' retrieved from /opt/airflow/dags/dag_scraping.py
[2025-04-17T13:12:37.702+0000] {logging_mixin.py:190} INFO - [2025-04-17T13:12:37.702+0000] {dag.py:3239} INFO - Sync 1 DAGs
[2025-04-17T13:12:37.717+0000] {logging_mixin.py:190} INFO - [2025-04-17T13:12:37.717+0000] {dag.py:4180} INFO - Setting next_dagrun for scraping_farfetch_mensal to 2025-04-01 03:00:00+00:00, run_after=2025-05-01 03:00:00+00:00
[2025-04-17T13:12:37.733+0000] {processor.py:208} INFO - Processing /opt/airflow/dags/dag_scraping.py took 0.484 seconds
[2025-04-17T13:13:07.864+0000] {processor.py:186} INFO - Started process (PID=83) to work on /opt/airflow/dags/dag_scraping.py
[2025-04-17T13:13:07.865+0000] {processor.py:914} INFO - Processing file /opt/airflow/dags/dag_scraping.py for tasks to queue
[2025-04-17T13:13:07.866+0000] {logging_mixin.py:190} INFO - [2025-04-17T13:13:07.866+0000] {dagbag.py:588} INFO - Filling up the DagBag from /opt/airflow/dags/dag_scraping.py
[2025-04-17T13:13:08.286+0000] {processor.py:925} INFO - DAG(s) 'scraping_farfetch_mensal' retrieved from /opt/airflow/dags/dag_scraping.py
[2025-04-17T13:13:08.303+0000] {logging_mixin.py:190} INFO - [2025-04-17T13:13:08.303+0000] {dag.py:3239} INFO - Sync 1 DAGs
[2025-04-17T13:13:08.319+0000] {logging_mixin.py:190} INFO - [2025-04-17T13:13:08.319+0000] {dag.py:4180} INFO - Setting next_dagrun for scraping_farfetch_mensal to 2025-04-01 03:00:00+00:00, run_after=2025-05-01 03:00:00+00:00
[2025-04-17T13:13:08.332+0000] {processor.py:208} INFO - Processing /opt/airflow/dags/dag_scraping.py took 0.472 seconds
[2025-04-17T13:13:38.440+0000] {processor.py:186} INFO - Started process (PID=85) to work on /opt/airflow/dags/dag_scraping.py
[2025-04-17T13:13:38.441+0000] {processor.py:914} INFO - Processing file /opt/airflow/dags/dag_scraping.py for tasks to queue
[2025-04-17T13:13:38.442+0000] {logging_mixin.py:190} INFO - [2025-04-17T13:13:38.442+0000] {dagbag.py:588} INFO - Filling up the DagBag from /opt/airflow/dags/dag_scraping.py
[2025-04-17T13:13:38.862+0000] {processor.py:925} INFO - DAG(s) 'scraping_farfetch_mensal' retrieved from /opt/airflow/dags/dag_scraping.py
[2025-04-17T13:13:38.878+0000] {logging_mixin.py:190} INFO - [2025-04-17T13:13:38.878+0000] {dag.py:3239} INFO - Sync 1 DAGs
[2025-04-17T13:13:38.894+0000] {logging_mixin.py:190} INFO - [2025-04-17T13:13:38.894+0000] {dag.py:4180} INFO - Setting next_dagrun for scraping_farfetch_mensal to 2025-04-01 03:00:00+00:00, run_after=2025-05-01 03:00:00+00:00
[2025-04-17T13:13:38.908+0000] {processor.py:208} INFO - Processing /opt/airflow/dags/dag_scraping.py took 0.472 seconds
[2025-04-17T13:14:09.345+0000] {processor.py:186} INFO - Started process (PID=87) to work on /opt/airflow/dags/dag_scraping.py
[2025-04-17T13:14:09.346+0000] {processor.py:914} INFO - Processing file /opt/airflow/dags/dag_scraping.py for tasks to queue
[2025-04-17T13:14:09.347+0000] {logging_mixin.py:190} INFO - [2025-04-17T13:14:09.347+0000] {dagbag.py:588} INFO - Filling up the DagBag from /opt/airflow/dags/dag_scraping.py
[2025-04-17T13:14:09.751+0000] {processor.py:925} INFO - DAG(s) 'scraping_farfetch_mensal' retrieved from /opt/airflow/dags/dag_scraping.py
[2025-04-17T13:14:09.768+0000] {logging_mixin.py:190} INFO - [2025-04-17T13:14:09.768+0000] {dag.py:3239} INFO - Sync 1 DAGs
[2025-04-17T13:14:09.784+0000] {logging_mixin.py:190} INFO - [2025-04-17T13:14:09.784+0000] {dag.py:4180} INFO - Setting next_dagrun for scraping_farfetch_mensal to 2025-04-01 03:00:00+00:00, run_after=2025-05-01 03:00:00+00:00
[2025-04-17T13:14:09.799+0000] {processor.py:208} INFO - Processing /opt/airflow/dags/dag_scraping.py took 0.458 seconds
[2025-04-17T13:14:40.064+0000] {processor.py:186} INFO - Started process (PID=89) to work on /opt/airflow/dags/dag_scraping.py
[2025-04-17T13:14:40.065+0000] {processor.py:914} INFO - Processing file /opt/airflow/dags/dag_scraping.py for tasks to queue
[2025-04-17T13:14:40.066+0000] {logging_mixin.py:190} INFO - [2025-04-17T13:14:40.066+0000] {dagbag.py:588} INFO - Filling up the DagBag from /opt/airflow/dags/dag_scraping.py
[2025-04-17T13:14:40.447+0000] {processor.py:925} INFO - DAG(s) 'scraping_farfetch_mensal' retrieved from /opt/airflow/dags/dag_scraping.py
[2025-04-17T13:14:40.462+0000] {logging_mixin.py:190} INFO - [2025-04-17T13:14:40.462+0000] {dag.py:3239} INFO - Sync 1 DAGs
[2025-04-17T13:14:40.476+0000] {logging_mixin.py:190} INFO - [2025-04-17T13:14:40.476+0000] {dag.py:4180} INFO - Setting next_dagrun for scraping_farfetch_mensal to 2025-04-01 03:00:00+00:00, run_after=2025-05-01 03:00:00+00:00
[2025-04-17T13:14:40.489+0000] {processor.py:208} INFO - Processing /opt/airflow/dags/dag_scraping.py took 0.429 seconds
[2025-04-17T13:15:10.926+0000] {processor.py:186} INFO - Started process (PID=91) to work on /opt/airflow/dags/dag_scraping.py
[2025-04-17T13:15:10.927+0000] {processor.py:914} INFO - Processing file /opt/airflow/dags/dag_scraping.py for tasks to queue
[2025-04-17T13:15:10.929+0000] {logging_mixin.py:190} INFO - [2025-04-17T13:15:10.928+0000] {dagbag.py:588} INFO - Filling up the DagBag from /opt/airflow/dags/dag_scraping.py
[2025-04-17T13:15:11.307+0000] {processor.py:925} INFO - DAG(s) 'scraping_farfetch_mensal' retrieved from /opt/airflow/dags/dag_scraping.py
[2025-04-17T13:15:11.322+0000] {logging_mixin.py:190} INFO - [2025-04-17T13:15:11.322+0000] {dag.py:3239} INFO - Sync 1 DAGs
[2025-04-17T13:15:11.337+0000] {logging_mixin.py:190} INFO - [2025-04-17T13:15:11.337+0000] {dag.py:4180} INFO - Setting next_dagrun for scraping_farfetch_mensal to 2025-04-01 03:00:00+00:00, run_after=2025-05-01 03:00:00+00:00
[2025-04-17T13:15:11.351+0000] {processor.py:208} INFO - Processing /opt/airflow/dags/dag_scraping.py took 0.428 seconds
[2025-04-17T13:15:42.199+0000] {processor.py:186} INFO - Started process (PID=93) to work on /opt/airflow/dags/dag_scraping.py
[2025-04-17T13:15:42.200+0000] {processor.py:914} INFO - Processing file /opt/airflow/dags/dag_scraping.py for tasks to queue
[2025-04-17T13:15:42.201+0000] {logging_mixin.py:190} INFO - [2025-04-17T13:15:42.201+0000] {dagbag.py:588} INFO - Filling up the DagBag from /opt/airflow/dags/dag_scraping.py
[2025-04-17T13:15:42.589+0000] {processor.py:925} INFO - DAG(s) 'scraping_farfetch_mensal' retrieved from /opt/airflow/dags/dag_scraping.py
[2025-04-17T13:15:42.604+0000] {logging_mixin.py:190} INFO - [2025-04-17T13:15:42.604+0000] {dag.py:3239} INFO - Sync 1 DAGs
[2025-04-17T13:15:42.621+0000] {logging_mixin.py:190} INFO - [2025-04-17T13:15:42.620+0000] {dag.py:4180} INFO - Setting next_dagrun for scraping_farfetch_mensal to 2025-04-01 03:00:00+00:00, run_after=2025-05-01 03:00:00+00:00
[2025-04-17T13:15:42.635+0000] {processor.py:208} INFO - Processing /opt/airflow/dags/dag_scraping.py took 0.439 seconds
[2025-04-17T13:16:13.063+0000] {processor.py:186} INFO - Started process (PID=95) to work on /opt/airflow/dags/dag_scraping.py
[2025-04-17T13:16:13.063+0000] {processor.py:914} INFO - Processing file /opt/airflow/dags/dag_scraping.py for tasks to queue
[2025-04-17T13:16:13.065+0000] {logging_mixin.py:190} INFO - [2025-04-17T13:16:13.065+0000] {dagbag.py:588} INFO - Filling up the DagBag from /opt/airflow/dags/dag_scraping.py
[2025-04-17T13:16:13.491+0000] {processor.py:925} INFO - DAG(s) 'scraping_farfetch_mensal' retrieved from /opt/airflow/dags/dag_scraping.py
[2025-04-17T13:16:13.509+0000] {logging_mixin.py:190} INFO - [2025-04-17T13:16:13.508+0000] {dag.py:3239} INFO - Sync 1 DAGs
[2025-04-17T13:16:13.525+0000] {logging_mixin.py:190} INFO - [2025-04-17T13:16:13.525+0000] {dag.py:4180} INFO - Setting next_dagrun for scraping_farfetch_mensal to 2025-04-01 03:00:00+00:00, run_after=2025-05-01 03:00:00+00:00
[2025-04-17T13:16:13.542+0000] {processor.py:208} INFO - Processing /opt/airflow/dags/dag_scraping.py took 0.483 seconds
[2025-04-17T13:16:44.126+0000] {processor.py:186} INFO - Started process (PID=97) to work on /opt/airflow/dags/dag_scraping.py
[2025-04-17T13:16:44.127+0000] {processor.py:914} INFO - Processing file /opt/airflow/dags/dag_scraping.py for tasks to queue
[2025-04-17T13:16:44.130+0000] {logging_mixin.py:190} INFO - [2025-04-17T13:16:44.129+0000] {dagbag.py:588} INFO - Filling up the DagBag from /opt/airflow/dags/dag_scraping.py
[2025-04-17T13:16:45.509+0000] {processor.py:925} INFO - DAG(s) 'scraping_farfetch_mensal' retrieved from /opt/airflow/dags/dag_scraping.py
[2025-04-17T13:16:45.545+0000] {logging_mixin.py:190} INFO - [2025-04-17T13:16:45.544+0000] {dag.py:3239} INFO - Sync 1 DAGs
[2025-04-17T13:16:45.577+0000] {logging_mixin.py:190} INFO - [2025-04-17T13:16:45.576+0000] {dag.py:4180} INFO - Setting next_dagrun for scraping_farfetch_mensal to 2025-04-01 03:00:00+00:00, run_after=2025-05-01 03:00:00+00:00
[2025-04-17T13:16:45.596+0000] {processor.py:208} INFO - Processing /opt/airflow/dags/dag_scraping.py took 1.476 seconds
[2025-04-17T13:17:16.016+0000] {processor.py:186} INFO - Started process (PID=99) to work on /opt/airflow/dags/dag_scraping.py
[2025-04-17T13:17:16.017+0000] {processor.py:914} INFO - Processing file /opt/airflow/dags/dag_scraping.py for tasks to queue
[2025-04-17T13:17:16.018+0000] {logging_mixin.py:190} INFO - [2025-04-17T13:17:16.018+0000] {dagbag.py:588} INFO - Filling up the DagBag from /opt/airflow/dags/dag_scraping.py
[2025-04-17T13:17:16.886+0000] {logging_mixin.py:190} WARNING - Exception ignored in: <function WeakKeyDictionary.__init__.<locals>.remove at 0x7f1e442c32e0>
[2025-04-17T13:17:16.887+0000] {logging_mixin.py:190} WARNING - Traceback (most recent call last):
[2025-04-17T13:17:16.887+0000] {logging_mixin.py:190} WARNING -   File "/usr/local/lib/python3.12/weakref.py", line 369, in remove
[2025-04-17T13:17:16.887+0000] {logging_mixin.py:190} WARNING -     def remove(k, selfref=ref(self)):
[2025-04-17T13:17:16.888+0000] {logging_mixin.py:190} WARNING -   File "/home/airflow/.local/lib/python3.12/site-packages/airflow/dag_processing/manager.py", line 466, in _exit_gracefully
[2025-04-17T13:17:16.888+0000] {logging_mixin.py:190} WARNING -     self.log.debug("Current Stacktrace is: %s", "\n".join(map(str, inspect.stack())))
[2025-04-17T13:17:16.888+0000] {logging_mixin.py:190} WARNING -                                                                    ^^^^^^^^^^^^^^^
[2025-04-17T13:17:16.889+0000] {logging_mixin.py:190} WARNING -   File "/usr/local/lib/python3.12/inspect.py", line 1781, in stack
[2025-04-17T13:17:16.889+0000] {logging_mixin.py:190} WARNING -     return getouterframes(sys._getframe(1), context)
[2025-04-17T13:17:16.889+0000] {logging_mixin.py:190} WARNING -            ^^^^^^^^^^^^^^^^^^^^^^^^^^^^^^^^^^^^^^^^^
[2025-04-17T13:17:16.890+0000] {logging_mixin.py:190} WARNING -   File "/usr/local/lib/python3.12/inspect.py", line 1756, in getouterframes
[2025-04-17T13:17:16.890+0000] {logging_mixin.py:190} WARNING -     traceback_info = getframeinfo(frame, context)
[2025-04-17T13:17:16.890+0000] {logging_mixin.py:190} WARNING -                      ^^^^^^^^^^^^^^^^^^^^^^^^^^^^
[2025-04-17T13:17:16.891+0000] {logging_mixin.py:190} WARNING -   File "/usr/local/lib/python3.12/inspect.py", line 1718, in getframeinfo
[2025-04-17T13:17:16.891+0000] {logging_mixin.py:190} WARNING -     lines, lnum = findsource(frame)
[2025-04-17T13:17:16.891+0000] {logging_mixin.py:190} WARNING -                   ^^^^^^^^^^^^^^^^^
[2025-04-17T13:17:16.892+0000] {logging_mixin.py:190} WARNING -   File "/usr/local/lib/python3.12/inspect.py", line 1090, in findsource
[2025-04-17T13:17:16.892+0000] {logging_mixin.py:190} WARNING -     module = getmodule(object, file)
[2025-04-17T13:17:16.892+0000] {logging_mixin.py:190} WARNING -              ^^^^^^^^^^^^^^^^^^^^^^^
[2025-04-17T13:17:16.893+0000] {logging_mixin.py:190} WARNING -   File "/usr/local/lib/python3.12/inspect.py", line 1016, in getmodule
[2025-04-17T13:17:16.893+0000] {logging_mixin.py:190} WARNING -     os.path.realpath(f)] = module.__name__
[2025-04-17T13:17:16.893+0000] {logging_mixin.py:190} WARNING -     ^^^^^^^^^^^^^^^^^^^
[2025-04-17T13:17:16.894+0000] {logging_mixin.py:190} WARNING -   File "<frozen posixpath>", line 427, in realpath
[2025-04-17T13:17:16.894+0000] {logging_mixin.py:190} WARNING -   File "<frozen posixpath>", line 462, in _joinrealpath
[2025-04-17T13:17:16.894+0000] {logging_mixin.py:190} WARNING -   File "/home/airflow/.local/lib/python3.12/site-packages/airflow/dag_processing/manager.py", line 470, in _exit_gracefully
[2025-04-17T13:17:16.894+0000] {logging_mixin.py:190} WARNING -     sys.exit(os.EX_OK)
[2025-04-17T13:17:16.895+0000] {logging_mixin.py:190} WARNING - SystemExit: 0
[2025-04-17T13:17:17.066+0000] {processor.py:925} INFO - DAG(s) 'scraping_farfetch_mensal' retrieved from /opt/airflow/dags/dag_scraping.py
[2025-04-17T13:17:17.084+0000] {logging_mixin.py:190} INFO - [2025-04-17T13:17:17.084+0000] {dag.py:3239} INFO - Sync 1 DAGs
[2025-04-17T13:17:17.101+0000] {logging_mixin.py:190} INFO - [2025-04-17T13:17:17.101+0000] {dag.py:4180} INFO - Setting next_dagrun for scraping_farfetch_mensal to 2025-04-01 03:00:00+00:00, run_after=2025-05-01 03:00:00+00:00
[2025-04-17T13:17:17.115+0000] {processor.py:208} INFO - Processing /opt/airflow/dags/dag_scraping.py took 1.106 seconds
