[2025-04-10T09:04:33.320+0000] {processor.py:186} INFO - Started process (PID=37) to work on /opt/airflow/dags/dag_scraping.py
[2025-04-10T09:04:33.320+0000] {processor.py:914} INFO - Processing file /opt/airflow/dags/dag_scraping.py for tasks to queue
[2025-04-10T09:04:33.322+0000] {logging_mixin.py:190} INFO - [2025-04-10T09:04:33.322+0000] {dagbag.py:588} INFO - Filling up the DagBag from /opt/airflow/dags/dag_scraping.py
[2025-04-10T09:04:35.460+0000] {processor.py:925} INFO - DAG(s) 'scraping_farfetch_mensal' retrieved from /opt/airflow/dags/dag_scraping.py
[2025-04-10T09:04:35.694+0000] {logging_mixin.py:190} INFO - [2025-04-10T09:04:35.693+0000] {override.py:1912} INFO - Created Permission View: can edit on DAG:scraping_farfetch_mensal
[2025-04-10T09:04:35.704+0000] {logging_mixin.py:190} INFO - [2025-04-10T09:04:35.703+0000] {override.py:1912} INFO - Created Permission View: can delete on DAG:scraping_farfetch_mensal
[2025-04-10T09:04:35.714+0000] {logging_mixin.py:190} INFO - [2025-04-10T09:04:35.713+0000] {override.py:1912} INFO - Created Permission View: can read on DAG:scraping_farfetch_mensal
[2025-04-10T09:04:35.723+0000] {logging_mixin.py:190} INFO - [2025-04-10T09:04:35.723+0000] {override.py:1912} INFO - Created Permission View: can delete on DAG Run:scraping_farfetch_mensal
[2025-04-10T09:04:35.733+0000] {logging_mixin.py:190} INFO - [2025-04-10T09:04:35.733+0000] {override.py:1912} INFO - Created Permission View: can read on DAG Run:scraping_farfetch_mensal
[2025-04-10T09:04:35.743+0000] {logging_mixin.py:190} INFO - [2025-04-10T09:04:35.743+0000] {override.py:1912} INFO - Created Permission View: menu access on DAG Run:scraping_farfetch_mensal
[2025-04-10T09:04:35.754+0000] {logging_mixin.py:190} INFO - [2025-04-10T09:04:35.753+0000] {override.py:1912} INFO - Created Permission View: can create on DAG Run:scraping_farfetch_mensal
[2025-04-10T09:04:35.754+0000] {logging_mixin.py:190} INFO - [2025-04-10T09:04:35.754+0000] {dag.py:3239} INFO - Sync 1 DAGs
[2025-04-10T09:04:35.766+0000] {logging_mixin.py:190} INFO - [2025-04-10T09:04:35.765+0000] {dag.py:3262} INFO - Creating ORM DAG for scraping_farfetch_mensal
[2025-04-10T09:04:35.774+0000] {logging_mixin.py:190} INFO - [2025-04-10T09:04:35.774+0000] {dag.py:4180} INFO - Setting next_dagrun for scraping_farfetch_mensal to 2025-03-01 03:00:00+00:00, run_after=2025-04-01 03:00:00+00:00
[2025-04-10T09:04:35.797+0000] {processor.py:208} INFO - Processing /opt/airflow/dags/dag_scraping.py took 2.481 seconds
[2025-04-10T09:05:06.288+0000] {processor.py:186} INFO - Started process (PID=39) to work on /opt/airflow/dags/dag_scraping.py
[2025-04-10T09:05:06.289+0000] {processor.py:914} INFO - Processing file /opt/airflow/dags/dag_scraping.py for tasks to queue
[2025-04-10T09:05:06.291+0000] {logging_mixin.py:190} INFO - [2025-04-10T09:05:06.290+0000] {dagbag.py:588} INFO - Filling up the DagBag from /opt/airflow/dags/dag_scraping.py
[2025-04-10T09:05:07.023+0000] {processor.py:925} INFO - DAG(s) 'scraping_farfetch_mensal' retrieved from /opt/airflow/dags/dag_scraping.py
[2025-04-10T09:05:07.046+0000] {logging_mixin.py:190} INFO - [2025-04-10T09:05:07.045+0000] {dag.py:3239} INFO - Sync 1 DAGs
[2025-04-10T09:05:07.063+0000] {logging_mixin.py:190} INFO - [2025-04-10T09:05:07.063+0000] {dag.py:4180} INFO - Setting next_dagrun for scraping_farfetch_mensal to 2025-03-01 03:00:00+00:00, run_after=2025-04-01 03:00:00+00:00
[2025-04-10T09:05:07.077+0000] {processor.py:208} INFO - Processing /opt/airflow/dags/dag_scraping.py took 0.793 seconds
[2025-04-10T09:05:37.307+0000] {processor.py:186} INFO - Started process (PID=41) to work on /opt/airflow/dags/dag_scraping.py
[2025-04-10T09:05:37.308+0000] {processor.py:914} INFO - Processing file /opt/airflow/dags/dag_scraping.py for tasks to queue
[2025-04-10T09:05:37.314+0000] {logging_mixin.py:190} INFO - [2025-04-10T09:05:37.314+0000] {dagbag.py:588} INFO - Filling up the DagBag from /opt/airflow/dags/dag_scraping.py
[2025-04-10T09:05:38.022+0000] {processor.py:925} INFO - DAG(s) 'scraping_farfetch_mensal' retrieved from /opt/airflow/dags/dag_scraping.py
[2025-04-10T09:05:38.045+0000] {logging_mixin.py:190} INFO - [2025-04-10T09:05:38.045+0000] {dag.py:3239} INFO - Sync 1 DAGs
[2025-04-10T09:05:38.066+0000] {logging_mixin.py:190} INFO - [2025-04-10T09:05:38.066+0000] {dag.py:4180} INFO - Setting next_dagrun for scraping_farfetch_mensal to 2025-03-01 03:00:00+00:00, run_after=2025-04-01 03:00:00+00:00
[2025-04-10T09:05:38.257+0000] {processor.py:208} INFO - Processing /opt/airflow/dags/dag_scraping.py took 0.955 seconds
[2025-04-10T09:06:08.307+0000] {processor.py:186} INFO - Started process (PID=43) to work on /opt/airflow/dags/dag_scraping.py
[2025-04-10T09:06:08.309+0000] {processor.py:914} INFO - Processing file /opt/airflow/dags/dag_scraping.py for tasks to queue
[2025-04-10T09:06:08.316+0000] {logging_mixin.py:190} INFO - [2025-04-10T09:06:08.316+0000] {dagbag.py:588} INFO - Filling up the DagBag from /opt/airflow/dags/dag_scraping.py
[2025-04-10T09:06:09.518+0000] {processor.py:925} INFO - DAG(s) 'scraping_farfetch_mensal' retrieved from /opt/airflow/dags/dag_scraping.py
[2025-04-10T09:06:09.536+0000] {logging_mixin.py:190} INFO - [2025-04-10T09:06:09.536+0000] {dag.py:3239} INFO - Sync 1 DAGs
[2025-04-10T09:06:09.552+0000] {logging_mixin.py:190} INFO - [2025-04-10T09:06:09.552+0000] {dag.py:4180} INFO - Setting next_dagrun for scraping_farfetch_mensal to 2025-03-01 03:00:00+00:00, run_after=2025-04-01 03:00:00+00:00
[2025-04-10T09:06:09.741+0000] {processor.py:208} INFO - Processing /opt/airflow/dags/dag_scraping.py took 1.446 seconds
[2025-04-10T09:06:40.108+0000] {processor.py:186} INFO - Started process (PID=45) to work on /opt/airflow/dags/dag_scraping.py
[2025-04-10T09:06:40.109+0000] {processor.py:914} INFO - Processing file /opt/airflow/dags/dag_scraping.py for tasks to queue
[2025-04-10T09:06:40.111+0000] {logging_mixin.py:190} INFO - [2025-04-10T09:06:40.110+0000] {dagbag.py:588} INFO - Filling up the DagBag from /opt/airflow/dags/dag_scraping.py
[2025-04-10T09:06:40.495+0000] {processor.py:925} INFO - DAG(s) 'scraping_farfetch_mensal' retrieved from /opt/airflow/dags/dag_scraping.py
[2025-04-10T09:06:40.520+0000] {logging_mixin.py:190} INFO - [2025-04-10T09:06:40.520+0000] {dag.py:3239} INFO - Sync 1 DAGs
[2025-04-10T09:06:40.535+0000] {logging_mixin.py:190} INFO - [2025-04-10T09:06:40.535+0000] {dag.py:4180} INFO - Setting next_dagrun for scraping_farfetch_mensal to 2025-03-01 03:00:00+00:00, run_after=2025-04-01 03:00:00+00:00
[2025-04-10T09:06:40.622+0000] {processor.py:208} INFO - Processing /opt/airflow/dags/dag_scraping.py took 0.518 seconds
[2025-04-10T09:07:11.445+0000] {processor.py:186} INFO - Started process (PID=47) to work on /opt/airflow/dags/dag_scraping.py
[2025-04-10T09:07:11.445+0000] {processor.py:914} INFO - Processing file /opt/airflow/dags/dag_scraping.py for tasks to queue
[2025-04-10T09:07:11.446+0000] {logging_mixin.py:190} INFO - [2025-04-10T09:07:11.446+0000] {dagbag.py:588} INFO - Filling up the DagBag from /opt/airflow/dags/dag_scraping.py
[2025-04-10T09:07:11.828+0000] {processor.py:925} INFO - DAG(s) 'scraping_farfetch_mensal' retrieved from /opt/airflow/dags/dag_scraping.py
[2025-04-10T09:07:11.844+0000] {logging_mixin.py:190} INFO - [2025-04-10T09:07:11.844+0000] {dag.py:3239} INFO - Sync 1 DAGs
[2025-04-10T09:07:11.861+0000] {logging_mixin.py:190} INFO - [2025-04-10T09:07:11.861+0000] {dag.py:4180} INFO - Setting next_dagrun for scraping_farfetch_mensal to 2025-03-01 03:00:00+00:00, run_after=2025-04-01 03:00:00+00:00
[2025-04-10T09:07:11.875+0000] {processor.py:208} INFO - Processing /opt/airflow/dags/dag_scraping.py took 0.434 seconds
[2025-04-10T09:07:42.329+0000] {processor.py:186} INFO - Started process (PID=49) to work on /opt/airflow/dags/dag_scraping.py
[2025-04-10T09:07:42.329+0000] {processor.py:914} INFO - Processing file /opt/airflow/dags/dag_scraping.py for tasks to queue
[2025-04-10T09:07:42.331+0000] {logging_mixin.py:190} INFO - [2025-04-10T09:07:42.331+0000] {dagbag.py:588} INFO - Filling up the DagBag from /opt/airflow/dags/dag_scraping.py
[2025-04-10T09:07:42.712+0000] {processor.py:925} INFO - DAG(s) 'scraping_farfetch_mensal' retrieved from /opt/airflow/dags/dag_scraping.py
[2025-04-10T09:07:42.728+0000] {logging_mixin.py:190} INFO - [2025-04-10T09:07:42.728+0000] {dag.py:3239} INFO - Sync 1 DAGs
[2025-04-10T09:07:42.743+0000] {logging_mixin.py:190} INFO - [2025-04-10T09:07:42.743+0000] {dag.py:4180} INFO - Setting next_dagrun for scraping_farfetch_mensal to 2025-03-01 03:00:00+00:00, run_after=2025-04-01 03:00:00+00:00
[2025-04-10T09:07:42.755+0000] {processor.py:208} INFO - Processing /opt/airflow/dags/dag_scraping.py took 0.430 seconds
[2025-04-10T09:08:13.628+0000] {processor.py:186} INFO - Started process (PID=51) to work on /opt/airflow/dags/dag_scraping.py
[2025-04-10T09:08:13.629+0000] {processor.py:914} INFO - Processing file /opt/airflow/dags/dag_scraping.py for tasks to queue
[2025-04-10T09:08:13.631+0000] {logging_mixin.py:190} INFO - [2025-04-10T09:08:13.630+0000] {dagbag.py:588} INFO - Filling up the DagBag from /opt/airflow/dags/dag_scraping.py
[2025-04-10T09:08:14.090+0000] {processor.py:925} INFO - DAG(s) 'scraping_farfetch_mensal' retrieved from /opt/airflow/dags/dag_scraping.py
[2025-04-10T09:08:14.107+0000] {logging_mixin.py:190} INFO - [2025-04-10T09:08:14.106+0000] {dag.py:3239} INFO - Sync 1 DAGs
[2025-04-10T09:08:14.124+0000] {logging_mixin.py:190} INFO - [2025-04-10T09:08:14.124+0000] {dag.py:4180} INFO - Setting next_dagrun for scraping_farfetch_mensal to 2025-03-01 03:00:00+00:00, run_after=2025-04-01 03:00:00+00:00
[2025-04-10T09:08:14.144+0000] {processor.py:208} INFO - Processing /opt/airflow/dags/dag_scraping.py took 0.519 seconds
[2025-04-10T09:08:44.426+0000] {processor.py:186} INFO - Started process (PID=53) to work on /opt/airflow/dags/dag_scraping.py
[2025-04-10T09:08:44.427+0000] {processor.py:914} INFO - Processing file /opt/airflow/dags/dag_scraping.py for tasks to queue
[2025-04-10T09:08:44.429+0000] {logging_mixin.py:190} INFO - [2025-04-10T09:08:44.429+0000] {dagbag.py:588} INFO - Filling up the DagBag from /opt/airflow/dags/dag_scraping.py
[2025-04-10T09:08:45.233+0000] {processor.py:925} INFO - DAG(s) 'scraping_farfetch_mensal' retrieved from /opt/airflow/dags/dag_scraping.py
[2025-04-10T09:08:45.254+0000] {logging_mixin.py:190} INFO - [2025-04-10T09:08:45.253+0000] {dag.py:3239} INFO - Sync 1 DAGs
[2025-04-10T09:08:45.273+0000] {logging_mixin.py:190} INFO - [2025-04-10T09:08:45.273+0000] {dag.py:4180} INFO - Setting next_dagrun for scraping_farfetch_mensal to 2025-03-01 03:00:00+00:00, run_after=2025-04-01 03:00:00+00:00
[2025-04-10T09:08:45.288+0000] {processor.py:208} INFO - Processing /opt/airflow/dags/dag_scraping.py took 0.866 seconds
[2025-04-10T09:09:15.588+0000] {processor.py:186} INFO - Started process (PID=55) to work on /opt/airflow/dags/dag_scraping.py
[2025-04-10T09:09:15.588+0000] {processor.py:914} INFO - Processing file /opt/airflow/dags/dag_scraping.py for tasks to queue
[2025-04-10T09:09:15.591+0000] {logging_mixin.py:190} INFO - [2025-04-10T09:09:15.591+0000] {dagbag.py:588} INFO - Filling up the DagBag from /opt/airflow/dags/dag_scraping.py
[2025-04-10T09:09:16.059+0000] {processor.py:925} INFO - DAG(s) 'scraping_farfetch_mensal' retrieved from /opt/airflow/dags/dag_scraping.py
[2025-04-10T09:09:16.082+0000] {logging_mixin.py:190} INFO - [2025-04-10T09:09:16.081+0000] {dag.py:3239} INFO - Sync 1 DAGs
[2025-04-10T09:09:16.098+0000] {logging_mixin.py:190} INFO - [2025-04-10T09:09:16.098+0000] {dag.py:4180} INFO - Setting next_dagrun for scraping_farfetch_mensal to 2025-03-01 03:00:00+00:00, run_after=2025-04-01 03:00:00+00:00
[2025-04-10T09:09:16.114+0000] {processor.py:208} INFO - Processing /opt/airflow/dags/dag_scraping.py took 0.531 seconds
[2025-04-10T09:09:46.298+0000] {processor.py:186} INFO - Started process (PID=57) to work on /opt/airflow/dags/dag_scraping.py
[2025-04-10T09:09:46.299+0000] {processor.py:914} INFO - Processing file /opt/airflow/dags/dag_scraping.py for tasks to queue
[2025-04-10T09:09:46.302+0000] {logging_mixin.py:190} INFO - [2025-04-10T09:09:46.302+0000] {dagbag.py:588} INFO - Filling up the DagBag from /opt/airflow/dags/dag_scraping.py
[2025-04-10T09:09:46.825+0000] {processor.py:925} INFO - DAG(s) 'scraping_farfetch_mensal' retrieved from /opt/airflow/dags/dag_scraping.py
[2025-04-10T09:09:46.843+0000] {logging_mixin.py:190} INFO - [2025-04-10T09:09:46.843+0000] {dag.py:3239} INFO - Sync 1 DAGs
[2025-04-10T09:09:46.859+0000] {logging_mixin.py:190} INFO - [2025-04-10T09:09:46.859+0000] {dag.py:4180} INFO - Setting next_dagrun for scraping_farfetch_mensal to 2025-03-01 03:00:00+00:00, run_after=2025-04-01 03:00:00+00:00
[2025-04-10T09:09:46.872+0000] {processor.py:208} INFO - Processing /opt/airflow/dags/dag_scraping.py took 0.581 seconds
[2025-04-10T09:10:17.264+0000] {processor.py:186} INFO - Started process (PID=59) to work on /opt/airflow/dags/dag_scraping.py
[2025-04-10T09:10:17.264+0000] {processor.py:914} INFO - Processing file /opt/airflow/dags/dag_scraping.py for tasks to queue
[2025-04-10T09:10:17.266+0000] {logging_mixin.py:190} INFO - [2025-04-10T09:10:17.266+0000] {dagbag.py:588} INFO - Filling up the DagBag from /opt/airflow/dags/dag_scraping.py
[2025-04-10T09:10:17.687+0000] {processor.py:925} INFO - DAG(s) 'scraping_farfetch_mensal' retrieved from /opt/airflow/dags/dag_scraping.py
[2025-04-10T09:10:17.705+0000] {logging_mixin.py:190} INFO - [2025-04-10T09:10:17.704+0000] {dag.py:3239} INFO - Sync 1 DAGs
[2025-04-10T09:10:17.721+0000] {logging_mixin.py:190} INFO - [2025-04-10T09:10:17.721+0000] {dag.py:4180} INFO - Setting next_dagrun for scraping_farfetch_mensal to 2025-03-01 03:00:00+00:00, run_after=2025-04-01 03:00:00+00:00
[2025-04-10T09:10:17.736+0000] {processor.py:208} INFO - Processing /opt/airflow/dags/dag_scraping.py took 0.476 seconds
[2025-04-10T09:10:48.062+0000] {processor.py:186} INFO - Started process (PID=61) to work on /opt/airflow/dags/dag_scraping.py
[2025-04-10T09:10:48.063+0000] {processor.py:914} INFO - Processing file /opt/airflow/dags/dag_scraping.py for tasks to queue
[2025-04-10T09:10:48.064+0000] {logging_mixin.py:190} INFO - [2025-04-10T09:10:48.064+0000] {dagbag.py:588} INFO - Filling up the DagBag from /opt/airflow/dags/dag_scraping.py
[2025-04-10T09:10:48.549+0000] {processor.py:925} INFO - DAG(s) 'scraping_farfetch_mensal' retrieved from /opt/airflow/dags/dag_scraping.py
[2025-04-10T09:10:48.576+0000] {logging_mixin.py:190} INFO - [2025-04-10T09:10:48.575+0000] {dag.py:3239} INFO - Sync 1 DAGs
[2025-04-10T09:10:48.597+0000] {logging_mixin.py:190} INFO - [2025-04-10T09:10:48.596+0000] {dag.py:4180} INFO - Setting next_dagrun for scraping_farfetch_mensal to 2025-03-01 03:00:00+00:00, run_after=2025-04-01 03:00:00+00:00
[2025-04-10T09:10:48.617+0000] {processor.py:208} INFO - Processing /opt/airflow/dags/dag_scraping.py took 0.559 seconds
[2025-04-10T09:11:19.182+0000] {processor.py:186} INFO - Started process (PID=63) to work on /opt/airflow/dags/dag_scraping.py
[2025-04-10T09:11:19.183+0000] {processor.py:914} INFO - Processing file /opt/airflow/dags/dag_scraping.py for tasks to queue
[2025-04-10T09:11:19.184+0000] {logging_mixin.py:190} INFO - [2025-04-10T09:11:19.184+0000] {dagbag.py:588} INFO - Filling up the DagBag from /opt/airflow/dags/dag_scraping.py
[2025-04-10T09:11:19.636+0000] {processor.py:925} INFO - DAG(s) 'scraping_farfetch_mensal' retrieved from /opt/airflow/dags/dag_scraping.py
[2025-04-10T09:11:19.651+0000] {logging_mixin.py:190} INFO - [2025-04-10T09:11:19.651+0000] {dag.py:3239} INFO - Sync 1 DAGs
[2025-04-10T09:11:19.666+0000] {logging_mixin.py:190} INFO - [2025-04-10T09:11:19.666+0000] {dag.py:4180} INFO - Setting next_dagrun for scraping_farfetch_mensal to 2025-03-01 03:00:00+00:00, run_after=2025-04-01 03:00:00+00:00
[2025-04-10T09:11:19.681+0000] {processor.py:208} INFO - Processing /opt/airflow/dags/dag_scraping.py took 0.506 seconds
[2025-04-10T09:11:50.073+0000] {processor.py:186} INFO - Started process (PID=65) to work on /opt/airflow/dags/dag_scraping.py
[2025-04-10T09:11:50.074+0000] {processor.py:914} INFO - Processing file /opt/airflow/dags/dag_scraping.py for tasks to queue
[2025-04-10T09:11:50.075+0000] {logging_mixin.py:190} INFO - [2025-04-10T09:11:50.075+0000] {dagbag.py:588} INFO - Filling up the DagBag from /opt/airflow/dags/dag_scraping.py
[2025-04-10T09:11:50.444+0000] {processor.py:925} INFO - DAG(s) 'scraping_farfetch_mensal' retrieved from /opt/airflow/dags/dag_scraping.py
[2025-04-10T09:11:50.459+0000] {logging_mixin.py:190} INFO - [2025-04-10T09:11:50.459+0000] {dag.py:3239} INFO - Sync 1 DAGs
[2025-04-10T09:11:50.475+0000] {logging_mixin.py:190} INFO - [2025-04-10T09:11:50.475+0000] {dag.py:4180} INFO - Setting next_dagrun for scraping_farfetch_mensal to 2025-03-01 03:00:00+00:00, run_after=2025-04-01 03:00:00+00:00
[2025-04-10T09:11:50.516+0000] {processor.py:208} INFO - Processing /opt/airflow/dags/dag_scraping.py took 0.446 seconds
[2025-04-10T09:12:20.915+0000] {processor.py:186} INFO - Started process (PID=67) to work on /opt/airflow/dags/dag_scraping.py
[2025-04-10T09:12:20.915+0000] {processor.py:914} INFO - Processing file /opt/airflow/dags/dag_scraping.py for tasks to queue
[2025-04-10T09:12:20.917+0000] {logging_mixin.py:190} INFO - [2025-04-10T09:12:20.917+0000] {dagbag.py:588} INFO - Filling up the DagBag from /opt/airflow/dags/dag_scraping.py
[2025-04-10T09:12:21.300+0000] {processor.py:925} INFO - DAG(s) 'scraping_farfetch_mensal' retrieved from /opt/airflow/dags/dag_scraping.py
[2025-04-10T09:12:21.317+0000] {logging_mixin.py:190} INFO - [2025-04-10T09:12:21.317+0000] {dag.py:3239} INFO - Sync 1 DAGs
[2025-04-10T09:12:21.331+0000] {logging_mixin.py:190} INFO - [2025-04-10T09:12:21.331+0000] {dag.py:4180} INFO - Setting next_dagrun for scraping_farfetch_mensal to 2025-03-01 03:00:00+00:00, run_after=2025-04-01 03:00:00+00:00
[2025-04-10T09:12:21.344+0000] {processor.py:208} INFO - Processing /opt/airflow/dags/dag_scraping.py took 0.434 seconds
[2025-04-10T09:12:51.762+0000] {processor.py:186} INFO - Started process (PID=69) to work on /opt/airflow/dags/dag_scraping.py
[2025-04-10T09:12:51.763+0000] {processor.py:914} INFO - Processing file /opt/airflow/dags/dag_scraping.py for tasks to queue
[2025-04-10T09:12:51.764+0000] {logging_mixin.py:190} INFO - [2025-04-10T09:12:51.764+0000] {dagbag.py:588} INFO - Filling up the DagBag from /opt/airflow/dags/dag_scraping.py
[2025-04-10T09:12:52.150+0000] {processor.py:925} INFO - DAG(s) 'scraping_farfetch_mensal' retrieved from /opt/airflow/dags/dag_scraping.py
[2025-04-10T09:12:52.168+0000] {logging_mixin.py:190} INFO - [2025-04-10T09:12:52.168+0000] {dag.py:3239} INFO - Sync 1 DAGs
[2025-04-10T09:12:52.184+0000] {logging_mixin.py:190} INFO - [2025-04-10T09:12:52.184+0000] {dag.py:4180} INFO - Setting next_dagrun for scraping_farfetch_mensal to 2025-03-01 03:00:00+00:00, run_after=2025-04-01 03:00:00+00:00
[2025-04-10T09:12:52.199+0000] {processor.py:208} INFO - Processing /opt/airflow/dags/dag_scraping.py took 0.441 seconds
[2025-04-10T09:13:22.537+0000] {processor.py:186} INFO - Started process (PID=71) to work on /opt/airflow/dags/dag_scraping.py
[2025-04-10T09:13:22.538+0000] {processor.py:914} INFO - Processing file /opt/airflow/dags/dag_scraping.py for tasks to queue
[2025-04-10T09:13:22.540+0000] {logging_mixin.py:190} INFO - [2025-04-10T09:13:22.539+0000] {dagbag.py:588} INFO - Filling up the DagBag from /opt/airflow/dags/dag_scraping.py
[2025-04-10T09:13:22.955+0000] {processor.py:925} INFO - DAG(s) 'scraping_farfetch_mensal' retrieved from /opt/airflow/dags/dag_scraping.py
[2025-04-10T09:13:22.975+0000] {logging_mixin.py:190} INFO - [2025-04-10T09:13:22.975+0000] {dag.py:3239} INFO - Sync 1 DAGs
[2025-04-10T09:13:22.994+0000] {logging_mixin.py:190} INFO - [2025-04-10T09:13:22.993+0000] {dag.py:4180} INFO - Setting next_dagrun for scraping_farfetch_mensal to 2025-03-01 03:00:00+00:00, run_after=2025-04-01 03:00:00+00:00
[2025-04-10T09:13:23.045+0000] {processor.py:208} INFO - Processing /opt/airflow/dags/dag_scraping.py took 0.515 seconds
[2025-04-10T09:13:53.207+0000] {processor.py:186} INFO - Started process (PID=73) to work on /opt/airflow/dags/dag_scraping.py
[2025-04-10T09:13:53.210+0000] {processor.py:914} INFO - Processing file /opt/airflow/dags/dag_scraping.py for tasks to queue
[2025-04-10T09:13:53.216+0000] {logging_mixin.py:190} INFO - [2025-04-10T09:13:53.215+0000] {dagbag.py:588} INFO - Filling up the DagBag from /opt/airflow/dags/dag_scraping.py
[2025-04-10T09:13:53.677+0000] {processor.py:925} INFO - DAG(s) 'scraping_farfetch_mensal' retrieved from /opt/airflow/dags/dag_scraping.py
[2025-04-10T09:13:53.694+0000] {logging_mixin.py:190} INFO - [2025-04-10T09:13:53.693+0000] {dag.py:3239} INFO - Sync 1 DAGs
[2025-04-10T09:13:53.709+0000] {logging_mixin.py:190} INFO - [2025-04-10T09:13:53.709+0000] {dag.py:4180} INFO - Setting next_dagrun for scraping_farfetch_mensal to 2025-03-01 03:00:00+00:00, run_after=2025-04-01 03:00:00+00:00
[2025-04-10T09:13:53.722+0000] {processor.py:208} INFO - Processing /opt/airflow/dags/dag_scraping.py took 0.524 seconds
[2025-04-10T09:14:24.650+0000] {processor.py:186} INFO - Started process (PID=75) to work on /opt/airflow/dags/dag_scraping.py
[2025-04-10T09:14:24.651+0000] {processor.py:914} INFO - Processing file /opt/airflow/dags/dag_scraping.py for tasks to queue
[2025-04-10T09:14:24.652+0000] {logging_mixin.py:190} INFO - [2025-04-10T09:14:24.652+0000] {dagbag.py:588} INFO - Filling up the DagBag from /opt/airflow/dags/dag_scraping.py
[2025-04-10T09:14:25.173+0000] {processor.py:925} INFO - DAG(s) 'scraping_farfetch_mensal' retrieved from /opt/airflow/dags/dag_scraping.py
[2025-04-10T09:14:25.195+0000] {logging_mixin.py:190} INFO - [2025-04-10T09:14:25.195+0000] {dag.py:3239} INFO - Sync 1 DAGs
[2025-04-10T09:14:25.216+0000] {logging_mixin.py:190} INFO - [2025-04-10T09:14:25.216+0000] {dag.py:4180} INFO - Setting next_dagrun for scraping_farfetch_mensal to 2025-03-01 03:00:00+00:00, run_after=2025-04-01 03:00:00+00:00
[2025-04-10T09:14:25.234+0000] {processor.py:208} INFO - Processing /opt/airflow/dags/dag_scraping.py took 0.588 seconds
[2025-04-10T09:14:55.446+0000] {processor.py:186} INFO - Started process (PID=77) to work on /opt/airflow/dags/dag_scraping.py
[2025-04-10T09:14:55.446+0000] {processor.py:914} INFO - Processing file /opt/airflow/dags/dag_scraping.py for tasks to queue
[2025-04-10T09:14:55.448+0000] {logging_mixin.py:190} INFO - [2025-04-10T09:14:55.448+0000] {dagbag.py:588} INFO - Filling up the DagBag from /opt/airflow/dags/dag_scraping.py
[2025-04-10T09:14:55.906+0000] {processor.py:925} INFO - DAG(s) 'scraping_farfetch_mensal' retrieved from /opt/airflow/dags/dag_scraping.py
[2025-04-10T09:14:55.925+0000] {logging_mixin.py:190} INFO - [2025-04-10T09:14:55.925+0000] {dag.py:3239} INFO - Sync 1 DAGs
[2025-04-10T09:14:55.941+0000] {logging_mixin.py:190} INFO - [2025-04-10T09:14:55.941+0000] {dag.py:4180} INFO - Setting next_dagrun for scraping_farfetch_mensal to 2025-03-01 03:00:00+00:00, run_after=2025-04-01 03:00:00+00:00
[2025-04-10T09:14:55.956+0000] {processor.py:208} INFO - Processing /opt/airflow/dags/dag_scraping.py took 0.514 seconds
[2025-04-10T09:15:26.294+0000] {processor.py:186} INFO - Started process (PID=79) to work on /opt/airflow/dags/dag_scraping.py
[2025-04-10T09:15:26.294+0000] {processor.py:914} INFO - Processing file /opt/airflow/dags/dag_scraping.py for tasks to queue
[2025-04-10T09:15:26.296+0000] {logging_mixin.py:190} INFO - [2025-04-10T09:15:26.296+0000] {dagbag.py:588} INFO - Filling up the DagBag from /opt/airflow/dags/dag_scraping.py
[2025-04-10T09:15:26.795+0000] {processor.py:925} INFO - DAG(s) 'scraping_farfetch_mensal' retrieved from /opt/airflow/dags/dag_scraping.py
[2025-04-10T09:15:26.824+0000] {logging_mixin.py:190} INFO - [2025-04-10T09:15:26.824+0000] {dag.py:3239} INFO - Sync 1 DAGs
[2025-04-10T09:15:26.850+0000] {logging_mixin.py:190} INFO - [2025-04-10T09:15:26.850+0000] {dag.py:4180} INFO - Setting next_dagrun for scraping_farfetch_mensal to 2025-03-01 03:00:00+00:00, run_after=2025-04-01 03:00:00+00:00
[2025-04-10T09:15:26.869+0000] {processor.py:208} INFO - Processing /opt/airflow/dags/dag_scraping.py took 0.580 seconds
[2025-04-10T09:15:57.002+0000] {processor.py:186} INFO - Started process (PID=81) to work on /opt/airflow/dags/dag_scraping.py
[2025-04-10T09:15:57.003+0000] {processor.py:914} INFO - Processing file /opt/airflow/dags/dag_scraping.py for tasks to queue
[2025-04-10T09:15:57.004+0000] {logging_mixin.py:190} INFO - [2025-04-10T09:15:57.004+0000] {dagbag.py:588} INFO - Filling up the DagBag from /opt/airflow/dags/dag_scraping.py
[2025-04-10T09:15:57.768+0000] {processor.py:925} INFO - DAG(s) 'scraping_farfetch_mensal' retrieved from /opt/airflow/dags/dag_scraping.py
[2025-04-10T09:15:57.788+0000] {logging_mixin.py:190} INFO - [2025-04-10T09:15:57.788+0000] {dag.py:3239} INFO - Sync 1 DAGs
[2025-04-10T09:15:57.805+0000] {logging_mixin.py:190} INFO - [2025-04-10T09:15:57.805+0000] {dag.py:4180} INFO - Setting next_dagrun for scraping_farfetch_mensal to 2025-03-01 03:00:00+00:00, run_after=2025-04-01 03:00:00+00:00
[2025-04-10T09:15:57.821+0000] {processor.py:208} INFO - Processing /opt/airflow/dags/dag_scraping.py took 0.822 seconds
[2025-04-10T09:16:28.700+0000] {processor.py:186} INFO - Started process (PID=83) to work on /opt/airflow/dags/dag_scraping.py
[2025-04-10T09:16:28.701+0000] {processor.py:914} INFO - Processing file /opt/airflow/dags/dag_scraping.py for tasks to queue
[2025-04-10T09:16:28.703+0000] {logging_mixin.py:190} INFO - [2025-04-10T09:16:28.703+0000] {dagbag.py:588} INFO - Filling up the DagBag from /opt/airflow/dags/dag_scraping.py
[2025-04-10T09:16:29.135+0000] {processor.py:925} INFO - DAG(s) 'scraping_farfetch_mensal' retrieved from /opt/airflow/dags/dag_scraping.py
[2025-04-10T09:16:29.152+0000] {logging_mixin.py:190} INFO - [2025-04-10T09:16:29.152+0000] {dag.py:3239} INFO - Sync 1 DAGs
[2025-04-10T09:16:29.166+0000] {logging_mixin.py:190} INFO - [2025-04-10T09:16:29.166+0000] {dag.py:4180} INFO - Setting next_dagrun for scraping_farfetch_mensal to 2025-03-01 03:00:00+00:00, run_after=2025-04-01 03:00:00+00:00
[2025-04-10T09:16:29.179+0000] {processor.py:208} INFO - Processing /opt/airflow/dags/dag_scraping.py took 0.483 seconds
[2025-04-10T09:16:59.692+0000] {processor.py:186} INFO - Started process (PID=85) to work on /opt/airflow/dags/dag_scraping.py
[2025-04-10T09:16:59.692+0000] {processor.py:914} INFO - Processing file /opt/airflow/dags/dag_scraping.py for tasks to queue
[2025-04-10T09:16:59.693+0000] {logging_mixin.py:190} INFO - [2025-04-10T09:16:59.693+0000] {dagbag.py:588} INFO - Filling up the DagBag from /opt/airflow/dags/dag_scraping.py
[2025-04-10T09:17:00.046+0000] {processor.py:925} INFO - DAG(s) 'scraping_farfetch_mensal' retrieved from /opt/airflow/dags/dag_scraping.py
[2025-04-10T09:17:00.063+0000] {logging_mixin.py:190} INFO - [2025-04-10T09:17:00.063+0000] {dag.py:3239} INFO - Sync 1 DAGs
[2025-04-10T09:17:00.078+0000] {logging_mixin.py:190} INFO - [2025-04-10T09:17:00.078+0000] {dag.py:4180} INFO - Setting next_dagrun for scraping_farfetch_mensal to 2025-03-01 03:00:00+00:00, run_after=2025-04-01 03:00:00+00:00
[2025-04-10T09:17:00.091+0000] {processor.py:208} INFO - Processing /opt/airflow/dags/dag_scraping.py took 0.403 seconds
[2025-04-10T09:17:30.882+0000] {processor.py:186} INFO - Started process (PID=87) to work on /opt/airflow/dags/dag_scraping.py
[2025-04-10T09:17:30.883+0000] {processor.py:914} INFO - Processing file /opt/airflow/dags/dag_scraping.py for tasks to queue
[2025-04-10T09:17:30.884+0000] {logging_mixin.py:190} INFO - [2025-04-10T09:17:30.884+0000] {dagbag.py:588} INFO - Filling up the DagBag from /opt/airflow/dags/dag_scraping.py
[2025-04-10T09:17:31.296+0000] {processor.py:925} INFO - DAG(s) 'scraping_farfetch_mensal' retrieved from /opt/airflow/dags/dag_scraping.py
[2025-04-10T09:17:31.313+0000] {logging_mixin.py:190} INFO - [2025-04-10T09:17:31.313+0000] {dag.py:3239} INFO - Sync 1 DAGs
[2025-04-10T09:17:31.330+0000] {logging_mixin.py:190} INFO - [2025-04-10T09:17:31.330+0000] {dag.py:4180} INFO - Setting next_dagrun for scraping_farfetch_mensal to 2025-03-01 03:00:00+00:00, run_after=2025-04-01 03:00:00+00:00
[2025-04-10T09:17:31.345+0000] {processor.py:208} INFO - Processing /opt/airflow/dags/dag_scraping.py took 0.466 seconds
[2025-04-10T09:18:01.478+0000] {processor.py:186} INFO - Started process (PID=89) to work on /opt/airflow/dags/dag_scraping.py
[2025-04-10T09:18:01.478+0000] {processor.py:914} INFO - Processing file /opt/airflow/dags/dag_scraping.py for tasks to queue
[2025-04-10T09:18:01.480+0000] {logging_mixin.py:190} INFO - [2025-04-10T09:18:01.479+0000] {dagbag.py:588} INFO - Filling up the DagBag from /opt/airflow/dags/dag_scraping.py
[2025-04-10T09:18:01.923+0000] {processor.py:925} INFO - DAG(s) 'scraping_farfetch_mensal' retrieved from /opt/airflow/dags/dag_scraping.py
[2025-04-10T09:18:01.950+0000] {logging_mixin.py:190} INFO - [2025-04-10T09:18:01.950+0000] {dag.py:3239} INFO - Sync 1 DAGs
[2025-04-10T09:18:01.971+0000] {logging_mixin.py:190} INFO - [2025-04-10T09:18:01.971+0000] {dag.py:4180} INFO - Setting next_dagrun for scraping_farfetch_mensal to 2025-03-01 03:00:00+00:00, run_after=2025-04-01 03:00:00+00:00
[2025-04-10T09:18:01.987+0000] {processor.py:208} INFO - Processing /opt/airflow/dags/dag_scraping.py took 0.514 seconds
[2025-04-10T09:18:32.402+0000] {processor.py:186} INFO - Started process (PID=91) to work on /opt/airflow/dags/dag_scraping.py
[2025-04-10T09:18:32.403+0000] {processor.py:914} INFO - Processing file /opt/airflow/dags/dag_scraping.py for tasks to queue
[2025-04-10T09:18:32.405+0000] {logging_mixin.py:190} INFO - [2025-04-10T09:18:32.405+0000] {dagbag.py:588} INFO - Filling up the DagBag from /opt/airflow/dags/dag_scraping.py
[2025-04-10T09:18:32.882+0000] {processor.py:925} INFO - DAG(s) 'scraping_farfetch_mensal' retrieved from /opt/airflow/dags/dag_scraping.py
[2025-04-10T09:18:32.900+0000] {logging_mixin.py:190} INFO - [2025-04-10T09:18:32.900+0000] {dag.py:3239} INFO - Sync 1 DAGs
[2025-04-10T09:18:32.917+0000] {logging_mixin.py:190} INFO - [2025-04-10T09:18:32.917+0000] {dag.py:4180} INFO - Setting next_dagrun for scraping_farfetch_mensal to 2025-03-01 03:00:00+00:00, run_after=2025-04-01 03:00:00+00:00
[2025-04-10T09:18:32.931+0000] {processor.py:208} INFO - Processing /opt/airflow/dags/dag_scraping.py took 0.534 seconds
[2025-04-10T09:19:03.714+0000] {processor.py:186} INFO - Started process (PID=93) to work on /opt/airflow/dags/dag_scraping.py
[2025-04-10T09:19:03.714+0000] {processor.py:914} INFO - Processing file /opt/airflow/dags/dag_scraping.py for tasks to queue
[2025-04-10T09:19:03.716+0000] {logging_mixin.py:190} INFO - [2025-04-10T09:19:03.716+0000] {dagbag.py:588} INFO - Filling up the DagBag from /opt/airflow/dags/dag_scraping.py
[2025-04-10T09:19:04.162+0000] {processor.py:925} INFO - DAG(s) 'scraping_farfetch_mensal' retrieved from /opt/airflow/dags/dag_scraping.py
[2025-04-10T09:19:04.188+0000] {logging_mixin.py:190} INFO - [2025-04-10T09:19:04.188+0000] {dag.py:3239} INFO - Sync 1 DAGs
[2025-04-10T09:19:04.209+0000] {logging_mixin.py:190} INFO - [2025-04-10T09:19:04.209+0000] {dag.py:4180} INFO - Setting next_dagrun for scraping_farfetch_mensal to 2025-03-01 03:00:00+00:00, run_after=2025-04-01 03:00:00+00:00
[2025-04-10T09:19:04.230+0000] {processor.py:208} INFO - Processing /opt/airflow/dags/dag_scraping.py took 0.520 seconds
[2025-04-10T09:19:34.561+0000] {processor.py:186} INFO - Started process (PID=95) to work on /opt/airflow/dags/dag_scraping.py
[2025-04-10T09:19:34.562+0000] {processor.py:914} INFO - Processing file /opt/airflow/dags/dag_scraping.py for tasks to queue
[2025-04-10T09:19:34.563+0000] {logging_mixin.py:190} INFO - [2025-04-10T09:19:34.563+0000] {dagbag.py:588} INFO - Filling up the DagBag from /opt/airflow/dags/dag_scraping.py
[2025-04-10T09:19:34.986+0000] {processor.py:925} INFO - DAG(s) 'scraping_farfetch_mensal' retrieved from /opt/airflow/dags/dag_scraping.py
[2025-04-10T09:19:35.002+0000] {logging_mixin.py:190} INFO - [2025-04-10T09:19:35.002+0000] {dag.py:3239} INFO - Sync 1 DAGs
[2025-04-10T09:19:35.017+0000] {logging_mixin.py:190} INFO - [2025-04-10T09:19:35.017+0000] {dag.py:4180} INFO - Setting next_dagrun for scraping_farfetch_mensal to 2025-03-01 03:00:00+00:00, run_after=2025-04-01 03:00:00+00:00
[2025-04-10T09:19:35.032+0000] {processor.py:208} INFO - Processing /opt/airflow/dags/dag_scraping.py took 0.475 seconds
[2025-04-10T09:20:05.117+0000] {processor.py:186} INFO - Started process (PID=97) to work on /opt/airflow/dags/dag_scraping.py
[2025-04-10T09:20:05.117+0000] {processor.py:914} INFO - Processing file /opt/airflow/dags/dag_scraping.py for tasks to queue
[2025-04-10T09:20:05.119+0000] {logging_mixin.py:190} INFO - [2025-04-10T09:20:05.119+0000] {dagbag.py:588} INFO - Filling up the DagBag from /opt/airflow/dags/dag_scraping.py
[2025-04-10T09:20:05.513+0000] {processor.py:925} INFO - DAG(s) 'scraping_farfetch_mensal' retrieved from /opt/airflow/dags/dag_scraping.py
[2025-04-10T09:20:05.529+0000] {logging_mixin.py:190} INFO - [2025-04-10T09:20:05.529+0000] {dag.py:3239} INFO - Sync 1 DAGs
[2025-04-10T09:20:05.545+0000] {logging_mixin.py:190} INFO - [2025-04-10T09:20:05.545+0000] {dag.py:4180} INFO - Setting next_dagrun for scraping_farfetch_mensal to 2025-03-01 03:00:00+00:00, run_after=2025-04-01 03:00:00+00:00
[2025-04-10T09:20:05.561+0000] {processor.py:208} INFO - Processing /opt/airflow/dags/dag_scraping.py took 0.447 seconds
[2025-04-10T09:20:36.051+0000] {processor.py:186} INFO - Started process (PID=99) to work on /opt/airflow/dags/dag_scraping.py
[2025-04-10T09:20:36.052+0000] {processor.py:914} INFO - Processing file /opt/airflow/dags/dag_scraping.py for tasks to queue
[2025-04-10T09:20:36.053+0000] {logging_mixin.py:190} INFO - [2025-04-10T09:20:36.053+0000] {dagbag.py:588} INFO - Filling up the DagBag from /opt/airflow/dags/dag_scraping.py
[2025-04-10T09:20:36.414+0000] {processor.py:925} INFO - DAG(s) 'scraping_farfetch_mensal' retrieved from /opt/airflow/dags/dag_scraping.py
[2025-04-10T09:20:36.430+0000] {logging_mixin.py:190} INFO - [2025-04-10T09:20:36.430+0000] {dag.py:3239} INFO - Sync 1 DAGs
[2025-04-10T09:20:36.445+0000] {logging_mixin.py:190} INFO - [2025-04-10T09:20:36.445+0000] {dag.py:4180} INFO - Setting next_dagrun for scraping_farfetch_mensal to 2025-03-01 03:00:00+00:00, run_after=2025-04-01 03:00:00+00:00
[2025-04-10T09:20:36.457+0000] {processor.py:208} INFO - Processing /opt/airflow/dags/dag_scraping.py took 0.410 seconds
[2025-04-10T09:21:06.913+0000] {processor.py:186} INFO - Started process (PID=101) to work on /opt/airflow/dags/dag_scraping.py
[2025-04-10T09:21:06.913+0000] {processor.py:914} INFO - Processing file /opt/airflow/dags/dag_scraping.py for tasks to queue
[2025-04-10T09:21:06.915+0000] {logging_mixin.py:190} INFO - [2025-04-10T09:21:06.915+0000] {dagbag.py:588} INFO - Filling up the DagBag from /opt/airflow/dags/dag_scraping.py
[2025-04-10T09:21:07.269+0000] {processor.py:925} INFO - DAG(s) 'scraping_farfetch_mensal' retrieved from /opt/airflow/dags/dag_scraping.py
[2025-04-10T09:21:07.284+0000] {logging_mixin.py:190} INFO - [2025-04-10T09:21:07.284+0000] {dag.py:3239} INFO - Sync 1 DAGs
[2025-04-10T09:21:07.299+0000] {logging_mixin.py:190} INFO - [2025-04-10T09:21:07.299+0000] {dag.py:4180} INFO - Setting next_dagrun for scraping_farfetch_mensal to 2025-03-01 03:00:00+00:00, run_after=2025-04-01 03:00:00+00:00
[2025-04-10T09:21:07.313+0000] {processor.py:208} INFO - Processing /opt/airflow/dags/dag_scraping.py took 0.404 seconds
[2025-04-10T09:21:38.180+0000] {processor.py:186} INFO - Started process (PID=103) to work on /opt/airflow/dags/dag_scraping.py
[2025-04-10T09:21:38.181+0000] {processor.py:914} INFO - Processing file /opt/airflow/dags/dag_scraping.py for tasks to queue
[2025-04-10T09:21:38.182+0000] {logging_mixin.py:190} INFO - [2025-04-10T09:21:38.182+0000] {dagbag.py:588} INFO - Filling up the DagBag from /opt/airflow/dags/dag_scraping.py
[2025-04-10T09:21:38.603+0000] {processor.py:925} INFO - DAG(s) 'scraping_farfetch_mensal' retrieved from /opt/airflow/dags/dag_scraping.py
[2025-04-10T09:21:38.619+0000] {logging_mixin.py:190} INFO - [2025-04-10T09:21:38.619+0000] {dag.py:3239} INFO - Sync 1 DAGs
[2025-04-10T09:21:38.634+0000] {logging_mixin.py:190} INFO - [2025-04-10T09:21:38.634+0000] {dag.py:4180} INFO - Setting next_dagrun for scraping_farfetch_mensal to 2025-03-01 03:00:00+00:00, run_after=2025-04-01 03:00:00+00:00
[2025-04-10T09:21:38.647+0000] {processor.py:208} INFO - Processing /opt/airflow/dags/dag_scraping.py took 0.470 seconds
[2025-04-10T09:22:09.023+0000] {processor.py:186} INFO - Started process (PID=105) to work on /opt/airflow/dags/dag_scraping.py
[2025-04-10T09:22:09.024+0000] {processor.py:914} INFO - Processing file /opt/airflow/dags/dag_scraping.py for tasks to queue
[2025-04-10T09:22:09.026+0000] {logging_mixin.py:190} INFO - [2025-04-10T09:22:09.025+0000] {dagbag.py:588} INFO - Filling up the DagBag from /opt/airflow/dags/dag_scraping.py
[2025-04-10T09:22:09.414+0000] {processor.py:925} INFO - DAG(s) 'scraping_farfetch_mensal' retrieved from /opt/airflow/dags/dag_scraping.py
[2025-04-10T09:22:09.431+0000] {logging_mixin.py:190} INFO - [2025-04-10T09:22:09.431+0000] {dag.py:3239} INFO - Sync 1 DAGs
[2025-04-10T09:22:09.446+0000] {logging_mixin.py:190} INFO - [2025-04-10T09:22:09.446+0000] {dag.py:4180} INFO - Setting next_dagrun for scraping_farfetch_mensal to 2025-03-01 03:00:00+00:00, run_after=2025-04-01 03:00:00+00:00
[2025-04-10T09:22:09.461+0000] {processor.py:208} INFO - Processing /opt/airflow/dags/dag_scraping.py took 0.442 seconds
[2025-04-10T09:22:39.864+0000] {processor.py:186} INFO - Started process (PID=107) to work on /opt/airflow/dags/dag_scraping.py
[2025-04-10T09:22:39.864+0000] {processor.py:914} INFO - Processing file /opt/airflow/dags/dag_scraping.py for tasks to queue
[2025-04-10T09:22:39.867+0000] {logging_mixin.py:190} INFO - [2025-04-10T09:22:39.866+0000] {dagbag.py:588} INFO - Filling up the DagBag from /opt/airflow/dags/dag_scraping.py
[2025-04-10T09:22:40.314+0000] {processor.py:925} INFO - DAG(s) 'scraping_farfetch_mensal' retrieved from /opt/airflow/dags/dag_scraping.py
[2025-04-10T09:22:40.346+0000] {logging_mixin.py:190} INFO - [2025-04-10T09:22:40.346+0000] {dag.py:3239} INFO - Sync 1 DAGs
[2025-04-10T09:22:40.364+0000] {logging_mixin.py:190} INFO - [2025-04-10T09:22:40.363+0000] {dag.py:4180} INFO - Setting next_dagrun for scraping_farfetch_mensal to 2025-03-01 03:00:00+00:00, run_after=2025-04-01 03:00:00+00:00
[2025-04-10T09:22:40.383+0000] {processor.py:208} INFO - Processing /opt/airflow/dags/dag_scraping.py took 0.523 seconds
[2025-04-10T09:23:11.076+0000] {processor.py:186} INFO - Started process (PID=109) to work on /opt/airflow/dags/dag_scraping.py
[2025-04-10T09:23:11.077+0000] {processor.py:914} INFO - Processing file /opt/airflow/dags/dag_scraping.py for tasks to queue
[2025-04-10T09:23:11.078+0000] {logging_mixin.py:190} INFO - [2025-04-10T09:23:11.078+0000] {dagbag.py:588} INFO - Filling up the DagBag from /opt/airflow/dags/dag_scraping.py
[2025-04-10T09:23:11.486+0000] {processor.py:925} INFO - DAG(s) 'scraping_farfetch_mensal' retrieved from /opt/airflow/dags/dag_scraping.py
[2025-04-10T09:23:11.503+0000] {logging_mixin.py:190} INFO - [2025-04-10T09:23:11.503+0000] {dag.py:3239} INFO - Sync 1 DAGs
[2025-04-10T09:23:11.519+0000] {logging_mixin.py:190} INFO - [2025-04-10T09:23:11.519+0000] {dag.py:4180} INFO - Setting next_dagrun for scraping_farfetch_mensal to 2025-03-01 03:00:00+00:00, run_after=2025-04-01 03:00:00+00:00
[2025-04-10T09:23:11.533+0000] {processor.py:208} INFO - Processing /opt/airflow/dags/dag_scraping.py took 0.460 seconds
[2025-04-10T09:23:41.817+0000] {processor.py:186} INFO - Started process (PID=111) to work on /opt/airflow/dags/dag_scraping.py
[2025-04-10T09:23:41.817+0000] {processor.py:914} INFO - Processing file /opt/airflow/dags/dag_scraping.py for tasks to queue
[2025-04-10T09:23:41.819+0000] {logging_mixin.py:190} INFO - [2025-04-10T09:23:41.819+0000] {dagbag.py:588} INFO - Filling up the DagBag from /opt/airflow/dags/dag_scraping.py
[2025-04-10T09:23:42.235+0000] {processor.py:925} INFO - DAG(s) 'scraping_farfetch_mensal' retrieved from /opt/airflow/dags/dag_scraping.py
[2025-04-10T09:23:42.253+0000] {logging_mixin.py:190} INFO - [2025-04-10T09:23:42.253+0000] {dag.py:3239} INFO - Sync 1 DAGs
[2025-04-10T09:23:42.271+0000] {logging_mixin.py:190} INFO - [2025-04-10T09:23:42.271+0000] {dag.py:4180} INFO - Setting next_dagrun for scraping_farfetch_mensal to 2025-03-01 03:00:00+00:00, run_after=2025-04-01 03:00:00+00:00
[2025-04-10T09:23:42.289+0000] {processor.py:208} INFO - Processing /opt/airflow/dags/dag_scraping.py took 0.477 seconds
[2025-04-10T09:24:12.399+0000] {processor.py:186} INFO - Started process (PID=113) to work on /opt/airflow/dags/dag_scraping.py
[2025-04-10T09:24:12.400+0000] {processor.py:914} INFO - Processing file /opt/airflow/dags/dag_scraping.py for tasks to queue
[2025-04-10T09:24:12.401+0000] {logging_mixin.py:190} INFO - [2025-04-10T09:24:12.401+0000] {dagbag.py:588} INFO - Filling up the DagBag from /opt/airflow/dags/dag_scraping.py
[2025-04-10T09:24:12.943+0000] {processor.py:925} INFO - DAG(s) 'scraping_farfetch_mensal' retrieved from /opt/airflow/dags/dag_scraping.py
[2025-04-10T09:24:12.961+0000] {logging_mixin.py:190} INFO - [2025-04-10T09:24:12.961+0000] {dag.py:3239} INFO - Sync 1 DAGs
[2025-04-10T09:24:12.978+0000] {logging_mixin.py:190} INFO - [2025-04-10T09:24:12.977+0000] {dag.py:4180} INFO - Setting next_dagrun for scraping_farfetch_mensal to 2025-03-01 03:00:00+00:00, run_after=2025-04-01 03:00:00+00:00
[2025-04-10T09:24:12.995+0000] {processor.py:208} INFO - Processing /opt/airflow/dags/dag_scraping.py took 0.601 seconds
[2025-04-10T09:24:44.347+0000] {processor.py:186} INFO - Started process (PID=119) to work on /opt/airflow/dags/dag_scraping.py
[2025-04-10T09:24:44.361+0000] {processor.py:914} INFO - Processing file /opt/airflow/dags/dag_scraping.py for tasks to queue
[2025-04-10T09:24:44.366+0000] {logging_mixin.py:190} INFO - [2025-04-10T09:24:44.366+0000] {dagbag.py:588} INFO - Filling up the DagBag from /opt/airflow/dags/dag_scraping.py
[2025-04-10T09:26:05.055+0000] {processor.py:186} INFO - Started process (PID=121) to work on /opt/airflow/dags/dag_scraping.py
[2025-04-10T09:26:05.057+0000] {processor.py:914} INFO - Processing file /opt/airflow/dags/dag_scraping.py for tasks to queue
[2025-04-10T09:26:05.064+0000] {logging_mixin.py:190} INFO - [2025-04-10T09:26:05.060+0000] {dagbag.py:588} INFO - Filling up the DagBag from /opt/airflow/dags/dag_scraping.py
[2025-04-10T09:26:08.923+0000] {processor.py:925} INFO - DAG(s) 'scraping_farfetch_mensal' retrieved from /opt/airflow/dags/dag_scraping.py
[2025-04-10T09:26:09.241+0000] {logging_mixin.py:190} INFO - [2025-04-10T09:26:09.240+0000] {dag.py:3239} INFO - Sync 1 DAGs
[2025-04-10T09:26:09.256+0000] {logging_mixin.py:190} INFO - [2025-04-10T09:26:09.256+0000] {dag.py:4180} INFO - Setting next_dagrun for scraping_farfetch_mensal to 2025-04-01 03:00:00+00:00, run_after=2025-05-01 03:00:00+00:00
[2025-04-10T09:26:09.340+0000] {processor.py:208} INFO - Processing /opt/airflow/dags/dag_scraping.py took 4.382 seconds
[2025-04-10T09:26:39.889+0000] {processor.py:186} INFO - Started process (PID=123) to work on /opt/airflow/dags/dag_scraping.py
[2025-04-10T09:26:39.890+0000] {processor.py:914} INFO - Processing file /opt/airflow/dags/dag_scraping.py for tasks to queue
[2025-04-10T09:26:39.891+0000] {logging_mixin.py:190} INFO - [2025-04-10T09:26:39.891+0000] {dagbag.py:588} INFO - Filling up the DagBag from /opt/airflow/dags/dag_scraping.py
[2025-04-10T09:26:40.316+0000] {processor.py:925} INFO - DAG(s) 'scraping_farfetch_mensal' retrieved from /opt/airflow/dags/dag_scraping.py
[2025-04-10T09:26:40.333+0000] {logging_mixin.py:190} INFO - [2025-04-10T09:26:40.333+0000] {dag.py:3239} INFO - Sync 1 DAGs
[2025-04-10T09:26:40.348+0000] {logging_mixin.py:190} INFO - [2025-04-10T09:26:40.348+0000] {dag.py:4180} INFO - Setting next_dagrun for scraping_farfetch_mensal to 2025-04-01 03:00:00+00:00, run_after=2025-05-01 03:00:00+00:00
[2025-04-10T09:26:40.363+0000] {processor.py:208} INFO - Processing /opt/airflow/dags/dag_scraping.py took 0.478 seconds
[2025-04-10T09:27:11.075+0000] {processor.py:186} INFO - Started process (PID=125) to work on /opt/airflow/dags/dag_scraping.py
[2025-04-10T09:27:11.076+0000] {processor.py:914} INFO - Processing file /opt/airflow/dags/dag_scraping.py for tasks to queue
[2025-04-10T09:27:11.077+0000] {logging_mixin.py:190} INFO - [2025-04-10T09:27:11.077+0000] {dagbag.py:588} INFO - Filling up the DagBag from /opt/airflow/dags/dag_scraping.py
[2025-04-10T09:27:11.445+0000] {processor.py:925} INFO - DAG(s) 'scraping_farfetch_mensal' retrieved from /opt/airflow/dags/dag_scraping.py
[2025-04-10T09:27:11.461+0000] {logging_mixin.py:190} INFO - [2025-04-10T09:27:11.460+0000] {dag.py:3239} INFO - Sync 1 DAGs
[2025-04-10T09:27:11.476+0000] {logging_mixin.py:190} INFO - [2025-04-10T09:27:11.476+0000] {dag.py:4180} INFO - Setting next_dagrun for scraping_farfetch_mensal to 2025-04-01 03:00:00+00:00, run_after=2025-05-01 03:00:00+00:00
[2025-04-10T09:27:11.490+0000] {processor.py:208} INFO - Processing /opt/airflow/dags/dag_scraping.py took 0.419 seconds
[2025-04-10T09:27:41.806+0000] {processor.py:186} INFO - Started process (PID=127) to work on /opt/airflow/dags/dag_scraping.py
[2025-04-10T09:27:41.807+0000] {processor.py:914} INFO - Processing file /opt/airflow/dags/dag_scraping.py for tasks to queue
[2025-04-10T09:27:41.808+0000] {logging_mixin.py:190} INFO - [2025-04-10T09:27:41.808+0000] {dagbag.py:588} INFO - Filling up the DagBag from /opt/airflow/dags/dag_scraping.py
[2025-04-10T09:27:42.250+0000] {processor.py:925} INFO - DAG(s) 'scraping_farfetch_mensal' retrieved from /opt/airflow/dags/dag_scraping.py
[2025-04-10T09:27:42.268+0000] {logging_mixin.py:190} INFO - [2025-04-10T09:27:42.267+0000] {dag.py:3239} INFO - Sync 1 DAGs
[2025-04-10T09:27:42.284+0000] {logging_mixin.py:190} INFO - [2025-04-10T09:27:42.284+0000] {dag.py:4180} INFO - Setting next_dagrun for scraping_farfetch_mensal to 2025-04-01 03:00:00+00:00, run_after=2025-05-01 03:00:00+00:00
[2025-04-10T09:27:42.298+0000] {processor.py:208} INFO - Processing /opt/airflow/dags/dag_scraping.py took 0.497 seconds
[2025-04-10T09:28:12.648+0000] {processor.py:186} INFO - Started process (PID=129) to work on /opt/airflow/dags/dag_scraping.py
[2025-04-10T09:28:12.649+0000] {processor.py:914} INFO - Processing file /opt/airflow/dags/dag_scraping.py for tasks to queue
[2025-04-10T09:28:12.650+0000] {logging_mixin.py:190} INFO - [2025-04-10T09:28:12.649+0000] {dagbag.py:588} INFO - Filling up the DagBag from /opt/airflow/dags/dag_scraping.py
[2025-04-10T09:28:13.056+0000] {processor.py:925} INFO - DAG(s) 'scraping_farfetch_mensal' retrieved from /opt/airflow/dags/dag_scraping.py
[2025-04-10T09:28:13.072+0000] {logging_mixin.py:190} INFO - [2025-04-10T09:28:13.072+0000] {dag.py:3239} INFO - Sync 1 DAGs
[2025-04-10T09:28:13.087+0000] {logging_mixin.py:190} INFO - [2025-04-10T09:28:13.087+0000] {dag.py:4180} INFO - Setting next_dagrun for scraping_farfetch_mensal to 2025-04-01 03:00:00+00:00, run_after=2025-05-01 03:00:00+00:00
[2025-04-10T09:28:13.101+0000] {processor.py:208} INFO - Processing /opt/airflow/dags/dag_scraping.py took 0.458 seconds
[2025-04-10T09:28:43.508+0000] {processor.py:186} INFO - Started process (PID=131) to work on /opt/airflow/dags/dag_scraping.py
[2025-04-10T09:28:43.509+0000] {processor.py:914} INFO - Processing file /opt/airflow/dags/dag_scraping.py for tasks to queue
[2025-04-10T09:28:43.509+0000] {logging_mixin.py:190} INFO - [2025-04-10T09:28:43.509+0000] {dagbag.py:588} INFO - Filling up the DagBag from /opt/airflow/dags/dag_scraping.py
[2025-04-10T09:28:43.953+0000] {processor.py:925} INFO - DAG(s) 'scraping_farfetch_mensal' retrieved from /opt/airflow/dags/dag_scraping.py
[2025-04-10T09:28:43.972+0000] {logging_mixin.py:190} INFO - [2025-04-10T09:28:43.972+0000] {dag.py:3239} INFO - Sync 1 DAGs
[2025-04-10T09:28:43.987+0000] {logging_mixin.py:190} INFO - [2025-04-10T09:28:43.987+0000] {dag.py:4180} INFO - Setting next_dagrun for scraping_farfetch_mensal to 2025-04-01 03:00:00+00:00, run_after=2025-05-01 03:00:00+00:00
[2025-04-10T09:28:44.005+0000] {processor.py:208} INFO - Processing /opt/airflow/dags/dag_scraping.py took 0.501 seconds
[2025-04-10T09:29:14.830+0000] {processor.py:186} INFO - Started process (PID=133) to work on /opt/airflow/dags/dag_scraping.py
[2025-04-10T09:29:14.831+0000] {processor.py:914} INFO - Processing file /opt/airflow/dags/dag_scraping.py for tasks to queue
[2025-04-10T09:29:14.833+0000] {logging_mixin.py:190} INFO - [2025-04-10T09:29:14.833+0000] {dagbag.py:588} INFO - Filling up the DagBag from /opt/airflow/dags/dag_scraping.py
[2025-04-10T09:30:07.968+0000] {processor.py:186} INFO - Started process (PID=38) to work on /opt/airflow/dags/dag_scraping.py
[2025-04-10T09:30:07.969+0000] {processor.py:914} INFO - Processing file /opt/airflow/dags/dag_scraping.py for tasks to queue
[2025-04-10T09:30:07.970+0000] {logging_mixin.py:190} INFO - [2025-04-10T09:30:07.970+0000] {dagbag.py:588} INFO - Filling up the DagBag from /opt/airflow/dags/dag_scraping.py
[2025-04-10T09:30:11.163+0000] {processor.py:925} INFO - DAG(s) 'scraping_farfetch_mensal' retrieved from /opt/airflow/dags/dag_scraping.py
[2025-04-10T09:30:11.192+0000] {logging_mixin.py:190} INFO - [2025-04-10T09:30:11.191+0000] {dag.py:3239} INFO - Sync 1 DAGs
[2025-04-10T09:30:11.216+0000] {logging_mixin.py:190} INFO - [2025-04-10T09:30:11.216+0000] {dag.py:4180} INFO - Setting next_dagrun for scraping_farfetch_mensal to 2025-04-01 03:00:00+00:00, run_after=2025-05-01 03:00:00+00:00
[2025-04-10T09:30:11.236+0000] {processor.py:208} INFO - Processing /opt/airflow/dags/dag_scraping.py took 3.271 seconds
[2025-04-10T09:30:41.404+0000] {processor.py:186} INFO - Started process (PID=40) to work on /opt/airflow/dags/dag_scraping.py
[2025-04-10T09:30:41.405+0000] {processor.py:914} INFO - Processing file /opt/airflow/dags/dag_scraping.py for tasks to queue
[2025-04-10T09:30:41.408+0000] {logging_mixin.py:190} INFO - [2025-04-10T09:30:41.407+0000] {dagbag.py:588} INFO - Filling up the DagBag from /opt/airflow/dags/dag_scraping.py
[2025-04-10T09:30:41.826+0000] {processor.py:925} INFO - DAG(s) 'scraping_farfetch_mensal' retrieved from /opt/airflow/dags/dag_scraping.py
[2025-04-10T09:30:41.844+0000] {logging_mixin.py:190} INFO - [2025-04-10T09:30:41.844+0000] {dag.py:3239} INFO - Sync 1 DAGs
[2025-04-10T09:30:41.861+0000] {logging_mixin.py:190} INFO - [2025-04-10T09:30:41.861+0000] {dag.py:4180} INFO - Setting next_dagrun for scraping_farfetch_mensal to 2025-04-01 03:00:00+00:00, run_after=2025-05-01 03:00:00+00:00
[2025-04-10T09:30:41.875+0000] {processor.py:208} INFO - Processing /opt/airflow/dags/dag_scraping.py took 0.475 seconds
[2025-04-10T09:31:12.072+0000] {processor.py:186} INFO - Started process (PID=42) to work on /opt/airflow/dags/dag_scraping.py
[2025-04-10T09:31:12.072+0000] {processor.py:914} INFO - Processing file /opt/airflow/dags/dag_scraping.py for tasks to queue
[2025-04-10T09:31:12.074+0000] {logging_mixin.py:190} INFO - [2025-04-10T09:31:12.074+0000] {dagbag.py:588} INFO - Filling up the DagBag from /opt/airflow/dags/dag_scraping.py
[2025-04-10T09:31:12.495+0000] {processor.py:925} INFO - DAG(s) 'scraping_farfetch_mensal' retrieved from /opt/airflow/dags/dag_scraping.py
[2025-04-10T09:31:12.513+0000] {logging_mixin.py:190} INFO - [2025-04-10T09:31:12.512+0000] {dag.py:3239} INFO - Sync 1 DAGs
[2025-04-10T09:31:12.529+0000] {logging_mixin.py:190} INFO - [2025-04-10T09:31:12.528+0000] {dag.py:4180} INFO - Setting next_dagrun for scraping_farfetch_mensal to 2025-04-01 03:00:00+00:00, run_after=2025-05-01 03:00:00+00:00
[2025-04-10T09:31:12.544+0000] {processor.py:208} INFO - Processing /opt/airflow/dags/dag_scraping.py took 0.476 seconds
[2025-04-10T09:31:42.692+0000] {processor.py:186} INFO - Started process (PID=44) to work on /opt/airflow/dags/dag_scraping.py
[2025-04-10T09:31:42.692+0000] {processor.py:914} INFO - Processing file /opt/airflow/dags/dag_scraping.py for tasks to queue
[2025-04-10T09:31:42.694+0000] {logging_mixin.py:190} INFO - [2025-04-10T09:31:42.694+0000] {dagbag.py:588} INFO - Filling up the DagBag from /opt/airflow/dags/dag_scraping.py
[2025-04-10T09:31:43.291+0000] {processor.py:925} INFO - DAG(s) 'scraping_farfetch_mensal' retrieved from /opt/airflow/dags/dag_scraping.py
[2025-04-10T09:31:43.319+0000] {logging_mixin.py:190} INFO - [2025-04-10T09:31:43.319+0000] {dag.py:3239} INFO - Sync 1 DAGs
[2025-04-10T09:31:43.340+0000] {logging_mixin.py:190} INFO - [2025-04-10T09:31:43.340+0000] {dag.py:4180} INFO - Setting next_dagrun for scraping_farfetch_mensal to 2025-04-01 03:00:00+00:00, run_after=2025-05-01 03:00:00+00:00
[2025-04-10T09:31:43.356+0000] {processor.py:208} INFO - Processing /opt/airflow/dags/dag_scraping.py took 0.670 seconds
[2025-04-10T09:32:13.578+0000] {processor.py:186} INFO - Started process (PID=46) to work on /opt/airflow/dags/dag_scraping.py
[2025-04-10T09:32:13.578+0000] {processor.py:914} INFO - Processing file /opt/airflow/dags/dag_scraping.py for tasks to queue
[2025-04-10T09:32:13.580+0000] {logging_mixin.py:190} INFO - [2025-04-10T09:32:13.580+0000] {dagbag.py:588} INFO - Filling up the DagBag from /opt/airflow/dags/dag_scraping.py
[2025-04-10T09:32:14.074+0000] {processor.py:925} INFO - DAG(s) 'scraping_farfetch_mensal' retrieved from /opt/airflow/dags/dag_scraping.py
[2025-04-10T09:32:14.104+0000] {logging_mixin.py:190} INFO - [2025-04-10T09:32:14.104+0000] {dag.py:3239} INFO - Sync 1 DAGs
[2025-04-10T09:32:14.125+0000] {logging_mixin.py:190} INFO - [2025-04-10T09:32:14.125+0000] {dag.py:4180} INFO - Setting next_dagrun for scraping_farfetch_mensal to 2025-04-01 03:00:00+00:00, run_after=2025-05-01 03:00:00+00:00
[2025-04-10T09:32:14.145+0000] {processor.py:208} INFO - Processing /opt/airflow/dags/dag_scraping.py took 0.577 seconds
[2025-04-10T09:32:44.715+0000] {processor.py:186} INFO - Started process (PID=48) to work on /opt/airflow/dags/dag_scraping.py
[2025-04-10T09:32:44.715+0000] {processor.py:914} INFO - Processing file /opt/airflow/dags/dag_scraping.py for tasks to queue
[2025-04-10T09:32:44.717+0000] {logging_mixin.py:190} INFO - [2025-04-10T09:32:44.717+0000] {dagbag.py:588} INFO - Filling up the DagBag from /opt/airflow/dags/dag_scraping.py
[2025-04-10T09:32:45.149+0000] {processor.py:925} INFO - DAG(s) 'scraping_farfetch_mensal' retrieved from /opt/airflow/dags/dag_scraping.py
[2025-04-10T09:32:45.168+0000] {logging_mixin.py:190} INFO - [2025-04-10T09:32:45.168+0000] {dag.py:3239} INFO - Sync 1 DAGs
[2025-04-10T09:32:45.200+0000] {logging_mixin.py:190} INFO - [2025-04-10T09:32:45.200+0000] {dag.py:4180} INFO - Setting next_dagrun for scraping_farfetch_mensal to 2025-04-01 03:00:00+00:00, run_after=2025-05-01 03:00:00+00:00
[2025-04-10T09:32:45.226+0000] {processor.py:208} INFO - Processing /opt/airflow/dags/dag_scraping.py took 0.521 seconds
[2025-04-10T09:33:15.871+0000] {processor.py:186} INFO - Started process (PID=50) to work on /opt/airflow/dags/dag_scraping.py
[2025-04-10T09:33:15.873+0000] {processor.py:914} INFO - Processing file /opt/airflow/dags/dag_scraping.py for tasks to queue
[2025-04-10T09:33:15.875+0000] {logging_mixin.py:190} INFO - [2025-04-10T09:33:15.875+0000] {dagbag.py:588} INFO - Filling up the DagBag from /opt/airflow/dags/dag_scraping.py
[2025-04-10T09:33:16.260+0000] {processor.py:925} INFO - DAG(s) 'scraping_farfetch_mensal' retrieved from /opt/airflow/dags/dag_scraping.py
[2025-04-10T09:33:16.288+0000] {logging_mixin.py:190} INFO - [2025-04-10T09:33:16.287+0000] {dag.py:3239} INFO - Sync 1 DAGs
[2025-04-10T09:33:16.309+0000] {logging_mixin.py:190} INFO - [2025-04-10T09:33:16.309+0000] {dag.py:4180} INFO - Setting next_dagrun for scraping_farfetch_mensal to 2025-04-01 03:00:00+00:00, run_after=2025-05-01 03:00:00+00:00
[2025-04-10T09:33:16.326+0000] {processor.py:208} INFO - Processing /opt/airflow/dags/dag_scraping.py took 0.461 seconds
[2025-04-10T09:33:46.923+0000] {processor.py:186} INFO - Started process (PID=52) to work on /opt/airflow/dags/dag_scraping.py
[2025-04-10T09:33:46.923+0000] {processor.py:914} INFO - Processing file /opt/airflow/dags/dag_scraping.py for tasks to queue
[2025-04-10T09:33:46.927+0000] {logging_mixin.py:190} INFO - [2025-04-10T09:33:46.926+0000] {dagbag.py:588} INFO - Filling up the DagBag from /opt/airflow/dags/dag_scraping.py
[2025-04-10T09:33:47.311+0000] {processor.py:925} INFO - DAG(s) 'scraping_farfetch_mensal' retrieved from /opt/airflow/dags/dag_scraping.py
[2025-04-10T09:33:47.327+0000] {logging_mixin.py:190} INFO - [2025-04-10T09:33:47.327+0000] {dag.py:3239} INFO - Sync 1 DAGs
[2025-04-10T09:33:47.342+0000] {logging_mixin.py:190} INFO - [2025-04-10T09:33:47.342+0000] {dag.py:4180} INFO - Setting next_dagrun for scraping_farfetch_mensal to 2025-04-01 03:00:00+00:00, run_after=2025-05-01 03:00:00+00:00
[2025-04-10T09:33:47.356+0000] {processor.py:208} INFO - Processing /opt/airflow/dags/dag_scraping.py took 0.436 seconds
[2025-04-10T09:34:18.089+0000] {processor.py:186} INFO - Started process (PID=54) to work on /opt/airflow/dags/dag_scraping.py
[2025-04-10T09:34:18.090+0000] {processor.py:914} INFO - Processing file /opt/airflow/dags/dag_scraping.py for tasks to queue
[2025-04-10T09:34:18.092+0000] {logging_mixin.py:190} INFO - [2025-04-10T09:34:18.092+0000] {dagbag.py:588} INFO - Filling up the DagBag from /opt/airflow/dags/dag_scraping.py
[2025-04-10T09:34:18.477+0000] {processor.py:925} INFO - DAG(s) 'scraping_farfetch_mensal' retrieved from /opt/airflow/dags/dag_scraping.py
[2025-04-10T09:34:18.575+0000] {logging_mixin.py:190} INFO - [2025-04-10T09:34:18.574+0000] {dag.py:3239} INFO - Sync 1 DAGs
[2025-04-10T09:34:18.623+0000] {logging_mixin.py:190} INFO - [2025-04-10T09:34:18.623+0000] {dag.py:4180} INFO - Setting next_dagrun for scraping_farfetch_mensal to 2025-04-01 03:00:00+00:00, run_after=2025-05-01 03:00:00+00:00
[2025-04-10T09:34:18.650+0000] {processor.py:208} INFO - Processing /opt/airflow/dags/dag_scraping.py took 0.564 seconds
[2025-04-10T09:34:48.822+0000] {processor.py:186} INFO - Started process (PID=56) to work on /opt/airflow/dags/dag_scraping.py
[2025-04-10T09:34:48.822+0000] {processor.py:914} INFO - Processing file /opt/airflow/dags/dag_scraping.py for tasks to queue
[2025-04-10T09:34:48.824+0000] {logging_mixin.py:190} INFO - [2025-04-10T09:34:48.824+0000] {dagbag.py:588} INFO - Filling up the DagBag from /opt/airflow/dags/dag_scraping.py
[2025-04-10T09:34:49.233+0000] {processor.py:925} INFO - DAG(s) 'scraping_farfetch_mensal' retrieved from /opt/airflow/dags/dag_scraping.py
[2025-04-10T09:34:49.251+0000] {logging_mixin.py:190} INFO - [2025-04-10T09:34:49.250+0000] {dag.py:3239} INFO - Sync 1 DAGs
[2025-04-10T09:34:49.267+0000] {logging_mixin.py:190} INFO - [2025-04-10T09:34:49.267+0000] {dag.py:4180} INFO - Setting next_dagrun for scraping_farfetch_mensal to 2025-04-01 03:00:00+00:00, run_after=2025-05-01 03:00:00+00:00
[2025-04-10T09:34:49.282+0000] {processor.py:208} INFO - Processing /opt/airflow/dags/dag_scraping.py took 0.464 seconds
[2025-04-10T09:35:19.618+0000] {processor.py:186} INFO - Started process (PID=58) to work on /opt/airflow/dags/dag_scraping.py
[2025-04-10T09:35:19.619+0000] {processor.py:914} INFO - Processing file /opt/airflow/dags/dag_scraping.py for tasks to queue
[2025-04-10T09:35:19.620+0000] {logging_mixin.py:190} INFO - [2025-04-10T09:35:19.620+0000] {dagbag.py:588} INFO - Filling up the DagBag from /opt/airflow/dags/dag_scraping.py
[2025-04-10T09:35:20.212+0000] {processor.py:925} INFO - DAG(s) 'scraping_farfetch_mensal' retrieved from /opt/airflow/dags/dag_scraping.py
[2025-04-10T09:35:20.241+0000] {logging_mixin.py:190} INFO - [2025-04-10T09:35:20.241+0000] {dag.py:3239} INFO - Sync 1 DAGs
[2025-04-10T09:35:20.301+0000] {logging_mixin.py:190} INFO - [2025-04-10T09:35:20.300+0000] {dag.py:4180} INFO - Setting next_dagrun for scraping_farfetch_mensal to 2025-04-01 03:00:00+00:00, run_after=2025-05-01 03:00:00+00:00
[2025-04-10T09:35:20.321+0000] {processor.py:208} INFO - Processing /opt/airflow/dags/dag_scraping.py took 0.706 seconds
[2025-04-10T09:35:53.835+0000] {processor.py:186} INFO - Started process (PID=60) to work on /opt/airflow/dags/dag_scraping.py
[2025-04-10T09:35:53.837+0000] {processor.py:914} INFO - Processing file /opt/airflow/dags/dag_scraping.py for tasks to queue
[2025-04-10T09:35:53.839+0000] {logging_mixin.py:190} INFO - [2025-04-10T09:35:53.839+0000] {dagbag.py:588} INFO - Filling up the DagBag from /opt/airflow/dags/dag_scraping.py
[2025-04-10T09:35:59.244+0000] {processor.py:925} INFO - DAG(s) 'scraping_farfetch_mensal' retrieved from /opt/airflow/dags/dag_scraping.py
[2025-04-10T09:35:59.320+0000] {logging_mixin.py:190} INFO - [2025-04-10T09:35:59.320+0000] {dag.py:3239} INFO - Sync 1 DAGs
[2025-04-10T09:35:59.361+0000] {logging_mixin.py:190} INFO - [2025-04-10T09:35:59.360+0000] {dag.py:4180} INFO - Setting next_dagrun for scraping_farfetch_mensal to 2025-04-01 03:00:00+00:00, run_after=2025-05-01 03:00:00+00:00
[2025-04-10T09:35:59.381+0000] {processor.py:208} INFO - Processing /opt/airflow/dags/dag_scraping.py took 7.719 seconds
[2025-04-10T09:36:29.732+0000] {processor.py:186} INFO - Started process (PID=62) to work on /opt/airflow/dags/dag_scraping.py
[2025-04-10T09:36:29.733+0000] {processor.py:914} INFO - Processing file /opt/airflow/dags/dag_scraping.py for tasks to queue
[2025-04-10T09:36:29.736+0000] {logging_mixin.py:190} INFO - [2025-04-10T09:36:29.736+0000] {dagbag.py:588} INFO - Filling up the DagBag from /opt/airflow/dags/dag_scraping.py
[2025-04-10T09:36:35.273+0000] {processor.py:925} INFO - DAG(s) 'scraping_farfetch_mensal' retrieved from /opt/airflow/dags/dag_scraping.py
[2025-04-10T09:36:35.304+0000] {logging_mixin.py:190} INFO - [2025-04-10T09:36:35.303+0000] {dag.py:3239} INFO - Sync 1 DAGs
[2025-04-10T09:36:35.323+0000] {logging_mixin.py:190} INFO - [2025-04-10T09:36:35.323+0000] {dag.py:4180} INFO - Setting next_dagrun for scraping_farfetch_mensal to 2025-04-01 03:00:00+00:00, run_after=2025-05-01 03:00:00+00:00
[2025-04-10T09:36:35.364+0000] {processor.py:208} INFO - Processing /opt/airflow/dags/dag_scraping.py took 2.908 seconds
[2025-04-10T09:37:07.253+0000] {processor.py:186} INFO - Started process (PID=64) to work on /opt/airflow/dags/dag_scraping.py
[2025-04-10T09:37:07.253+0000] {processor.py:914} INFO - Processing file /opt/airflow/dags/dag_scraping.py for tasks to queue
[2025-04-10T09:37:07.255+0000] {logging_mixin.py:190} INFO - [2025-04-10T09:37:07.255+0000] {dagbag.py:588} INFO - Filling up the DagBag from /opt/airflow/dags/dag_scraping.py
[2025-04-10T09:37:07.666+0000] {processor.py:925} INFO - DAG(s) 'scraping_farfetch_mensal' retrieved from /opt/airflow/dags/dag_scraping.py
[2025-04-10T09:37:07.684+0000] {logging_mixin.py:190} INFO - [2025-04-10T09:37:07.683+0000] {dag.py:3239} INFO - Sync 1 DAGs
[2025-04-10T09:37:07.701+0000] {logging_mixin.py:190} INFO - [2025-04-10T09:37:07.701+0000] {dag.py:4180} INFO - Setting next_dagrun for scraping_farfetch_mensal to 2025-04-01 03:00:00+00:00, run_after=2025-05-01 03:00:00+00:00
[2025-04-10T09:37:07.716+0000] {processor.py:208} INFO - Processing /opt/airflow/dags/dag_scraping.py took 0.467 seconds
[2025-04-10T09:37:38.027+0000] {processor.py:186} INFO - Started process (PID=66) to work on /opt/airflow/dags/dag_scraping.py
[2025-04-10T09:37:38.028+0000] {processor.py:914} INFO - Processing file /opt/airflow/dags/dag_scraping.py for tasks to queue
[2025-04-10T09:37:38.030+0000] {logging_mixin.py:190} INFO - [2025-04-10T09:37:38.029+0000] {dagbag.py:588} INFO - Filling up the DagBag from /opt/airflow/dags/dag_scraping.py
[2025-04-10T09:37:38.439+0000] {processor.py:925} INFO - DAG(s) 'scraping_farfetch_mensal' retrieved from /opt/airflow/dags/dag_scraping.py
[2025-04-10T09:37:38.457+0000] {logging_mixin.py:190} INFO - [2025-04-10T09:37:38.456+0000] {dag.py:3239} INFO - Sync 1 DAGs
[2025-04-10T09:37:38.473+0000] {logging_mixin.py:190} INFO - [2025-04-10T09:37:38.473+0000] {dag.py:4180} INFO - Setting next_dagrun for scraping_farfetch_mensal to 2025-04-01 03:00:00+00:00, run_after=2025-05-01 03:00:00+00:00
[2025-04-10T09:37:38.488+0000] {processor.py:208} INFO - Processing /opt/airflow/dags/dag_scraping.py took 0.465 seconds
[2025-04-10T09:38:09.116+0000] {processor.py:186} INFO - Started process (PID=68) to work on /opt/airflow/dags/dag_scraping.py
[2025-04-10T09:38:09.117+0000] {processor.py:914} INFO - Processing file /opt/airflow/dags/dag_scraping.py for tasks to queue
[2025-04-10T09:38:09.119+0000] {logging_mixin.py:190} INFO - [2025-04-10T09:38:09.118+0000] {dagbag.py:588} INFO - Filling up the DagBag from /opt/airflow/dags/dag_scraping.py
[2025-04-10T09:38:09.539+0000] {processor.py:925} INFO - DAG(s) 'scraping_farfetch_mensal' retrieved from /opt/airflow/dags/dag_scraping.py
[2025-04-10T09:38:09.555+0000] {logging_mixin.py:190} INFO - [2025-04-10T09:38:09.555+0000] {dag.py:3239} INFO - Sync 1 DAGs
[2025-04-10T09:38:09.571+0000] {logging_mixin.py:190} INFO - [2025-04-10T09:38:09.571+0000] {dag.py:4180} INFO - Setting next_dagrun for scraping_farfetch_mensal to 2025-04-01 03:00:00+00:00, run_after=2025-05-01 03:00:00+00:00
[2025-04-10T09:38:09.587+0000] {processor.py:208} INFO - Processing /opt/airflow/dags/dag_scraping.py took 0.475 seconds
[2025-04-10T09:38:40.559+0000] {processor.py:186} INFO - Started process (PID=70) to work on /opt/airflow/dags/dag_scraping.py
[2025-04-10T09:38:40.563+0000] {processor.py:914} INFO - Processing file /opt/airflow/dags/dag_scraping.py for tasks to queue
[2025-04-10T09:38:40.564+0000] {logging_mixin.py:190} INFO - [2025-04-10T09:38:40.564+0000] {dagbag.py:588} INFO - Filling up the DagBag from /opt/airflow/dags/dag_scraping.py
[2025-04-10T09:38:41.115+0000] {processor.py:925} INFO - DAG(s) 'scraping_farfetch_mensal' retrieved from /opt/airflow/dags/dag_scraping.py
[2025-04-10T09:38:41.134+0000] {logging_mixin.py:190} INFO - [2025-04-10T09:38:41.133+0000] {dag.py:3239} INFO - Sync 1 DAGs
[2025-04-10T09:38:41.154+0000] {logging_mixin.py:190} INFO - [2025-04-10T09:38:41.154+0000] {dag.py:4180} INFO - Setting next_dagrun for scraping_farfetch_mensal to 2025-04-01 03:00:00+00:00, run_after=2025-05-01 03:00:00+00:00
[2025-04-10T09:38:41.345+0000] {processor.py:208} INFO - Processing /opt/airflow/dags/dag_scraping.py took 0.792 seconds
[2025-04-10T09:39:11.409+0000] {processor.py:186} INFO - Started process (PID=72) to work on /opt/airflow/dags/dag_scraping.py
[2025-04-10T09:39:11.410+0000] {processor.py:914} INFO - Processing file /opt/airflow/dags/dag_scraping.py for tasks to queue
[2025-04-10T09:39:11.411+0000] {logging_mixin.py:190} INFO - [2025-04-10T09:39:11.411+0000] {dagbag.py:588} INFO - Filling up the DagBag from /opt/airflow/dags/dag_scraping.py
[2025-04-10T09:39:11.857+0000] {processor.py:925} INFO - DAG(s) 'scraping_farfetch_mensal' retrieved from /opt/airflow/dags/dag_scraping.py
[2025-04-10T09:39:11.873+0000] {logging_mixin.py:190} INFO - [2025-04-10T09:39:11.873+0000] {dag.py:3239} INFO - Sync 1 DAGs
[2025-04-10T09:39:11.891+0000] {logging_mixin.py:190} INFO - [2025-04-10T09:39:11.890+0000] {dag.py:4180} INFO - Setting next_dagrun for scraping_farfetch_mensal to 2025-04-01 03:00:00+00:00, run_after=2025-05-01 03:00:00+00:00
[2025-04-10T09:39:11.906+0000] {processor.py:208} INFO - Processing /opt/airflow/dags/dag_scraping.py took 0.501 seconds
[2025-04-10T09:39:42.220+0000] {processor.py:186} INFO - Started process (PID=74) to work on /opt/airflow/dags/dag_scraping.py
[2025-04-10T09:39:42.221+0000] {processor.py:914} INFO - Processing file /opt/airflow/dags/dag_scraping.py for tasks to queue
[2025-04-10T09:39:42.222+0000] {logging_mixin.py:190} INFO - [2025-04-10T09:39:42.222+0000] {dagbag.py:588} INFO - Filling up the DagBag from /opt/airflow/dags/dag_scraping.py
[2025-04-10T09:39:42.593+0000] {processor.py:925} INFO - DAG(s) 'scraping_farfetch_mensal' retrieved from /opt/airflow/dags/dag_scraping.py
[2025-04-10T09:39:42.610+0000] {logging_mixin.py:190} INFO - [2025-04-10T09:39:42.609+0000] {dag.py:3239} INFO - Sync 1 DAGs
[2025-04-10T09:39:42.624+0000] {logging_mixin.py:190} INFO - [2025-04-10T09:39:42.624+0000] {dag.py:4180} INFO - Setting next_dagrun for scraping_farfetch_mensal to 2025-04-01 03:00:00+00:00, run_after=2025-05-01 03:00:00+00:00
[2025-04-10T09:39:42.637+0000] {processor.py:208} INFO - Processing /opt/airflow/dags/dag_scraping.py took 0.420 seconds
