[2025-04-03T00:41:33.837+0000] {local_task_job_runner.py:123} INFO - ::group::Pre task execution logs
[2025-04-03T00:41:33.852+0000] {taskinstance.py:2614} INFO - Dependencies all met for dep_context=non-requeueable deps ti=<TaskInstance: scraping_local.executar_scraping scheduled__2024-06-01T00:00:00+00:00 [queued]>
[2025-04-03T00:41:33.860+0000] {taskinstance.py:2614} INFO - Dependencies all met for dep_context=requeueable deps ti=<TaskInstance: scraping_local.executar_scraping scheduled__2024-06-01T00:00:00+00:00 [queued]>
[2025-04-03T00:41:33.861+0000] {taskinstance.py:2867} INFO - Starting attempt 1 of 1
[2025-04-03T00:41:33.894+0000] {taskinstance.py:2890} INFO - Executing <Task(BashOperator): executar_scraping> on 2024-06-01 00:00:00+00:00
[2025-04-03T00:41:33.902+0000] {warnings.py:112} WARNING - /home/***/.local/lib/python3.12/site-packages/***/task/task_runner/standard_task_runner.py:70: DeprecationWarning: This process (pid=289) is multi-threaded, use of fork() may lead to deadlocks in the child.
  pid = os.fork()

[2025-04-03T00:41:33.904+0000] {standard_task_runner.py:72} INFO - Started process 301 to run task
[2025-04-03T00:41:33.904+0000] {standard_task_runner.py:104} INFO - Running: ['***', 'tasks', 'run', 'scraping_local', 'executar_scraping', 'scheduled__2024-06-01T00:00:00+00:00', '--job-id', '63', '--raw', '--subdir', 'DAGS_FOLDER/dag_scraping.py', '--cfg-path', '/tmp/tmphs35h7f6']
[2025-04-03T00:41:33.905+0000] {standard_task_runner.py:105} INFO - Job 63: Subtask executar_scraping
[2025-04-03T00:41:33.992+0000] {task_command.py:467} INFO - Running <TaskInstance: scraping_local.executar_scraping scheduled__2024-06-01T00:00:00+00:00 [running]> on host 7b1184e308c8
[2025-04-03T00:41:34.087+0000] {taskinstance.py:3134} INFO - Exporting env vars: AIRFLOW_CTX_DAG_OWNER='nicolas' AIRFLOW_CTX_DAG_ID='scraping_local' AIRFLOW_CTX_TASK_ID='executar_scraping' AIRFLOW_CTX_EXECUTION_DATE='2024-06-01T00:00:00+00:00' AIRFLOW_CTX_TRY_NUMBER='1' AIRFLOW_CTX_DAG_RUN_ID='scheduled__2024-06-01T00:00:00+00:00'
[2025-04-03T00:41:34.088+0000] {taskinstance.py:732} INFO - ::endgroup::
[2025-04-03T00:41:34.105+0000] {subprocess.py:78} INFO - Tmp dir root location: /tmp
[2025-04-03T00:41:34.106+0000] {subprocess.py:88} INFO - Running command: ['/usr/bin/bash', '-c', 'python3 ../../scrapping.py']
[2025-04-03T00:41:34.124+0000] {subprocess.py:99} INFO - Output:
[2025-04-03T00:41:34.155+0000] {subprocess.py:106} INFO - python3: can't open file '/tmp/***tmpo1lj286b/../../scrapping.py': [Errno 2] No such file or directory
[2025-04-03T00:41:34.159+0000] {subprocess.py:110} INFO - Command exited with return code 2
[2025-04-03T00:41:34.171+0000] {taskinstance.py:3313} ERROR - Task failed with exception
Traceback (most recent call last):
  File "/home/airflow/.local/lib/python3.12/site-packages/airflow/models/taskinstance.py", line 768, in _execute_task
    result = _execute_callable(context=context, **execute_callable_kwargs)
             ^^^^^^^^^^^^^^^^^^^^^^^^^^^^^^^^^^^^^^^^^^^^^^^^^^^^^^^^^^^^^
  File "/home/airflow/.local/lib/python3.12/site-packages/airflow/models/taskinstance.py", line 734, in _execute_callable
    return ExecutionCallableRunner(
           ^^^^^^^^^^^^^^^^^^^^^^^^
  File "/home/airflow/.local/lib/python3.12/site-packages/airflow/utils/operator_helpers.py", line 252, in run
    return self.func(*args, **kwargs)
           ^^^^^^^^^^^^^^^^^^^^^^^^^^
  File "/home/airflow/.local/lib/python3.12/site-packages/airflow/models/baseoperator.py", line 424, in wrapper
    return func(self, *args, **kwargs)
           ^^^^^^^^^^^^^^^^^^^^^^^^^^^
  File "/home/airflow/.local/lib/python3.12/site-packages/airflow/operators/bash.py", line 276, in execute
    raise AirflowException(
airflow.exceptions.AirflowException: Bash command failed. The command returned a non-zero exit code 2.
[2025-04-03T00:41:34.175+0000] {taskinstance.py:1226} INFO - Marking task as FAILED. dag_id=scraping_local, task_id=executar_scraping, run_id=scheduled__2024-06-01T00:00:00+00:00, execution_date=20240601T000000, start_date=20250403T004133, end_date=20250403T004134
[2025-04-03T00:41:34.207+0000] {taskinstance.py:341} INFO - ::group::Post task execution logs
[2025-04-03T00:41:34.208+0000] {standard_task_runner.py:124} ERROR - Failed to execute job 63 for task executar_scraping (Bash command failed. The command returned a non-zero exit code 2.; 301)
Traceback (most recent call last):
  File "/home/airflow/.local/lib/python3.12/site-packages/airflow/task/task_runner/standard_task_runner.py", line 117, in _start_by_fork
    ret = args.func(args, dag=self.dag)
          ^^^^^^^^^^^^^^^^^^^^^^^^^^^^^
  File "/home/airflow/.local/lib/python3.12/site-packages/airflow/cli/cli_config.py", line 49, in command
    return func(*args, **kwargs)
           ^^^^^^^^^^^^^^^^^^^^^
  File "/home/airflow/.local/lib/python3.12/site-packages/airflow/utils/cli.py", line 116, in wrapper
    return f(*args, **kwargs)
           ^^^^^^^^^^^^^^^^^^
  File "/home/airflow/.local/lib/python3.12/site-packages/airflow/cli/commands/task_command.py", line 483, in task_run
    task_return_code = _run_task_by_selected_method(args, _dag, ti)
                       ^^^^^^^^^^^^^^^^^^^^^^^^^^^^^^^^^^^^^^^^^^^^
  File "/home/airflow/.local/lib/python3.12/site-packages/airflow/cli/commands/task_command.py", line 256, in _run_task_by_selected_method
    return _run_raw_task(args, ti)
           ^^^^^^^^^^^^^^^^^^^^^^^
  File "/home/airflow/.local/lib/python3.12/site-packages/airflow/cli/commands/task_command.py", line 341, in _run_raw_task
    return ti._run_raw_task(
           ^^^^^^^^^^^^^^^^^
  File "/home/airflow/.local/lib/python3.12/site-packages/airflow/utils/session.py", line 97, in wrapper
    return func(*args, session=session, **kwargs)
           ^^^^^^^^^^^^^^^^^^^^^^^^^^^^^^^^^^^^^^
  File "/home/airflow/.local/lib/python3.12/site-packages/airflow/models/taskinstance.py", line 3006, in _run_raw_task
    return _run_raw_task(
           ^^^^^^^^^^^^^^
  File "/home/airflow/.local/lib/python3.12/site-packages/airflow/models/taskinstance.py", line 274, in _run_raw_task
    TaskInstance._execute_task_with_callbacks(
  File "/home/airflow/.local/lib/python3.12/site-packages/airflow/models/taskinstance.py", line 3161, in _execute_task_with_callbacks
    result = self._execute_task(context, task_orig)
             ^^^^^^^^^^^^^^^^^^^^^^^^^^^^^^^^^^^^^^
  File "/home/airflow/.local/lib/python3.12/site-packages/airflow/models/taskinstance.py", line 3185, in _execute_task
    return _execute_task(self, context, task_orig)
           ^^^^^^^^^^^^^^^^^^^^^^^^^^^^^^^^^^^^^^^
  File "/home/airflow/.local/lib/python3.12/site-packages/airflow/models/taskinstance.py", line 768, in _execute_task
    result = _execute_callable(context=context, **execute_callable_kwargs)
             ^^^^^^^^^^^^^^^^^^^^^^^^^^^^^^^^^^^^^^^^^^^^^^^^^^^^^^^^^^^^^
  File "/home/airflow/.local/lib/python3.12/site-packages/airflow/models/taskinstance.py", line 734, in _execute_callable
    return ExecutionCallableRunner(
           ^^^^^^^^^^^^^^^^^^^^^^^^
  File "/home/airflow/.local/lib/python3.12/site-packages/airflow/utils/operator_helpers.py", line 252, in run
    return self.func(*args, **kwargs)
           ^^^^^^^^^^^^^^^^^^^^^^^^^^
  File "/home/airflow/.local/lib/python3.12/site-packages/airflow/models/baseoperator.py", line 424, in wrapper
    return func(self, *args, **kwargs)
           ^^^^^^^^^^^^^^^^^^^^^^^^^^^
  File "/home/airflow/.local/lib/python3.12/site-packages/airflow/operators/bash.py", line 276, in execute
    raise AirflowException(
airflow.exceptions.AirflowException: Bash command failed. The command returned a non-zero exit code 2.
[2025-04-03T00:41:34.238+0000] {local_task_job_runner.py:266} INFO - Task exited with return code 1
[2025-04-03T00:41:34.253+0000] {taskinstance.py:3901} INFO - 0 downstream tasks scheduled from follow-on schedule check
[2025-04-03T00:41:34.256+0000] {local_task_job_runner.py:245} INFO - ::endgroup::
