[2025-04-21T13:39:25.241+0000] {local_task_job_runner.py:123} INFO - ::group::Pre task execution logs
[2025-04-21T13:39:25.255+0000] {taskinstance.py:2614} INFO - Dependencies all met for dep_context=non-requeueable deps ti=<TaskInstance: scraping_farfetch_mensal.executar_scraping_farfetch manual__2025-04-21T13:26:57.078138+00:00 [queued]>
[2025-04-21T13:39:25.261+0000] {taskinstance.py:2614} INFO - Dependencies all met for dep_context=requeueable deps ti=<TaskInstance: scraping_farfetch_mensal.executar_scraping_farfetch manual__2025-04-21T13:26:57.078138+00:00 [queued]>
[2025-04-21T13:39:25.261+0000] {taskinstance.py:2867} INFO - Starting attempt 2 of 2
[2025-04-21T13:39:25.276+0000] {taskinstance.py:2890} INFO - Executing <Task(PythonOperator): executar_scraping_farfetch> on 2025-04-21 13:26:57.078138+00:00
[2025-04-21T13:39:25.284+0000] {warnings.py:112} WARNING - /home/***/.local/lib/python3.12/site-packages/***/task/task_runner/standard_task_runner.py:70: DeprecationWarning: This process (pid=2557) is multi-threaded, use of fork() may lead to deadlocks in the child.
  pid = os.fork()

[2025-04-21T13:39:25.285+0000] {standard_task_runner.py:72} INFO - Started process 2559 to run task
[2025-04-21T13:39:25.285+0000] {standard_task_runner.py:104} INFO - Running: ['***', 'tasks', 'run', 'scraping_farfetch_mensal', 'executar_scraping_farfetch', 'manual__2025-04-21T13:26:57.078138+00:00', '--job-id', '4', '--raw', '--subdir', 'DAGS_FOLDER/dag_scraping.py', '--cfg-path', '/tmp/tmpdt1wyije']
[2025-04-21T13:39:25.287+0000] {standard_task_runner.py:105} INFO - Job 4: Subtask executar_scraping_farfetch
[2025-04-21T13:39:25.333+0000] {task_command.py:467} INFO - Running <TaskInstance: scraping_farfetch_mensal.executar_scraping_farfetch manual__2025-04-21T13:26:57.078138+00:00 [running]> on host 20be14974b22
[2025-04-21T13:39:25.405+0000] {taskinstance.py:3134} INFO - Exporting env vars: AIRFLOW_CTX_DAG_OWNER='nicolas' AIRFLOW_CTX_DAG_ID='scraping_farfetch_mensal' AIRFLOW_CTX_TASK_ID='executar_scraping_farfetch' AIRFLOW_CTX_EXECUTION_DATE='2025-04-21T13:26:57.078138+00:00' AIRFLOW_CTX_TRY_NUMBER='2' AIRFLOW_CTX_DAG_RUN_ID='manual__2025-04-21T13:26:57.078138+00:00'
[2025-04-21T13:39:25.406+0000] {taskinstance.py:732} INFO - ::endgroup::
[2025-04-21T13:39:30.008+0000] {scrapping.py:35} INFO - Acessando o link: https://www.farfetch.com/br/shopping/men/items.aspx
[2025-04-21T13:39:38.439+0000] {scrapping.py:54} INFO - Clicou no menu de Jaquetas via JavaScript
[2025-04-21T13:39:49.703+0000] {scrapping.py:76} INFO - Total de produtos: 96
[2025-04-21T13:39:50.824+0000] {scrapping.py:90} INFO - Produto 0 processado
[2025-04-21T13:39:52.257+0000] {scrapping.py:90} INFO - Produto 1 processado
[2025-04-21T13:39:53.282+0000] {scrapping.py:90} INFO - Produto 2 processado
[2025-04-21T13:39:54.304+0000] {scrapping.py:90} INFO - Produto 3 processado
[2025-04-21T13:39:55.331+0000] {scrapping.py:90} INFO - Produto 4 processado
[2025-04-21T13:39:56.355+0000] {scrapping.py:90} INFO - Produto 5 processado
[2025-04-21T13:39:57.384+0000] {scrapping.py:90} INFO - Produto 6 processado
[2025-04-21T13:39:58.406+0000] {scrapping.py:90} INFO - Produto 7 processado
[2025-04-21T13:39:59.435+0000] {scrapping.py:90} INFO - Produto 8 processado
[2025-04-21T13:40:00.462+0000] {scrapping.py:90} INFO - Produto 9 processado
[2025-04-21T13:40:01.486+0000] {scrapping.py:90} INFO - Produto 10 processado
[2025-04-21T13:40:02.509+0000] {scrapping.py:90} INFO - Produto 11 processado
[2025-04-21T13:40:03.534+0000] {scrapping.py:90} INFO - Produto 12 processado
[2025-04-21T13:40:04.558+0000] {scrapping.py:90} INFO - Produto 13 processado
[2025-04-21T13:40:05.582+0000] {scrapping.py:90} INFO - Produto 14 processado
[2025-04-21T13:40:09.328+0000] {scrapping.py:90} INFO - Produto 15 processado
[2025-04-21T13:40:10.354+0000] {scrapping.py:90} INFO - Produto 16 processado
[2025-04-21T13:40:11.381+0000] {scrapping.py:90} INFO - Produto 17 processado
[2025-04-21T13:40:12.406+0000] {scrapping.py:90} INFO - Produto 18 processado
[2025-04-21T13:40:13.430+0000] {scrapping.py:90} INFO - Produto 19 processado
[2025-04-21T13:40:14.458+0000] {scrapping.py:90} INFO - Produto 20 processado
[2025-04-21T13:40:15.483+0000] {scrapping.py:90} INFO - Produto 21 processado
[2025-04-21T13:40:16.509+0000] {scrapping.py:90} INFO - Produto 22 processado
[2025-04-21T13:40:17.534+0000] {scrapping.py:90} INFO - Produto 23 processado
[2025-04-21T13:40:18.560+0000] {scrapping.py:90} INFO - Produto 24 processado
[2025-04-21T13:40:19.584+0000] {scrapping.py:90} INFO - Produto 25 processado
[2025-04-21T13:40:20.609+0000] {scrapping.py:90} INFO - Produto 26 processado
[2025-04-21T13:40:21.633+0000] {scrapping.py:90} INFO - Produto 27 processado
[2025-04-21T13:40:22.658+0000] {scrapping.py:90} INFO - Produto 28 processado
[2025-04-21T13:40:23.685+0000] {scrapping.py:90} INFO - Produto 29 processado
[2025-04-21T13:40:24.714+0000] {scrapping.py:90} INFO - Produto 30 processado
[2025-04-21T13:40:25.740+0000] {scrapping.py:90} INFO - Produto 31 processado
[2025-04-21T13:40:26.767+0000] {scrapping.py:90} INFO - Produto 32 processado
[2025-04-21T13:40:27.792+0000] {scrapping.py:90} INFO - Produto 33 processado
[2025-04-21T13:40:28.817+0000] {scrapping.py:90} INFO - Produto 34 processado
[2025-04-21T13:40:29.839+0000] {scrapping.py:90} INFO - Produto 35 processado
[2025-04-21T13:40:30.868+0000] {scrapping.py:90} INFO - Produto 36 processado
[2025-04-21T13:40:31.890+0000] {scrapping.py:90} INFO - Produto 37 processado
[2025-04-21T13:40:32.912+0000] {scrapping.py:90} INFO - Produto 38 processado
[2025-04-21T13:40:33.937+0000] {scrapping.py:90} INFO - Produto 39 processado
[2025-04-21T13:40:34.963+0000] {scrapping.py:90} INFO - Produto 40 processado
[2025-04-21T13:40:35.985+0000] {scrapping.py:90} INFO - Produto 41 processado
[2025-04-21T13:40:37.007+0000] {scrapping.py:90} INFO - Produto 42 processado
[2025-04-21T13:40:38.030+0000] {scrapping.py:90} INFO - Produto 43 processado
[2025-04-21T13:37:25.847+0000] {scrapping.py:90} INFO - Produto 44 processado
[2025-04-21T13:40:41.167+0000] {scrapping.py:90} INFO - Produto 45 processado
[2025-04-21T13:40:42.191+0000] {scrapping.py:90} INFO - Produto 46 processado
[2025-04-21T13:40:43.216+0000] {scrapping.py:90} INFO - Produto 47 processado
[2025-04-21T13:40:44.243+0000] {scrapping.py:90} INFO - Produto 48 processado
[2025-04-21T13:40:45.267+0000] {scrapping.py:90} INFO - Produto 49 processado
[2025-04-21T13:40:46.293+0000] {scrapping.py:90} INFO - Produto 50 processado
[2025-04-21T13:40:47.320+0000] {scrapping.py:90} INFO - Produto 51 processado
[2025-04-21T13:40:48.347+0000] {scrapping.py:90} INFO - Produto 52 processado
[2025-04-21T13:40:49.371+0000] {scrapping.py:90} INFO - Produto 53 processado
[2025-04-21T13:40:50.398+0000] {scrapping.py:90} INFO - Produto 54 processado
[2025-04-21T13:40:51.422+0000] {scrapping.py:90} INFO - Produto 55 processado
[2025-04-21T13:40:52.449+0000] {scrapping.py:90} INFO - Produto 56 processado
[2025-04-21T13:40:53.473+0000] {scrapping.py:90} INFO - Produto 57 processado
[2025-04-21T13:40:54.501+0000] {scrapping.py:90} INFO - Produto 58 processado
[2025-04-21T13:40:55.524+0000] {scrapping.py:90} INFO - Produto 59 processado
[2025-04-21T13:40:56.550+0000] {scrapping.py:90} INFO - Produto 60 processado
[2025-04-21T13:40:57.574+0000] {scrapping.py:90} INFO - Produto 61 processado
[2025-04-21T13:40:58.601+0000] {scrapping.py:90} INFO - Produto 62 processado
[2025-04-21T13:40:59.629+0000] {scrapping.py:90} INFO - Produto 63 processado
[2025-04-21T13:41:00.656+0000] {scrapping.py:90} INFO - Produto 64 processado
[2025-04-21T13:41:01.678+0000] {scrapping.py:90} INFO - Produto 65 processado
[2025-04-21T13:41:02.700+0000] {scrapping.py:90} INFO - Produto 66 processado
[2025-04-21T13:41:03.722+0000] {scrapping.py:90} INFO - Produto 67 processado
[2025-04-21T13:41:04.746+0000] {scrapping.py:90} INFO - Produto 68 processado
[2025-04-21T13:41:05.768+0000] {scrapping.py:90} INFO - Produto 69 processado
[2025-04-21T13:41:06.793+0000] {scrapping.py:90} INFO - Produto 70 processado
[2025-04-21T13:41:07.819+0000] {scrapping.py:90} INFO - Produto 71 processado
[2025-04-21T13:41:08.845+0000] {scrapping.py:90} INFO - Produto 72 processado
[2025-04-21T13:41:09.868+0000] {scrapping.py:90} INFO - Produto 73 processado
[2025-04-21T13:41:11.800+0000] {scrapping.py:90} INFO - Produto 74 processado
[2025-04-21T13:41:12.824+0000] {scrapping.py:90} INFO - Produto 75 processado
[2025-04-21T13:41:13.852+0000] {scrapping.py:90} INFO - Produto 76 processado
[2025-04-21T13:41:14.875+0000] {scrapping.py:90} INFO - Produto 77 processado
[2025-04-21T13:41:15.897+0000] {scrapping.py:90} INFO - Produto 78 processado
[2025-04-21T13:41:16.920+0000] {scrapping.py:90} INFO - Produto 79 processado
[2025-04-21T13:41:17.951+0000] {scrapping.py:90} INFO - Produto 80 processado
[2025-04-21T13:41:18.980+0000] {scrapping.py:90} INFO - Produto 81 processado
[2025-04-21T13:41:20.002+0000] {scrapping.py:90} INFO - Produto 82 processado
[2025-04-21T13:41:21.023+0000] {scrapping.py:90} INFO - Produto 83 processado
[2025-04-21T13:41:22.047+0000] {scrapping.py:90} INFO - Produto 84 processado
[2025-04-21T13:41:23.080+0000] {scrapping.py:90} INFO - Produto 85 processado
[2025-04-21T13:41:24.107+0000] {scrapping.py:90} INFO - Produto 86 processado
[2025-04-21T13:41:25.131+0000] {scrapping.py:90} INFO - Produto 87 processado
[2025-04-21T13:41:26.161+0000] {scrapping.py:90} INFO - Produto 88 processado
[2025-04-21T13:41:27.185+0000] {scrapping.py:90} INFO - Produto 89 processado
[2025-04-21T13:41:28.209+0000] {scrapping.py:90} INFO - Produto 90 processado
[2025-04-21T13:41:29.233+0000] {scrapping.py:90} INFO - Produto 91 processado
[2025-04-21T13:41:30.266+0000] {scrapping.py:90} INFO - Produto 92 processado
[2025-04-21T13:41:31.289+0000] {scrapping.py:90} INFO - Produto 93 processado
[2025-04-21T13:41:32.312+0000] {scrapping.py:90} INFO - Produto 94 processado
[2025-04-21T13:41:33.333+0000] {scrapping.py:90} INFO - Produto 95 processado
[2025-04-21T13:41:36.941+0000] {scrapping.py:119} INFO - Dados salvos em: /opt/***/dados/bruto/promocoes_jaquetas_21042025_1.csv
[2025-04-21T13:41:36.941+0000] {scrapping.py:121} INFO - Iniciando tratamento...
[2025-04-21T13:41:36.953+0000] {tratamento.py:34} INFO - Arquivo mais recente encontrado: /opt/***/dados/bruto/promocoes_jaquetas_21042025_1.csv
[2025-04-21T13:41:47.727+0000] {logging_mixin.py:190} INFO - +-------+-----+-----+--------------+-------------------+--------+--------------+-----+-------------------+-------------+
|Produto|Marca|Preço|Preço Original|               Data|Desconto|Categoria Luxo|Media|Desconto Percentual|Classificação|
+-------+-----+-----+--------------+-------------------+--------+--------------+-----+-------------------+-------------+
|   NULL| NULL| NULL|          NULL|21-04-2025 13:41:46|    NULL| Muito Luxuoso|Baixa|               NULL|   Diferentes|
|   NULL| NULL| NULL|          NULL|21-04-2025 13:41:46|    NULL| Muito Luxuoso|Baixa|               NULL|   Diferentes|
|   NULL| NULL| NULL|          NULL|21-04-2025 13:41:46|    NULL| Muito Luxuoso|Baixa|               NULL|   Diferentes|
|   NULL| NULL| NULL|          NULL|21-04-2025 13:41:46|    NULL| Muito Luxuoso|Baixa|               NULL|   Diferentes|
|   NULL| NULL| NULL|          NULL|21-04-2025 13:41:46|    NULL| Muito Luxuoso|Baixa|               NULL|   Diferentes|
|   NULL| NULL| NULL|          NULL|21-04-2025 13:41:46|    NULL| Muito Luxuoso|Baixa|               NULL|   Diferentes|
|   NULL| NULL| NULL|          NULL|21-04-2025 13:41:46|    NULL| Muito Luxuoso|Baixa|               NULL|   Diferentes|
|   NULL| NULL| NULL|          NULL|21-04-2025 13:41:46|    NULL| Muito Luxuoso|Baixa|               NULL|   Diferentes|
|   NULL| NULL| NULL|          NULL|21-04-2025 13:41:46|    NULL| Muito Luxuoso|Baixa|               NULL|   Diferentes|
|   NULL| NULL| NULL|          NULL|21-04-2025 13:41:46|    NULL| Muito Luxuoso|Baixa|               NULL|   Diferentes|
|   NULL| NULL| NULL|          NULL|21-04-2025 13:41:46|    NULL| Muito Luxuoso|Baixa|               NULL|   Diferentes|
|   NULL| NULL| NULL|          NULL|21-04-2025 13:41:46|    NULL| Muito Luxuoso|Baixa|               NULL|   Diferentes|
|   NULL| NULL| NULL|          NULL|21-04-2025 13:41:46|    NULL| Muito Luxuoso|Baixa|               NULL|   Diferentes|
|   NULL| NULL| NULL|          NULL|21-04-2025 13:41:46|    NULL| Muito Luxuoso|Baixa|               NULL|   Diferentes|
|   NULL| NULL| NULL|          NULL|21-04-2025 13:41:46|    NULL| Muito Luxuoso|Baixa|               NULL|   Diferentes|
|   NULL| NULL| NULL|          NULL|21-04-2025 13:41:46|    NULL| Muito Luxuoso|Baixa|               NULL|   Diferentes|
|   NULL| NULL| NULL|          NULL|21-04-2025 13:41:46|    NULL| Muito Luxuoso|Baixa|               NULL|   Diferentes|
|   NULL| NULL| NULL|          NULL|21-04-2025 13:41:46|    NULL| Muito Luxuoso|Baixa|               NULL|   Diferentes|
|   NULL| NULL| NULL|          NULL|21-04-2025 13:41:46|    NULL| Muito Luxuoso|Baixa|               NULL|   Diferentes|
|   NULL| NULL| NULL|          NULL|21-04-2025 13:41:46|    NULL| Muito Luxuoso|Baixa|               NULL|   Diferentes|
+-------+-----+-----+--------------+-------------------+--------+--------------+-----+-------------------+-------------+
only showing top 20 rows
[2025-04-21T13:41:48.440+0000] {tratamento.py:95} INFO - CSV tratado salvo como jaquetas_tratado.csv
[2025-04-21T13:41:54.601+0000] {tratamento.py:114} INFO - Parquet tratado salvo como dados_tratado.parquet
[2025-04-21T13:41:59.785+0000] {tratamento.py:122} INFO - CSV consolidado (jaquetas_todos.csv) salvo com sucesso.
[2025-04-21T13:42:00.064+0000] {tratamento.py:125} INFO - Spark encerrado com sucesso.
[2025-04-21T13:42:00.064+0000] {scrapping.py:123} INFO - Tratamento finalizado.
[2025-04-21T13:42:00.065+0000] {python.py:240} INFO - Done. Returned value was: None
[2025-04-21T13:42:00.075+0000] {taskinstance.py:341} INFO - ::group::Post task execution logs
[2025-04-21T13:42:00.076+0000] {taskinstance.py:353} INFO - Marking task as SUCCESS. dag_id=scraping_farfetch_mensal, task_id=executar_scraping_farfetch, run_id=manual__2025-04-21T13:26:57.078138+00:00, execution_date=20250421T132657, start_date=20250421T133925, end_date=20250421T134200
[2025-04-21T13:42:00.143+0000] {local_task_job_runner.py:266} INFO - Task exited with return code 0
[2025-04-21T13:42:00.156+0000] {taskinstance.py:3901} INFO - 0 downstream tasks scheduled from follow-on schedule check
[2025-04-21T13:42:00.161+0000] {local_task_job_runner.py:245} INFO - ::endgroup::
