[2025-04-03T22:51:09.618+0000] {local_task_job_runner.py:123} INFO - ::group::Pre task execution logs
[2025-04-03T22:51:09.630+0000] {taskinstance.py:2614} INFO - Dependencies all met for dep_context=non-requeueable deps ti=<TaskInstance: executar_script_windows_ssh.rodar_script_via_ssh manual__2025-04-03T22:51:08.243547+00:00 [queued]>
[2025-04-03T22:51:09.635+0000] {taskinstance.py:2614} INFO - Dependencies all met for dep_context=requeueable deps ti=<TaskInstance: executar_script_windows_ssh.rodar_script_via_ssh manual__2025-04-03T22:51:08.243547+00:00 [queued]>
[2025-04-03T22:51:09.636+0000] {taskinstance.py:2867} INFO - Starting attempt 1 of 1
[2025-04-03T22:51:09.646+0000] {taskinstance.py:2890} INFO - Executing <Task(SSHOperator): rodar_script_via_ssh> on 2025-04-03 22:51:08.243547+00:00
[2025-04-03T22:51:09.652+0000] {warnings.py:112} WARNING - /home/***/.local/lib/python3.12/site-packages/***/task/task_runner/standard_task_runner.py:70: DeprecationWarning: This process (pid=61) is multi-threaded, use of fork() may lead to deadlocks in the child.
  pid = os.fork()

[2025-04-03T22:51:09.652+0000] {standard_task_runner.py:72} INFO - Started process 62 to run task
[2025-04-03T22:51:09.652+0000] {standard_task_runner.py:104} INFO - Running: ['***', 'tasks', 'run', 'executar_script_windows_ssh', 'rodar_script_via_ssh', 'manual__2025-04-03T22:51:08.243547+00:00', '--job-id', '3', '--raw', '--subdir', 'DAGS_FOLDER/dag_scraping.py', '--cfg-path', '/tmp/tmpvr94efv3']
[2025-04-03T22:51:09.653+0000] {standard_task_runner.py:105} INFO - Job 3: Subtask rodar_script_via_ssh
[2025-04-03T22:51:09.688+0000] {task_command.py:467} INFO - Running <TaskInstance: executar_script_windows_ssh.rodar_script_via_ssh manual__2025-04-03T22:51:08.243547+00:00 [running]> on host 58cf9fd92d57
[2025-04-03T22:51:09.752+0000] {taskinstance.py:3134} INFO - Exporting env vars: AIRFLOW_CTX_DAG_OWNER='***' AIRFLOW_CTX_DAG_ID='executar_script_windows_ssh' AIRFLOW_CTX_TASK_ID='rodar_script_via_ssh' AIRFLOW_CTX_EXECUTION_DATE='2025-04-03T22:51:08.243547+00:00' AIRFLOW_CTX_TRY_NUMBER='1' AIRFLOW_CTX_DAG_RUN_ID='manual__2025-04-03T22:51:08.243547+00:00'
[2025-04-03T22:51:09.752+0000] {taskinstance.py:732} INFO - ::endgroup::
[2025-04-03T22:51:09.761+0000] {ssh.py:123} INFO - ssh_hook is not provided or invalid. Trying ssh_conn_id to create SSHHook.
[2025-04-03T22:51:09.810+0000] {base.py:84} INFO - Retrieving connection 'windows_ssh'
[2025-04-03T22:51:09.810+0000] {ssh.py:286} WARNING - No Host Key Verification. This won't protect against Man-In-The-Middle attacks
[2025-04-03T22:51:09.844+0000] {transport.py:1944} INFO - Connected (version 2.0, client OpenSSH_for_Windows_9.5)
[2025-04-03T22:51:09.888+0000] {transport.py:1944} INFO - Authentication (password) successful!
[2025-04-03T22:51:09.889+0000] {ssh.py:432} INFO - Running command: start C:\Users\JPA\Desktop\Projetos\Selenium\projeto_selenium\env\Scripts\python.exe C:\Users\JPA\Desktop\Projetos\Selenium\projeto_selenium\scrapping.py
[2025-04-03T22:51:10.149+0000] {taskinstance.py:341} INFO - ::group::Post task execution logs
[2025-04-03T22:51:10.149+0000] {taskinstance.py:353} INFO - Marking task as SUCCESS. dag_id=executar_script_windows_ssh, task_id=rodar_script_via_ssh, run_id=manual__2025-04-03T22:51:08.243547+00:00, execution_date=20250403T225108, start_date=20250403T225109, end_date=20250403T225110
[2025-04-03T22:51:10.211+0000] {local_task_job_runner.py:266} INFO - Task exited with return code 0
[2025-04-03T22:51:10.223+0000] {taskinstance.py:3901} INFO - 0 downstream tasks scheduled from follow-on schedule check
[2025-04-03T22:51:10.227+0000] {local_task_job_runner.py:245} INFO - ::endgroup::
