[2025-04-03T00:40:56.249+0000] {local_task_job_runner.py:123} INFO - ::group::Pre task execution logs
[2025-04-03T00:40:56.268+0000] {taskinstance.py:2614} INFO - Dependencies all met for dep_context=non-requeueable deps ti=<TaskInstance: scraping_local.executar_scraping scheduled__2024-04-08T00:00:00+00:00 [queued]>
[2025-04-03T00:40:56.274+0000] {taskinstance.py:2614} INFO - Dependencies all met for dep_context=requeueable deps ti=<TaskInstance: scraping_local.executar_scraping scheduled__2024-04-08T00:00:00+00:00 [queued]>
[2025-04-03T00:40:56.275+0000] {taskinstance.py:2867} INFO - Starting attempt 1 of 1
[2025-04-03T00:40:56.287+0000] {taskinstance.py:2890} INFO - Executing <Task(BashOperator): executar_scraping> on 2024-04-08 00:00:00+00:00
[2025-04-03T00:40:56.294+0000] {warnings.py:112} WARNING - /home/***/.local/lib/python3.12/site-packages/***/task/task_runner/standard_task_runner.py:70: DeprecationWarning: This process (pid=67) is multi-threaded, use of fork() may lead to deadlocks in the child.
  pid = os.fork()

[2025-04-03T00:40:56.296+0000] {standard_task_runner.py:72} INFO - Started process 74 to run task
[2025-04-03T00:40:56.339+0000] {standard_task_runner.py:104} INFO - Running: ['***', 'tasks', 'run', 'scraping_local', 'executar_scraping', 'scheduled__2024-04-08T00:00:00+00:00', '--job-id', '7', '--raw', '--subdir', 'DAGS_FOLDER/dag_scraping.py', '--cfg-path', '/tmp/tmpdi22c2_s']
[2025-04-03T00:40:56.340+0000] {standard_task_runner.py:105} INFO - Job 7: Subtask executar_scraping
[2025-04-03T00:40:56.562+0000] {task_command.py:467} INFO - Running <TaskInstance: scraping_local.executar_scraping scheduled__2024-04-08T00:00:00+00:00 [running]> on host 7b1184e308c8
[2025-04-03T00:40:56.641+0000] {taskinstance.py:3134} INFO - Exporting env vars: AIRFLOW_CTX_DAG_OWNER='nicolas' AIRFLOW_CTX_DAG_ID='scraping_local' AIRFLOW_CTX_TASK_ID='executar_scraping' AIRFLOW_CTX_EXECUTION_DATE='2024-04-08T00:00:00+00:00' AIRFLOW_CTX_TRY_NUMBER='1' AIRFLOW_CTX_DAG_RUN_ID='scheduled__2024-04-08T00:00:00+00:00'
[2025-04-03T00:40:56.642+0000] {taskinstance.py:732} INFO - ::endgroup::
[2025-04-03T00:40:56.655+0000] {subprocess.py:78} INFO - Tmp dir root location: /tmp
[2025-04-03T00:40:56.656+0000] {subprocess.py:88} INFO - Running command: ['/usr/bin/bash', '-c', 'python3 ../../scrapping.py']
[2025-04-03T00:40:56.670+0000] {subprocess.py:99} INFO - Output:
[2025-04-03T00:40:56.698+0000] {subprocess.py:106} INFO - python3: can't open file '/tmp/***tmpm4xgf56h/../../scrapping.py': [Errno 2] No such file or directory
[2025-04-03T00:40:56.702+0000] {subprocess.py:110} INFO - Command exited with return code 2
[2025-04-03T00:40:56.735+0000] {taskinstance.py:3313} ERROR - Task failed with exception
Traceback (most recent call last):
  File "/home/airflow/.local/lib/python3.12/site-packages/airflow/models/taskinstance.py", line 768, in _execute_task
    result = _execute_callable(context=context, **execute_callable_kwargs)
             ^^^^^^^^^^^^^^^^^^^^^^^^^^^^^^^^^^^^^^^^^^^^^^^^^^^^^^^^^^^^^
  File "/home/airflow/.local/lib/python3.12/site-packages/airflow/models/taskinstance.py", line 734, in _execute_callable
    return ExecutionCallableRunner(
           ^^^^^^^^^^^^^^^^^^^^^^^^
  File "/home/airflow/.local/lib/python3.12/site-packages/airflow/utils/operator_helpers.py", line 252, in run
    return self.func(*args, **kwargs)
           ^^^^^^^^^^^^^^^^^^^^^^^^^^
  File "/home/airflow/.local/lib/python3.12/site-packages/airflow/models/baseoperator.py", line 424, in wrapper
    return func(self, *args, **kwargs)
           ^^^^^^^^^^^^^^^^^^^^^^^^^^^
  File "/home/airflow/.local/lib/python3.12/site-packages/airflow/operators/bash.py", line 276, in execute
    raise AirflowException(
airflow.exceptions.AirflowException: Bash command failed. The command returned a non-zero exit code 2.
[2025-04-03T00:40:56.745+0000] {taskinstance.py:1226} INFO - Marking task as FAILED. dag_id=scraping_local, task_id=executar_scraping, run_id=scheduled__2024-04-08T00:00:00+00:00, execution_date=20240408T000000, start_date=20250403T004056, end_date=20250403T004056
[2025-04-03T00:40:56.785+0000] {taskinstance.py:341} INFO - ::group::Post task execution logs
[2025-04-03T00:40:56.786+0000] {standard_task_runner.py:124} ERROR - Failed to execute job 7 for task executar_scraping (Bash command failed. The command returned a non-zero exit code 2.; 74)
Traceback (most recent call last):
  File "/home/airflow/.local/lib/python3.12/site-packages/airflow/task/task_runner/standard_task_runner.py", line 117, in _start_by_fork
    ret = args.func(args, dag=self.dag)
          ^^^^^^^^^^^^^^^^^^^^^^^^^^^^^
  File "/home/airflow/.local/lib/python3.12/site-packages/airflow/cli/cli_config.py", line 49, in command
    return func(*args, **kwargs)
           ^^^^^^^^^^^^^^^^^^^^^
  File "/home/airflow/.local/lib/python3.12/site-packages/airflow/utils/cli.py", line 116, in wrapper
    return f(*args, **kwargs)
           ^^^^^^^^^^^^^^^^^^
  File "/home/airflow/.local/lib/python3.12/site-packages/airflow/cli/commands/task_command.py", line 483, in task_run
    task_return_code = _run_task_by_selected_method(args, _dag, ti)
                       ^^^^^^^^^^^^^^^^^^^^^^^^^^^^^^^^^^^^^^^^^^^^
  File "/home/airflow/.local/lib/python3.12/site-packages/airflow/cli/commands/task_command.py", line 256, in _run_task_by_selected_method
    return _run_raw_task(args, ti)
           ^^^^^^^^^^^^^^^^^^^^^^^
  File "/home/airflow/.local/lib/python3.12/site-packages/airflow/cli/commands/task_command.py", line 341, in _run_raw_task
    return ti._run_raw_task(
           ^^^^^^^^^^^^^^^^^
  File "/home/airflow/.local/lib/python3.12/site-packages/airflow/utils/session.py", line 97, in wrapper
    return func(*args, session=session, **kwargs)
           ^^^^^^^^^^^^^^^^^^^^^^^^^^^^^^^^^^^^^^
  File "/home/airflow/.local/lib/python3.12/site-packages/airflow/models/taskinstance.py", line 3006, in _run_raw_task
    return _run_raw_task(
           ^^^^^^^^^^^^^^
  File "/home/airflow/.local/lib/python3.12/site-packages/airflow/models/taskinstance.py", line 274, in _run_raw_task
    TaskInstance._execute_task_with_callbacks(
  File "/home/airflow/.local/lib/python3.12/site-packages/airflow/models/taskinstance.py", line 3161, in _execute_task_with_callbacks
    result = self._execute_task(context, task_orig)
             ^^^^^^^^^^^^^^^^^^^^^^^^^^^^^^^^^^^^^^
  File "/home/airflow/.local/lib/python3.12/site-packages/airflow/models/taskinstance.py", line 3185, in _execute_task
    return _execute_task(self, context, task_orig)
           ^^^^^^^^^^^^^^^^^^^^^^^^^^^^^^^^^^^^^^^
  File "/home/airflow/.local/lib/python3.12/site-packages/airflow/models/taskinstance.py", line 768, in _execute_task
    result = _execute_callable(context=context, **execute_callable_kwargs)
             ^^^^^^^^^^^^^^^^^^^^^^^^^^^^^^^^^^^^^^^^^^^^^^^^^^^^^^^^^^^^^
  File "/home/airflow/.local/lib/python3.12/site-packages/airflow/models/taskinstance.py", line 734, in _execute_callable
    return ExecutionCallableRunner(
           ^^^^^^^^^^^^^^^^^^^^^^^^
  File "/home/airflow/.local/lib/python3.12/site-packages/airflow/utils/operator_helpers.py", line 252, in run
    return self.func(*args, **kwargs)
           ^^^^^^^^^^^^^^^^^^^^^^^^^^
  File "/home/airflow/.local/lib/python3.12/site-packages/airflow/models/baseoperator.py", line 424, in wrapper
    return func(self, *args, **kwargs)
           ^^^^^^^^^^^^^^^^^^^^^^^^^^^
  File "/home/airflow/.local/lib/python3.12/site-packages/airflow/operators/bash.py", line 276, in execute
    raise AirflowException(
airflow.exceptions.AirflowException: Bash command failed. The command returned a non-zero exit code 2.
[2025-04-03T00:40:56.820+0000] {local_task_job_runner.py:266} INFO - Task exited with return code 1
[2025-04-03T00:40:56.833+0000] {taskinstance.py:3901} INFO - 0 downstream tasks scheduled from follow-on schedule check
[2025-04-03T00:40:56.838+0000] {local_task_job_runner.py:245} INFO - ::endgroup::
