[2025-04-10T09:35:47.022+0000] {local_task_job_runner.py:123} INFO - ::group::Pre task execution logs
[2025-04-10T09:35:47.040+0000] {taskinstance.py:2614} INFO - Dependencies all met for dep_context=non-requeueable deps ti=<TaskInstance: scraping_farfetch_mensal.executar_scraping_farfetch manual__2025-04-10T09:24:31.910644+00:00 [queued]>
[2025-04-10T09:35:47.047+0000] {taskinstance.py:2614} INFO - Dependencies all met for dep_context=requeueable deps ti=<TaskInstance: scraping_farfetch_mensal.executar_scraping_farfetch manual__2025-04-10T09:24:31.910644+00:00 [queued]>
[2025-04-10T09:35:47.047+0000] {taskinstance.py:2867} INFO - Starting attempt 2 of 2
[2025-04-10T09:35:47.062+0000] {taskinstance.py:2890} INFO - Executing <Task(PythonOperator): executar_scraping_farfetch> on 2025-04-10 09:24:31.910644+00:00
[2025-04-10T09:35:47.078+0000] {warnings.py:112} WARNING - /home/***/.local/lib/python3.12/site-packages/***/task/task_runner/standard_task_runner.py:70: DeprecationWarning: This process (pid=56) is multi-threaded, use of fork() may lead to deadlocks in the child.
  pid = os.fork()

[2025-04-10T09:35:47.083+0000] {standard_task_runner.py:72} INFO - Started process 58 to run task
[2025-04-10T09:35:47.092+0000] {standard_task_runner.py:104} INFO - Running: ['***', 'tasks', 'run', 'scraping_farfetch_mensal', 'executar_scraping_farfetch', 'manual__2025-04-10T09:24:31.910644+00:00', '--job-id', '5', '--raw', '--subdir', 'DAGS_FOLDER/dag_scraping.py', '--cfg-path', '/tmp/tmpq2mw3_1h']
[2025-04-10T09:35:47.111+0000] {standard_task_runner.py:105} INFO - Job 5: Subtask executar_scraping_farfetch
[2025-04-10T09:35:47.304+0000] {task_command.py:467} INFO - Running <TaskInstance: scraping_farfetch_mensal.executar_scraping_farfetch manual__2025-04-10T09:24:31.910644+00:00 [running]> on host 75a9a64eb6d8
[2025-04-10T09:35:47.463+0000] {taskinstance.py:3134} INFO - Exporting env vars: AIRFLOW_CTX_DAG_OWNER='nicolas' AIRFLOW_CTX_DAG_ID='scraping_farfetch_mensal' AIRFLOW_CTX_TASK_ID='executar_scraping_farfetch' AIRFLOW_CTX_EXECUTION_DATE='2025-04-10T09:24:31.910644+00:00' AIRFLOW_CTX_TRY_NUMBER='2' AIRFLOW_CTX_DAG_RUN_ID='manual__2025-04-10T09:24:31.910644+00:00'
[2025-04-10T09:35:47.466+0000] {taskinstance.py:732} INFO - ::endgroup::
[2025-04-10T09:36:07.111+0000] {scrapping.py:27} INFO - Acessando o link: https://www.farfetch.com/br/shopping/men/items.aspx
[2025-04-10T09:36:12.891+0000] {scrapping.py:38} INFO - Entrou no menu de Jaquetas!
[2025-04-10T09:36:20.928+0000] {scrapping.py:64} INFO - Total de produtos: 96
[2025-04-10T09:36:21.953+0000] {scrapping.py:78} INFO - Produto 0 processado.
[2025-04-10T09:36:22.977+0000] {scrapping.py:78} INFO - Produto 1 processado.
[2025-04-10T09:36:24.094+0000] {scrapping.py:78} INFO - Produto 2 processado.
[2025-04-10T09:36:25.123+0000] {scrapping.py:78} INFO - Produto 3 processado.
[2025-04-10T09:36:26.147+0000] {scrapping.py:78} INFO - Produto 4 processado.
[2025-04-10T09:36:27.221+0000] {scrapping.py:78} INFO - Produto 5 processado.
[2025-04-10T09:36:28.243+0000] {scrapping.py:78} INFO - Produto 6 processado.
[2025-04-10T09:36:29.267+0000] {scrapping.py:78} INFO - Produto 7 processado.
[2025-04-10T09:36:30.289+0000] {scrapping.py:78} INFO - Produto 8 processado.
[2025-04-10T09:36:34.042+0000] {scrapping.py:78} INFO - Produto 9 processado.
[2025-04-10T09:36:35.079+0000] {scrapping.py:78} INFO - Produto 10 processado.
[2025-04-10T09:36:36.115+0000] {scrapping.py:78} INFO - Produto 11 processado.
[2025-04-10T09:36:37.148+0000] {scrapping.py:78} INFO - Produto 12 processado.
[2025-04-10T09:36:38.172+0000] {scrapping.py:78} INFO - Produto 13 processado.
[2025-04-10T09:36:39.194+0000] {scrapping.py:78} INFO - Produto 14 processado.
[2025-04-10T09:36:40.216+0000] {scrapping.py:78} INFO - Produto 15 processado.
[2025-04-10T09:36:41.239+0000] {scrapping.py:78} INFO - Produto 16 processado.
[2025-04-10T09:36:42.262+0000] {scrapping.py:78} INFO - Produto 17 processado.
[2025-04-10T09:36:43.287+0000] {scrapping.py:78} INFO - Produto 18 processado.
[2025-04-10T09:36:44.309+0000] {scrapping.py:78} INFO - Produto 19 processado.
[2025-04-10T09:36:45.334+0000] {scrapping.py:78} INFO - Produto 20 processado.
[2025-04-10T09:36:46.358+0000] {scrapping.py:78} INFO - Produto 21 processado.
[2025-04-10T09:36:47.382+0000] {scrapping.py:78} INFO - Produto 22 processado.
[2025-04-10T09:36:48.404+0000] {scrapping.py:78} INFO - Produto 23 processado.
[2025-04-10T09:36:49.425+0000] {scrapping.py:78} INFO - Produto 24 processado.
[2025-04-10T09:36:50.448+0000] {scrapping.py:78} INFO - Produto 25 processado.
[2025-04-10T09:36:51.471+0000] {scrapping.py:78} INFO - Produto 26 processado.
[2025-04-10T09:36:52.500+0000] {scrapping.py:78} INFO - Produto 27 processado.
[2025-04-10T09:36:53.523+0000] {scrapping.py:78} INFO - Produto 28 processado.
[2025-04-10T09:36:54.546+0000] {scrapping.py:78} INFO - Produto 29 processado.
[2025-04-10T09:36:55.572+0000] {scrapping.py:78} INFO - Produto 30 processado.
[2025-04-10T09:36:56.595+0000] {scrapping.py:78} INFO - Produto 31 processado.
[2025-04-10T09:36:57.617+0000] {scrapping.py:78} INFO - Produto 32 processado.
[2025-04-10T09:36:58.640+0000] {scrapping.py:78} INFO - Produto 33 processado.
[2025-04-10T09:36:59.663+0000] {scrapping.py:78} INFO - Produto 34 processado.
[2025-04-10T09:37:00.685+0000] {scrapping.py:78} INFO - Produto 35 processado.
[2025-04-10T09:37:01.706+0000] {scrapping.py:78} INFO - Produto 36 processado.
[2025-04-10T09:37:02.730+0000] {scrapping.py:78} INFO - Produto 37 processado.
[2025-04-10T09:37:03.753+0000] {scrapping.py:78} INFO - Produto 38 processado.
[2025-04-10T09:37:07.498+0000] {scrapping.py:78} INFO - Produto 39 processado.
[2025-04-10T09:37:08.524+0000] {scrapping.py:78} INFO - Produto 40 processado.
[2025-04-10T09:37:09.549+0000] {scrapping.py:78} INFO - Produto 41 processado.
[2025-04-10T09:37:10.573+0000] {scrapping.py:78} INFO - Produto 42 processado.
[2025-04-10T09:37:11.596+0000] {scrapping.py:78} INFO - Produto 43 processado.
[2025-04-10T09:37:12.621+0000] {scrapping.py:78} INFO - Produto 44 processado.
[2025-04-10T09:37:13.647+0000] {scrapping.py:78} INFO - Produto 45 processado.
[2025-04-10T09:37:14.670+0000] {scrapping.py:78} INFO - Produto 46 processado.
[2025-04-10T09:37:15.694+0000] {scrapping.py:78} INFO - Produto 47 processado.
[2025-04-10T09:37:16.717+0000] {scrapping.py:78} INFO - Produto 48 processado.
[2025-04-10T09:37:17.746+0000] {scrapping.py:78} INFO - Produto 49 processado.
[2025-04-10T09:37:18.772+0000] {scrapping.py:78} INFO - Produto 50 processado.
[2025-04-10T09:37:19.797+0000] {scrapping.py:78} INFO - Produto 51 processado.
[2025-04-10T09:37:20.821+0000] {scrapping.py:78} INFO - Produto 52 processado.
[2025-04-10T09:37:21.847+0000] {scrapping.py:78} INFO - Produto 53 processado.
[2025-04-10T09:37:22.872+0000] {scrapping.py:78} INFO - Produto 54 processado.
[2025-04-10T09:37:23.898+0000] {scrapping.py:78} INFO - Produto 55 processado.
[2025-04-10T09:37:24.923+0000] {scrapping.py:78} INFO - Produto 56 processado.
[2025-04-10T09:37:25.945+0000] {scrapping.py:78} INFO - Produto 57 processado.
[2025-04-10T09:37:26.967+0000] {scrapping.py:78} INFO - Produto 58 processado.
[2025-04-10T09:37:27.989+0000] {scrapping.py:78} INFO - Produto 59 processado.
[2025-04-10T09:37:29.009+0000] {scrapping.py:78} INFO - Produto 60 processado.
[2025-04-10T09:37:30.032+0000] {scrapping.py:78} INFO - Produto 61 processado.
[2025-04-10T09:37:31.055+0000] {scrapping.py:78} INFO - Produto 62 processado.
[2025-04-10T09:37:32.077+0000] {scrapping.py:78} INFO - Produto 63 processado.
[2025-04-10T09:37:33.097+0000] {scrapping.py:78} INFO - Produto 64 processado.
[2025-04-10T09:37:34.120+0000] {scrapping.py:78} INFO - Produto 65 processado.
[2025-04-10T09:37:35.142+0000] {scrapping.py:78} INFO - Produto 66 processado.
[2025-04-10T09:37:36.163+0000] {scrapping.py:78} INFO - Produto 67 processado.
[2025-04-10T09:37:38.320+0000] {scrapping.py:78} INFO - Produto 68 processado.
[2025-04-10T09:37:39.345+0000] {scrapping.py:78} INFO - Produto 69 processado.
[2025-04-10T09:37:40.369+0000] {scrapping.py:78} INFO - Produto 70 processado.
[2025-04-10T09:37:41.392+0000] {scrapping.py:78} INFO - Produto 71 processado.
[2025-04-10T09:37:42.415+0000] {scrapping.py:78} INFO - Produto 72 processado.
[2025-04-10T09:37:43.439+0000] {scrapping.py:78} INFO - Produto 73 processado.
[2025-04-10T09:37:44.463+0000] {scrapping.py:78} INFO - Produto 74 processado.
[2025-04-10T09:37:45.490+0000] {scrapping.py:78} INFO - Produto 75 processado.
[2025-04-10T09:37:46.513+0000] {scrapping.py:78} INFO - Produto 76 processado.
[2025-04-10T09:37:47.537+0000] {scrapping.py:78} INFO - Produto 77 processado.
[2025-04-10T09:37:48.562+0000] {scrapping.py:78} INFO - Produto 78 processado.
[2025-04-10T09:37:49.586+0000] {scrapping.py:78} INFO - Produto 79 processado.
[2025-04-10T09:37:50.609+0000] {scrapping.py:78} INFO - Produto 80 processado.
[2025-04-10T09:37:51.635+0000] {scrapping.py:78} INFO - Produto 81 processado.
[2025-04-10T09:37:52.659+0000] {scrapping.py:78} INFO - Produto 82 processado.
[2025-04-10T09:37:53.684+0000] {scrapping.py:78} INFO - Produto 83 processado.
[2025-04-10T09:37:54.707+0000] {scrapping.py:78} INFO - Produto 84 processado.
[2025-04-10T09:37:55.732+0000] {scrapping.py:78} INFO - Produto 85 processado.
[2025-04-10T09:37:56.758+0000] {scrapping.py:78} INFO - Produto 86 processado.
[2025-04-10T09:37:57.783+0000] {scrapping.py:78} INFO - Produto 87 processado.
[2025-04-10T09:37:58.805+0000] {scrapping.py:78} INFO - Produto 88 processado.
[2025-04-10T09:37:59.828+0000] {scrapping.py:78} INFO - Produto 89 processado.
[2025-04-10T09:38:00.855+0000] {scrapping.py:78} INFO - Produto 90 processado.
[2025-04-10T09:38:01.879+0000] {scrapping.py:78} INFO - Produto 91 processado.
[2025-04-10T09:38:02.901+0000] {scrapping.py:78} INFO - Produto 92 processado.
[2025-04-10T09:38:03.924+0000] {scrapping.py:78} INFO - Produto 93 processado.
[2025-04-10T09:38:04.946+0000] {scrapping.py:78} INFO - Produto 94 processado.
[2025-04-10T09:38:05.968+0000] {scrapping.py:78} INFO - Produto 95 processado.
[2025-04-10T09:38:10.515+0000] {scrapping.py:104} INFO - Dados salvos em: /opt/***/dados/bruto/promocoes_jaquetas_10042025.csv
[2025-04-10T09:38:10.515+0000] {scrapping.py:106} INFO - Iniciando tratamento...
[2025-04-10T09:38:10.527+0000] {tratamento.py:34} INFO - Arquivo mais recente encontrado: /opt/***/dados/bruto/promocoes_jaquetas_10042025.csv
[2025-04-10T09:38:12.849+0000] {taskinstance.py:3313} ERROR - Task failed with exception
Traceback (most recent call last):
  File "/home/airflow/.local/lib/python3.12/site-packages/airflow/models/taskinstance.py", line 768, in _execute_task
    result = _execute_callable(context=context, **execute_callable_kwargs)
             ^^^^^^^^^^^^^^^^^^^^^^^^^^^^^^^^^^^^^^^^^^^^^^^^^^^^^^^^^^^^^
  File "/home/airflow/.local/lib/python3.12/site-packages/airflow/models/taskinstance.py", line 734, in _execute_callable
    return ExecutionCallableRunner(
           ^^^^^^^^^^^^^^^^^^^^^^^^
  File "/home/airflow/.local/lib/python3.12/site-packages/airflow/utils/operator_helpers.py", line 252, in run
    return self.func(*args, **kwargs)
           ^^^^^^^^^^^^^^^^^^^^^^^^^^
  File "/home/airflow/.local/lib/python3.12/site-packages/airflow/models/baseoperator.py", line 424, in wrapper
    return func(self, *args, **kwargs)
           ^^^^^^^^^^^^^^^^^^^^^^^^^^^
  File "/home/airflow/.local/lib/python3.12/site-packages/airflow/operators/python.py", line 238, in execute
    return_value = self.execute_callable()
                   ^^^^^^^^^^^^^^^^^^^^^^^
  File "/home/airflow/.local/lib/python3.12/site-packages/airflow/operators/python.py", line 256, in execute_callable
    return runner.run(*self.op_args, **self.op_kwargs)
           ^^^^^^^^^^^^^^^^^^^^^^^^^^^^^^^^^^^^^^^^^^^
  File "/home/airflow/.local/lib/python3.12/site-packages/airflow/utils/operator_helpers.py", line 252, in run
    return self.func(*args, **kwargs)
           ^^^^^^^^^^^^^^^^^^^^^^^^^^
  File "/opt/airflow/scrapping.py", line 109, in run_scraping
    salvar_dados(produtos_lista)
  File "/opt/airflow/scrapping.py", line 107, in salvar_dados
    tratamento()
  File "/opt/airflow/tratamento.py", line 39, in tratamento
    spark = SparkSession.builder.appName("Calcula desconto").getOrCreate()
            ^^^^^^^^^^^^^^^^^^^^^^^^^^^^^^^^^^^^^^^^^^^^^^^^^^^^^^^^^^^^^^
  File "/home/airflow/.local/lib/python3.12/site-packages/pyspark/sql/session.py", line 228, in getOrCreate
    sc = SparkContext.getOrCreate(sparkConf)
         ^^^^^^^^^^^^^^^^^^^^^^^^^^^^^^^^^^^
  File "/home/airflow/.local/lib/python3.12/site-packages/pyspark/context.py", line 392, in getOrCreate
    SparkContext(conf=conf or SparkConf())
  File "/home/airflow/.local/lib/python3.12/site-packages/pyspark/context.py", line 146, in __init__
    self._do_init(master, appName, sparkHome, pyFiles, environment, batchSize, serializer,
  File "/home/airflow/.local/lib/python3.12/site-packages/pyspark/context.py", line 209, in _do_init
    self._jsc = jsc or self._initialize_context(self._conf._jconf)
                       ^^^^^^^^^^^^^^^^^^^^^^^^^^^^^^^^^^^^^^^^^^^
  File "/home/airflow/.local/lib/python3.12/site-packages/pyspark/context.py", line 329, in _initialize_context
    return self._jvm.JavaSparkContext(jconf)
           ^^^^^^^^^^^^^^^^^^^^^^^^^^^^^^^^^
  File "/home/airflow/.local/lib/python3.12/site-packages/py4j/java_gateway.py", line 1585, in __call__
    return_value = get_return_value(
                   ^^^^^^^^^^^^^^^^^
  File "/home/airflow/.local/lib/python3.12/site-packages/py4j/protocol.py", line 326, in get_return_value
    raise Py4JJavaError(
py4j.protocol.Py4JJavaError: An error occurred while calling None.org.apache.spark.api.java.JavaSparkContext.
: java.lang.IllegalAccessError: class org.apache.spark.storage.StorageUtils$ (in unnamed module @0x2e39ef76) cannot access class sun.nio.ch.DirectBuffer (in module java.base) because module java.base does not export sun.nio.ch to unnamed module @0x2e39ef76
	at org.apache.spark.storage.StorageUtils$.<init>(StorageUtils.scala:213)
	at org.apache.spark.storage.StorageUtils$.<clinit>(StorageUtils.scala)
	at org.apache.spark.storage.BlockManagerMasterEndpoint.<init>(BlockManagerMasterEndpoint.scala:110)
	at org.apache.spark.SparkEnv$.$anonfun$create$9(SparkEnv.scala:348)
	at org.apache.spark.SparkEnv$.registerOrLookupEndpoint$1(SparkEnv.scala:287)
	at org.apache.spark.SparkEnv$.create(SparkEnv.scala:336)
	at org.apache.spark.SparkEnv$.createDriverEnv(SparkEnv.scala:191)
	at org.apache.spark.SparkContext.createSparkEnv(SparkContext.scala:277)
	at org.apache.spark.SparkContext.<init>(SparkContext.scala:460)
	at org.apache.spark.api.java.JavaSparkContext.<init>(JavaSparkContext.scala:58)
	at java.base/jdk.internal.reflect.NativeConstructorAccessorImpl.newInstance0(Native Method)
	at java.base/jdk.internal.reflect.NativeConstructorAccessorImpl.newInstance(NativeConstructorAccessorImpl.java:77)
	at java.base/jdk.internal.reflect.DelegatingConstructorAccessorImpl.newInstance(DelegatingConstructorAccessorImpl.java:45)
	at java.base/java.lang.reflect.Constructor.newInstanceWithCaller(Constructor.java:500)
	at java.base/java.lang.reflect.Constructor.newInstance(Constructor.java:481)
	at py4j.reflection.MethodInvoker.invoke(MethodInvoker.java:247)
	at py4j.reflection.ReflectionEngine.invoke(ReflectionEngine.java:357)
	at py4j.Gateway.invoke(Gateway.java:238)
	at py4j.commands.ConstructorCommand.invokeConstructor(ConstructorCommand.java:80)
	at py4j.commands.ConstructorCommand.execute(ConstructorCommand.java:69)
	at py4j.ClientServerConnection.waitForCommands(ClientServerConnection.java:182)
	at py4j.ClientServerConnection.run(ClientServerConnection.java:106)
	at java.base/java.lang.Thread.run(Thread.java:840)

[2025-04-10T09:38:12.868+0000] {taskinstance.py:1226} INFO - Marking task as FAILED. dag_id=scraping_farfetch_mensal, task_id=executar_scraping_farfetch, run_id=manual__2025-04-10T09:24:31.910644+00:00, execution_date=20250410T092431, start_date=20250410T093547, end_date=20250410T093812
[2025-04-10T09:38:12.910+0000] {taskinstance.py:341} INFO - ::group::Post task execution logs
[2025-04-10T09:38:12.910+0000] {standard_task_runner.py:124} ERROR - Failed to execute job 5 for task executar_scraping_farfetch (An error occurred while calling None.org.apache.spark.api.java.JavaSparkContext.
: java.lang.IllegalAccessError: class org.apache.spark.storage.StorageUtils$ (in unnamed module @0x2e39ef76) cannot access class sun.nio.ch.DirectBuffer (in module java.base) because module java.base does not export sun.nio.ch to unnamed module @0x2e39ef76
	at org.apache.spark.storage.StorageUtils$.<init>(StorageUtils.scala:213)
	at org.apache.spark.storage.StorageUtils$.<clinit>(StorageUtils.scala)
	at org.apache.spark.storage.BlockManagerMasterEndpoint.<init>(BlockManagerMasterEndpoint.scala:110)
	at org.apache.spark.SparkEnv$.$anonfun$create$9(SparkEnv.scala:348)
	at org.apache.spark.SparkEnv$.registerOrLookupEndpoint$1(SparkEnv.scala:287)
	at org.apache.spark.SparkEnv$.create(SparkEnv.scala:336)
	at org.apache.spark.SparkEnv$.createDriverEnv(SparkEnv.scala:191)
	at org.apache.spark.SparkContext.createSparkEnv(SparkContext.scala:277)
	at org.apache.spark.SparkContext.<init>(SparkContext.scala:460)
	at org.apache.spark.api.java.JavaSparkContext.<init>(JavaSparkContext.scala:58)
	at java.base/jdk.internal.reflect.NativeConstructorAccessorImpl.newInstance0(Native Method)
	at java.base/jdk.internal.reflect.NativeConstructorAccessorImpl.newInstance(NativeConstructorAccessorImpl.java:77)
	at java.base/jdk.internal.reflect.DelegatingConstructorAccessorImpl.newInstance(DelegatingConstructorAccessorImpl.java:45)
	at java.base/java.lang.reflect.Constructor.newInstanceWithCaller(Constructor.java:500)
	at java.base/java.lang.reflect.Constructor.newInstance(Constructor.java:481)
	at py4j.reflection.MethodInvoker.invoke(MethodInvoker.java:247)
	at py4j.reflection.ReflectionEngine.invoke(ReflectionEngine.java:357)
	at py4j.Gateway.invoke(Gateway.java:238)
	at py4j.commands.ConstructorCommand.invokeConstructor(ConstructorCommand.java:80)
	at py4j.commands.ConstructorCommand.execute(ConstructorCommand.java:69)
	at py4j.ClientServerConnection.waitForCommands(ClientServerConnection.java:182)
	at py4j.ClientServerConnection.run(ClientServerConnection.java:106)
	at java.base/java.lang.Thread.run(Thread.java:840)
; 58)
Traceback (most recent call last):
  File "/home/airflow/.local/lib/python3.12/site-packages/airflow/task/task_runner/standard_task_runner.py", line 117, in _start_by_fork
    ret = args.func(args, dag=self.dag)
          ^^^^^^^^^^^^^^^^^^^^^^^^^^^^^
  File "/home/airflow/.local/lib/python3.12/site-packages/airflow/cli/cli_config.py", line 49, in command
    return func(*args, **kwargs)
           ^^^^^^^^^^^^^^^^^^^^^
  File "/home/airflow/.local/lib/python3.12/site-packages/airflow/utils/cli.py", line 116, in wrapper
    return f(*args, **kwargs)
           ^^^^^^^^^^^^^^^^^^
  File "/home/airflow/.local/lib/python3.12/site-packages/airflow/cli/commands/task_command.py", line 483, in task_run
    task_return_code = _run_task_by_selected_method(args, _dag, ti)
                       ^^^^^^^^^^^^^^^^^^^^^^^^^^^^^^^^^^^^^^^^^^^^
  File "/home/airflow/.local/lib/python3.12/site-packages/airflow/cli/commands/task_command.py", line 256, in _run_task_by_selected_method
    return _run_raw_task(args, ti)
           ^^^^^^^^^^^^^^^^^^^^^^^
  File "/home/airflow/.local/lib/python3.12/site-packages/airflow/cli/commands/task_command.py", line 341, in _run_raw_task
    return ti._run_raw_task(
           ^^^^^^^^^^^^^^^^^
  File "/home/airflow/.local/lib/python3.12/site-packages/airflow/utils/session.py", line 97, in wrapper
    return func(*args, session=session, **kwargs)
           ^^^^^^^^^^^^^^^^^^^^^^^^^^^^^^^^^^^^^^
  File "/home/airflow/.local/lib/python3.12/site-packages/airflow/models/taskinstance.py", line 3006, in _run_raw_task
    return _run_raw_task(
           ^^^^^^^^^^^^^^
  File "/home/airflow/.local/lib/python3.12/site-packages/airflow/models/taskinstance.py", line 274, in _run_raw_task
    TaskInstance._execute_task_with_callbacks(
  File "/home/airflow/.local/lib/python3.12/site-packages/airflow/models/taskinstance.py", line 3161, in _execute_task_with_callbacks
    result = self._execute_task(context, task_orig)
             ^^^^^^^^^^^^^^^^^^^^^^^^^^^^^^^^^^^^^^
  File "/home/airflow/.local/lib/python3.12/site-packages/airflow/models/taskinstance.py", line 3185, in _execute_task
    return _execute_task(self, context, task_orig)
           ^^^^^^^^^^^^^^^^^^^^^^^^^^^^^^^^^^^^^^^
  File "/home/airflow/.local/lib/python3.12/site-packages/airflow/models/taskinstance.py", line 768, in _execute_task
    result = _execute_callable(context=context, **execute_callable_kwargs)
             ^^^^^^^^^^^^^^^^^^^^^^^^^^^^^^^^^^^^^^^^^^^^^^^^^^^^^^^^^^^^^
  File "/home/airflow/.local/lib/python3.12/site-packages/airflow/models/taskinstance.py", line 734, in _execute_callable
    return ExecutionCallableRunner(
           ^^^^^^^^^^^^^^^^^^^^^^^^
  File "/home/airflow/.local/lib/python3.12/site-packages/airflow/utils/operator_helpers.py", line 252, in run
    return self.func(*args, **kwargs)
           ^^^^^^^^^^^^^^^^^^^^^^^^^^
  File "/home/airflow/.local/lib/python3.12/site-packages/airflow/models/baseoperator.py", line 424, in wrapper
    return func(self, *args, **kwargs)
           ^^^^^^^^^^^^^^^^^^^^^^^^^^^
  File "/home/airflow/.local/lib/python3.12/site-packages/airflow/operators/python.py", line 238, in execute
    return_value = self.execute_callable()
                   ^^^^^^^^^^^^^^^^^^^^^^^
  File "/home/airflow/.local/lib/python3.12/site-packages/airflow/operators/python.py", line 256, in execute_callable
    return runner.run(*self.op_args, **self.op_kwargs)
           ^^^^^^^^^^^^^^^^^^^^^^^^^^^^^^^^^^^^^^^^^^^
  File "/home/airflow/.local/lib/python3.12/site-packages/airflow/utils/operator_helpers.py", line 252, in run
    return self.func(*args, **kwargs)
           ^^^^^^^^^^^^^^^^^^^^^^^^^^
  File "/opt/airflow/scrapping.py", line 109, in run_scraping
    salvar_dados(produtos_lista)
  File "/opt/airflow/scrapping.py", line 107, in salvar_dados
    tratamento()
  File "/opt/airflow/tratamento.py", line 39, in tratamento
    spark = SparkSession.builder.appName("Calcula desconto").getOrCreate()
            ^^^^^^^^^^^^^^^^^^^^^^^^^^^^^^^^^^^^^^^^^^^^^^^^^^^^^^^^^^^^^^
  File "/home/airflow/.local/lib/python3.12/site-packages/pyspark/sql/session.py", line 228, in getOrCreate
    sc = SparkContext.getOrCreate(sparkConf)
         ^^^^^^^^^^^^^^^^^^^^^^^^^^^^^^^^^^^
  File "/home/airflow/.local/lib/python3.12/site-packages/pyspark/context.py", line 392, in getOrCreate
    SparkContext(conf=conf or SparkConf())
  File "/home/airflow/.local/lib/python3.12/site-packages/pyspark/context.py", line 146, in __init__
    self._do_init(master, appName, sparkHome, pyFiles, environment, batchSize, serializer,
  File "/home/airflow/.local/lib/python3.12/site-packages/pyspark/context.py", line 209, in _do_init
    self._jsc = jsc or self._initialize_context(self._conf._jconf)
                       ^^^^^^^^^^^^^^^^^^^^^^^^^^^^^^^^^^^^^^^^^^^
  File "/home/airflow/.local/lib/python3.12/site-packages/pyspark/context.py", line 329, in _initialize_context
    return self._jvm.JavaSparkContext(jconf)
           ^^^^^^^^^^^^^^^^^^^^^^^^^^^^^^^^^
  File "/home/airflow/.local/lib/python3.12/site-packages/py4j/java_gateway.py", line 1585, in __call__
    return_value = get_return_value(
                   ^^^^^^^^^^^^^^^^^
  File "/home/airflow/.local/lib/python3.12/site-packages/py4j/protocol.py", line 326, in get_return_value
    raise Py4JJavaError(
py4j.protocol.Py4JJavaError: An error occurred while calling None.org.apache.spark.api.java.JavaSparkContext.
: java.lang.IllegalAccessError: class org.apache.spark.storage.StorageUtils$ (in unnamed module @0x2e39ef76) cannot access class sun.nio.ch.DirectBuffer (in module java.base) because module java.base does not export sun.nio.ch to unnamed module @0x2e39ef76
	at org.apache.spark.storage.StorageUtils$.<init>(StorageUtils.scala:213)
	at org.apache.spark.storage.StorageUtils$.<clinit>(StorageUtils.scala)
	at org.apache.spark.storage.BlockManagerMasterEndpoint.<init>(BlockManagerMasterEndpoint.scala:110)
	at org.apache.spark.SparkEnv$.$anonfun$create$9(SparkEnv.scala:348)
	at org.apache.spark.SparkEnv$.registerOrLookupEndpoint$1(SparkEnv.scala:287)
	at org.apache.spark.SparkEnv$.create(SparkEnv.scala:336)
	at org.apache.spark.SparkEnv$.createDriverEnv(SparkEnv.scala:191)
	at org.apache.spark.SparkContext.createSparkEnv(SparkContext.scala:277)
	at org.apache.spark.SparkContext.<init>(SparkContext.scala:460)
	at org.apache.spark.api.java.JavaSparkContext.<init>(JavaSparkContext.scala:58)
	at java.base/jdk.internal.reflect.NativeConstructorAccessorImpl.newInstance0(Native Method)
	at java.base/jdk.internal.reflect.NativeConstructorAccessorImpl.newInstance(NativeConstructorAccessorImpl.java:77)
	at java.base/jdk.internal.reflect.DelegatingConstructorAccessorImpl.newInstance(DelegatingConstructorAccessorImpl.java:45)
	at java.base/java.lang.reflect.Constructor.newInstanceWithCaller(Constructor.java:500)
	at java.base/java.lang.reflect.Constructor.newInstance(Constructor.java:481)
	at py4j.reflection.MethodInvoker.invoke(MethodInvoker.java:247)
	at py4j.reflection.ReflectionEngine.invoke(ReflectionEngine.java:357)
	at py4j.Gateway.invoke(Gateway.java:238)
	at py4j.commands.ConstructorCommand.invokeConstructor(ConstructorCommand.java:80)
	at py4j.commands.ConstructorCommand.execute(ConstructorCommand.java:69)
	at py4j.ClientServerConnection.waitForCommands(ClientServerConnection.java:182)
	at py4j.ClientServerConnection.run(ClientServerConnection.java:106)
	at java.base/java.lang.Thread.run(Thread.java:840)

[2025-04-10T09:39:55.104+0000] {local_task_job_runner.py:127} ERROR - Received SIGTERM. Terminating subprocesses
[2025-04-10T09:39:55.111+0000] {local_task_job_runner.py:266} INFO - Task exited with return code 143
[2025-04-10T09:39:55.120+0000] {taskinstance.py:3901} INFO - 0 downstream tasks scheduled from follow-on schedule check
[2025-04-10T09:39:56.340+0000] {local_task_job_runner.py:127} ERROR - Received SIGTERM. Terminating subprocesses
[2025-04-10T09:39:56.340+0000] {local_task_job_runner.py:266} INFO - Task exited with return code 143
