[2025-04-03T21:53:15.391+0000] {local_task_job_runner.py:123} INFO - ::group::Pre task execution logs
[2025-04-03T21:53:15.406+0000] {taskinstance.py:2614} INFO - Dependencies all met for dep_context=non-requeueable deps ti=<TaskInstance: executar_script_windows_ssh.rodar_script_via_ssh manual__2025-04-03T21:53:14.776590+00:00 [queued]>
[2025-04-03T21:53:15.411+0000] {taskinstance.py:2614} INFO - Dependencies all met for dep_context=requeueable deps ti=<TaskInstance: executar_script_windows_ssh.rodar_script_via_ssh manual__2025-04-03T21:53:14.776590+00:00 [queued]>
[2025-04-03T21:53:15.412+0000] {taskinstance.py:2867} INFO - Starting attempt 1 of 1
[2025-04-03T21:53:15.424+0000] {taskinstance.py:2890} INFO - Executing <Task(SSHOperator): rodar_script_via_ssh> on 2025-04-03 21:53:14.776590+00:00
[2025-04-03T21:53:15.429+0000] {warnings.py:112} WARNING - /home/***/.local/lib/python3.12/site-packages/***/task/task_runner/standard_task_runner.py:70: DeprecationWarning: This process (pid=90) is multi-threaded, use of fork() may lead to deadlocks in the child.
  pid = os.fork()

[2025-04-03T21:53:15.430+0000] {standard_task_runner.py:72} INFO - Started process 91 to run task
[2025-04-03T21:53:15.430+0000] {standard_task_runner.py:104} INFO - Running: ['***', 'tasks', 'run', 'executar_script_windows_ssh', 'rodar_script_via_ssh', 'manual__2025-04-03T21:53:14.776590+00:00', '--job-id', '9', '--raw', '--subdir', 'DAGS_FOLDER/dag_scraping.py', '--cfg-path', '/tmp/tmp3auk2d6c']
[2025-04-03T21:53:15.431+0000] {standard_task_runner.py:105} INFO - Job 9: Subtask rodar_script_via_ssh
[2025-04-03T21:53:15.499+0000] {task_command.py:467} INFO - Running <TaskInstance: executar_script_windows_ssh.rodar_script_via_ssh manual__2025-04-03T21:53:14.776590+00:00 [running]> on host 87592eb49ea7
[2025-04-03T21:53:15.563+0000] {taskinstance.py:3134} INFO - Exporting env vars: AIRFLOW_CTX_DAG_OWNER='***' AIRFLOW_CTX_DAG_ID='executar_script_windows_ssh' AIRFLOW_CTX_TASK_ID='rodar_script_via_ssh' AIRFLOW_CTX_EXECUTION_DATE='2025-04-03T21:53:14.776590+00:00' AIRFLOW_CTX_TRY_NUMBER='1' AIRFLOW_CTX_DAG_RUN_ID='manual__2025-04-03T21:53:14.776590+00:00'
[2025-04-03T21:53:15.564+0000] {taskinstance.py:732} INFO - ::endgroup::
[2025-04-03T21:53:15.578+0000] {ssh.py:123} INFO - ssh_hook is not provided or invalid. Trying ssh_conn_id to create SSHHook.
[2025-04-03T21:53:15.587+0000] {base.py:84} INFO - Retrieving connection 'windows_ssh'
[2025-04-03T21:53:15.588+0000] {ssh.py:286} WARNING - No Host Key Verification. This won't protect against Man-In-The-Middle attacks
[2025-04-03T21:53:15.612+0000] {transport.py:1944} INFO - Connected (version 2.0, client OpenSSH_for_Windows_9.5)
[2025-04-03T21:53:15.662+0000] {transport.py:1944} INFO - Authentication (password) successful!
[2025-04-03T21:53:15.663+0000] {ssh.py:432} INFO - Running command: cmd.exe /c "C:\Users\JPA\Desktop\Projetos\Selenium\projeto_selenium\env\Scripts\python.exe C:\Users\JPA\Desktop\Projetos\Selenium\projeto_selenium\scrapping.py"
[2025-04-03T21:53:20.371+0000] {taskinstance.py:341} INFO - ::group::Post task execution logs
[2025-04-03T21:53:20.371+0000] {taskinstance.py:353} INFO - Marking task as SUCCESS. dag_id=executar_script_windows_ssh, task_id=rodar_script_via_ssh, run_id=manual__2025-04-03T21:53:14.776590+00:00, execution_date=20250403T215314, start_date=20250403T215315, end_date=20250403T215320
[2025-04-03T21:53:20.418+0000] {local_task_job_runner.py:266} INFO - Task exited with return code 0
[2025-04-03T21:53:20.431+0000] {taskinstance.py:3901} INFO - 0 downstream tasks scheduled from follow-on schedule check
[2025-04-03T21:53:20.432+0000] {standard_task_runner.py:217} INFO - Process not found (most likely exited), stop collecting metrics
[2025-04-03T21:53:20.434+0000] {local_task_job_runner.py:245} INFO - ::endgroup::
