[2025-04-15T04:17:47.435+0000] {processor.py:186} INFO - Started process (PID=37) to work on /opt/airflow/dags/dag_scraping.py
[2025-04-15T04:17:47.436+0000] {processor.py:914} INFO - Processing file /opt/airflow/dags/dag_scraping.py for tasks to queue
[2025-04-15T04:17:47.438+0000] {logging_mixin.py:190} INFO - [2025-04-15T04:17:47.438+0000] {dagbag.py:588} INFO - Filling up the DagBag from /opt/airflow/dags/dag_scraping.py
[2025-04-15T04:17:56.845+0000] {processor.py:925} INFO - DAG(s) 'scraping_farfetch_mensal' retrieved from /opt/airflow/dags/dag_scraping.py
[2025-04-15T04:17:56.958+0000] {logging_mixin.py:190} INFO - [2025-04-15T04:17:56.958+0000] {dag.py:3239} INFO - Sync 1 DAGs
[2025-04-15T04:17:57.069+0000] {logging_mixin.py:190} INFO - [2025-04-15T04:17:57.068+0000] {dag.py:4180} INFO - Setting next_dagrun for scraping_farfetch_mensal to 2025-04-01 03:00:00+00:00, run_after=2025-05-01 03:00:00+00:00
[2025-04-15T04:17:57.140+0000] {processor.py:208} INFO - Processing /opt/airflow/dags/dag_scraping.py took 9.710 seconds
[2025-04-15T04:18:27.433+0000] {processor.py:186} INFO - Started process (PID=39) to work on /opt/airflow/dags/dag_scraping.py
[2025-04-15T04:18:27.448+0000] {processor.py:914} INFO - Processing file /opt/airflow/dags/dag_scraping.py for tasks to queue
[2025-04-15T04:18:27.563+0000] {logging_mixin.py:190} INFO - [2025-04-15T04:18:27.562+0000] {dagbag.py:588} INFO - Filling up the DagBag from /opt/airflow/dags/dag_scraping.py
[2025-04-15T04:18:30.642+0000] {processor.py:925} INFO - DAG(s) 'scraping_farfetch_mensal' retrieved from /opt/airflow/dags/dag_scraping.py
[2025-04-15T04:18:30.749+0000] {logging_mixin.py:190} INFO - [2025-04-15T04:18:30.748+0000] {dag.py:3239} INFO - Sync 1 DAGs
[2025-04-15T04:18:30.766+0000] {logging_mixin.py:190} INFO - [2025-04-15T04:18:30.766+0000] {dag.py:4180} INFO - Setting next_dagrun for scraping_farfetch_mensal to 2025-04-01 03:00:00+00:00, run_after=2025-05-01 03:00:00+00:00
[2025-04-15T04:18:30.851+0000] {processor.py:208} INFO - Processing /opt/airflow/dags/dag_scraping.py took 3.459 seconds
[2025-04-15T04:19:01.341+0000] {processor.py:186} INFO - Started process (PID=41) to work on /opt/airflow/dags/dag_scraping.py
[2025-04-15T04:19:01.346+0000] {processor.py:914} INFO - Processing file /opt/airflow/dags/dag_scraping.py for tasks to queue
[2025-04-15T04:19:01.352+0000] {logging_mixin.py:190} INFO - [2025-04-15T04:19:01.352+0000] {dagbag.py:588} INFO - Filling up the DagBag from /opt/airflow/dags/dag_scraping.py
[2025-04-15T04:19:03.428+0000] {processor.py:925} INFO - DAG(s) 'scraping_farfetch_mensal' retrieved from /opt/airflow/dags/dag_scraping.py
[2025-04-15T04:19:03.477+0000] {logging_mixin.py:190} INFO - [2025-04-15T04:19:03.476+0000] {dag.py:3239} INFO - Sync 1 DAGs
[2025-04-15T04:19:03.515+0000] {logging_mixin.py:190} INFO - [2025-04-15T04:19:03.515+0000] {dag.py:4180} INFO - Setting next_dagrun for scraping_farfetch_mensal to 2025-04-01 03:00:00+00:00, run_after=2025-05-01 03:00:00+00:00
[2025-04-15T04:19:03.539+0000] {processor.py:208} INFO - Processing /opt/airflow/dags/dag_scraping.py took 2.221 seconds
