[2025-04-17T13:03:48.260+0000] {local_task_job_runner.py:123} INFO - ::group::Pre task execution logs
[2025-04-17T13:03:48.272+0000] {taskinstance.py:2614} INFO - Dependencies all met for dep_context=non-requeueable deps ti=<TaskInstance: scraping_farfetch_mensal.executar_scraping_farfetch manual__2025-04-17T13:03:44.649285+00:00 [queued]>
[2025-04-17T13:03:48.277+0000] {taskinstance.py:2614} INFO - Dependencies all met for dep_context=requeueable deps ti=<TaskInstance: scraping_farfetch_mensal.executar_scraping_farfetch manual__2025-04-17T13:03:44.649285+00:00 [queued]>
[2025-04-17T13:03:48.277+0000] {taskinstance.py:2867} INFO - Starting attempt 1 of 2
[2025-04-17T13:03:48.292+0000] {taskinstance.py:2890} INFO - Executing <Task(PythonOperator): executar_scraping_farfetch> on 2025-04-17 13:03:44.649285+00:00
[2025-04-17T13:03:48.299+0000] {warnings.py:112} WARNING - /home/***/.local/lib/python3.12/site-packages/***/task/task_runner/standard_task_runner.py:70: DeprecationWarning: This process (pid=57) is multi-threaded, use of fork() may lead to deadlocks in the child.
  pid = os.fork()

[2025-04-17T13:03:48.300+0000] {standard_task_runner.py:72} INFO - Started process 61 to run task
[2025-04-17T13:03:48.300+0000] {standard_task_runner.py:104} INFO - Running: ['***', 'tasks', 'run', 'scraping_farfetch_mensal', 'executar_scraping_farfetch', 'manual__2025-04-17T13:03:44.649285+00:00', '--job-id', '3', '--raw', '--subdir', 'DAGS_FOLDER/dag_scraping.py', '--cfg-path', '/tmp/tmp3y15fuc8']
[2025-04-17T13:03:48.302+0000] {standard_task_runner.py:105} INFO - Job 3: Subtask executar_scraping_farfetch
[2025-04-17T13:03:48.338+0000] {task_command.py:467} INFO - Running <TaskInstance: scraping_farfetch_mensal.executar_scraping_farfetch manual__2025-04-17T13:03:44.649285+00:00 [running]> on host 4412fcfa1ed9
[2025-04-17T13:03:48.565+0000] {taskinstance.py:3134} INFO - Exporting env vars: AIRFLOW_CTX_DAG_OWNER='nicolas' AIRFLOW_CTX_DAG_ID='scraping_farfetch_mensal' AIRFLOW_CTX_TASK_ID='executar_scraping_farfetch' AIRFLOW_CTX_EXECUTION_DATE='2025-04-17T13:03:44.649285+00:00' AIRFLOW_CTX_TRY_NUMBER='1' AIRFLOW_CTX_DAG_RUN_ID='manual__2025-04-17T13:03:44.649285+00:00'
[2025-04-17T13:03:48.566+0000] {taskinstance.py:732} INFO - ::endgroup::
[2025-04-17T13:04:14.933+0000] {scrapping.py:35} INFO - Acessando o link: https://www.farfetch.com/br/shopping/men/items.aspx
[2025-04-17T13:04:25.332+0000] {scrapping.py:54} INFO - Clicou no menu de Jaquetas via JavaScript
[2025-04-17T13:04:33.410+0000] {scrapping.py:76} INFO - Total de produtos: 96
[2025-04-17T13:04:34.431+0000] {scrapping.py:90} INFO - Produto 0 processado
[2025-04-17T13:04:36.636+0000] {scrapping.py:90} INFO - Produto 1 processado
[2025-04-17T13:04:37.659+0000] {scrapping.py:90} INFO - Produto 2 processado
[2025-04-17T13:04:38.683+0000] {scrapping.py:90} INFO - Produto 3 processado
[2025-04-17T13:04:39.707+0000] {scrapping.py:90} INFO - Produto 4 processado
[2025-04-17T13:04:40.739+0000] {scrapping.py:90} INFO - Produto 5 processado
[2025-04-17T13:04:41.763+0000] {scrapping.py:90} INFO - Produto 6 processado
[2025-04-17T13:04:42.787+0000] {scrapping.py:90} INFO - Produto 7 processado
[2025-04-17T13:04:43.814+0000] {scrapping.py:90} INFO - Produto 8 processado
[2025-04-17T13:04:44.838+0000] {scrapping.py:90} INFO - Produto 9 processado
[2025-04-17T13:04:45.863+0000] {scrapping.py:90} INFO - Produto 10 processado
[2025-04-17T13:04:46.887+0000] {scrapping.py:90} INFO - Produto 11 processado
[2025-04-17T13:04:47.913+0000] {scrapping.py:90} INFO - Produto 12 processado
[2025-04-17T13:04:48.937+0000] {scrapping.py:90} INFO - Produto 13 processado
[2025-04-17T13:04:49.962+0000] {scrapping.py:90} INFO - Produto 14 processado
[2025-04-17T13:04:50.986+0000] {scrapping.py:90} INFO - Produto 15 processado
[2025-04-17T13:04:52.010+0000] {scrapping.py:90} INFO - Produto 16 processado
[2025-04-17T13:04:53.034+0000] {scrapping.py:90} INFO - Produto 17 processado
[2025-04-17T13:04:54.060+0000] {scrapping.py:90} INFO - Produto 18 processado
[2025-04-17T13:04:55.084+0000] {scrapping.py:90} INFO - Produto 19 processado
[2025-04-17T13:04:56.106+0000] {scrapping.py:90} INFO - Produto 20 processado
[2025-04-17T13:04:57.130+0000] {scrapping.py:90} INFO - Produto 21 processado
[2025-04-17T13:04:58.153+0000] {scrapping.py:90} INFO - Produto 22 processado
[2025-04-17T13:04:59.175+0000] {scrapping.py:90} INFO - Produto 23 processado
[2025-04-17T13:05:00.196+0000] {scrapping.py:90} INFO - Produto 24 processado
[2025-04-17T13:05:01.217+0000] {scrapping.py:90} INFO - Produto 25 processado
[2025-04-17T13:05:02.240+0000] {scrapping.py:90} INFO - Produto 26 processado
[2025-04-17T13:05:03.264+0000] {scrapping.py:90} INFO - Produto 27 processado
[2025-04-17T13:05:04.286+0000] {scrapping.py:90} INFO - Produto 28 processado
[2025-04-17T13:05:05.307+0000] {scrapping.py:90} INFO - Produto 29 processado
[2025-04-17T13:05:07.329+0000] {scrapping.py:90} INFO - Produto 30 processado
[2025-04-17T13:05:08.351+0000] {scrapping.py:90} INFO - Produto 31 processado
[2025-04-17T13:05:09.372+0000] {scrapping.py:90} INFO - Produto 32 processado
[2025-04-17T13:05:10.393+0000] {scrapping.py:90} INFO - Produto 33 processado
[2025-04-17T13:05:11.415+0000] {scrapping.py:90} INFO - Produto 34 processado
[2025-04-17T13:05:12.436+0000] {scrapping.py:90} INFO - Produto 35 processado
[2025-04-17T13:05:13.461+0000] {scrapping.py:90} INFO - Produto 36 processado
[2025-04-17T13:05:14.484+0000] {scrapping.py:90} INFO - Produto 37 processado
[2025-04-17T13:05:15.507+0000] {scrapping.py:90} INFO - Produto 38 processado
[2025-04-17T13:05:16.530+0000] {scrapping.py:90} INFO - Produto 39 processado
[2025-04-17T13:05:17.552+0000] {scrapping.py:90} INFO - Produto 40 processado
[2025-04-17T13:05:18.576+0000] {scrapping.py:90} INFO - Produto 41 processado
[2025-04-17T13:05:19.598+0000] {scrapping.py:90} INFO - Produto 42 processado
[2025-04-17T13:05:20.621+0000] {scrapping.py:90} INFO - Produto 43 processado
[2025-04-17T13:05:21.643+0000] {scrapping.py:90} INFO - Produto 44 processado
[2025-04-17T13:05:22.666+0000] {scrapping.py:90} INFO - Produto 45 processado
[2025-04-17T13:05:23.693+0000] {scrapping.py:90} INFO - Produto 46 processado
[2025-04-17T13:05:24.715+0000] {scrapping.py:90} INFO - Produto 47 processado
[2025-04-17T13:05:25.737+0000] {scrapping.py:90} INFO - Produto 48 processado
[2025-04-17T13:05:26.758+0000] {scrapping.py:90} INFO - Produto 49 processado
[2025-04-17T13:05:27.780+0000] {scrapping.py:90} INFO - Produto 50 processado
[2025-04-17T13:05:28.802+0000] {scrapping.py:90} INFO - Produto 51 processado
[2025-04-17T13:05:29.825+0000] {scrapping.py:90} INFO - Produto 52 processado
[2025-04-17T13:05:30.846+0000] {scrapping.py:90} INFO - Produto 53 processado
[2025-04-17T13:05:31.870+0000] {scrapping.py:90} INFO - Produto 54 processado
[2025-04-17T13:05:32.892+0000] {scrapping.py:90} INFO - Produto 55 processado
[2025-04-17T13:05:33.913+0000] {scrapping.py:90} INFO - Produto 56 processado
[2025-04-17T13:05:34.934+0000] {scrapping.py:90} INFO - Produto 57 processado
[2025-04-17T13:05:35.957+0000] {scrapping.py:90} INFO - Produto 58 processado
[2025-04-17T13:05:39.707+0000] {scrapping.py:90} INFO - Produto 59 processado
[2025-04-17T13:05:40.729+0000] {scrapping.py:90} INFO - Produto 60 processado
[2025-04-17T13:05:41.749+0000] {scrapping.py:90} INFO - Produto 61 processado
[2025-04-17T13:05:42.773+0000] {scrapping.py:90} INFO - Produto 62 processado
[2025-04-17T13:05:43.798+0000] {scrapping.py:90} INFO - Produto 63 processado
[2025-04-17T13:05:44.820+0000] {scrapping.py:90} INFO - Produto 64 processado
[2025-04-17T13:05:45.840+0000] {scrapping.py:90} INFO - Produto 65 processado
[2025-04-17T13:05:46.863+0000] {scrapping.py:90} INFO - Produto 66 processado
[2025-04-17T13:05:47.885+0000] {scrapping.py:90} INFO - Produto 67 processado
[2025-04-17T13:05:48.907+0000] {scrapping.py:90} INFO - Produto 68 processado
[2025-04-17T13:05:49.928+0000] {scrapping.py:90} INFO - Produto 69 processado
[2025-04-17T13:05:50.954+0000] {scrapping.py:90} INFO - Produto 70 processado
[2025-04-17T13:05:51.976+0000] {scrapping.py:90} INFO - Produto 71 processado
[2025-04-17T13:05:52.999+0000] {scrapping.py:90} INFO - Produto 72 processado
[2025-04-17T13:05:54.019+0000] {scrapping.py:90} INFO - Produto 73 processado
[2025-04-17T13:05:55.042+0000] {scrapping.py:90} INFO - Produto 74 processado
[2025-04-17T13:05:56.065+0000] {scrapping.py:90} INFO - Produto 75 processado
[2025-04-17T13:05:57.087+0000] {scrapping.py:90} INFO - Produto 76 processado
[2025-04-17T13:05:58.109+0000] {scrapping.py:90} INFO - Produto 77 processado
[2025-04-17T13:05:59.134+0000] {scrapping.py:90} INFO - Produto 78 processado
[2025-04-17T13:06:00.160+0000] {scrapping.py:90} INFO - Produto 79 processado
[2025-04-17T13:06:01.187+0000] {scrapping.py:90} INFO - Produto 80 processado
[2025-04-17T13:06:02.208+0000] {scrapping.py:90} INFO - Produto 81 processado
[2025-04-17T13:06:03.230+0000] {scrapping.py:90} INFO - Produto 82 processado
[2025-04-17T13:06:04.254+0000] {scrapping.py:90} INFO - Produto 83 processado
[2025-04-17T13:06:05.275+0000] {scrapping.py:90} INFO - Produto 84 processado
[2025-04-17T13:06:06.298+0000] {scrapping.py:90} INFO - Produto 85 processado
[2025-04-17T13:06:07.321+0000] {scrapping.py:90} INFO - Produto 86 processado
[2025-04-17T13:06:08.344+0000] {scrapping.py:90} INFO - Produto 87 processado
[2025-04-17T13:06:09.367+0000] {scrapping.py:90} INFO - Produto 88 processado
[2025-04-17T13:06:13.117+0000] {scrapping.py:90} INFO - Produto 89 processado
[2025-04-17T13:06:14.139+0000] {scrapping.py:90} INFO - Produto 90 processado
[2025-04-17T13:06:15.163+0000] {scrapping.py:90} INFO - Produto 91 processado
[2025-04-17T13:06:16.186+0000] {scrapping.py:90} INFO - Produto 92 processado
[2025-04-17T13:06:17.208+0000] {scrapping.py:90} INFO - Produto 93 processado
[2025-04-17T13:06:18.231+0000] {scrapping.py:90} INFO - Produto 94 processado
[2025-04-17T13:06:19.253+0000] {scrapping.py:90} INFO - Produto 95 processado
[2025-04-17T13:06:22.931+0000] {scrapping.py:119} INFO - Dados salvos em: /opt/***/dados/bruto/promocoes_jaquetas_17042025_1.csv
[2025-04-17T13:06:22.932+0000] {scrapping.py:121} INFO - Iniciando tratamento...
[2025-04-17T13:06:22.947+0000] {tratamento.py:34} INFO - Arquivo mais recente encontrado: /opt/***/dados/bruto/promocoes_jaquetas_17042025_1.csv
[2025-04-17T13:06:22.966+0000] {taskinstance.py:3313} ERROR - Task failed with exception
Traceback (most recent call last):
  File "/home/airflow/.local/lib/python3.12/site-packages/airflow/models/taskinstance.py", line 768, in _execute_task
    result = _execute_callable(context=context, **execute_callable_kwargs)
             ^^^^^^^^^^^^^^^^^^^^^^^^^^^^^^^^^^^^^^^^^^^^^^^^^^^^^^^^^^^^^
  File "/home/airflow/.local/lib/python3.12/site-packages/airflow/models/taskinstance.py", line 734, in _execute_callable
    return ExecutionCallableRunner(
           ^^^^^^^^^^^^^^^^^^^^^^^^
  File "/home/airflow/.local/lib/python3.12/site-packages/airflow/utils/operator_helpers.py", line 252, in run
    return self.func(*args, **kwargs)
           ^^^^^^^^^^^^^^^^^^^^^^^^^^
  File "/home/airflow/.local/lib/python3.12/site-packages/airflow/models/baseoperator.py", line 424, in wrapper
    return func(self, *args, **kwargs)
           ^^^^^^^^^^^^^^^^^^^^^^^^^^^
  File "/home/airflow/.local/lib/python3.12/site-packages/airflow/operators/python.py", line 238, in execute
    return_value = self.execute_callable()
                   ^^^^^^^^^^^^^^^^^^^^^^^
  File "/home/airflow/.local/lib/python3.12/site-packages/airflow/operators/python.py", line 256, in execute_callable
    return runner.run(*self.op_args, **self.op_kwargs)
           ^^^^^^^^^^^^^^^^^^^^^^^^^^^^^^^^^^^^^^^^^^^
  File "/home/airflow/.local/lib/python3.12/site-packages/airflow/utils/operator_helpers.py", line 252, in run
    return self.func(*args, **kwargs)
           ^^^^^^^^^^^^^^^^^^^^^^^^^^
  File "/opt/airflow/scrapping.py", line 125, in run_scraping
    salvar_dados(produtos_lista)
  File "/opt/airflow/scrapping.py", line 122, in salvar_dados
    tratamento()
  File "/opt/airflow/tratamento.py", line 39, in tratamento
    spark = SparkSession.builder.appName("Calcula desconto").getOrCreate()
            ^^^^^^^^^^^^^^^^^^^^^^^^^^^^^^^^^^^^^^^^^^^^^^^^^^^^^^^^^^^^^^
  File "/home/airflow/.local/lib/python3.12/site-packages/pyspark/sql/session.py", line 228, in getOrCreate
    sc = SparkContext.getOrCreate(sparkConf)
         ^^^^^^^^^^^^^^^^^^^^^^^^^^^^^^^^^^^
  File "/home/airflow/.local/lib/python3.12/site-packages/pyspark/context.py", line 392, in getOrCreate
    SparkContext(conf=conf or SparkConf())
  File "/home/airflow/.local/lib/python3.12/site-packages/pyspark/context.py", line 144, in __init__
    SparkContext._ensure_initialized(self, gateway=gateway, conf=conf)
  File "/home/airflow/.local/lib/python3.12/site-packages/pyspark/context.py", line 339, in _ensure_initialized
    SparkContext._gateway = gateway or launch_gateway(conf)
                                       ^^^^^^^^^^^^^^^^^^^^
  File "/home/airflow/.local/lib/python3.12/site-packages/pyspark/java_gateway.py", line 98, in launch_gateway
    proc = Popen(command, **popen_kwargs)
           ^^^^^^^^^^^^^^^^^^^^^^^^^^^^^^
  File "/usr/local/lib/python3.12/subprocess.py", line 1028, in __init__
    self._execute_child(args, executable, preexec_fn, close_fds,
  File "/usr/local/lib/python3.12/subprocess.py", line 1963, in _execute_child
    raise child_exception_type(errno_num, err_msg, err_filename)
FileNotFoundError: [Errno 2] No such file or directory: '/opt/spark/./bin/spark-submit'
[2025-04-17T13:06:22.979+0000] {taskinstance.py:1226} INFO - Marking task as UP_FOR_RETRY. dag_id=scraping_farfetch_mensal, task_id=executar_scraping_farfetch, run_id=manual__2025-04-17T13:03:44.649285+00:00, execution_date=20250417T130344, start_date=20250417T130348, end_date=20250417T130622
[2025-04-17T13:06:23.007+0000] {taskinstance.py:341} INFO - ::group::Post task execution logs
[2025-04-17T13:06:23.007+0000] {standard_task_runner.py:124} ERROR - Failed to execute job 3 for task executar_scraping_farfetch ([Errno 2] No such file or directory: '/opt/spark/./bin/spark-submit'; 61)
Traceback (most recent call last):
  File "/home/airflow/.local/lib/python3.12/site-packages/airflow/task/task_runner/standard_task_runner.py", line 117, in _start_by_fork
    ret = args.func(args, dag=self.dag)
          ^^^^^^^^^^^^^^^^^^^^^^^^^^^^^
  File "/home/airflow/.local/lib/python3.12/site-packages/airflow/cli/cli_config.py", line 49, in command
    return func(*args, **kwargs)
           ^^^^^^^^^^^^^^^^^^^^^
  File "/home/airflow/.local/lib/python3.12/site-packages/airflow/utils/cli.py", line 116, in wrapper
    return f(*args, **kwargs)
           ^^^^^^^^^^^^^^^^^^
  File "/home/airflow/.local/lib/python3.12/site-packages/airflow/cli/commands/task_command.py", line 483, in task_run
    task_return_code = _run_task_by_selected_method(args, _dag, ti)
                       ^^^^^^^^^^^^^^^^^^^^^^^^^^^^^^^^^^^^^^^^^^^^
  File "/home/airflow/.local/lib/python3.12/site-packages/airflow/cli/commands/task_command.py", line 256, in _run_task_by_selected_method
    return _run_raw_task(args, ti)
           ^^^^^^^^^^^^^^^^^^^^^^^
  File "/home/airflow/.local/lib/python3.12/site-packages/airflow/cli/commands/task_command.py", line 341, in _run_raw_task
    return ti._run_raw_task(
           ^^^^^^^^^^^^^^^^^
  File "/home/airflow/.local/lib/python3.12/site-packages/airflow/utils/session.py", line 97, in wrapper
    return func(*args, session=session, **kwargs)
           ^^^^^^^^^^^^^^^^^^^^^^^^^^^^^^^^^^^^^^
  File "/home/airflow/.local/lib/python3.12/site-packages/airflow/models/taskinstance.py", line 3006, in _run_raw_task
    return _run_raw_task(
           ^^^^^^^^^^^^^^
  File "/home/airflow/.local/lib/python3.12/site-packages/airflow/models/taskinstance.py", line 274, in _run_raw_task
    TaskInstance._execute_task_with_callbacks(
  File "/home/airflow/.local/lib/python3.12/site-packages/airflow/models/taskinstance.py", line 3161, in _execute_task_with_callbacks
    result = self._execute_task(context, task_orig)
             ^^^^^^^^^^^^^^^^^^^^^^^^^^^^^^^^^^^^^^
  File "/home/airflow/.local/lib/python3.12/site-packages/airflow/models/taskinstance.py", line 3185, in _execute_task
    return _execute_task(self, context, task_orig)
           ^^^^^^^^^^^^^^^^^^^^^^^^^^^^^^^^^^^^^^^
  File "/home/airflow/.local/lib/python3.12/site-packages/airflow/models/taskinstance.py", line 768, in _execute_task
    result = _execute_callable(context=context, **execute_callable_kwargs)
             ^^^^^^^^^^^^^^^^^^^^^^^^^^^^^^^^^^^^^^^^^^^^^^^^^^^^^^^^^^^^^
  File "/home/airflow/.local/lib/python3.12/site-packages/airflow/models/taskinstance.py", line 734, in _execute_callable
    return ExecutionCallableRunner(
           ^^^^^^^^^^^^^^^^^^^^^^^^
  File "/home/airflow/.local/lib/python3.12/site-packages/airflow/utils/operator_helpers.py", line 252, in run
    return self.func(*args, **kwargs)
           ^^^^^^^^^^^^^^^^^^^^^^^^^^
  File "/home/airflow/.local/lib/python3.12/site-packages/airflow/models/baseoperator.py", line 424, in wrapper
    return func(self, *args, **kwargs)
           ^^^^^^^^^^^^^^^^^^^^^^^^^^^
  File "/home/airflow/.local/lib/python3.12/site-packages/airflow/operators/python.py", line 238, in execute
    return_value = self.execute_callable()
                   ^^^^^^^^^^^^^^^^^^^^^^^
  File "/home/airflow/.local/lib/python3.12/site-packages/airflow/operators/python.py", line 256, in execute_callable
    return runner.run(*self.op_args, **self.op_kwargs)
           ^^^^^^^^^^^^^^^^^^^^^^^^^^^^^^^^^^^^^^^^^^^
  File "/home/airflow/.local/lib/python3.12/site-packages/airflow/utils/operator_helpers.py", line 252, in run
    return self.func(*args, **kwargs)
           ^^^^^^^^^^^^^^^^^^^^^^^^^^
  File "/opt/airflow/scrapping.py", line 125, in run_scraping
    salvar_dados(produtos_lista)
  File "/opt/airflow/scrapping.py", line 122, in salvar_dados
    tratamento()
  File "/opt/airflow/tratamento.py", line 39, in tratamento
    spark = SparkSession.builder.appName("Calcula desconto").getOrCreate()
            ^^^^^^^^^^^^^^^^^^^^^^^^^^^^^^^^^^^^^^^^^^^^^^^^^^^^^^^^^^^^^^
  File "/home/airflow/.local/lib/python3.12/site-packages/pyspark/sql/session.py", line 228, in getOrCreate
    sc = SparkContext.getOrCreate(sparkConf)
         ^^^^^^^^^^^^^^^^^^^^^^^^^^^^^^^^^^^
  File "/home/airflow/.local/lib/python3.12/site-packages/pyspark/context.py", line 392, in getOrCreate
    SparkContext(conf=conf or SparkConf())
  File "/home/airflow/.local/lib/python3.12/site-packages/pyspark/context.py", line 144, in __init__
    SparkContext._ensure_initialized(self, gateway=gateway, conf=conf)
  File "/home/airflow/.local/lib/python3.12/site-packages/pyspark/context.py", line 339, in _ensure_initialized
    SparkContext._gateway = gateway or launch_gateway(conf)
                                       ^^^^^^^^^^^^^^^^^^^^
  File "/home/airflow/.local/lib/python3.12/site-packages/pyspark/java_gateway.py", line 98, in launch_gateway
    proc = Popen(command, **popen_kwargs)
           ^^^^^^^^^^^^^^^^^^^^^^^^^^^^^^
  File "/usr/local/lib/python3.12/subprocess.py", line 1028, in __init__
    self._execute_child(args, executable, preexec_fn, close_fds,
  File "/usr/local/lib/python3.12/subprocess.py", line 1963, in _execute_child
    raise child_exception_type(errno_num, err_msg, err_filename)
FileNotFoundError: [Errno 2] No such file or directory: '/opt/spark/./bin/spark-submit'
[2025-04-17T13:07:49.987+0000] {job.py:229} INFO - Heartbeat recovered after 200.61 seconds
[2025-04-17T13:07:49.995+0000] {local_task_job_runner.py:266} INFO - Task exited with return code 1
[2025-04-17T13:07:50.010+0000] {taskinstance.py:3901} INFO - 0 downstream tasks scheduled from follow-on schedule check
[2025-04-17T13:07:50.014+0000] {local_task_job_runner.py:245} INFO - ::endgroup::
